[4.519s] Invoking command in '/home/shriram/Desktop/ros2_practice/build/mobile': PYTHONPATH=/home/shriram/Desktop/ros2_practice/build/mobile/prefix_override:/home/shriram/Desktop/ros2_practice/install/mobile/lib/python3.10/site-packages:${PYTHONPATH} /usr/bin/python3 setup.py develop --uninstall --editable --build-directory /home/shriram/Desktop/ros2_practice/build/mobile/build
[5.194s] running develop
[5.930s] Invoked command in '/home/shriram/Desktop/ros2_practice/build/mobile' returned '0': PYTHONPATH=/home/shriram/Desktop/ros2_practice/build/mobile/prefix_override:/home/shriram/Desktop/ros2_practice/install/mobile/lib/python3.10/site-packages:${PYTHONPATH} /usr/bin/python3 setup.py develop --uninstall --editable --build-directory /home/shriram/Desktop/ros2_practice/build/mobile/build
[5.931s] Invoking command in '/home/shriram/Desktop/ros2_practice/src/mobile': PYTHONPATH=/home/shriram/Desktop/ros2_practice/build/mobile/prefix_override:/home/shriram/Desktop/ros2_practice/install/mobile/lib/python3.10/site-packages:${PYTHONPATH} /usr/bin/python3 setup.py egg_info --egg-base ../../build/mobile build --build-base /home/shriram/Desktop/ros2_practice/build/mobile/build install --record /home/shriram/Desktop/ros2_practice/build/mobile/install.log --single-version-externally-managed
[6.585s] running egg_info
[6.587s] writing ../../build/mobile/mobile.egg-info/PKG-INFO
[6.587s] writing dependency_links to ../../build/mobile/mobile.egg-info/dependency_links.txt
[6.587s] writing entry points to ../../build/mobile/mobile.egg-info/entry_points.txt
[6.588s] writing requirements to ../../build/mobile/mobile.egg-info/requires.txt
[6.588s] writing top-level names to ../../build/mobile/mobile.egg-info/top_level.txt
[6.593s] reading manifest file '../../build/mobile/mobile.egg-info/SOURCES.txt'
[6.594s] writing manifest file '../../build/mobile/mobile.egg-info/SOURCES.txt'
[6.596s] running build
[6.596s] running build_py
[6.596s] running install
[6.598s] running install_lib
[6.603s] running install_data
[6.607s] running install_egg_info
[6.623s] removing '/home/shriram/Desktop/ros2_practice/install/mobile/lib/python3.10/site-packages/mobile-0.0.0-py3.10.egg-info' (and everything under it)
[6.633s] Copying ../../build/mobile/mobile.egg-info to /home/shriram/Desktop/ros2_practice/install/mobile/lib/python3.10/site-packages/mobile-0.0.0-py3.10.egg-info
[6.634s] running install_scripts
[6.669s] Installing move script to /home/shriram/Desktop/ros2_practice/install/mobile/lib/mobile
[6.669s] writing list of installed files to '/home/shriram/Desktop/ros2_practice/build/mobile/install.log'
[6.852s] Invoked command in '/home/shriram/Desktop/ros2_practice/src/mobile' returned '0': PYTHONPATH=/home/shriram/Desktop/ros2_practice/build/mobile/prefix_override:/home/shriram/Desktop/ros2_practice/install/mobile/lib/python3.10/site-packages:${PYTHONPATH} /usr/bin/python3 setup.py egg_info --egg-base ../../build/mobile build --build-base /home/shriram/Desktop/ros2_practice/build/mobile/build install --record /home/shriram/Desktop/ros2_practice/build/mobile/install.log --single-version-externally-managed
