[1.451s] Invoking command in '/home/shriram/Desktop/ros2_practice/build/practice': PYTHONPATH=/home/shriram/Desktop/ros2_practice/build/practice/prefix_override:/home/shriram/Desktop/ros2_practice/install/practice/lib/python3.10/site-packages:${PYTHONPATH} /usr/bin/python3 setup.py develop --uninstall --editable --build-directory /home/shriram/Desktop/ros2_practice/build/practice/build
[1.700s] running develop
[1.986s] Invoked command in '/home/shriram/Desktop/ros2_practice/build/practice' returned '0': PYTHONPATH=/home/shriram/Desktop/ros2_practice/build/practice/prefix_override:/home/shriram/Desktop/ros2_practice/install/practice/lib/python3.10/site-packages:${PYTHONPATH} /usr/bin/python3 setup.py develop --uninstall --editable --build-directory /home/shriram/Desktop/ros2_practice/build/practice/build
[1.987s] Invoking command in '/home/shriram/Desktop/ros2_practice/src/practice': PYTHONPATH=/home/shriram/Desktop/ros2_practice/build/practice/prefix_override:/home/shriram/Desktop/ros2_practice/install/practice/lib/python3.10/site-packages:${PYTHONPATH} /usr/bin/python3 setup.py egg_info --egg-base ../../build/practice build --build-base /home/shriram/Desktop/ros2_practice/build/practice/build install --record /home/shriram/Desktop/ros2_practice/build/practice/install.log --single-version-externally-managed
[2.228s] running egg_info
[2.229s] writing ../../build/practice/practice.egg-info/PKG-INFO
[2.229s] writing dependency_links to ../../build/practice/practice.egg-info/dependency_links.txt
[2.229s] writing entry points to ../../build/practice/practice.egg-info/entry_points.txt
[2.229s] writing requirements to ../../build/practice/practice.egg-info/requires.txt
[2.229s] writing top-level names to ../../build/practice/practice.egg-info/top_level.txt
[2.231s] reading manifest file '../../build/practice/practice.egg-info/SOURCES.txt'
[2.232s] writing manifest file '../../build/practice/practice.egg-info/SOURCES.txt'
[2.232s] running build
[2.232s] running build_py
[2.233s] running install
[2.233s] running install_lib
[2.234s] running install_data
[2.235s] running install_egg_info
[2.237s] removing '/home/shriram/Desktop/ros2_practice/install/practice/lib/python3.10/site-packages/practice-0.0.0-py3.10.egg-info' (and everything under it)
[2.237s] Copying ../../build/practice/practice.egg-info to /home/shriram/Desktop/ros2_practice/install/practice/lib/python3.10/site-packages/practice-0.0.0-py3.10.egg-info
[2.238s] running install_scripts
[2.258s] Installing circ script to /home/shriram/Desktop/ros2_practice/install/practice/lib/practice
[2.258s] Installing controller script to /home/shriram/Desktop/ros2_practice/install/practice/lib/practice
[2.258s] Installing node1 script to /home/shriram/Desktop/ros2_practice/install/practice/lib/practice
[2.259s] Installing pose script to /home/shriram/Desktop/ros2_practice/install/practice/lib/practice
[2.259s] writing list of installed files to '/home/shriram/Desktop/ros2_practice/build/practice/install.log'
[2.307s] Invoked command in '/home/shriram/Desktop/ros2_practice/src/practice' returned '0': PYTHONPATH=/home/shriram/Desktop/ros2_practice/build/practice/prefix_override:/home/shriram/Desktop/ros2_practice/install/practice/lib/python3.10/site-packages:${PYTHONPATH} /usr/bin/python3 setup.py egg_info --egg-base ../../build/practice build --build-base /home/shriram/Desktop/ros2_practice/build/practice/build install --record /home/shriram/Desktop/ros2_practice/build/practice/install.log --single-version-externally-managed
