[1.032s] Invoking command in '/home/shriram/Desktop/ros2_practice/src/practice': PYTHONPATH=/home/shriram/Desktop/ros2_practice/build/practice/prefix_override:/home/shriram/Desktop/ros2_practice/install/practice/lib/python3.10/site-packages:${PYTHONPATH} /usr/bin/python3 setup.py egg_info --egg-base ../../build/practice build --build-base /home/shriram/Desktop/ros2_practice/build/practice/build install --record /home/shriram/Desktop/ros2_practice/build/practice/install.log --single-version-externally-managed
[1.240s] running egg_info
[1.240s] writing ../../build/practice/practice.egg-info/PKG-INFO
[1.240s] writing dependency_links to ../../build/practice/practice.egg-info/dependency_links.txt
[1.241s] writing entry points to ../../build/practice/practice.egg-info/entry_points.txt
[1.241s] writing requirements to ../../build/practice/practice.egg-info/requires.txt
[1.241s] writing top-level names to ../../build/practice/practice.egg-info/top_level.txt
[1.242s] reading manifest file '../../build/practice/practice.egg-info/SOURCES.txt'
[1.243s] writing manifest file '../../build/practice/practice.egg-info/SOURCES.txt'
[1.243s] running build
[1.243s] running build_py
[1.243s] running install
[1.244s] running install_lib
[1.245s] running install_data
[1.245s] running install_egg_info
[1.246s] removing '/home/shriram/Desktop/ros2_practice/install/practice/lib/python3.10/site-packages/practice-0.0.0-py3.10.egg-info' (and everything under it)
[1.246s] Copying ../../build/practice/practice.egg-info to /home/shriram/Desktop/ros2_practice/install/practice/lib/python3.10/site-packages/practice-0.0.0-py3.10.egg-info
[1.247s] running install_scripts
[1.264s] Installing circ script to /home/shriram/Desktop/ros2_practice/install/practice/lib/practice
[1.264s] Installing controller script to /home/shriram/Desktop/ros2_practice/install/practice/lib/practice
[1.264s] Installing node1 script to /home/shriram/Desktop/ros2_practice/install/practice/lib/practice
[1.264s] Installing pose script to /home/shriram/Desktop/ros2_practice/install/practice/lib/practice
[1.264s] writing list of installed files to '/home/shriram/Desktop/ros2_practice/build/practice/install.log'
[1.308s] Invoked command in '/home/shriram/Desktop/ros2_practice/src/practice' returned '0': PYTHONPATH=/home/shriram/Desktop/ros2_practice/build/practice/prefix_override:/home/shriram/Desktop/ros2_practice/install/practice/lib/python3.10/site-packages:${PYTHONPATH} /usr/bin/python3 setup.py egg_info --egg-base ../../build/practice build --build-base /home/shriram/Desktop/ros2_practice/build/practice/build install --record /home/shriram/Desktop/ros2_practice/build/practice/install.log --single-version-externally-managed
