[0.569s] Invoking command in '/home/shriram/Desktop/ros2_practice/build/nodes2': CMAKE_PREFIX_PATH=${CMAKE_PREFIX_PATH}:/home/shriram/Desktop/ros2_practice/install/tform:/home/shriram/Desktop/ros2_practice/install/robot_math:/home/shriram/Desktop/ros2_practice/install/practice:/home/shriram/Desktop/ros2_practice/install/mobile:/home/shriram/Desktop/ros2_practice/install/description:/home/shriram/Desktop/ros2_practice/install/cv_basics:/opt/ros/humble /usr/bin/cmake --build /home/shriram/Desktop/ros2_practice/build/nodes2 -- -j12 -l12
[0.842s] [ 75%] [32mBuilding CXX object CMakeFiles/sub_node.dir/src/subscriber.cpp.o[0m
[0.842s] [ 75%] Built target pub_node
[10.002s] [100%] [32m[1mLinking CXX executable sub_node[0m
[10.394s] [100%] Built target sub_node
[10.402s] Invoked command in '/home/shriram/Desktop/ros2_practice/build/nodes2' returned '0': CMAKE_PREFIX_PATH=${CMAKE_PREFIX_PATH}:/home/shriram/Desktop/ros2_practice/install/tform:/home/shriram/Desktop/ros2_practice/install/robot_math:/home/shriram/Desktop/ros2_practice/install/practice:/home/shriram/Desktop/ros2_practice/install/mobile:/home/shriram/Desktop/ros2_practice/install/description:/home/shriram/Desktop/ros2_practice/install/cv_basics:/opt/ros/humble /usr/bin/cmake --build /home/shriram/Desktop/ros2_practice/build/nodes2 -- -j12 -l12
[10.419s] Invoking command in '/home/shriram/Desktop/ros2_practice/build/nodes2': CMAKE_PREFIX_PATH=${CMAKE_PREFIX_PATH}:/home/shriram/Desktop/ros2_practice/install/tform:/home/shriram/Desktop/ros2_practice/install/robot_math:/home/shriram/Desktop/ros2_practice/install/practice:/home/shriram/Desktop/ros2_practice/install/mobile:/home/shriram/Desktop/ros2_practice/install/description:/home/shriram/Desktop/ros2_practice/install/cv_basics:/opt/ros/humble /usr/bin/cmake --install /home/shriram/Desktop/ros2_practice/build/nodes2
[10.424s] -- Install configuration: ""
[10.424s] -- Execute custom install script
[10.425s] -- Up-to-date symlink: /home/shriram/Desktop/ros2_practice/install/nodes2/lib/nodes2/pub_node
[10.425s] -- Up-to-date symlink: /home/shriram/Desktop/ros2_practice/install/nodes2/lib/nodes2/sub_node
[10.425s] -- Up-to-date symlink: /home/shriram/Desktop/ros2_practice/install/nodes2/share/ament_index/resource_index/package_run_dependencies/nodes2
[10.425s] -- Up-to-date symlink: /home/shriram/Desktop/ros2_practice/install/nodes2/share/ament_index/resource_index/parent_prefix_path/nodes2
[10.425s] -- Up-to-date symlink: /home/shriram/Desktop/ros2_practice/install/nodes2/share/nodes2/environment/ament_prefix_path.sh
[10.425s] -- Up-to-date symlink: /home/shriram/Desktop/ros2_practice/install/nodes2/share/nodes2/environment/ament_prefix_path.dsv
[10.425s] -- Up-to-date symlink: /home/shriram/Desktop/ros2_practice/install/nodes2/share/nodes2/environment/path.sh
[10.425s] -- Up-to-date symlink: /home/shriram/Desktop/ros2_practice/install/nodes2/share/nodes2/environment/path.dsv
[10.425s] -- Up-to-date symlink: /home/shriram/Desktop/ros2_practice/install/nodes2/share/nodes2/local_setup.bash
[10.426s] -- Up-to-date symlink: /home/shriram/Desktop/ros2_practice/install/nodes2/share/nodes2/local_setup.sh
[10.426s] -- Up-to-date symlink: /home/shriram/Desktop/ros2_practice/install/nodes2/share/nodes2/local_setup.zsh
[10.426s] -- Up-to-date symlink: /home/shriram/Desktop/ros2_practice/install/nodes2/share/nodes2/local_setup.dsv
[10.426s] -- Symlinking: /home/shriram/Desktop/ros2_practice/install/nodes2/share/nodes2/package.dsv
[10.432s] -- Up-to-date symlink: /home/shriram/Desktop/ros2_practice/install/nodes2/share/ament_index/resource_index/packages/nodes2
[10.432s] -- Up-to-date symlink: /home/shriram/Desktop/ros2_practice/install/nodes2/share/nodes2/cmake/nodes2Config.cmake
[10.433s] -- Up-to-date symlink: /home/shriram/Desktop/ros2_practice/install/nodes2/share/nodes2/cmake/nodes2Config-version.cmake
[10.433s] -- Up-to-date symlink: /home/shriram/Desktop/ros2_practice/install/nodes2/share/nodes2/package.xml
[10.436s] Invoked command in '/home/shriram/Desktop/ros2_practice/build/nodes2' returned '0': CMAKE_PREFIX_PATH=${CMAKE_PREFIX_PATH}:/home/shriram/Desktop/ros2_practice/install/tform:/home/shriram/Desktop/ros2_practice/install/robot_math:/home/shriram/Desktop/ros2_practice/install/practice:/home/shriram/Desktop/ros2_practice/install/mobile:/home/shriram/Desktop/ros2_practice/install/description:/home/shriram/Desktop/ros2_practice/install/cv_basics:/opt/ros/humble /usr/bin/cmake --install /home/shriram/Desktop/ros2_practice/build/nodes2
