[1.790s] Invoking command in '/home/shriram/Desktop/ros2_practice/src/tform': PYTHONPATH=/home/shriram/Desktop/ros2_practice/build/tform/prefix_override:/home/shriram/Desktop/ros2_practice/install/tform/lib/python3.10/site-packages:${PYTHONPATH} /usr/bin/python3 setup.py egg_info --egg-base ../../build/tform build --build-base /home/shriram/Desktop/ros2_practice/build/tform/build install --record /home/shriram/Desktop/ros2_practice/build/tform/install.log --single-version-externally-managed
[2.125s] running egg_info
[2.125s] writing ../../build/tform/tform.egg-info/PKG-INFO
[2.125s] writing dependency_links to ../../build/tform/tform.egg-info/dependency_links.txt
[2.125s] writing entry points to ../../build/tform/tform.egg-info/entry_points.txt
[2.125s] writing requirements to ../../build/tform/tform.egg-info/requires.txt
[2.125s] writing top-level names to ../../build/tform/tform.egg-info/top_level.txt
[2.128s] reading manifest file '../../build/tform/tform.egg-info/SOURCES.txt'
[2.129s] writing manifest file '../../build/tform/tform.egg-info/SOURCES.txt'
[2.129s] running build
[2.130s] running build_py
[2.130s] running install
[2.130s] running install_lib
[2.132s] running install_data
[2.134s] running install_egg_info
[2.137s] removing '/home/shriram/Desktop/ros2_practice/install/tform/lib/python3.10/site-packages/tform-0.0.0-py3.10.egg-info' (and everything under it)
[2.137s] Copying ../../build/tform/tform.egg-info to /home/shriram/Desktop/ros2_practice/install/tform/lib/python3.10/site-packages/tform-0.0.0-py3.10.egg-info
[2.142s] running install_scripts
[2.168s] Installing circ script to /home/shriram/Desktop/ros2_practice/install/tform/lib/tform
[2.168s] Installing dyn script to /home/shriram/Desktop/ros2_practice/install/tform/lib/tform
[2.168s] Installing dyn2 script to /home/shriram/Desktop/ros2_practice/install/tform/lib/tform
[2.169s] writing list of installed files to '/home/shriram/Desktop/ros2_practice/build/tform/install.log'
[2.283s] Invoked command in '/home/shriram/Desktop/ros2_practice/src/tform' returned '0': PYTHONPATH=/home/shriram/Desktop/ros2_practice/build/tform/prefix_override:/home/shriram/Desktop/ros2_practice/install/tform/lib/python3.10/site-packages:${PYTHONPATH} /usr/bin/python3 setup.py egg_info --egg-base ../../build/tform build --build-base /home/shriram/Desktop/ros2_practice/build/tform/build install --record /home/shriram/Desktop/ros2_practice/build/tform/install.log --single-version-externally-managed
