[0.837s] Invoking command in '/home/shriram/Desktop/ros2_practice/src/tform': PYTHONPATH=/home/shriram/Desktop/ros2_practice/build/tform/prefix_override:/home/shriram/Desktop/ros2_practice/install/tform/lib/python3.10/site-packages:${PYTHONPATH} /usr/bin/python3 setup.py egg_info --egg-base ../../build/tform build --build-base /home/shriram/Desktop/ros2_practice/build/tform/build install --record /home/shriram/Desktop/ros2_practice/build/tform/install.log --single-version-externally-managed
[1.042s] running egg_info
[1.042s] writing ../../build/tform/tform.egg-info/PKG-INFO
[1.042s] writing dependency_links to ../../build/tform/tform.egg-info/dependency_links.txt
[1.042s] writing entry points to ../../build/tform/tform.egg-info/entry_points.txt
[1.043s] writing requirements to ../../build/tform/tform.egg-info/requires.txt
[1.043s] writing top-level names to ../../build/tform/tform.egg-info/top_level.txt
[1.044s] reading manifest file '../../build/tform/tform.egg-info/SOURCES.txt'
[1.045s] writing manifest file '../../build/tform/tform.egg-info/SOURCES.txt'
[1.045s] running build
[1.045s] running build_py
[1.045s] running install
[1.045s] running install_lib
[1.046s] running install_data
[1.047s] running install_egg_info
[1.048s] removing '/home/shriram/Desktop/ros2_practice/install/tform/lib/python3.10/site-packages/tform-0.0.0-py3.10.egg-info' (and everything under it)
[1.048s] Copying ../../build/tform/tform.egg-info to /home/shriram/Desktop/ros2_practice/install/tform/lib/python3.10/site-packages/tform-0.0.0-py3.10.egg-info
[1.049s] running install_scripts
[1.065s] Installing circ script to /home/shriram/Desktop/ros2_practice/install/tform/lib/tform
[1.065s] Installing dyn script to /home/shriram/Desktop/ros2_practice/install/tform/lib/tform
[1.065s] Installing dyn2 script to /home/shriram/Desktop/ros2_practice/install/tform/lib/tform
[1.066s] writing list of installed files to '/home/shriram/Desktop/ros2_practice/build/tform/install.log'
[1.098s] Invoked command in '/home/shriram/Desktop/ros2_practice/src/tform' returned '0': PYTHONPATH=/home/shriram/Desktop/ros2_practice/build/tform/prefix_override:/home/shriram/Desktop/ros2_practice/install/tform/lib/python3.10/site-packages:${PYTHONPATH} /usr/bin/python3 setup.py egg_info --egg-base ../../build/tform build --build-base /home/shriram/Desktop/ros2_practice/build/tform/build install --record /home/shriram/Desktop/ros2_practice/build/tform/install.log --single-version-externally-managed
