[2.229s] Invoking command in '/home/shriram/Desktop/ros2_practice/build/tform': PYTHONPATH=/home/shriram/Desktop/ros2_practice/build/tform/prefix_override:/home/shriram/Desktop/ros2_practice/install/tform/lib/python3.10/site-packages:${PYTHONPATH} /usr/bin/python3 setup.py develop --uninstall --editable --build-directory /home/shriram/Desktop/ros2_practice/build/tform/build
[2.741s] running develop
[3.343s] Invoked command in '/home/shriram/Desktop/ros2_practice/build/tform' returned '0': PYTHONPATH=/home/shriram/Desktop/ros2_practice/build/tform/prefix_override:/home/shriram/Desktop/ros2_practice/install/tform/lib/python3.10/site-packages:${PYTHONPATH} /usr/bin/python3 setup.py develop --uninstall --editable --build-directory /home/shriram/Desktop/ros2_practice/build/tform/build
[3.344s] Invoking command in '/home/shriram/Desktop/ros2_practice/src/tform': PYTHONPATH=/home/shriram/Desktop/ros2_practice/build/tform/prefix_override:/home/shriram/Desktop/ros2_practice/install/tform/lib/python3.10/site-packages:${PYTHONPATH} /usr/bin/python3 setup.py egg_info --egg-base ../../build/tform build --build-base /home/shriram/Desktop/ros2_practice/build/tform/build install --record /home/shriram/Desktop/ros2_practice/build/tform/install.log --single-version-externally-managed
[3.650s] running egg_info
[3.650s] writing ../../build/tform/tform.egg-info/PKG-INFO
[3.650s] writing dependency_links to ../../build/tform/tform.egg-info/dependency_links.txt
[3.651s] writing entry points to ../../build/tform/tform.egg-info/entry_points.txt
[3.651s] writing requirements to ../../build/tform/tform.egg-info/requires.txt
[3.651s] writing top-level names to ../../build/tform/tform.egg-info/top_level.txt
[3.651s] reading manifest file '../../build/tform/tform.egg-info/SOURCES.txt'
[3.656s] writing manifest file '../../build/tform/tform.egg-info/SOURCES.txt'
[3.656s] running build
[3.656s] running build_py
[3.656s] running install
[3.656s] running install_lib
[3.656s] running install_data
[3.656s] running install_egg_info
[3.657s] removing '/home/shriram/Desktop/ros2_practice/install/tform/lib/python3.10/site-packages/tform-0.0.0-py3.10.egg-info' (and everything under it)
[3.662s] Copying ../../build/tform/tform.egg-info to /home/shriram/Desktop/ros2_practice/install/tform/lib/python3.10/site-packages/tform-0.0.0-py3.10.egg-info
[3.662s] running install_scripts
[3.687s] Installing circ script to /home/shriram/Desktop/ros2_practice/install/tform/lib/tform
[3.687s] Installing dyn script to /home/shriram/Desktop/ros2_practice/install/tform/lib/tform
[3.687s] Installing dyn2 script to /home/shriram/Desktop/ros2_practice/install/tform/lib/tform
[3.687s] writing list of installed files to '/home/shriram/Desktop/ros2_practice/build/tform/install.log'
[3.772s] Invoked command in '/home/shriram/Desktop/ros2_practice/src/tform' returned '0': PYTHONPATH=/home/shriram/Desktop/ros2_practice/build/tform/prefix_override:/home/shriram/Desktop/ros2_practice/install/tform/lib/python3.10/site-packages:${PYTHONPATH} /usr/bin/python3 setup.py egg_info --egg-base ../../build/tform build --build-base /home/shriram/Desktop/ros2_practice/build/tform/build install --record /home/shriram/Desktop/ros2_practice/build/tform/install.log --single-version-externally-managed
