[2.132s] Invoking command in '/home/shriram/Desktop/ros2_practice/src/practice': PYTHONPATH=/home/shriram/Desktop/ros2_practice/build/practice/prefix_override:/home/shriram/Desktop/ros2_practice/install/practice/lib/python3.10/site-packages:${PYTHONPATH} /usr/bin/python3 setup.py egg_info --egg-base ../../build/practice build --build-base /home/shriram/Desktop/ros2_practice/build/practice/build install --record /home/shriram/Desktop/ros2_practice/build/practice/install.log --single-version-externally-managed
[2.528s] running egg_info
[2.529s] writing ../../build/practice/practice.egg-info/PKG-INFO
[2.529s] writing dependency_links to ../../build/practice/practice.egg-info/dependency_links.txt
[2.530s] writing entry points to ../../build/practice/practice.egg-info/entry_points.txt
[2.530s] writing requirements to ../../build/practice/practice.egg-info/requires.txt
[2.530s] writing top-level names to ../../build/practice/practice.egg-info/top_level.txt
[2.535s] reading manifest file '../../build/practice/practice.egg-info/SOURCES.txt'
[2.536s] writing manifest file '../../build/practice/practice.egg-info/SOURCES.txt'
[2.536s] running build
[2.536s] running build_py
[2.537s] running install
[2.538s] running install_lib
[2.540s] running install_data
[2.542s] running install_egg_info
[2.544s] removing '/home/shriram/Desktop/ros2_practice/install/practice/lib/python3.10/site-packages/practice-0.0.0-py3.10.egg-info' (and everything under it)
[2.545s] Copying ../../build/practice/practice.egg-info to /home/shriram/Desktop/ros2_practice/install/practice/lib/python3.10/site-packages/practice-0.0.0-py3.10.egg-info
[2.550s] running install_scripts
[2.585s] Installing circ script to /home/shriram/Desktop/ros2_practice/install/practice/lib/practice
[2.585s] Installing controller script to /home/shriram/Desktop/ros2_practice/install/practice/lib/practice
[2.585s] Installing node1 script to /home/shriram/Desktop/ros2_practice/install/practice/lib/practice
[2.585s] Installing pose script to /home/shriram/Desktop/ros2_practice/install/practice/lib/practice
[2.586s] writing list of installed files to '/home/shriram/Desktop/ros2_practice/build/practice/install.log'
[2.737s] Invoked command in '/home/shriram/Desktop/ros2_practice/src/practice' returned '0': PYTHONPATH=/home/shriram/Desktop/ros2_practice/build/practice/prefix_override:/home/shriram/Desktop/ros2_practice/install/practice/lib/python3.10/site-packages:${PYTHONPATH} /usr/bin/python3 setup.py egg_info --egg-base ../../build/practice build --build-base /home/shriram/Desktop/ros2_practice/build/practice/build install --record /home/shriram/Desktop/ros2_practice/build/practice/install.log --single-version-externally-managed
