[0.012s] Invoking command in '/home/shriram/Desktop/ros2_practice/build/bringup': AMENT_PREFIX_PATH=/home/shriram/Desktop/ros2_practice/install/desc:${AMENT_PREFIX_PATH} CMAKE_PREFIX_PATH=/home/shriram/Desktop/ros2_practice/install/desc:/home/shriram/Desktop/ros2_learners-main/install/turtlebot3_gazebo:/home/shriram/Desktop/ros2_learners-main/install/point_cloud_perception:/home/shriram/Desktop/ros2_learners-main/install/nodes:/home/shriram/Desktop/ros2_learners-main/install/navigation_tb3:/home/shriram/Desktop/ros2_learners-main/install/robot_math:/opt/ros/humble /usr/bin/cmake --build /home/shriram/Desktop/ros2_practice/build/bringup -- -j12 -l12
[0.061s] Invoked command in '/home/shriram/Desktop/ros2_practice/build/bringup' returned '0': AMENT_PREFIX_PATH=/home/shriram/Desktop/ros2_practice/install/desc:${AMENT_PREFIX_PATH} CMAKE_PREFIX_PATH=/home/shriram/Desktop/ros2_practice/install/desc:/home/shriram/Desktop/ros2_learners-main/install/turtlebot3_gazebo:/home/shriram/Desktop/ros2_learners-main/install/point_cloud_perception:/home/shriram/Desktop/ros2_learners-main/install/nodes:/home/shriram/Desktop/ros2_learners-main/install/navigation_tb3:/home/shriram/Desktop/ros2_learners-main/install/robot_math:/opt/ros/humble /usr/bin/cmake --build /home/shriram/Desktop/ros2_practice/build/bringup -- -j12 -l12
[0.090s] Invoking command in '/home/shriram/Desktop/ros2_practice/build/bringup': AMENT_PREFIX_PATH=/home/shriram/Desktop/ros2_practice/install/desc:${AMENT_PREFIX_PATH} CMAKE_PREFIX_PATH=/home/shriram/Desktop/ros2_practice/install/desc:/home/shriram/Desktop/ros2_learners-main/install/turtlebot3_gazebo:/home/shriram/Desktop/ros2_learners-main/install/point_cloud_perception:/home/shriram/Desktop/ros2_learners-main/install/nodes:/home/shriram/Desktop/ros2_learners-main/install/navigation_tb3:/home/shriram/Desktop/ros2_learners-main/install/robot_math:/opt/ros/humble /usr/bin/cmake --install /home/shriram/Desktop/ros2_practice/build/bringup
[0.100s] -- Install configuration: ""
[0.101s] -- Execute custom install script
[0.101s] -- Up-to-date symlink: /home/shriram/Desktop/ros2_practice/install/bringup/share/bringup//launch/my_robot_gazebo.launch.xml
[0.101s] -- Up-to-date symlink: /home/shriram/Desktop/ros2_practice/install/bringup/share/ament_index/resource_index/package_run_dependencies/bringup
[0.102s] -- Up-to-date symlink: /home/shriram/Desktop/ros2_practice/install/bringup/share/ament_index/resource_index/parent_prefix_path/bringup
[0.102s] -- Up-to-date symlink: /home/shriram/Desktop/ros2_practice/install/bringup/share/bringup/environment/ament_prefix_path.sh
[0.102s] -- Up-to-date symlink: /home/shriram/Desktop/ros2_practice/install/bringup/share/bringup/environment/ament_prefix_path.dsv
[0.102s] -- Up-to-date symlink: /home/shriram/Desktop/ros2_practice/install/bringup/share/bringup/environment/path.sh
[0.102s] -- Up-to-date symlink: /home/shriram/Desktop/ros2_practice/install/bringup/share/bringup/environment/path.dsv
[0.102s] -- Up-to-date symlink: /home/shriram/Desktop/ros2_practice/install/bringup/share/bringup/local_setup.bash
[0.103s] -- Up-to-date symlink: /home/shriram/Desktop/ros2_practice/install/bringup/share/bringup/local_setup.sh
[0.103s] -- Up-to-date symlink: /home/shriram/Desktop/ros2_practice/install/bringup/share/bringup/local_setup.zsh
[0.103s] -- Up-to-date symlink: /home/shriram/Desktop/ros2_practice/install/bringup/share/bringup/local_setup.dsv
[0.103s] -- Symlinking: /home/shriram/Desktop/ros2_practice/install/bringup/share/bringup/package.dsv
[0.117s] -- Up-to-date symlink: /home/shriram/Desktop/ros2_practice/install/bringup/share/ament_index/resource_index/packages/bringup
[0.118s] -- Up-to-date symlink: /home/shriram/Desktop/ros2_practice/install/bringup/share/bringup/cmake/bringupConfig.cmake
[0.118s] -- Up-to-date symlink: /home/shriram/Desktop/ros2_practice/install/bringup/share/bringup/cmake/bringupConfig-version.cmake
[0.118s] -- Up-to-date symlink: /home/shriram/Desktop/ros2_practice/install/bringup/share/bringup/package.xml
[0.122s] Invoked command in '/home/shriram/Desktop/ros2_practice/build/bringup' returned '0': AMENT_PREFIX_PATH=/home/shriram/Desktop/ros2_practice/install/desc:${AMENT_PREFIX_PATH} CMAKE_PREFIX_PATH=/home/shriram/Desktop/ros2_practice/install/desc:/home/shriram/Desktop/ros2_learners-main/install/turtlebot3_gazebo:/home/shriram/Desktop/ros2_learners-main/install/point_cloud_perception:/home/shriram/Desktop/ros2_learners-main/install/nodes:/home/shriram/Desktop/ros2_learners-main/install/navigation_tb3:/home/shriram/Desktop/ros2_learners-main/install/robot_math:/opt/ros/humble /usr/bin/cmake --install /home/shriram/Desktop/ros2_practice/build/bringup
