-- The C compiler identification is GNU 11.4.0
-- The CXX compiler identification is GNU 11.4.0
-- Detecting C compiler ABI info
-- Detecting C compiler ABI info - done
-- Check for working C compiler: /usr/bin/cc - skipped
-- Detecting C compile features
-- Detecting C compile features - done
-- Detecting CXX compiler ABI info
-- Detecting CXX compiler ABI info - done
-- Check for working CXX compiler: /usr/bin/c++ - skipped
-- Detecting CXX compile features
-- Detecting CXX compile features - done
-- Found ament_cmake: 1.3.5 (/opt/ros/humble/share/ament_cmake/cmake)
-- Found Python3: /usr/bin/python3.10 (found version "3.10.12") found components: Interpreter 
-- Found rclcpp: 16.0.5 (/opt/ros/humble/share/rclcpp/cmake)
-- Found rosidl_generator_c: 3.1.5 (/opt/ros/humble/share/rosidl_generator_c/cmake)
-- Found rosidl_adapter: 3.1.5 (/opt/ros/humble/share/rosidl_adapter/cmake)
-- Found rosidl_generator_cpp: 3.1.5 (/opt/ros/humble/share/rosidl_generator_cpp/cmake)
-- Using all available rosidl_typesupport_c: rosidl_typesupport_fastrtps_c;rosidl_typesupport_introspection_c
-- Using all available rosidl_typesupport_cpp: rosidl_typesupport_fastrtps_cpp;rosidl_typesupport_introspection_cpp
-- Found rmw_implementation_cmake: 6.1.1 (/opt/ros/humble/share/rmw_implementation_cmake/cmake)
-- Found rmw_cyclonedds_cpp: 1.3.4 (/opt/ros/humble/share/rmw_cyclonedds_cpp/cmake)
-- Using RMW implementation 'rmw_cyclonedds_cpp' as default
-- Looking for pthread.h
-- Looking for pthread.h - found
-- Performing Test CMAKE_HAVE_LIBC_PTHREAD
-- Performing Test CMAKE_HAVE_LIBC_PTHREAD - Success
-- Found Threads: TRUE  
-- Found nav2_costmap_2d: 1.1.9 (/opt/ros/humble/share/nav2_costmap_2d/cmake)
-- Found Eigen3: TRUE (found version "3.4.0") 
-- Ensuring Eigen3 include directory is part of orocos-kdl CMake target
-- Found ament_lint_auto: 0.12.7 (/opt/ros/humble/share/ament_lint_auto/cmake)
-- Added test 'lint_cmake' to check CMake code style
-- Added test 'xmllint' to check XML markup files
-- Configuring done
-- Generating done
-- Build files have been written to: /home/shriram/Desktop/ros2_practice/build/custom_nav2_costmap_plugin
-- Install configuration: ""
-- Installing: /home/shriram/Desktop/ros2_practice/install/custom_nav2_costmap_plugin/share/ament_index/resource_index/package_run_dependencies/custom_nav2_costmap_plugin
-- Installing: /home/shriram/Desktop/ros2_practice/install/custom_nav2_costmap_plugin/share/ament_index/resource_index/parent_prefix_path/custom_nav2_costmap_plugin
-- Installing: /home/shriram/Desktop/ros2_practice/install/custom_nav2_costmap_plugin/share/custom_nav2_costmap_plugin/environment/ament_prefix_path.sh
-- Installing: /home/shriram/Desktop/ros2_practice/install/custom_nav2_costmap_plugin/share/custom_nav2_costmap_plugin/environment/ament_prefix_path.dsv
-- Installing: /home/shriram/Desktop/ros2_practice/install/custom_nav2_costmap_plugin/share/custom_nav2_costmap_plugin/environment/path.sh
-- Installing: /home/shriram/Desktop/ros2_practice/install/custom_nav2_costmap_plugin/share/custom_nav2_costmap_plugin/environment/path.dsv
-- Installing: /home/shriram/Desktop/ros2_practice/install/custom_nav2_costmap_plugin/share/custom_nav2_costmap_plugin/local_setup.bash
-- Installing: /home/shriram/Desktop/ros2_practice/install/custom_nav2_costmap_plugin/share/custom_nav2_costmap_plugin/local_setup.sh
-- Installing: /home/shriram/Desktop/ros2_practice/install/custom_nav2_costmap_plugin/share/custom_nav2_costmap_plugin/local_setup.zsh
-- Installing: /home/shriram/Desktop/ros2_practice/install/custom_nav2_costmap_plugin/share/custom_nav2_costmap_plugin/local_setup.dsv
-- Installing: /home/shriram/Desktop/ros2_practice/install/custom_nav2_costmap_plugin/share/custom_nav2_costmap_plugin/package.dsv
-- Installing: /home/shriram/Desktop/ros2_practice/install/custom_nav2_costmap_plugin/share/ament_index/resource_index/packages/custom_nav2_costmap_plugin
-- Installing: /home/shriram/Desktop/ros2_practice/install/custom_nav2_costmap_plugin/share/custom_nav2_costmap_plugin/cmake/custom_nav2_costmap_pluginConfig.cmake
-- Installing: /home/shriram/Desktop/ros2_practice/install/custom_nav2_costmap_plugin/share/custom_nav2_costmap_plugin/cmake/custom_nav2_costmap_pluginConfig-version.cmake
-- Installing: /home/shriram/Desktop/ros2_practice/install/custom_nav2_costmap_plugin/share/custom_nav2_costmap_plugin/package.xml
