[0.011s] Invoking command in '/home/shriram/Desktop/ros2_practice/build/bringup': CMAKE_PREFIX_PATH=/home/shriram/Desktop/ros2_practice/install/desc:/home/shriram/Desktop/ros2_practice/install/bringup:/home/shriram/Desktop/ros2_practice/install/tform:/home/shriram/Desktop/ros2_practice/install/practice:/home/shriram/Desktop/ros2_practice/install/mobile:/home/shriram/Desktop/ros2_practice/install/description:/home/shriram/Desktop/ros2_practice/install/cv_basics:/opt/ros/humble /usr/bin/cmake /home/shriram/Desktop/ros2_practice/src/bringup -DAMENT_CMAKE_SYMLINK_INSTALL=1 -DCMAKE_INSTALL_PREFIX=/home/shriram/Desktop/ros2_practice/install/bringup
[0.021s] -- Found ament_cmake: 1.3.5 (/opt/ros/humble/share/ament_cmake/cmake)
[0.156s] -- Override CMake install command with custom implementation using symlinks instead of copying resources
[0.164s] -- Found ament_lint_auto: 0.12.7 (/opt/ros/humble/share/ament_lint_auto/cmake)
[0.230s] -- Added test 'lint_cmake' to check CMake code style
[0.230s] -- Added test 'xmllint' to check XML markup files
[0.231s] -- Configuring done
[0.234s] -- Generating done
[0.234s] -- Build files have been written to: /home/shriram/Desktop/ros2_practice/build/bringup
[0.238s] Invoked command in '/home/shriram/Desktop/ros2_practice/build/bringup' returned '0': CMAKE_PREFIX_PATH=/home/shriram/Desktop/ros2_practice/install/desc:/home/shriram/Desktop/ros2_practice/install/bringup:/home/shriram/Desktop/ros2_practice/install/tform:/home/shriram/Desktop/ros2_practice/install/practice:/home/shriram/Desktop/ros2_practice/install/mobile:/home/shriram/Desktop/ros2_practice/install/description:/home/shriram/Desktop/ros2_practice/install/cv_basics:/opt/ros/humble /usr/bin/cmake /home/shriram/Desktop/ros2_practice/src/bringup -DAMENT_CMAKE_SYMLINK_INSTALL=1 -DCMAKE_INSTALL_PREFIX=/home/shriram/Desktop/ros2_practice/install/bringup
[0.239s] Invoking command in '/home/shriram/Desktop/ros2_practice/build/bringup': CMAKE_PREFIX_PATH=/home/shriram/Desktop/ros2_practice/install/desc:/home/shriram/Desktop/ros2_practice/install/bringup:/home/shriram/Desktop/ros2_practice/install/tform:/home/shriram/Desktop/ros2_practice/install/practice:/home/shriram/Desktop/ros2_practice/install/mobile:/home/shriram/Desktop/ros2_practice/install/description:/home/shriram/Desktop/ros2_practice/install/cv_basics:/opt/ros/humble /usr/bin/cmake --build /home/shriram/Desktop/ros2_practice/build/bringup -- -j12 -l12
[0.271s] Invoked command in '/home/shriram/Desktop/ros2_practice/build/bringup' returned '0': CMAKE_PREFIX_PATH=/home/shriram/Desktop/ros2_practice/install/desc:/home/shriram/Desktop/ros2_practice/install/bringup:/home/shriram/Desktop/ros2_practice/install/tform:/home/shriram/Desktop/ros2_practice/install/practice:/home/shriram/Desktop/ros2_practice/install/mobile:/home/shriram/Desktop/ros2_practice/install/description:/home/shriram/Desktop/ros2_practice/install/cv_basics:/opt/ros/humble /usr/bin/cmake --build /home/shriram/Desktop/ros2_practice/build/bringup -- -j12 -l12
[0.291s] Invoking command in '/home/shriram/Desktop/ros2_practice/build/bringup': CMAKE_PREFIX_PATH=/home/shriram/Desktop/ros2_practice/install/desc:/home/shriram/Desktop/ros2_practice/install/bringup:/home/shriram/Desktop/ros2_practice/install/tform:/home/shriram/Desktop/ros2_practice/install/practice:/home/shriram/Desktop/ros2_practice/install/mobile:/home/shriram/Desktop/ros2_practice/install/description:/home/shriram/Desktop/ros2_practice/install/cv_basics:/opt/ros/humble /usr/bin/cmake --install /home/shriram/Desktop/ros2_practice/build/bringup
[0.298s] -- Install configuration: ""
[0.298s] -- Execute custom install script
[0.298s] -- Up-to-date symlink: /home/shriram/Desktop/ros2_practice/install/bringup/share/bringup//launch/my_robot_gazebo.launch.xml
[0.298s] -- Up-to-date symlink: /home/shriram/Desktop/ros2_practice/install/bringup/share/ament_index/resource_index/package_run_dependencies/bringup
[0.298s] -- Up-to-date symlink: /home/shriram/Desktop/ros2_practice/install/bringup/share/ament_index/resource_index/parent_prefix_path/bringup
[0.299s] -- Up-to-date symlink: /home/shriram/Desktop/ros2_practice/install/bringup/share/bringup/environment/ament_prefix_path.sh
[0.299s] -- Up-to-date symlink: /home/shriram/Desktop/ros2_practice/install/bringup/share/bringup/environment/ament_prefix_path.dsv
[0.299s] -- Up-to-date symlink: /home/shriram/Desktop/ros2_practice/install/bringup/share/bringup/environment/path.sh
[0.299s] -- Up-to-date symlink: /home/shriram/Desktop/ros2_practice/install/bringup/share/bringup/environment/path.dsv
[0.300s] -- Up-to-date symlink: /home/shriram/Desktop/ros2_practice/install/bringup/share/bringup/local_setup.bash
[0.300s] -- Up-to-date symlink: /home/shriram/Desktop/ros2_practice/install/bringup/share/bringup/local_setup.sh
[0.300s] -- Up-to-date symlink: /home/shriram/Desktop/ros2_practice/install/bringup/share/bringup/local_setup.zsh
[0.300s] -- Up-to-date symlink: /home/shriram/Desktop/ros2_practice/install/bringup/share/bringup/local_setup.dsv
[0.300s] -- Symlinking: /home/shriram/Desktop/ros2_practice/install/bringup/share/bringup/package.dsv
[0.312s] -- Up-to-date symlink: /home/shriram/Desktop/ros2_practice/install/bringup/share/ament_index/resource_index/packages/bringup
[0.312s] -- Up-to-date symlink: /home/shriram/Desktop/ros2_practice/install/bringup/share/bringup/cmake/bringupConfig.cmake
[0.313s] -- Up-to-date symlink: /home/shriram/Desktop/ros2_practice/install/bringup/share/bringup/cmake/bringupConfig-version.cmake
[0.313s] -- Up-to-date symlink: /home/shriram/Desktop/ros2_practice/install/bringup/share/bringup/package.xml
[0.317s] Invoked command in '/home/shriram/Desktop/ros2_practice/build/bringup' returned '0': CMAKE_PREFIX_PATH=/home/shriram/Desktop/ros2_practice/install/desc:/home/shriram/Desktop/ros2_practice/install/bringup:/home/shriram/Desktop/ros2_practice/install/tform:/home/shriram/Desktop/ros2_practice/install/practice:/home/shriram/Desktop/ros2_practice/install/mobile:/home/shriram/Desktop/ros2_practice/install/description:/home/shriram/Desktop/ros2_practice/install/cv_basics:/opt/ros/humble /usr/bin/cmake --install /home/shriram/Desktop/ros2_practice/build/bringup
