running egg_info
creating ../../build/cv_basics/cv_basics.egg-info
writing ../../build/cv_basics/cv_basics.egg-info/PKG-INFO
writing dependency_links to ../../build/cv_basics/cv_basics.egg-info/dependency_links.txt
writing entry points to ../../build/cv_basics/cv_basics.egg-info/entry_points.txt
writing requirements to ../../build/cv_basics/cv_basics.egg-info/requires.txt
writing top-level names to ../../build/cv_basics/cv_basics.egg-info/top_level.txt
writing manifest file '../../build/cv_basics/cv_basics.egg-info/SOURCES.txt'
reading manifest file '../../build/cv_basics/cv_basics.egg-info/SOURCES.txt'
writing manifest file '../../build/cv_basics/cv_basics.egg-info/SOURCES.txt'
running build
running build_py
creating /home/shriram/Desktop/ros2_practice/build/cv_basics/build
creating /home/shriram/Desktop/ros2_practice/build/cv_basics/build/lib
creating /home/shriram/Desktop/ros2_practice/build/cv_basics/build/lib/cv_basics
copying cv_basics/webcam2.py.py -> /home/shriram/Desktop/ros2_practice/build/cv_basics/build/lib/cv_basics
copying cv_basics/webcam.py -> /home/shriram/Desktop/ros2_practice/build/cv_basics/build/lib/cv_basics
copying cv_basics/__init__.py -> /home/shriram/Desktop/ros2_practice/build/cv_basics/build/lib/cv_basics
running install
running install_lib
creating /home/shriram/Desktop/ros2_practice/install/cv_basics/lib/python3.10/site-packages/cv_basics
copying /home/shriram/Desktop/ros2_practice/build/cv_basics/build/lib/cv_basics/webcam2.py.py -> /home/shriram/Desktop/ros2_practice/install/cv_basics/lib/python3.10/site-packages/cv_basics
copying /home/shriram/Desktop/ros2_practice/build/cv_basics/build/lib/cv_basics/webcam.py -> /home/shriram/Desktop/ros2_practice/install/cv_basics/lib/python3.10/site-packages/cv_basics
copying /home/shriram/Desktop/ros2_practice/build/cv_basics/build/lib/cv_basics/__init__.py -> /home/shriram/Desktop/ros2_practice/install/cv_basics/lib/python3.10/site-packages/cv_basics
byte-compiling /home/shriram/Desktop/ros2_practice/install/cv_basics/lib/python3.10/site-packages/cv_basics/webcam2.py.py to webcam2.py.cpython-310.pyc
byte-compiling /home/shriram/Desktop/ros2_practice/install/cv_basics/lib/python3.10/site-packages/cv_basics/webcam.py to webcam.cpython-310.pyc
byte-compiling /home/shriram/Desktop/ros2_practice/install/cv_basics/lib/python3.10/site-packages/cv_basics/__init__.py to __init__.cpython-310.pyc
running install_data
creating /home/shriram/Desktop/ros2_practice/install/cv_basics/share/ament_index
creating /home/shriram/Desktop/ros2_practice/install/cv_basics/share/ament_index/resource_index
creating /home/shriram/Desktop/ros2_practice/install/cv_basics/share/ament_index/resource_index/packages
copying resource/cv_basics -> /home/shriram/Desktop/ros2_practice/install/cv_basics/share/ament_index/resource_index/packages
copying package.xml -> /home/shriram/Desktop/ros2_practice/install/cv_basics/share/cv_basics
running install_egg_info
Copying ../../build/cv_basics/cv_basics.egg-info to /home/shriram/Desktop/ros2_practice/install/cv_basics/lib/python3.10/site-packages/cv_basics-0.0.0-py3.10.egg-info
running install_scripts
Installing webcam script to /home/shriram/Desktop/ros2_practice/install/cv_basics/lib/cv_basics
Installing webcam2 script to /home/shriram/Desktop/ros2_practice/install/cv_basics/lib/cv_basics
writing list of installed files to '/home/shriram/Desktop/ros2_practice/build/cv_basics/install.log'
