[1.822s] Invoking command in '/home/shriram/Desktop/ros2_practice/build/practice': PYTHONPATH=/home/shriram/Desktop/ros2_practice/build/practice/prefix_override:/home/shriram/Desktop/ros2_practice/install/practice/lib/python3.10/site-packages:${PYTHONPATH} /usr/bin/python3 setup.py develop --editable --build-directory /home/shriram/Desktop/ros2_practice/build/practice/build --no-deps install_data
[2.144s] running develop
[2.366s] running egg_info
[2.366s] writing practice.egg-info/PKG-INFO
[2.366s] writing dependency_links to practice.egg-info/dependency_links.txt
[2.366s] writing entry points to practice.egg-info/entry_points.txt
[2.366s] writing requirements to practice.egg-info/requires.txt
[2.367s] writing top-level names to practice.egg-info/top_level.txt
[2.370s] reading manifest file 'practice.egg-info/SOURCES.txt'
[2.371s] writing manifest file 'practice.egg-info/SOURCES.txt'
[2.373s] running build_ext
[2.374s] Creating /home/shriram/Desktop/ros2_practice/install/practice/lib/python3.10/site-packages/practice.egg-link (link to .)
[2.374s] Installing circ script to /home/shriram/Desktop/ros2_practice/install/practice/lib/practice
[2.375s] Installing controller script to /home/shriram/Desktop/ros2_practice/install/practice/lib/practice
[2.375s] Installing move2 script to /home/shriram/Desktop/ros2_practice/install/practice/lib/practice
[2.375s] Installing node1 script to /home/shriram/Desktop/ros2_practice/install/practice/lib/practice
[2.375s] Installing parabolic_curve script to /home/shriram/Desktop/ros2_practice/install/practice/lib/practice
[2.376s] Installing pose script to /home/shriram/Desktop/ros2_practice/install/practice/lib/practice
[2.376s] 
[2.376s] Installed /home/shriram/Desktop/ros2_practice/build/practice
[2.376s] running install_data
[2.502s] Invoked command in '/home/shriram/Desktop/ros2_practice/build/practice' returned '0': PYTHONPATH=/home/shriram/Desktop/ros2_practice/build/practice/prefix_override:/home/shriram/Desktop/ros2_practice/install/practice/lib/python3.10/site-packages:${PYTHONPATH} /usr/bin/python3 setup.py develop --editable --build-directory /home/shriram/Desktop/ros2_practice/build/practice/build --no-deps install_data
