[0.508s] DEBUG:colcon:Command line arguments: ['/usr/bin/colcon', 'build']
[0.508s] DEBUG:colcon:Parsed command line arguments: Namespace(log_base=None, log_level=None, verb_name='build', build_base='build', install_base='install', merge_install=False, symlink_install=False, test_result_base=None, continue_on_error=False, executor='parallel', parallel_workers=12, event_handlers=None, ignore_user_meta=False, metas=['./colcon.meta'], base_paths=['.'], packages_ignore=None, packages_ignore_regex=None, paths=None, packages_up_to=None, packages_up_to_regex=None, packages_above=None, packages_above_and_dependencies=None, packages_above_depth=None, packages_select_by_dep=None, packages_skip_by_dep=None, packages_skip_up_to=None, packages_select_build_failed=False, packages_skip_build_finished=False, packages_select_test_failures=False, packages_skip_test_passed=False, packages_select=None, packages_skip=None, packages_select_regex=None, packages_skip_regex=None, packages_start=None, packages_end=None, allow_overriding=[], cmake_args=None, cmake_target=None, cmake_target_skip_unavailable=False, cmake_clean_cache=False, cmake_clean_first=False, cmake_force_configure=False, ament_cmake_args=None, catkin_cmake_args=None, catkin_skip_building_tests=False, mixin_files=None, mixin=None, verb_parser=<colcon_mixin.mixin.mixin_argument.MixinArgumentDecorator object at 0x7fae36147e50>, verb_extension=<colcon_core.verb.build.BuildVerb object at 0x7fae36080b20>, main=<bound method BuildVerb.main of <colcon_core.verb.build.BuildVerb object at 0x7fae36080b20>>, mixin_verb=('build',))
[0.540s] Level 1:colcon.colcon_core.package_discovery:discover_packages(colcon_meta) check parameters
[0.541s] Level 1:colcon.colcon_core.package_discovery:discover_packages(recursive) check parameters
[0.541s] Level 1:colcon.colcon_core.package_discovery:discover_packages(ignore) check parameters
[0.541s] Level 1:colcon.colcon_core.package_discovery:discover_packages(path) check parameters
[0.541s] Level 1:colcon.colcon_core.package_discovery:discover_packages(colcon_meta) discover
[0.541s] Level 1:colcon.colcon_core.package_discovery:discover_packages(recursive) discover
[0.541s] INFO:colcon.colcon_core.package_discovery:Crawling recursively for packages in '/home/shriram/Desktop/ros2_practice'
[0.541s] Level 1:colcon.colcon_core.package_identification:_identify(.) by extensions ['ignore', 'ignore_ament_install']
[0.541s] Level 1:colcon.colcon_core.package_identification:_identify(.) by extension 'ignore'
[0.541s] Level 1:colcon.colcon_core.package_identification:_identify(.) by extension 'ignore_ament_install'
[0.541s] Level 1:colcon.colcon_core.package_identification:_identify(.) by extensions ['colcon_pkg']
[0.541s] Level 1:colcon.colcon_core.package_identification:_identify(.) by extension 'colcon_pkg'
[0.541s] Level 1:colcon.colcon_core.package_identification:_identify(.) by extensions ['colcon_meta']
[0.541s] Level 1:colcon.colcon_core.package_identification:_identify(.) by extension 'colcon_meta'
[0.541s] Level 1:colcon.colcon_core.package_identification:_identify(.) by extensions ['ros']
[0.541s] Level 1:colcon.colcon_core.package_identification:_identify(.) by extension 'ros'
[0.549s] Level 1:colcon.colcon_core.package_identification:_identify(.) by extensions ['cmake', 'python']
[0.549s] Level 1:colcon.colcon_core.package_identification:_identify(.) by extension 'cmake'
[0.549s] Level 1:colcon.colcon_core.package_identification:_identify(.) by extension 'python'
[0.550s] Level 1:colcon.colcon_core.package_identification:_identify(.) by extensions ['python_setup_py']
[0.550s] Level 1:colcon.colcon_core.package_identification:_identify(.) by extension 'python_setup_py'
[0.550s] Level 1:colcon.colcon_core.package_identification:_identify(build) by extensions ['ignore', 'ignore_ament_install']
[0.550s] Level 1:colcon.colcon_core.package_identification:_identify(build) by extension 'ignore'
[0.550s] Level 1:colcon.colcon_core.package_identification:_identify(build) ignored
[0.550s] Level 1:colcon.colcon_core.package_identification:_identify(install) by extensions ['ignore', 'ignore_ament_install']
[0.550s] Level 1:colcon.colcon_core.package_identification:_identify(install) by extension 'ignore'
[0.550s] Level 1:colcon.colcon_core.package_identification:_identify(install) ignored
[0.550s] Level 1:colcon.colcon_core.package_identification:_identify(log) by extensions ['ignore', 'ignore_ament_install']
[0.550s] Level 1:colcon.colcon_core.package_identification:_identify(log) by extension 'ignore'
[0.550s] Level 1:colcon.colcon_core.package_identification:_identify(log) ignored
[0.550s] Level 1:colcon.colcon_core.package_identification:_identify(src) by extensions ['ignore', 'ignore_ament_install']
[0.550s] Level 1:colcon.colcon_core.package_identification:_identify(src) by extension 'ignore'
[0.550s] Level 1:colcon.colcon_core.package_identification:_identify(src) by extension 'ignore_ament_install'
[0.551s] Level 1:colcon.colcon_core.package_identification:_identify(src) by extensions ['colcon_pkg']
[0.551s] Level 1:colcon.colcon_core.package_identification:_identify(src) by extension 'colcon_pkg'
[0.551s] Level 1:colcon.colcon_core.package_identification:_identify(src) by extensions ['colcon_meta']
[0.551s] Level 1:colcon.colcon_core.package_identification:_identify(src) by extension 'colcon_meta'
[0.551s] Level 1:colcon.colcon_core.package_identification:_identify(src) by extensions ['ros']
[0.551s] Level 1:colcon.colcon_core.package_identification:_identify(src) by extension 'ros'
[0.551s] Level 1:colcon.colcon_core.package_identification:_identify(src) by extensions ['cmake', 'python']
[0.551s] Level 1:colcon.colcon_core.package_identification:_identify(src) by extension 'cmake'
[0.551s] Level 1:colcon.colcon_core.package_identification:_identify(src) by extension 'python'
[0.551s] Level 1:colcon.colcon_core.package_identification:_identify(src) by extensions ['python_setup_py']
[0.551s] Level 1:colcon.colcon_core.package_identification:_identify(src) by extension 'python_setup_py'
[0.551s] Level 1:colcon.colcon_core.package_identification:_identify(src/cv_basics) by extensions ['ignore', 'ignore_ament_install']
[0.551s] Level 1:colcon.colcon_core.package_identification:_identify(src/cv_basics) by extension 'ignore'
[0.551s] Level 1:colcon.colcon_core.package_identification:_identify(src/cv_basics) by extension 'ignore_ament_install'
[0.551s] Level 1:colcon.colcon_core.package_identification:_identify(src/cv_basics) by extensions ['colcon_pkg']
[0.551s] Level 1:colcon.colcon_core.package_identification:_identify(src/cv_basics) by extension 'colcon_pkg'
[0.551s] Level 1:colcon.colcon_core.package_identification:_identify(src/cv_basics) by extensions ['colcon_meta']
[0.551s] Level 1:colcon.colcon_core.package_identification:_identify(src/cv_basics) by extension 'colcon_meta'
[0.552s] Level 1:colcon.colcon_core.package_identification:_identify(src/cv_basics) by extensions ['ros']
[0.552s] Level 1:colcon.colcon_core.package_identification:_identify(src/cv_basics) by extension 'ros'
[0.555s] DEBUG:colcon.colcon_core.package_identification:Package 'src/cv_basics' with type 'ros.ament_python' and name 'cv_basics'
[0.555s] Level 1:colcon.colcon_core.package_identification:_identify(src/desc) by extensions ['ignore', 'ignore_ament_install']
[0.555s] Level 1:colcon.colcon_core.package_identification:_identify(src/desc) by extension 'ignore'
[0.555s] Level 1:colcon.colcon_core.package_identification:_identify(src/desc) by extension 'ignore_ament_install'
[0.555s] Level 1:colcon.colcon_core.package_identification:_identify(src/desc) by extensions ['colcon_pkg']
[0.555s] Level 1:colcon.colcon_core.package_identification:_identify(src/desc) by extension 'colcon_pkg'
[0.556s] Level 1:colcon.colcon_core.package_identification:_identify(src/desc) by extensions ['colcon_meta']
[0.556s] Level 1:colcon.colcon_core.package_identification:_identify(src/desc) by extension 'colcon_meta'
[0.556s] Level 1:colcon.colcon_core.package_identification:_identify(src/desc) by extensions ['ros']
[0.556s] Level 1:colcon.colcon_core.package_identification:_identify(src/desc) by extension 'ros'
[0.556s] DEBUG:colcon.colcon_core.package_identification:Package 'src/desc' with type 'ros.ament_cmake' and name 'desc'
[0.556s] Level 1:colcon.colcon_core.package_identification:_identify(src/mobile) by extensions ['ignore', 'ignore_ament_install']
[0.556s] Level 1:colcon.colcon_core.package_identification:_identify(src/mobile) by extension 'ignore'
[0.556s] Level 1:colcon.colcon_core.package_identification:_identify(src/mobile) by extension 'ignore_ament_install'
[0.557s] Level 1:colcon.colcon_core.package_identification:_identify(src/mobile) by extensions ['colcon_pkg']
[0.557s] Level 1:colcon.colcon_core.package_identification:_identify(src/mobile) by extension 'colcon_pkg'
[0.557s] Level 1:colcon.colcon_core.package_identification:_identify(src/mobile) by extensions ['colcon_meta']
[0.557s] Level 1:colcon.colcon_core.package_identification:_identify(src/mobile) by extension 'colcon_meta'
[0.557s] Level 1:colcon.colcon_core.package_identification:_identify(src/mobile) by extensions ['ros']
[0.557s] Level 1:colcon.colcon_core.package_identification:_identify(src/mobile) by extension 'ros'
[0.557s] DEBUG:colcon.colcon_core.package_identification:Package 'src/mobile' with type 'ros.ament_python' and name 'mobile'
[0.557s] Level 1:colcon.colcon_core.package_identification:_identify(src/practice) by extensions ['ignore', 'ignore_ament_install']
[0.557s] Level 1:colcon.colcon_core.package_identification:_identify(src/practice) by extension 'ignore'
[0.557s] Level 1:colcon.colcon_core.package_identification:_identify(src/practice) by extension 'ignore_ament_install'
[0.558s] Level 1:colcon.colcon_core.package_identification:_identify(src/practice) by extensions ['colcon_pkg']
[0.558s] Level 1:colcon.colcon_core.package_identification:_identify(src/practice) by extension 'colcon_pkg'
[0.558s] Level 1:colcon.colcon_core.package_identification:_identify(src/practice) by extensions ['colcon_meta']
[0.558s] Level 1:colcon.colcon_core.package_identification:_identify(src/practice) by extension 'colcon_meta'
[0.558s] Level 1:colcon.colcon_core.package_identification:_identify(src/practice) by extensions ['ros']
[0.558s] Level 1:colcon.colcon_core.package_identification:_identify(src/practice) by extension 'ros'
[0.558s] DEBUG:colcon.colcon_core.package_identification:Package 'src/practice' with type 'ros.ament_python' and name 'practice'
[0.558s] Level 1:colcon.colcon_core.package_identification:_identify(src/tform) by extensions ['ignore', 'ignore_ament_install']
[0.558s] Level 1:colcon.colcon_core.package_identification:_identify(src/tform) by extension 'ignore'
[0.559s] Level 1:colcon.colcon_core.package_identification:_identify(src/tform) by extension 'ignore_ament_install'
[0.559s] Level 1:colcon.colcon_core.package_identification:_identify(src/tform) by extensions ['colcon_pkg']
[0.559s] Level 1:colcon.colcon_core.package_identification:_identify(src/tform) by extension 'colcon_pkg'
[0.559s] Level 1:colcon.colcon_core.package_identification:_identify(src/tform) by extensions ['colcon_meta']
[0.559s] Level 1:colcon.colcon_core.package_identification:_identify(src/tform) by extension 'colcon_meta'
[0.559s] Level 1:colcon.colcon_core.package_identification:_identify(src/tform) by extensions ['ros']
[0.559s] Level 1:colcon.colcon_core.package_identification:_identify(src/tform) by extension 'ros'
[0.559s] DEBUG:colcon.colcon_core.package_identification:Package 'src/tform' with type 'ros.ament_python' and name 'tform'
[0.559s] Level 1:colcon.colcon_core.package_discovery:discover_packages(recursive) using defaults
[0.559s] Level 1:colcon.colcon_core.package_discovery:discover_packages(ignore) discover
[0.559s] Level 1:colcon.colcon_core.package_discovery:discover_packages(ignore) using defaults
[0.559s] Level 1:colcon.colcon_core.package_discovery:discover_packages(path) discover
[0.559s] Level 1:colcon.colcon_core.package_discovery:discover_packages(path) using defaults
[0.585s] Level 1:colcon.colcon_core.package_discovery:discover_packages(prefix_path) check parameters
[0.585s] Level 1:colcon.colcon_core.package_discovery:discover_packages(prefix_path) discover
[0.592s] DEBUG:colcon.colcon_installed_package_information.package_discovery:Found 6 installed packages in /home/shriram/Desktop/ros2_practice/install
[0.595s] DEBUG:colcon.colcon_installed_package_information.package_discovery:Found 410 installed packages in /opt/ros/humble
[0.597s] Level 1:colcon.colcon_core.package_discovery:discover_packages(prefix_path) using defaults
[0.690s] Level 5:colcon.colcon_core.verb:set package 'cv_basics' build argument 'cmake_args' from command line to 'None'
[0.690s] Level 5:colcon.colcon_core.verb:set package 'cv_basics' build argument 'cmake_target' from command line to 'None'
[0.690s] Level 5:colcon.colcon_core.verb:set package 'cv_basics' build argument 'cmake_target_skip_unavailable' from command line to 'False'
[0.690s] Level 5:colcon.colcon_core.verb:set package 'cv_basics' build argument 'cmake_clean_cache' from command line to 'False'
[0.690s] Level 5:colcon.colcon_core.verb:set package 'cv_basics' build argument 'cmake_clean_first' from command line to 'False'
[0.690s] Level 5:colcon.colcon_core.verb:set package 'cv_basics' build argument 'cmake_force_configure' from command line to 'False'
[0.690s] Level 5:colcon.colcon_core.verb:set package 'cv_basics' build argument 'ament_cmake_args' from command line to 'None'
[0.690s] Level 5:colcon.colcon_core.verb:set package 'cv_basics' build argument 'catkin_cmake_args' from command line to 'None'
[0.690s] Level 5:colcon.colcon_core.verb:set package 'cv_basics' build argument 'catkin_skip_building_tests' from command line to 'False'
[0.690s] DEBUG:colcon.colcon_core.verb:Building package 'cv_basics' with the following arguments: {'ament_cmake_args': None, 'build_base': '/home/shriram/Desktop/ros2_practice/build/cv_basics', 'catkin_cmake_args': None, 'catkin_skip_building_tests': False, 'cmake_args': None, 'cmake_clean_cache': False, 'cmake_clean_first': False, 'cmake_force_configure': False, 'cmake_target': None, 'cmake_target_skip_unavailable': False, 'install_base': '/home/shriram/Desktop/ros2_practice/install/cv_basics', 'merge_install': False, 'path': '/home/shriram/Desktop/ros2_practice/src/cv_basics', 'symlink_install': False, 'test_result_base': None}
[0.691s] Level 5:colcon.colcon_core.verb:set package 'desc' build argument 'cmake_args' from command line to 'None'
[0.691s] Level 5:colcon.colcon_core.verb:set package 'desc' build argument 'cmake_target' from command line to 'None'
[0.691s] Level 5:colcon.colcon_core.verb:set package 'desc' build argument 'cmake_target_skip_unavailable' from command line to 'False'
[0.691s] Level 5:colcon.colcon_core.verb:set package 'desc' build argument 'cmake_clean_cache' from command line to 'False'
[0.691s] Level 5:colcon.colcon_core.verb:set package 'desc' build argument 'cmake_clean_first' from command line to 'False'
[0.691s] Level 5:colcon.colcon_core.verb:set package 'desc' build argument 'cmake_force_configure' from command line to 'False'
[0.691s] Level 5:colcon.colcon_core.verb:set package 'desc' build argument 'ament_cmake_args' from command line to 'None'
[0.691s] Level 5:colcon.colcon_core.verb:set package 'desc' build argument 'catkin_cmake_args' from command line to 'None'
[0.691s] Level 5:colcon.colcon_core.verb:set package 'desc' build argument 'catkin_skip_building_tests' from command line to 'False'
[0.691s] DEBUG:colcon.colcon_core.verb:Building package 'desc' with the following arguments: {'ament_cmake_args': None, 'build_base': '/home/shriram/Desktop/ros2_practice/build/desc', 'catkin_cmake_args': None, 'catkin_skip_building_tests': False, 'cmake_args': None, 'cmake_clean_cache': False, 'cmake_clean_first': False, 'cmake_force_configure': False, 'cmake_target': None, 'cmake_target_skip_unavailable': False, 'install_base': '/home/shriram/Desktop/ros2_practice/install/desc', 'merge_install': False, 'path': '/home/shriram/Desktop/ros2_practice/src/desc', 'symlink_install': False, 'test_result_base': None}
[0.692s] Level 5:colcon.colcon_core.verb:set package 'mobile' build argument 'cmake_args' from command line to 'None'
[0.692s] Level 5:colcon.colcon_core.verb:set package 'mobile' build argument 'cmake_target' from command line to 'None'
[0.692s] Level 5:colcon.colcon_core.verb:set package 'mobile' build argument 'cmake_target_skip_unavailable' from command line to 'False'
[0.692s] Level 5:colcon.colcon_core.verb:set package 'mobile' build argument 'cmake_clean_cache' from command line to 'False'
[0.692s] Level 5:colcon.colcon_core.verb:set package 'mobile' build argument 'cmake_clean_first' from command line to 'False'
[0.692s] Level 5:colcon.colcon_core.verb:set package 'mobile' build argument 'cmake_force_configure' from command line to 'False'
[0.692s] Level 5:colcon.colcon_core.verb:set package 'mobile' build argument 'ament_cmake_args' from command line to 'None'
[0.692s] Level 5:colcon.colcon_core.verb:set package 'mobile' build argument 'catkin_cmake_args' from command line to 'None'
[0.692s] Level 5:colcon.colcon_core.verb:set package 'mobile' build argument 'catkin_skip_building_tests' from command line to 'False'
[0.692s] DEBUG:colcon.colcon_core.verb:Building package 'mobile' with the following arguments: {'ament_cmake_args': None, 'build_base': '/home/shriram/Desktop/ros2_practice/build/mobile', 'catkin_cmake_args': None, 'catkin_skip_building_tests': False, 'cmake_args': None, 'cmake_clean_cache': False, 'cmake_clean_first': False, 'cmake_force_configure': False, 'cmake_target': None, 'cmake_target_skip_unavailable': False, 'install_base': '/home/shriram/Desktop/ros2_practice/install/mobile', 'merge_install': False, 'path': '/home/shriram/Desktop/ros2_practice/src/mobile', 'symlink_install': False, 'test_result_base': None}
[0.693s] Level 5:colcon.colcon_core.verb:set package 'practice' build argument 'cmake_args' from command line to 'None'
[0.693s] Level 5:colcon.colcon_core.verb:set package 'practice' build argument 'cmake_target' from command line to 'None'
[0.693s] Level 5:colcon.colcon_core.verb:set package 'practice' build argument 'cmake_target_skip_unavailable' from command line to 'False'
[0.693s] Level 5:colcon.colcon_core.verb:set package 'practice' build argument 'cmake_clean_cache' from command line to 'False'
[0.693s] Level 5:colcon.colcon_core.verb:set package 'practice' build argument 'cmake_clean_first' from command line to 'False'
[0.693s] Level 5:colcon.colcon_core.verb:set package 'practice' build argument 'cmake_force_configure' from command line to 'False'
[0.693s] Level 5:colcon.colcon_core.verb:set package 'practice' build argument 'ament_cmake_args' from command line to 'None'
[0.693s] Level 5:colcon.colcon_core.verb:set package 'practice' build argument 'catkin_cmake_args' from command line to 'None'
[0.693s] Level 5:colcon.colcon_core.verb:set package 'practice' build argument 'catkin_skip_building_tests' from command line to 'False'
[0.693s] DEBUG:colcon.colcon_core.verb:Building package 'practice' with the following arguments: {'ament_cmake_args': None, 'build_base': '/home/shriram/Desktop/ros2_practice/build/practice', 'catkin_cmake_args': None, 'catkin_skip_building_tests': False, 'cmake_args': None, 'cmake_clean_cache': False, 'cmake_clean_first': False, 'cmake_force_configure': False, 'cmake_target': None, 'cmake_target_skip_unavailable': False, 'install_base': '/home/shriram/Desktop/ros2_practice/install/practice', 'merge_install': False, 'path': '/home/shriram/Desktop/ros2_practice/src/practice', 'symlink_install': False, 'test_result_base': None}
[0.694s] Level 5:colcon.colcon_core.verb:set package 'tform' build argument 'cmake_args' from command line to 'None'
[0.694s] Level 5:colcon.colcon_core.verb:set package 'tform' build argument 'cmake_target' from command line to 'None'
[0.694s] Level 5:colcon.colcon_core.verb:set package 'tform' build argument 'cmake_target_skip_unavailable' from command line to 'False'
[0.694s] Level 5:colcon.colcon_core.verb:set package 'tform' build argument 'cmake_clean_cache' from command line to 'False'
[0.694s] Level 5:colcon.colcon_core.verb:set package 'tform' build argument 'cmake_clean_first' from command line to 'False'
[0.694s] Level 5:colcon.colcon_core.verb:set package 'tform' build argument 'cmake_force_configure' from command line to 'False'
[0.694s] Level 5:colcon.colcon_core.verb:set package 'tform' build argument 'ament_cmake_args' from command line to 'None'
[0.694s] Level 5:colcon.colcon_core.verb:set package 'tform' build argument 'catkin_cmake_args' from command line to 'None'
[0.694s] Level 5:colcon.colcon_core.verb:set package 'tform' build argument 'catkin_skip_building_tests' from command line to 'False'
[0.694s] DEBUG:colcon.colcon_core.verb:Building package 'tform' with the following arguments: {'ament_cmake_args': None, 'build_base': '/home/shriram/Desktop/ros2_practice/build/tform', 'catkin_cmake_args': None, 'catkin_skip_building_tests': False, 'cmake_args': None, 'cmake_clean_cache': False, 'cmake_clean_first': False, 'cmake_force_configure': False, 'cmake_target': None, 'cmake_target_skip_unavailable': False, 'install_base': '/home/shriram/Desktop/ros2_practice/install/tform', 'merge_install': False, 'path': '/home/shriram/Desktop/ros2_practice/src/tform', 'symlink_install': False, 'test_result_base': None}
[0.695s] INFO:colcon.colcon_core.executor:Executing jobs using 'parallel' executor
[0.697s] DEBUG:colcon.colcon_parallel_executor.executor.parallel:run_until_complete
[0.697s] INFO:colcon.colcon_ros.task.ament_python.build:Building ROS package in '/home/shriram/Desktop/ros2_practice/src/cv_basics' with build type 'ament_python'
[0.698s] Level 1:colcon.colcon_core.shell:create_environment_hook('cv_basics', 'ament_prefix_path')
[0.702s] INFO:colcon.colcon_core.plugin_system:Skipping extension 'colcon_core.shell.bat': Not used on non-Windows systems
[0.703s] INFO:colcon.colcon_core.shell:Creating environment hook '/home/shriram/Desktop/ros2_practice/install/cv_basics/share/cv_basics/hook/ament_prefix_path.ps1'
[0.704s] INFO:colcon.colcon_core.shell:Creating environment descriptor '/home/shriram/Desktop/ros2_practice/install/cv_basics/share/cv_basics/hook/ament_prefix_path.dsv'
[0.704s] INFO:colcon.colcon_core.shell:Creating environment hook '/home/shriram/Desktop/ros2_practice/install/cv_basics/share/cv_basics/hook/ament_prefix_path.sh'
[0.706s] INFO:colcon.colcon_core.shell:Skip shell extension 'powershell' for command environment: Not usable outside of PowerShell
[0.706s] DEBUG:colcon.colcon_core.shell:Skip shell extension 'dsv' for command environment
[0.710s] INFO:colcon.colcon_ros.task.ament_cmake.build:Building ROS package in '/home/shriram/Desktop/ros2_practice/src/desc' with build type 'ament_cmake'
[0.710s] INFO:colcon.colcon_cmake.task.cmake.build:Building CMake package in '/home/shriram/Desktop/ros2_practice/src/desc'
[0.711s] INFO:colcon.colcon_core.shell:Skip shell extension 'powershell' for command environment: Not usable outside of PowerShell
[0.711s] DEBUG:colcon.colcon_core.shell:Skip shell extension 'dsv' for command environment
[0.715s] INFO:colcon.colcon_ros.task.ament_python.build:Building ROS package in '/home/shriram/Desktop/ros2_practice/src/mobile' with build type 'ament_python'
[0.715s] Level 1:colcon.colcon_core.shell:create_environment_hook('mobile', 'ament_prefix_path')
[0.716s] INFO:colcon.colcon_core.shell:Creating environment hook '/home/shriram/Desktop/ros2_practice/install/mobile/share/mobile/hook/ament_prefix_path.ps1'
[0.717s] INFO:colcon.colcon_core.shell:Creating environment descriptor '/home/shriram/Desktop/ros2_practice/install/mobile/share/mobile/hook/ament_prefix_path.dsv'
[0.717s] INFO:colcon.colcon_core.shell:Creating environment hook '/home/shriram/Desktop/ros2_practice/install/mobile/share/mobile/hook/ament_prefix_path.sh'
[0.718s] INFO:colcon.colcon_core.shell:Skip shell extension 'powershell' for command environment: Not usable outside of PowerShell
[0.718s] DEBUG:colcon.colcon_core.shell:Skip shell extension 'dsv' for command environment
[0.721s] INFO:colcon.colcon_ros.task.ament_python.build:Building ROS package in '/home/shriram/Desktop/ros2_practice/src/practice' with build type 'ament_python'
[0.721s] Level 1:colcon.colcon_core.shell:create_environment_hook('practice', 'ament_prefix_path')
[0.722s] INFO:colcon.colcon_core.shell:Creating environment hook '/home/shriram/Desktop/ros2_practice/install/practice/share/practice/hook/ament_prefix_path.ps1'
[0.723s] INFO:colcon.colcon_core.shell:Creating environment descriptor '/home/shriram/Desktop/ros2_practice/install/practice/share/practice/hook/ament_prefix_path.dsv'
[0.723s] INFO:colcon.colcon_core.shell:Creating environment hook '/home/shriram/Desktop/ros2_practice/install/practice/share/practice/hook/ament_prefix_path.sh'
[0.724s] INFO:colcon.colcon_core.shell:Skip shell extension 'powershell' for command environment: Not usable outside of PowerShell
[0.724s] DEBUG:colcon.colcon_core.shell:Skip shell extension 'dsv' for command environment
[0.729s] INFO:colcon.colcon_ros.task.ament_python.build:Building ROS package in '/home/shriram/Desktop/ros2_practice/src/tform' with build type 'ament_python'
[0.729s] Level 1:colcon.colcon_core.shell:create_environment_hook('tform', 'ament_prefix_path')
[0.730s] INFO:colcon.colcon_core.shell:Creating environment hook '/home/shriram/Desktop/ros2_practice/install/tform/share/tform/hook/ament_prefix_path.ps1'
[0.731s] INFO:colcon.colcon_core.shell:Creating environment descriptor '/home/shriram/Desktop/ros2_practice/install/tform/share/tform/hook/ament_prefix_path.dsv'
[0.731s] INFO:colcon.colcon_core.shell:Creating environment hook '/home/shriram/Desktop/ros2_practice/install/tform/share/tform/hook/ament_prefix_path.sh'
[0.732s] INFO:colcon.colcon_core.shell:Skip shell extension 'powershell' for command environment: Not usable outside of PowerShell
[0.732s] DEBUG:colcon.colcon_core.shell:Skip shell extension 'dsv' for command environment
[0.986s] INFO:colcon.colcon_core.task.python.build:Building Python package in '/home/shriram/Desktop/ros2_practice/src/cv_basics'
[0.987s] INFO:colcon.colcon_core.shell:Skip shell extension 'powershell' for command environment: Not usable outside of PowerShell
[0.987s] DEBUG:colcon.colcon_core.shell:Skip shell extension 'dsv' for command environment
[0.993s] DEBUG:colcon.colcon_core.event_handler.log_command:Invoking command in '/home/shriram/Desktop/ros2_practice/build/desc': CMAKE_PREFIX_PATH=${CMAKE_PREFIX_PATH}:/home/shriram/Desktop/ros2_practice/install/tform:/home/shriram/Desktop/ros2_practice/install/practice:/home/shriram/Desktop/ros2_practice/install/mobile:/home/shriram/Desktop/ros2_practice/install/description:/home/shriram/Desktop/ros2_practice/install/cv_basics:/opt/ros/humble /usr/bin/cmake --build /home/shriram/Desktop/ros2_practice/build/desc -- -j12 -l12
[1.247s] INFO:colcon.colcon_core.task.python.build:Building Python package in '/home/shriram/Desktop/ros2_practice/src/mobile'
[1.248s] INFO:colcon.colcon_core.shell:Skip shell extension 'powershell' for command environment: Not usable outside of PowerShell
[1.248s] DEBUG:colcon.colcon_core.shell:Skip shell extension 'dsv' for command environment
[1.496s] INFO:colcon.colcon_core.task.python.build:Building Python package in '/home/shriram/Desktop/ros2_practice/src/practice'
[1.499s] INFO:colcon.colcon_core.shell:Skip shell extension 'powershell' for command environment: Not usable outside of PowerShell
[1.499s] DEBUG:colcon.colcon_core.shell:Skip shell extension 'dsv' for command environment
[1.757s] INFO:colcon.colcon_core.task.python.build:Building Python package in '/home/shriram/Desktop/ros2_practice/src/tform'
[1.760s] INFO:colcon.colcon_core.shell:Skip shell extension 'powershell' for command environment: Not usable outside of PowerShell
[1.760s] DEBUG:colcon.colcon_core.shell:Skip shell extension 'dsv' for command environment
[1.769s] DEBUG:colcon.colcon_core.event_handler.log_command:Invoked command in '/home/shriram/Desktop/ros2_practice/build/desc' returned '0': CMAKE_PREFIX_PATH=${CMAKE_PREFIX_PATH}:/home/shriram/Desktop/ros2_practice/install/tform:/home/shriram/Desktop/ros2_practice/install/practice:/home/shriram/Desktop/ros2_practice/install/mobile:/home/shriram/Desktop/ros2_practice/install/description:/home/shriram/Desktop/ros2_practice/install/cv_basics:/opt/ros/humble /usr/bin/cmake --build /home/shriram/Desktop/ros2_practice/build/desc -- -j12 -l12
[1.789s] DEBUG:colcon.colcon_core.event_handler.log_command:Invoking command in '/home/shriram/Desktop/ros2_practice/build/desc': CMAKE_PREFIX_PATH=${CMAKE_PREFIX_PATH}:/home/shriram/Desktop/ros2_practice/install/tform:/home/shriram/Desktop/ros2_practice/install/practice:/home/shriram/Desktop/ros2_practice/install/mobile:/home/shriram/Desktop/ros2_practice/install/description:/home/shriram/Desktop/ros2_practice/install/cv_basics:/opt/ros/humble /usr/bin/cmake --install /home/shriram/Desktop/ros2_practice/build/desc
[1.810s] Level 1:colcon.colcon_core.environment:create_environment_scripts_only(desc)
[1.811s] DEBUG:colcon.colcon_core.event_handler.log_command:Invoked command in '/home/shriram/Desktop/ros2_practice/build/desc' returned '0': CMAKE_PREFIX_PATH=${CMAKE_PREFIX_PATH}:/home/shriram/Desktop/ros2_practice/install/tform:/home/shriram/Desktop/ros2_practice/install/practice:/home/shriram/Desktop/ros2_practice/install/mobile:/home/shriram/Desktop/ros2_practice/install/description:/home/shriram/Desktop/ros2_practice/install/cv_basics:/opt/ros/humble /usr/bin/cmake --install /home/shriram/Desktop/ros2_practice/build/desc
[1.818s] Level 1:colcon.colcon_core.environment:checking '/home/shriram/Desktop/ros2_practice/install/desc' for CMake module files
[1.818s] Level 1:colcon.colcon_core.environment:checking '/home/shriram/Desktop/ros2_practice/install/desc' for CMake config files
[1.818s] Level 1:colcon.colcon_core.shell:create_environment_hook('desc', 'cmake_prefix_path')
[1.820s] INFO:colcon.colcon_core.shell:Creating environment hook '/home/shriram/Desktop/ros2_practice/install/desc/share/desc/hook/cmake_prefix_path.ps1'
[1.820s] INFO:colcon.colcon_core.shell:Creating environment descriptor '/home/shriram/Desktop/ros2_practice/install/desc/share/desc/hook/cmake_prefix_path.dsv'
[1.821s] INFO:colcon.colcon_core.shell:Creating environment hook '/home/shriram/Desktop/ros2_practice/install/desc/share/desc/hook/cmake_prefix_path.sh'
[1.821s] Level 1:colcon.colcon_core.environment:checking '/home/shriram/Desktop/ros2_practice/install/desc/bin'
[1.821s] Level 1:colcon.colcon_core.environment:checking '/home/shriram/Desktop/ros2_practice/install/desc/lib/pkgconfig/desc.pc'
[1.821s] Level 1:colcon.colcon_core.environment:checking '/home/shriram/Desktop/ros2_practice/install/desc/lib/python3.10/site-packages'
[1.822s] Level 1:colcon.colcon_core.environment:checking '/home/shriram/Desktop/ros2_practice/install/desc/bin'
[1.823s] INFO:colcon.colcon_core.shell:Creating package script '/home/shriram/Desktop/ros2_practice/install/desc/share/desc/package.ps1'
[1.824s] INFO:colcon.colcon_core.shell:Creating package descriptor '/home/shriram/Desktop/ros2_practice/install/desc/share/desc/package.dsv'
[1.825s] INFO:colcon.colcon_core.shell:Creating package script '/home/shriram/Desktop/ros2_practice/install/desc/share/desc/package.sh'
[1.825s] INFO:colcon.colcon_core.shell:Creating package script '/home/shriram/Desktop/ros2_practice/install/desc/share/desc/package.bash'
[1.826s] INFO:colcon.colcon_core.shell:Creating package script '/home/shriram/Desktop/ros2_practice/install/desc/share/desc/package.zsh'
[1.827s] Level 1:colcon.colcon_core.environment:create_file_with_runtime_dependencies(/home/shriram/Desktop/ros2_practice/install/desc/share/colcon-core/packages/desc)
[1.846s] Level 1:colcon.colcon_core.environment:create_environment_scripts_only(desc)
[1.848s] Level 1:colcon.colcon_core.environment:checking '/home/shriram/Desktop/ros2_practice/install/desc' for CMake module files
[1.849s] Level 1:colcon.colcon_core.environment:checking '/home/shriram/Desktop/ros2_practice/install/desc' for CMake config files
[1.849s] Level 1:colcon.colcon_core.shell:create_environment_hook('desc', 'cmake_prefix_path')
[1.850s] INFO:colcon.colcon_core.shell:Creating environment hook '/home/shriram/Desktop/ros2_practice/install/desc/share/desc/hook/cmake_prefix_path.ps1'
[1.850s] INFO:colcon.colcon_core.shell:Creating environment descriptor '/home/shriram/Desktop/ros2_practice/install/desc/share/desc/hook/cmake_prefix_path.dsv'
[1.851s] INFO:colcon.colcon_core.shell:Creating environment hook '/home/shriram/Desktop/ros2_practice/install/desc/share/desc/hook/cmake_prefix_path.sh'
[1.851s] Level 1:colcon.colcon_core.environment:checking '/home/shriram/Desktop/ros2_practice/install/desc/bin'
[1.851s] Level 1:colcon.colcon_core.environment:checking '/home/shriram/Desktop/ros2_practice/install/desc/lib/pkgconfig/desc.pc'
[1.851s] Level 1:colcon.colcon_core.environment:checking '/home/shriram/Desktop/ros2_practice/install/desc/lib/python3.10/site-packages'
[1.851s] Level 1:colcon.colcon_core.environment:checking '/home/shriram/Desktop/ros2_practice/install/desc/bin'
[1.853s] INFO:colcon.colcon_core.shell:Creating package script '/home/shriram/Desktop/ros2_practice/install/desc/share/desc/package.ps1'
[1.853s] INFO:colcon.colcon_core.shell:Creating package descriptor '/home/shriram/Desktop/ros2_practice/install/desc/share/desc/package.dsv'
[1.853s] INFO:colcon.colcon_core.shell:Creating package script '/home/shriram/Desktop/ros2_practice/install/desc/share/desc/package.sh'
[1.854s] INFO:colcon.colcon_core.shell:Creating package script '/home/shriram/Desktop/ros2_practice/install/desc/share/desc/package.bash'
[1.854s] INFO:colcon.colcon_core.shell:Creating package script '/home/shriram/Desktop/ros2_practice/install/desc/share/desc/package.zsh'
[1.854s] Level 1:colcon.colcon_core.environment:create_file_with_runtime_dependencies(/home/shriram/Desktop/ros2_practice/install/desc/share/colcon-core/packages/desc)
[2.305s] DEBUG:colcon.colcon_core.event_handler.log_command:Invoking command in '/home/shriram/Desktop/ros2_practice/build/tform': PYTHONPATH=/home/shriram/Desktop/ros2_practice/build/tform/prefix_override:/home/shriram/Desktop/ros2_practice/install/tform/lib/python3.10/site-packages:${PYTHONPATH} /usr/bin/python3 setup.py develop --uninstall --editable --build-directory /home/shriram/Desktop/ros2_practice/build/tform/build
[2.306s] DEBUG:colcon.colcon_core.event_handler.log_command:Invoking command in '/home/shriram/Desktop/ros2_practice/build/cv_basics': PYTHONPATH=/home/shriram/Desktop/ros2_practice/build/cv_basics/prefix_override:/home/shriram/Desktop/ros2_practice/install/cv_basics/lib/python3.10/site-packages:${PYTHONPATH} /usr/bin/python3 setup.py develop --uninstall --editable --build-directory /home/shriram/Desktop/ros2_practice/build/cv_basics/build
[2.306s] DEBUG:colcon.colcon_core.event_handler.log_command:Invoking command in '/home/shriram/Desktop/ros2_practice/build/practice': PYTHONPATH=/home/shriram/Desktop/ros2_practice/build/practice/prefix_override:/home/shriram/Desktop/ros2_practice/install/practice/lib/python3.10/site-packages:${PYTHONPATH} /usr/bin/python3 setup.py develop --uninstall --editable --build-directory /home/shriram/Desktop/ros2_practice/build/practice/build
[2.316s] DEBUG:colcon.colcon_core.event_handler.log_command:Invoking command in '/home/shriram/Desktop/ros2_practice/build/mobile': PYTHONPATH=/home/shriram/Desktop/ros2_practice/build/mobile/prefix_override:/home/shriram/Desktop/ros2_practice/install/mobile/lib/python3.10/site-packages:${PYTHONPATH} /usr/bin/python3 setup.py develop --uninstall --editable --build-directory /home/shriram/Desktop/ros2_practice/build/mobile/build
[2.821s] DEBUG:colcon.colcon_core.event_handler.log_command:Invoked command in '/home/shriram/Desktop/ros2_practice/build/cv_basics' returned '0': PYTHONPATH=/home/shriram/Desktop/ros2_practice/build/cv_basics/prefix_override:/home/shriram/Desktop/ros2_practice/install/cv_basics/lib/python3.10/site-packages:${PYTHONPATH} /usr/bin/python3 setup.py develop --uninstall --editable --build-directory /home/shriram/Desktop/ros2_practice/build/cv_basics/build
[2.823s] DEBUG:colcon.colcon_core.event_handler.log_command:Invoking command in '/home/shriram/Desktop/ros2_practice/src/cv_basics': PYTHONPATH=/home/shriram/Desktop/ros2_practice/build/cv_basics/prefix_override:/home/shriram/Desktop/ros2_practice/install/cv_basics/lib/python3.10/site-packages:${PYTHONPATH} /usr/bin/python3 setup.py egg_info --egg-base ../../build/cv_basics build --build-base /home/shriram/Desktop/ros2_practice/build/cv_basics/build install --record /home/shriram/Desktop/ros2_practice/build/cv_basics/install.log --single-version-externally-managed
[2.825s] DEBUG:colcon.colcon_core.event_handler.log_command:Invoked command in '/home/shriram/Desktop/ros2_practice/build/tform' returned '0': PYTHONPATH=/home/shriram/Desktop/ros2_practice/build/tform/prefix_override:/home/shriram/Desktop/ros2_practice/install/tform/lib/python3.10/site-packages:${PYTHONPATH} /usr/bin/python3 setup.py develop --uninstall --editable --build-directory /home/shriram/Desktop/ros2_practice/build/tform/build
[2.826s] DEBUG:colcon.colcon_core.event_handler.log_command:Invoking command in '/home/shriram/Desktop/ros2_practice/src/tform': PYTHONPATH=/home/shriram/Desktop/ros2_practice/build/tform/prefix_override:/home/shriram/Desktop/ros2_practice/install/tform/lib/python3.10/site-packages:${PYTHONPATH} /usr/bin/python3 setup.py egg_info --egg-base ../../build/tform build --build-base /home/shriram/Desktop/ros2_practice/build/tform/build install --record /home/shriram/Desktop/ros2_practice/build/tform/install.log --single-version-externally-managed
[2.833s] DEBUG:colcon.colcon_core.event_handler.log_command:Invoked command in '/home/shriram/Desktop/ros2_practice/build/practice' returned '0': PYTHONPATH=/home/shriram/Desktop/ros2_practice/build/practice/prefix_override:/home/shriram/Desktop/ros2_practice/install/practice/lib/python3.10/site-packages:${PYTHONPATH} /usr/bin/python3 setup.py develop --uninstall --editable --build-directory /home/shriram/Desktop/ros2_practice/build/practice/build
[2.835s] DEBUG:colcon.colcon_core.event_handler.log_command:Invoking command in '/home/shriram/Desktop/ros2_practice/src/practice': PYTHONPATH=/home/shriram/Desktop/ros2_practice/build/practice/prefix_override:/home/shriram/Desktop/ros2_practice/install/practice/lib/python3.10/site-packages:${PYTHONPATH} /usr/bin/python3 setup.py egg_info --egg-base ../../build/practice build --build-base /home/shriram/Desktop/ros2_practice/build/practice/build install --record /home/shriram/Desktop/ros2_practice/build/practice/install.log --single-version-externally-managed
[2.837s] DEBUG:colcon.colcon_core.event_handler.log_command:Invoked command in '/home/shriram/Desktop/ros2_practice/build/mobile' returned '0': PYTHONPATH=/home/shriram/Desktop/ros2_practice/build/mobile/prefix_override:/home/shriram/Desktop/ros2_practice/install/mobile/lib/python3.10/site-packages:${PYTHONPATH} /usr/bin/python3 setup.py develop --uninstall --editable --build-directory /home/shriram/Desktop/ros2_practice/build/mobile/build
[2.838s] DEBUG:colcon.colcon_core.event_handler.log_command:Invoking command in '/home/shriram/Desktop/ros2_practice/src/mobile': PYTHONPATH=/home/shriram/Desktop/ros2_practice/build/mobile/prefix_override:/home/shriram/Desktop/ros2_practice/install/mobile/lib/python3.10/site-packages:${PYTHONPATH} /usr/bin/python3 setup.py egg_info --egg-base ../../build/mobile build --build-base /home/shriram/Desktop/ros2_practice/build/mobile/build install --record /home/shriram/Desktop/ros2_practice/build/mobile/install.log --single-version-externally-managed
[3.175s] Level 1:colcon.colcon_core.environment:checking '/home/shriram/Desktop/ros2_practice/install/cv_basics' for CMake module files
[3.176s] DEBUG:colcon.colcon_core.event_handler.log_command:Invoked command in '/home/shriram/Desktop/ros2_practice/src/cv_basics' returned '0': PYTHONPATH=/home/shriram/Desktop/ros2_practice/build/cv_basics/prefix_override:/home/shriram/Desktop/ros2_practice/install/cv_basics/lib/python3.10/site-packages:${PYTHONPATH} /usr/bin/python3 setup.py egg_info --egg-base ../../build/cv_basics build --build-base /home/shriram/Desktop/ros2_practice/build/cv_basics/build install --record /home/shriram/Desktop/ros2_practice/build/cv_basics/install.log --single-version-externally-managed
[3.176s] Level 1:colcon.colcon_core.environment:checking '/home/shriram/Desktop/ros2_practice/install/cv_basics' for CMake config files
[3.176s] Level 1:colcon.colcon_core.environment:checking '/home/shriram/Desktop/ros2_practice/install/cv_basics/lib'
[3.177s] Level 1:colcon.colcon_core.environment:checking '/home/shriram/Desktop/ros2_practice/install/cv_basics/bin'
[3.177s] Level 1:colcon.colcon_core.environment:checking '/home/shriram/Desktop/ros2_practice/install/cv_basics/lib/pkgconfig/cv_basics.pc'
[3.177s] Level 1:colcon.colcon_core.environment:checking '/home/shriram/Desktop/ros2_practice/install/cv_basics/lib/python3.10/site-packages'
[3.177s] Level 1:colcon.colcon_core.shell:create_environment_hook('cv_basics', 'pythonpath')
[3.178s] INFO:colcon.colcon_core.shell:Creating environment hook '/home/shriram/Desktop/ros2_practice/install/cv_basics/share/cv_basics/hook/pythonpath.ps1'
[3.179s] INFO:colcon.colcon_core.shell:Creating environment descriptor '/home/shriram/Desktop/ros2_practice/install/cv_basics/share/cv_basics/hook/pythonpath.dsv'
[3.179s] INFO:colcon.colcon_core.shell:Creating environment hook '/home/shriram/Desktop/ros2_practice/install/cv_basics/share/cv_basics/hook/pythonpath.sh'
[3.179s] Level 1:colcon.colcon_core.environment:checking '/home/shriram/Desktop/ros2_practice/install/cv_basics/bin'
[3.179s] Level 1:colcon.colcon_core.environment:create_environment_scripts_only(cv_basics)
[3.180s] INFO:colcon.colcon_core.shell:Creating package script '/home/shriram/Desktop/ros2_practice/install/cv_basics/share/cv_basics/package.ps1'
[3.181s] INFO:colcon.colcon_core.shell:Creating package descriptor '/home/shriram/Desktop/ros2_practice/install/cv_basics/share/cv_basics/package.dsv'
[3.181s] INFO:colcon.colcon_core.shell:Creating package script '/home/shriram/Desktop/ros2_practice/install/cv_basics/share/cv_basics/package.sh'
[3.181s] INFO:colcon.colcon_core.shell:Creating package script '/home/shriram/Desktop/ros2_practice/install/cv_basics/share/cv_basics/package.bash'
[3.182s] INFO:colcon.colcon_core.shell:Creating package script '/home/shriram/Desktop/ros2_practice/install/cv_basics/share/cv_basics/package.zsh'
[3.182s] Level 1:colcon.colcon_core.environment:create_file_with_runtime_dependencies(/home/shriram/Desktop/ros2_practice/install/cv_basics/share/colcon-core/packages/cv_basics)
[3.185s] Level 1:colcon.colcon_core.environment:checking '/home/shriram/Desktop/ros2_practice/install/practice' for CMake module files
[3.185s] DEBUG:colcon.colcon_core.event_handler.log_command:Invoked command in '/home/shriram/Desktop/ros2_practice/src/practice' returned '0': PYTHONPATH=/home/shriram/Desktop/ros2_practice/build/practice/prefix_override:/home/shriram/Desktop/ros2_practice/install/practice/lib/python3.10/site-packages:${PYTHONPATH} /usr/bin/python3 setup.py egg_info --egg-base ../../build/practice build --build-base /home/shriram/Desktop/ros2_practice/build/practice/build install --record /home/shriram/Desktop/ros2_practice/build/practice/install.log --single-version-externally-managed
[3.186s] Level 1:colcon.colcon_core.environment:checking '/home/shriram/Desktop/ros2_practice/install/practice' for CMake config files
[3.186s] Level 1:colcon.colcon_core.environment:checking '/home/shriram/Desktop/ros2_practice/install/practice/lib'
[3.186s] Level 1:colcon.colcon_core.environment:checking '/home/shriram/Desktop/ros2_practice/install/practice/bin'
[3.186s] Level 1:colcon.colcon_core.environment:checking '/home/shriram/Desktop/ros2_practice/install/practice/lib/pkgconfig/practice.pc'
[3.186s] Level 1:colcon.colcon_core.environment:checking '/home/shriram/Desktop/ros2_practice/install/practice/lib/python3.10/site-packages'
[3.186s] Level 1:colcon.colcon_core.shell:create_environment_hook('practice', 'pythonpath')
[3.187s] INFO:colcon.colcon_core.shell:Creating environment hook '/home/shriram/Desktop/ros2_practice/install/practice/share/practice/hook/pythonpath.ps1'
[3.188s] INFO:colcon.colcon_core.shell:Creating environment descriptor '/home/shriram/Desktop/ros2_practice/install/practice/share/practice/hook/pythonpath.dsv'
[3.188s] INFO:colcon.colcon_core.shell:Creating environment hook '/home/shriram/Desktop/ros2_practice/install/practice/share/practice/hook/pythonpath.sh'
[3.188s] Level 1:colcon.colcon_core.environment:checking '/home/shriram/Desktop/ros2_practice/install/practice/bin'
[3.188s] Level 1:colcon.colcon_core.environment:create_environment_scripts_only(practice)
[3.189s] INFO:colcon.colcon_core.shell:Creating package script '/home/shriram/Desktop/ros2_practice/install/practice/share/practice/package.ps1'
[3.190s] INFO:colcon.colcon_core.shell:Creating package descriptor '/home/shriram/Desktop/ros2_practice/install/practice/share/practice/package.dsv'
[3.190s] INFO:colcon.colcon_core.shell:Creating package script '/home/shriram/Desktop/ros2_practice/install/practice/share/practice/package.sh'
[3.190s] INFO:colcon.colcon_core.shell:Creating package script '/home/shriram/Desktop/ros2_practice/install/practice/share/practice/package.bash'
[3.191s] INFO:colcon.colcon_core.shell:Creating package script '/home/shriram/Desktop/ros2_practice/install/practice/share/practice/package.zsh'
[3.191s] Level 1:colcon.colcon_core.environment:create_file_with_runtime_dependencies(/home/shriram/Desktop/ros2_practice/install/practice/share/colcon-core/packages/practice)
[3.192s] Level 1:colcon.colcon_core.environment:checking '/home/shriram/Desktop/ros2_practice/install/tform' for CMake module files
[3.193s] Level 1:colcon.colcon_core.environment:checking '/home/shriram/Desktop/ros2_practice/install/tform' for CMake config files
[3.193s] DEBUG:colcon.colcon_core.event_handler.log_command:Invoked command in '/home/shriram/Desktop/ros2_practice/src/tform' returned '0': PYTHONPATH=/home/shriram/Desktop/ros2_practice/build/tform/prefix_override:/home/shriram/Desktop/ros2_practice/install/tform/lib/python3.10/site-packages:${PYTHONPATH} /usr/bin/python3 setup.py egg_info --egg-base ../../build/tform build --build-base /home/shriram/Desktop/ros2_practice/build/tform/build install --record /home/shriram/Desktop/ros2_practice/build/tform/install.log --single-version-externally-managed
[3.194s] Level 1:colcon.colcon_core.environment:checking '/home/shriram/Desktop/ros2_practice/install/tform/lib'
[3.194s] Level 1:colcon.colcon_core.environment:checking '/home/shriram/Desktop/ros2_practice/install/tform/bin'
[3.194s] Level 1:colcon.colcon_core.environment:checking '/home/shriram/Desktop/ros2_practice/install/tform/lib/pkgconfig/tform.pc'
[3.194s] Level 1:colcon.colcon_core.environment:checking '/home/shriram/Desktop/ros2_practice/install/tform/lib/python3.10/site-packages'
[3.194s] Level 1:colcon.colcon_core.shell:create_environment_hook('tform', 'pythonpath')
[3.196s] INFO:colcon.colcon_core.shell:Creating environment hook '/home/shriram/Desktop/ros2_practice/install/tform/share/tform/hook/pythonpath.ps1'
[3.196s] INFO:colcon.colcon_core.shell:Creating environment descriptor '/home/shriram/Desktop/ros2_practice/install/tform/share/tform/hook/pythonpath.dsv'
[3.197s] INFO:colcon.colcon_core.shell:Creating environment hook '/home/shriram/Desktop/ros2_practice/install/tform/share/tform/hook/pythonpath.sh'
[3.197s] Level 1:colcon.colcon_core.environment:checking '/home/shriram/Desktop/ros2_practice/install/tform/bin'
[3.197s] Level 1:colcon.colcon_core.environment:create_environment_scripts_only(tform)
[3.199s] INFO:colcon.colcon_core.shell:Creating package script '/home/shriram/Desktop/ros2_practice/install/tform/share/tform/package.ps1'
[3.199s] INFO:colcon.colcon_core.shell:Creating package descriptor '/home/shriram/Desktop/ros2_practice/install/tform/share/tform/package.dsv'
[3.199s] INFO:colcon.colcon_core.shell:Creating package script '/home/shriram/Desktop/ros2_practice/install/tform/share/tform/package.sh'
[3.200s] INFO:colcon.colcon_core.shell:Creating package script '/home/shriram/Desktop/ros2_practice/install/tform/share/tform/package.bash'
[3.200s] INFO:colcon.colcon_core.shell:Creating package script '/home/shriram/Desktop/ros2_practice/install/tform/share/tform/package.zsh'
[3.200s] Level 1:colcon.colcon_core.environment:create_file_with_runtime_dependencies(/home/shriram/Desktop/ros2_practice/install/tform/share/colcon-core/packages/tform)
[3.202s] Level 1:colcon.colcon_core.environment:checking '/home/shriram/Desktop/ros2_practice/install/mobile' for CMake module files
[3.203s] Level 1:colcon.colcon_core.environment:checking '/home/shriram/Desktop/ros2_practice/install/mobile' for CMake config files
[3.203s] DEBUG:colcon.colcon_core.event_handler.log_command:Invoked command in '/home/shriram/Desktop/ros2_practice/src/mobile' returned '0': PYTHONPATH=/home/shriram/Desktop/ros2_practice/build/mobile/prefix_override:/home/shriram/Desktop/ros2_practice/install/mobile/lib/python3.10/site-packages:${PYTHONPATH} /usr/bin/python3 setup.py egg_info --egg-base ../../build/mobile build --build-base /home/shriram/Desktop/ros2_practice/build/mobile/build install --record /home/shriram/Desktop/ros2_practice/build/mobile/install.log --single-version-externally-managed
[3.204s] Level 1:colcon.colcon_core.environment:checking '/home/shriram/Desktop/ros2_practice/install/mobile/lib'
[3.204s] Level 1:colcon.colcon_core.environment:checking '/home/shriram/Desktop/ros2_practice/install/mobile/bin'
[3.204s] Level 1:colcon.colcon_core.environment:checking '/home/shriram/Desktop/ros2_practice/install/mobile/lib/pkgconfig/mobile.pc'
[3.204s] Level 1:colcon.colcon_core.environment:checking '/home/shriram/Desktop/ros2_practice/install/mobile/lib/python3.10/site-packages'
[3.204s] Level 1:colcon.colcon_core.shell:create_environment_hook('mobile', 'pythonpath')
[3.205s] INFO:colcon.colcon_core.shell:Creating environment hook '/home/shriram/Desktop/ros2_practice/install/mobile/share/mobile/hook/pythonpath.ps1'
[3.205s] INFO:colcon.colcon_core.shell:Creating environment descriptor '/home/shriram/Desktop/ros2_practice/install/mobile/share/mobile/hook/pythonpath.dsv'
[3.206s] INFO:colcon.colcon_core.shell:Creating environment hook '/home/shriram/Desktop/ros2_practice/install/mobile/share/mobile/hook/pythonpath.sh'
[3.206s] Level 1:colcon.colcon_core.environment:checking '/home/shriram/Desktop/ros2_practice/install/mobile/bin'
[3.206s] Level 1:colcon.colcon_core.environment:create_environment_scripts_only(mobile)
[3.207s] INFO:colcon.colcon_core.shell:Creating package script '/home/shriram/Desktop/ros2_practice/install/mobile/share/mobile/package.ps1'
[3.207s] INFO:colcon.colcon_core.shell:Creating package descriptor '/home/shriram/Desktop/ros2_practice/install/mobile/share/mobile/package.dsv'
[3.208s] INFO:colcon.colcon_core.shell:Creating package script '/home/shriram/Desktop/ros2_practice/install/mobile/share/mobile/package.sh'
[3.208s] INFO:colcon.colcon_core.shell:Creating package script '/home/shriram/Desktop/ros2_practice/install/mobile/share/mobile/package.bash'
[3.208s] INFO:colcon.colcon_core.shell:Creating package script '/home/shriram/Desktop/ros2_practice/install/mobile/share/mobile/package.zsh'
[3.208s] Level 1:colcon.colcon_core.environment:create_file_with_runtime_dependencies(/home/shriram/Desktop/ros2_practice/install/mobile/share/colcon-core/packages/mobile)
[3.209s] DEBUG:colcon.colcon_parallel_executor.executor.parallel:closing loop
[3.209s] DEBUG:colcon.colcon_parallel_executor.executor.parallel:loop closed
[3.209s] DEBUG:colcon.colcon_parallel_executor.executor.parallel:run_until_complete finished with '0'
[3.209s] DEBUG:colcon.colcon_core.event_reactor:joining thread
[3.218s] INFO:colcon.colcon_core.plugin_system:Skipping extension 'colcon_notification.desktop_notification.terminal_notifier': Not used on non-Darwin systems
[3.219s] INFO:colcon.colcon_core.plugin_system:Skipping extension 'colcon_notification.desktop_notification.win32': Not used on non-Windows systems
[3.219s] INFO:colcon.colcon_notification.desktop_notification:Sending desktop notification using 'notify2'
[3.230s] DEBUG:colcon.colcon_core.event_reactor:joined thread
[3.231s] INFO:colcon.colcon_core.shell:Creating prefix script '/home/shriram/Desktop/ros2_practice/install/local_setup.ps1'
[3.237s] INFO:colcon.colcon_core.shell:Creating prefix util module '/home/shriram/Desktop/ros2_practice/install/_local_setup_util_ps1.py'
[3.242s] INFO:colcon.colcon_core.shell:Creating prefix chain script '/home/shriram/Desktop/ros2_practice/install/setup.ps1'
[3.245s] INFO:colcon.colcon_core.shell:Creating prefix script '/home/shriram/Desktop/ros2_practice/install/local_setup.sh'
[3.245s] INFO:colcon.colcon_core.shell:Creating prefix util module '/home/shriram/Desktop/ros2_practice/install/_local_setup_util_sh.py'
[3.246s] INFO:colcon.colcon_core.shell:Creating prefix chain script '/home/shriram/Desktop/ros2_practice/install/setup.sh'
[3.248s] INFO:colcon.colcon_core.shell:Creating prefix script '/home/shriram/Desktop/ros2_practice/install/local_setup.bash'
[3.248s] INFO:colcon.colcon_core.shell:Creating prefix chain script '/home/shriram/Desktop/ros2_practice/install/setup.bash'
[3.251s] INFO:colcon.colcon_core.shell:Creating prefix script '/home/shriram/Desktop/ros2_practice/install/local_setup.zsh'
[3.252s] INFO:colcon.colcon_core.shell:Creating prefix chain script '/home/shriram/Desktop/ros2_practice/install/setup.zsh'
