[1.408s] Invoking command in '/home/shriram/Desktop/ros2_practice/src/mobile': PYTHONPATH=/home/shriram/Desktop/ros2_practice/build/mobile/prefix_override:/home/shriram/Desktop/ros2_practice/install/mobile/lib/python3.10/site-packages:${PYTHONPATH} /usr/bin/python3 setup.py egg_info --egg-base ../../build/mobile build --build-base /home/shriram/Desktop/ros2_practice/build/mobile/build install --record /home/shriram/Desktop/ros2_practice/build/mobile/install.log --single-version-externally-managed
[1.641s] running egg_info
[1.642s] writing ../../build/mobile/mobile.egg-info/PKG-INFO
[1.642s] writing dependency_links to ../../build/mobile/mobile.egg-info/dependency_links.txt
[1.642s] writing entry points to ../../build/mobile/mobile.egg-info/entry_points.txt
[1.642s] writing requirements to ../../build/mobile/mobile.egg-info/requires.txt
[1.642s] writing top-level names to ../../build/mobile/mobile.egg-info/top_level.txt
[1.643s] reading manifest file '../../build/mobile/mobile.egg-info/SOURCES.txt'
[1.644s] writing manifest file '../../build/mobile/mobile.egg-info/SOURCES.txt'
[1.644s] running build
[1.644s] running build_py
[1.644s] running install
[1.644s] running install_lib
[1.645s] running install_data
[1.645s] running install_egg_info
[1.647s] removing '/home/shriram/Desktop/ros2_practice/install/mobile/lib/python3.10/site-packages/mobile-0.0.0-py3.10.egg-info' (and everything under it)
[1.647s] Copying ../../build/mobile/mobile.egg-info to /home/shriram/Desktop/ros2_practice/install/mobile/lib/python3.10/site-packages/mobile-0.0.0-py3.10.egg-info
[1.647s] running install_scripts
[1.662s] Installing move script to /home/shriram/Desktop/ros2_practice/install/mobile/lib/mobile
[1.663s] writing list of installed files to '/home/shriram/Desktop/ros2_practice/build/mobile/install.log'
[1.720s] Invoked command in '/home/shriram/Desktop/ros2_practice/src/mobile' returned '0': PYTHONPATH=/home/shriram/Desktop/ros2_practice/build/mobile/prefix_override:/home/shriram/Desktop/ros2_practice/install/mobile/lib/python3.10/site-packages:${PYTHONPATH} /usr/bin/python3 setup.py egg_info --egg-base ../../build/mobile build --build-base /home/shriram/Desktop/ros2_practice/build/mobile/build install --record /home/shriram/Desktop/ros2_practice/build/mobile/install.log --single-version-externally-managed
