[3.693s] Invoking command in '/home/shriram/Desktop/ros2_practice/src/practice': PYTHONPATH=/home/shriram/Desktop/ros2_practice/build/practice/prefix_override:/home/shriram/Desktop/ros2_practice/install/practice/lib/python3.10/site-packages:${PYTHONPATH} /usr/bin/python3 setup.py egg_info --egg-base ../../build/practice build --build-base /home/shriram/Desktop/ros2_practice/build/practice/build install --record /home/shriram/Desktop/ros2_practice/build/practice/install.log --single-version-externally-managed
[4.200s] running egg_info
[4.200s] writing ../../build/practice/practice.egg-info/PKG-INFO
[4.217s] writing dependency_links to ../../build/practice/practice.egg-info/dependency_links.txt
[4.217s] writing entry points to ../../build/practice/practice.egg-info/entry_points.txt
[4.217s] writing requirements to ../../build/practice/practice.egg-info/requires.txt
[4.217s] writing top-level names to ../../build/practice/practice.egg-info/top_level.txt
[4.228s] reading manifest file '../../build/practice/practice.egg-info/SOURCES.txt'
[4.232s] writing manifest file '../../build/practice/practice.egg-info/SOURCES.txt'
[4.232s] running build
[4.233s] running build_py
[4.233s] running install
[4.233s] running install_lib
[4.236s] running install_data
[4.239s] running install_egg_info
[4.244s] removing '/home/shriram/Desktop/ros2_practice/install/practice/lib/python3.10/site-packages/practice-0.0.0-py3.10.egg-info' (and everything under it)
[4.245s] Copying ../../build/practice/practice.egg-info to /home/shriram/Desktop/ros2_practice/install/practice/lib/python3.10/site-packages/practice-0.0.0-py3.10.egg-info
[4.251s] running install_scripts
[4.289s] Installing circ script to /home/shriram/Desktop/ros2_practice/install/practice/lib/practice
[4.290s] Installing controller script to /home/shriram/Desktop/ros2_practice/install/practice/lib/practice
[4.290s] Installing node1 script to /home/shriram/Desktop/ros2_practice/install/practice/lib/practice
[4.290s] Installing pose script to /home/shriram/Desktop/ros2_practice/install/practice/lib/practice
[4.290s] writing list of installed files to '/home/shriram/Desktop/ros2_practice/build/practice/install.log'
[4.489s] Invoked command in '/home/shriram/Desktop/ros2_practice/src/practice' returned '0': PYTHONPATH=/home/shriram/Desktop/ros2_practice/build/practice/prefix_override:/home/shriram/Desktop/ros2_practice/install/practice/lib/python3.10/site-packages:${PYTHONPATH} /usr/bin/python3 setup.py egg_info --egg-base ../../build/practice build --build-base /home/shriram/Desktop/ros2_practice/build/practice/build install --record /home/shriram/Desktop/ros2_practice/build/practice/install.log --single-version-externally-managed
