[0.437s] DEBUG:colcon:Command line arguments: ['/usr/bin/colcon', 'build']
[0.437s] DEBUG:colcon:Parsed command line arguments: Namespace(log_base=None, log_level=None, verb_name='build', build_base='build', install_base='install', merge_install=False, symlink_install=False, test_result_base=None, continue_on_error=False, executor='parallel', parallel_workers=12, event_handlers=None, ignore_user_meta=False, metas=['./colcon.meta'], base_paths=['.'], packages_ignore=None, packages_ignore_regex=None, paths=None, packages_up_to=None, packages_up_to_regex=None, packages_above=None, packages_above_and_dependencies=None, packages_above_depth=None, packages_select_by_dep=None, packages_skip_by_dep=None, packages_skip_up_to=None, packages_select_build_failed=False, packages_skip_build_finished=False, packages_select_test_failures=False, packages_skip_test_passed=False, packages_select=None, packages_skip=None, packages_select_regex=None, packages_skip_regex=None, packages_start=None, packages_end=None, allow_overriding=[], cmake_args=None, cmake_target=None, cmake_target_skip_unavailable=False, cmake_clean_cache=False, cmake_clean_first=False, cmake_force_configure=False, ament_cmake_args=None, catkin_cmake_args=None, catkin_skip_building_tests=False, mixin_files=None, mixin=None, verb_parser=<colcon_mixin.mixin.mixin_argument.MixinArgumentDecorator object at 0x7fc2bf1dedd0>, verb_extension=<colcon_core.verb.build.BuildVerb object at 0x7fc2bf080ee0>, main=<bound method BuildVerb.main of <colcon_core.verb.build.BuildVerb object at 0x7fc2bf080ee0>>, mixin_verb=('build',))
[0.461s] Level 1:colcon.colcon_core.package_discovery:discover_packages(colcon_meta) check parameters
[0.462s] Level 1:colcon.colcon_core.package_discovery:discover_packages(recursive) check parameters
[0.462s] Level 1:colcon.colcon_core.package_discovery:discover_packages(ignore) check parameters
[0.462s] Level 1:colcon.colcon_core.package_discovery:discover_packages(path) check parameters
[0.462s] Level 1:colcon.colcon_core.package_discovery:discover_packages(colcon_meta) discover
[0.462s] Level 1:colcon.colcon_core.package_discovery:discover_packages(recursive) discover
[0.462s] INFO:colcon.colcon_core.package_discovery:Crawling recursively for packages in '/home/shriram/Desktop/ros2_practice/src/mobile'
[0.462s] Level 1:colcon.colcon_core.package_identification:_identify(.) by extensions ['ignore', 'ignore_ament_install']
[0.462s] Level 1:colcon.colcon_core.package_identification:_identify(.) by extension 'ignore'
[0.462s] Level 1:colcon.colcon_core.package_identification:_identify(.) by extension 'ignore_ament_install'
[0.462s] Level 1:colcon.colcon_core.package_identification:_identify(.) by extensions ['colcon_pkg']
[0.462s] Level 1:colcon.colcon_core.package_identification:_identify(.) by extension 'colcon_pkg'
[0.462s] Level 1:colcon.colcon_core.package_identification:_identify(.) by extensions ['colcon_meta']
[0.462s] Level 1:colcon.colcon_core.package_identification:_identify(.) by extension 'colcon_meta'
[0.462s] Level 1:colcon.colcon_core.package_identification:_identify(.) by extensions ['ros']
[0.462s] Level 1:colcon.colcon_core.package_identification:_identify(.) by extension 'ros'
[0.474s] DEBUG:colcon.colcon_core.package_identification:Package '.' with type 'ros.ament_python' and name 'mobile'
[0.474s] Level 1:colcon.colcon_core.package_discovery:discover_packages(recursive) using defaults
[0.474s] Level 1:colcon.colcon_core.package_discovery:discover_packages(ignore) discover
[0.474s] Level 1:colcon.colcon_core.package_discovery:discover_packages(ignore) using defaults
[0.474s] Level 1:colcon.colcon_core.package_discovery:discover_packages(path) discover
[0.474s] Level 1:colcon.colcon_core.package_discovery:discover_packages(path) using defaults
[0.499s] Level 1:colcon.colcon_core.package_discovery:discover_packages(prefix_path) check parameters
[0.499s] Level 1:colcon.colcon_core.package_discovery:discover_packages(prefix_path) discover
[0.504s] DEBUG:colcon.colcon_installed_package_information.package_discovery:Found 6 installed packages in /home/shriram/Desktop/ros2_practice/install
[0.506s] DEBUG:colcon.colcon_installed_package_information.package_discovery:Found 410 installed packages in /opt/ros/humble
[0.508s] Level 1:colcon.colcon_core.package_discovery:discover_packages(prefix_path) using defaults
[0.605s] Level 5:colcon.colcon_core.verb:set package 'mobile' build argument 'cmake_args' from command line to 'None'
[0.605s] Level 5:colcon.colcon_core.verb:set package 'mobile' build argument 'cmake_target' from command line to 'None'
[0.605s] Level 5:colcon.colcon_core.verb:set package 'mobile' build argument 'cmake_target_skip_unavailable' from command line to 'False'
[0.605s] Level 5:colcon.colcon_core.verb:set package 'mobile' build argument 'cmake_clean_cache' from command line to 'False'
[0.605s] Level 5:colcon.colcon_core.verb:set package 'mobile' build argument 'cmake_clean_first' from command line to 'False'
[0.605s] Level 5:colcon.colcon_core.verb:set package 'mobile' build argument 'cmake_force_configure' from command line to 'False'
[0.605s] Level 5:colcon.colcon_core.verb:set package 'mobile' build argument 'ament_cmake_args' from command line to 'None'
[0.605s] Level 5:colcon.colcon_core.verb:set package 'mobile' build argument 'catkin_cmake_args' from command line to 'None'
[0.605s] Level 5:colcon.colcon_core.verb:set package 'mobile' build argument 'catkin_skip_building_tests' from command line to 'False'
[0.605s] DEBUG:colcon.colcon_core.verb:Building package 'mobile' with the following arguments: {'ament_cmake_args': None, 'build_base': '/home/shriram/Desktop/ros2_practice/src/mobile/build/mobile', 'catkin_cmake_args': None, 'catkin_skip_building_tests': False, 'cmake_args': None, 'cmake_clean_cache': False, 'cmake_clean_first': False, 'cmake_force_configure': False, 'cmake_target': None, 'cmake_target_skip_unavailable': False, 'install_base': '/home/shriram/Desktop/ros2_practice/src/mobile/install/mobile', 'merge_install': False, 'path': '/home/shriram/Desktop/ros2_practice/src/mobile', 'symlink_install': False, 'test_result_base': None}
[0.606s] INFO:colcon.colcon_core.executor:Executing jobs using 'parallel' executor
[0.608s] DEBUG:colcon.colcon_parallel_executor.executor.parallel:run_until_complete
[0.608s] INFO:colcon.colcon_ros.task.ament_python.build:Building ROS package in '/home/shriram/Desktop/ros2_practice/src/mobile' with build type 'ament_python'
[0.608s] Level 1:colcon.colcon_core.shell:create_environment_hook('mobile', 'ament_prefix_path')
[0.613s] INFO:colcon.colcon_core.plugin_system:Skipping extension 'colcon_core.shell.bat': Not used on non-Windows systems
[0.613s] INFO:colcon.colcon_core.shell:Creating environment hook '/home/shriram/Desktop/ros2_practice/src/mobile/install/mobile/share/mobile/hook/ament_prefix_path.ps1'
[0.614s] INFO:colcon.colcon_core.shell:Creating environment descriptor '/home/shriram/Desktop/ros2_practice/src/mobile/install/mobile/share/mobile/hook/ament_prefix_path.dsv'
[0.614s] INFO:colcon.colcon_core.shell:Creating environment hook '/home/shriram/Desktop/ros2_practice/src/mobile/install/mobile/share/mobile/hook/ament_prefix_path.sh'
[0.616s] INFO:colcon.colcon_core.shell:Skip shell extension 'powershell' for command environment: Not usable outside of PowerShell
[0.616s] DEBUG:colcon.colcon_core.shell:Skip shell extension 'dsv' for command environment
[0.870s] INFO:colcon.colcon_core.task.python.build:Building Python package in '/home/shriram/Desktop/ros2_practice/src/mobile'
[0.871s] INFO:colcon.colcon_core.shell:Skip shell extension 'powershell' for command environment: Not usable outside of PowerShell
[0.871s] DEBUG:colcon.colcon_core.shell:Skip shell extension 'dsv' for command environment
[1.324s] DEBUG:colcon.colcon_core.event_handler.log_command:Invoking command in '/home/shriram/Desktop/ros2_practice/src/mobile': PYTHONPATH=/home/shriram/Desktop/ros2_practice/src/mobile/build/mobile/prefix_override:/home/shriram/Desktop/ros2_practice/src/mobile/install/mobile/lib/python3.10/site-packages:${PYTHONPATH} /usr/bin/python3 setup.py egg_info --egg-base build/mobile build --build-base /home/shriram/Desktop/ros2_practice/src/mobile/build/mobile/build install --record /home/shriram/Desktop/ros2_practice/src/mobile/build/mobile/install.log --single-version-externally-managed
[1.599s] DEBUG:colcon.colcon_core.event_handler.log_command:Invoked command in '/home/shriram/Desktop/ros2_practice/src/mobile' returned '0': PYTHONPATH=/home/shriram/Desktop/ros2_practice/src/mobile/build/mobile/prefix_override:/home/shriram/Desktop/ros2_practice/src/mobile/install/mobile/lib/python3.10/site-packages:${PYTHONPATH} /usr/bin/python3 setup.py egg_info --egg-base build/mobile build --build-base /home/shriram/Desktop/ros2_practice/src/mobile/build/mobile/build install --record /home/shriram/Desktop/ros2_practice/src/mobile/build/mobile/install.log --single-version-externally-managed
[1.604s] Level 1:colcon.colcon_core.environment:checking '/home/shriram/Desktop/ros2_practice/src/mobile/install/mobile' for CMake module files
[1.605s] Level 1:colcon.colcon_core.environment:checking '/home/shriram/Desktop/ros2_practice/src/mobile/install/mobile' for CMake config files
[1.605s] Level 1:colcon.colcon_core.environment:checking '/home/shriram/Desktop/ros2_practice/src/mobile/install/mobile/lib'
[1.605s] Level 1:colcon.colcon_core.environment:checking '/home/shriram/Desktop/ros2_practice/src/mobile/install/mobile/bin'
[1.605s] Level 1:colcon.colcon_core.environment:checking '/home/shriram/Desktop/ros2_practice/src/mobile/install/mobile/lib/pkgconfig/mobile.pc'
[1.605s] Level 1:colcon.colcon_core.environment:checking '/home/shriram/Desktop/ros2_practice/src/mobile/install/mobile/lib/python3.10/site-packages'
[1.605s] Level 1:colcon.colcon_core.shell:create_environment_hook('mobile', 'pythonpath')
[1.606s] INFO:colcon.colcon_core.shell:Creating environment hook '/home/shriram/Desktop/ros2_practice/src/mobile/install/mobile/share/mobile/hook/pythonpath.ps1'
[1.607s] INFO:colcon.colcon_core.shell:Creating environment descriptor '/home/shriram/Desktop/ros2_practice/src/mobile/install/mobile/share/mobile/hook/pythonpath.dsv'
[1.607s] INFO:colcon.colcon_core.shell:Creating environment hook '/home/shriram/Desktop/ros2_practice/src/mobile/install/mobile/share/mobile/hook/pythonpath.sh'
[1.607s] Level 1:colcon.colcon_core.environment:checking '/home/shriram/Desktop/ros2_practice/src/mobile/install/mobile/bin'
[1.607s] Level 1:colcon.colcon_core.environment:create_environment_scripts_only(mobile)
[1.608s] INFO:colcon.colcon_core.shell:Creating package script '/home/shriram/Desktop/ros2_practice/src/mobile/install/mobile/share/mobile/package.ps1'
[1.609s] INFO:colcon.colcon_core.shell:Creating package descriptor '/home/shriram/Desktop/ros2_practice/src/mobile/install/mobile/share/mobile/package.dsv'
[1.609s] INFO:colcon.colcon_core.shell:Creating package script '/home/shriram/Desktop/ros2_practice/src/mobile/install/mobile/share/mobile/package.sh'
[1.610s] INFO:colcon.colcon_core.shell:Creating package script '/home/shriram/Desktop/ros2_practice/src/mobile/install/mobile/share/mobile/package.bash'
[1.610s] INFO:colcon.colcon_core.shell:Creating package script '/home/shriram/Desktop/ros2_practice/src/mobile/install/mobile/share/mobile/package.zsh'
[1.611s] Level 1:colcon.colcon_core.environment:create_file_with_runtime_dependencies(/home/shriram/Desktop/ros2_practice/src/mobile/install/mobile/share/colcon-core/packages/mobile)
[1.611s] DEBUG:colcon.colcon_parallel_executor.executor.parallel:closing loop
[1.611s] DEBUG:colcon.colcon_parallel_executor.executor.parallel:loop closed
[1.611s] DEBUG:colcon.colcon_parallel_executor.executor.parallel:run_until_complete finished with '0'
[1.611s] DEBUG:colcon.colcon_core.event_reactor:joining thread
[1.616s] INFO:colcon.colcon_core.plugin_system:Skipping extension 'colcon_notification.desktop_notification.terminal_notifier': Not used on non-Darwin systems
[1.616s] INFO:colcon.colcon_core.plugin_system:Skipping extension 'colcon_notification.desktop_notification.win32': Not used on non-Windows systems
[1.616s] INFO:colcon.colcon_notification.desktop_notification:Sending desktop notification using 'notify2'
[1.627s] DEBUG:colcon.colcon_core.event_reactor:joined thread
[1.628s] INFO:colcon.colcon_core.shell:Creating prefix script '/home/shriram/Desktop/ros2_practice/src/mobile/install/local_setup.ps1'
[1.629s] INFO:colcon.colcon_core.shell:Creating prefix util module '/home/shriram/Desktop/ros2_practice/src/mobile/install/_local_setup_util_ps1.py'
[1.633s] INFO:colcon.colcon_core.shell:Creating prefix chain script '/home/shriram/Desktop/ros2_practice/src/mobile/install/setup.ps1'
[1.636s] INFO:colcon.colcon_core.shell:Creating prefix script '/home/shriram/Desktop/ros2_practice/src/mobile/install/local_setup.sh'
[1.637s] INFO:colcon.colcon_core.shell:Creating prefix util module '/home/shriram/Desktop/ros2_practice/src/mobile/install/_local_setup_util_sh.py'
[1.638s] INFO:colcon.colcon_core.shell:Creating prefix chain script '/home/shriram/Desktop/ros2_practice/src/mobile/install/setup.sh'
[1.641s] INFO:colcon.colcon_core.shell:Creating prefix script '/home/shriram/Desktop/ros2_practice/src/mobile/install/local_setup.bash'
[1.642s] INFO:colcon.colcon_core.shell:Creating prefix chain script '/home/shriram/Desktop/ros2_practice/src/mobile/install/setup.bash'
[1.643s] INFO:colcon.colcon_core.shell:Creating prefix script '/home/shriram/Desktop/ros2_practice/src/mobile/install/local_setup.zsh'
[1.644s] INFO:colcon.colcon_core.shell:Creating prefix chain script '/home/shriram/Desktop/ros2_practice/src/mobile/install/setup.zsh'
