[1.759s] Invoking command in '/home/shriram/Desktop/ros2_practice/src/practice': PYTHONPATH=/home/shriram/Desktop/ros2_practice/build/practice/prefix_override:/home/shriram/Desktop/ros2_practice/install/practice/lib/python3.10/site-packages:${PYTHONPATH} /usr/bin/python3 setup.py egg_info --egg-base ../../build/practice build --build-base /home/shriram/Desktop/ros2_practice/build/practice/build install --record /home/shriram/Desktop/ros2_practice/build/practice/install.log --single-version-externally-managed
[2.006s] running egg_info
[2.007s] writing ../../build/practice/practice.egg-info/PKG-INFO
[2.007s] writing dependency_links to ../../build/practice/practice.egg-info/dependency_links.txt
[2.007s] writing entry points to ../../build/practice/practice.egg-info/entry_points.txt
[2.007s] writing requirements to ../../build/practice/practice.egg-info/requires.txt
[2.007s] writing top-level names to ../../build/practice/practice.egg-info/top_level.txt
[2.010s] reading manifest file '../../build/practice/practice.egg-info/SOURCES.txt'
[2.010s] writing manifest file '../../build/practice/practice.egg-info/SOURCES.txt'
[2.011s] running build
[2.011s] running build_py
[2.011s] running install
[2.012s] running install_lib
[2.013s] running install_data
[2.014s] running install_egg_info
[2.015s] removing '/home/shriram/Desktop/ros2_practice/install/practice/lib/python3.10/site-packages/practice-0.0.0-py3.10.egg-info' (and everything under it)
[2.015s] Copying ../../build/practice/practice.egg-info to /home/shriram/Desktop/ros2_practice/install/practice/lib/python3.10/site-packages/practice-0.0.0-py3.10.egg-info
[2.018s] running install_scripts
[2.041s] Installing circ script to /home/shriram/Desktop/ros2_practice/install/practice/lib/practice
[2.042s] Installing controller script to /home/shriram/Desktop/ros2_practice/install/practice/lib/practice
[2.042s] Installing node1 script to /home/shriram/Desktop/ros2_practice/install/practice/lib/practice
[2.042s] Installing pose script to /home/shriram/Desktop/ros2_practice/install/practice/lib/practice
[2.042s] writing list of installed files to '/home/shriram/Desktop/ros2_practice/build/practice/install.log'
[2.111s] Invoked command in '/home/shriram/Desktop/ros2_practice/src/practice' returned '0': PYTHONPATH=/home/shriram/Desktop/ros2_practice/build/practice/prefix_override:/home/shriram/Desktop/ros2_practice/install/practice/lib/python3.10/site-packages:${PYTHONPATH} /usr/bin/python3 setup.py egg_info --egg-base ../../build/practice build --build-base /home/shriram/Desktop/ros2_practice/build/practice/build install --record /home/shriram/Desktop/ros2_practice/build/practice/install.log --single-version-externally-managed
