[3.970s] Invoking command in '/home/shriram/Desktop/ros2_practice/build/mobile': PYTHONPATH=/home/shriram/Desktop/ros2_practice/build/mobile/prefix_override:/home/shriram/Desktop/ros2_practice/install/mobile/lib/python3.10/site-packages:${PYTHONPATH} /usr/bin/python3 setup.py develop --uninstall --editable --build-directory /home/shriram/Desktop/ros2_practice/build/mobile/build
[4.583s] running develop
[5.287s] Invoked command in '/home/shriram/Desktop/ros2_practice/build/mobile' returned '0': PYTHONPATH=/home/shriram/Desktop/ros2_practice/build/mobile/prefix_override:/home/shriram/Desktop/ros2_practice/install/mobile/lib/python3.10/site-packages:${PYTHONPATH} /usr/bin/python3 setup.py develop --uninstall --editable --build-directory /home/shriram/Desktop/ros2_practice/build/mobile/build
[5.289s] Invoking command in '/home/shriram/Desktop/ros2_practice/src/mobile': PYTHONPATH=/home/shriram/Desktop/ros2_practice/build/mobile/prefix_override:/home/shriram/Desktop/ros2_practice/install/mobile/lib/python3.10/site-packages:${PYTHONPATH} /usr/bin/python3 setup.py egg_info --egg-base ../../build/mobile build --build-base /home/shriram/Desktop/ros2_practice/build/mobile/build install --record /home/shriram/Desktop/ros2_practice/build/mobile/install.log --single-version-externally-managed
[5.794s] running egg_info
[5.794s] writing ../../build/mobile/mobile.egg-info/PKG-INFO
[5.794s] writing dependency_links to ../../build/mobile/mobile.egg-info/dependency_links.txt
[5.795s] writing entry points to ../../build/mobile/mobile.egg-info/entry_points.txt
[5.795s] writing requirements to ../../build/mobile/mobile.egg-info/requires.txt
[5.795s] writing top-level names to ../../build/mobile/mobile.egg-info/top_level.txt
[5.804s] reading manifest file '../../build/mobile/mobile.egg-info/SOURCES.txt'
[5.814s] writing manifest file '../../build/mobile/mobile.egg-info/SOURCES.txt'
[5.814s] running build
[5.814s] running build_py
[5.817s] running install
[5.818s] running install_lib
[5.826s] running install_data
[5.828s] running install_egg_info
[5.831s] removing '/home/shriram/Desktop/ros2_practice/install/mobile/lib/python3.10/site-packages/mobile-0.0.0-py3.10.egg-info' (and everything under it)
[5.832s] Copying ../../build/mobile/mobile.egg-info to /home/shriram/Desktop/ros2_practice/install/mobile/lib/python3.10/site-packages/mobile-0.0.0-py3.10.egg-info
[5.833s] running install_scripts
[5.874s] Installing move script to /home/shriram/Desktop/ros2_practice/install/mobile/lib/mobile
[5.875s] writing list of installed files to '/home/shriram/Desktop/ros2_practice/build/mobile/install.log'
[6.072s] Invoked command in '/home/shriram/Desktop/ros2_practice/src/mobile' returned '0': PYTHONPATH=/home/shriram/Desktop/ros2_practice/build/mobile/prefix_override:/home/shriram/Desktop/ros2_practice/install/mobile/lib/python3.10/site-packages:${PYTHONPATH} /usr/bin/python3 setup.py egg_info --egg-base ../../build/mobile build --build-base /home/shriram/Desktop/ros2_practice/build/mobile/build install --record /home/shriram/Desktop/ros2_practice/build/mobile/install.log --single-version-externally-managed
