[0.530s] Invoking command in '/home/shriram/Desktop/ros2_practice/build/nodes2': CMAKE_PREFIX_PATH=/opt/ros/humble /usr/bin/cmake /home/shriram/Desktop/ros2_practice/src/nodes2 -DCMAKE_INSTALL_PREFIX=/home/shriram/Desktop/ros2_practice/install/nodes2
[1.353s] -- The C compiler identification is GNU 11.4.0
[1.353s] -- The CXX compiler identification is GNU 11.4.0
[1.353s] -- Detecting C compiler ABI info
[1.353s] -- Detecting C compiler ABI info - done
[1.353s] -- Check for working C compiler: /usr/bin/cc - skipped
[1.353s] -- Detecting C compile features
[1.353s] -- Detecting C compile features - done
[1.353s] -- Detecting CXX compiler ABI info
[1.353s] -- Detecting CXX compiler ABI info - done
[1.353s] -- Check for working CXX compiler: /usr/bin/c++ - skipped
[1.353s] -- Detecting CXX compile features
[1.353s] -- Detecting CXX compile features - done
[1.353s] -- Found ament_cmake: 1.3.5 (/opt/ros/humble/share/ament_cmake/cmake)
[1.353s] -- Found Python3: /usr/bin/python3.10 (found version "3.10.12") found components: Interpreter 
[1.354s] -- Found ament_lint_auto: 0.12.7 (/opt/ros/humble/share/ament_lint_auto/cmake)
[1.354s] -- Added test 'cppcheck' to perform static code analysis on C / C++ code
[1.354s] -- Configured cppcheck include dirs: 
[1.354s] -- Configured cppcheck exclude dirs and/or files: 
[1.354s] -- Added test 'lint_cmake' to check CMake code style
[1.354s] -- Added test 'uncrustify' to check C / C++ code style
[1.355s] -- Configured uncrustify additional arguments: 
[1.355s] -- Added test 'xmllint' to check XML markup files
[1.355s] -- Configuring done
[1.355s] -- Generating done
[1.355s] -- Build files have been written to: /home/shriram/Desktop/ros2_practice/build/nodes2
[1.359s] Invoked command in '/home/shriram/Desktop/ros2_practice/build/nodes2' returned '0': CMAKE_PREFIX_PATH=/opt/ros/humble /usr/bin/cmake /home/shriram/Desktop/ros2_practice/src/nodes2 -DCMAKE_INSTALL_PREFIX=/home/shriram/Desktop/ros2_practice/install/nodes2
[1.360s] Invoking command in '/home/shriram/Desktop/ros2_practice/build/nodes2': CMAKE_PREFIX_PATH=/opt/ros/humble /usr/bin/cmake --build /home/shriram/Desktop/ros2_practice/build/nodes2 -- -j12 -l12
[1.458s] Invoked command in '/home/shriram/Desktop/ros2_practice/build/nodes2' returned '0': CMAKE_PREFIX_PATH=/opt/ros/humble /usr/bin/cmake --build /home/shriram/Desktop/ros2_practice/build/nodes2 -- -j12 -l12
[1.540s] Invoking command in '/home/shriram/Desktop/ros2_practice/build/nodes2': CMAKE_PREFIX_PATH=/opt/ros/humble /usr/bin/cmake --install /home/shriram/Desktop/ros2_practice/build/nodes2
[1.575s] -- Install configuration: ""
[1.576s] -- Installing: /home/shriram/Desktop/ros2_practice/install/nodes2/share/ament_index/resource_index/package_run_dependencies/nodes2
[1.576s] -- Installing: /home/shriram/Desktop/ros2_practice/install/nodes2/share/ament_index/resource_index/parent_prefix_path/nodes2
[1.576s] -- Installing: /home/shriram/Desktop/ros2_practice/install/nodes2/share/nodes2/environment/ament_prefix_path.sh
[1.577s] -- Installing: /home/shriram/Desktop/ros2_practice/install/nodes2/share/nodes2/environment/ament_prefix_path.dsv
[1.578s] -- Installing: /home/shriram/Desktop/ros2_practice/install/nodes2/share/nodes2/environment/path.sh
[1.578s] -- Installing: /home/shriram/Desktop/ros2_practice/install/nodes2/share/nodes2/environment/path.dsv
[1.578s] -- Installing: /home/shriram/Desktop/ros2_practice/install/nodes2/share/nodes2/local_setup.bash
[1.578s] -- Installing: /home/shriram/Desktop/ros2_practice/install/nodes2/share/nodes2/local_setup.sh
[1.578s] -- Installing: /home/shriram/Desktop/ros2_practice/install/nodes2/share/nodes2/local_setup.zsh
[1.579s] -- Installing: /home/shriram/Desktop/ros2_practice/install/nodes2/share/nodes2/local_setup.dsv
[1.579s] -- Installing: /home/shriram/Desktop/ros2_practice/install/nodes2/share/nodes2/package.dsv
[1.579s] -- Installing: /home/shriram/Desktop/ros2_practice/install/nodes2/share/ament_index/resource_index/packages/nodes2
[1.579s] -- Installing: /home/shriram/Desktop/ros2_practice/install/nodes2/share/nodes2/cmake/nodes2Config.cmake
[1.579s] -- Installing: /home/shriram/Desktop/ros2_practice/install/nodes2/share/nodes2/cmake/nodes2Config-version.cmake
[1.579s] -- Installing: /home/shriram/Desktop/ros2_practice/install/nodes2/share/nodes2/package.xml
[1.619s] Invoked command in '/home/shriram/Desktop/ros2_practice/build/nodes2' returned '0': CMAKE_PREFIX_PATH=/opt/ros/humble /usr/bin/cmake --install /home/shriram/Desktop/ros2_practice/build/nodes2
