[0.044s] Invoking command in '/home/shriram/Desktop/ros2_practice/build/desc': CMAKE_PREFIX_PATH=${CMAKE_PREFIX_PATH}:/home/shriram/Desktop/ros2_practice/install/tform:/home/shriram/Desktop/ros2_practice/install/practice:/home/shriram/Desktop/ros2_practice/install/mobile:/home/shriram/Desktop/ros2_practice/install/description:/home/shriram/Desktop/ros2_practice/install/cv_basics:/opt/ros/humble /usr/bin/cmake /home/shriram/Desktop/ros2_practice/src/desc -DAMENT_CMAKE_SYMLINK_INSTALL=1 -DCMAKE_INSTALL_PREFIX=/home/shriram/Desktop/ros2_practice/install/desc
[1.251s] -- Found ament_cmake: 1.3.5 (/opt/ros/humble/share/ament_cmake/cmake)
[1.251s] -- Override CMake install command with custom implementation using symlinks instead of copying resources
[1.251s] -- Found ament_lint_auto: 0.12.7 (/opt/ros/humble/share/ament_lint_auto/cmake)
[1.252s] -- Added test 'flake8' to check Python code syntax and style conventions
[1.252s] -- Added test 'lint_cmake' to check CMake code style
[1.252s] -- Added test 'pep257' to check Python code against some of the docstring style conventions in PEP 257
[1.252s] -- Added test 'xmllint' to check XML markup files
[1.252s] -- Configuring done
[1.252s] -- Generating done
[1.252s] -- Build files have been written to: /home/shriram/Desktop/ros2_practice/build/desc
[1.252s] Invoked command in '/home/shriram/Desktop/ros2_practice/build/desc' returned '0': CMAKE_PREFIX_PATH=${CMAKE_PREFIX_PATH}:/home/shriram/Desktop/ros2_practice/install/tform:/home/shriram/Desktop/ros2_practice/install/practice:/home/shriram/Desktop/ros2_practice/install/mobile:/home/shriram/Desktop/ros2_practice/install/description:/home/shriram/Desktop/ros2_practice/install/cv_basics:/opt/ros/humble /usr/bin/cmake /home/shriram/Desktop/ros2_practice/src/desc -DAMENT_CMAKE_SYMLINK_INSTALL=1 -DCMAKE_INSTALL_PREFIX=/home/shriram/Desktop/ros2_practice/install/desc
[1.254s] Invoking command in '/home/shriram/Desktop/ros2_practice/build/desc': CMAKE_PREFIX_PATH=${CMAKE_PREFIX_PATH}:/home/shriram/Desktop/ros2_practice/install/tform:/home/shriram/Desktop/ros2_practice/install/practice:/home/shriram/Desktop/ros2_practice/install/mobile:/home/shriram/Desktop/ros2_practice/install/description:/home/shriram/Desktop/ros2_practice/install/cv_basics:/opt/ros/humble /usr/bin/cmake --build /home/shriram/Desktop/ros2_practice/build/desc -- -j12 -l12
[1.297s] Invoked command in '/home/shriram/Desktop/ros2_practice/build/desc' returned '0': CMAKE_PREFIX_PATH=${CMAKE_PREFIX_PATH}:/home/shriram/Desktop/ros2_practice/install/tform:/home/shriram/Desktop/ros2_practice/install/practice:/home/shriram/Desktop/ros2_practice/install/mobile:/home/shriram/Desktop/ros2_practice/install/description:/home/shriram/Desktop/ros2_practice/install/cv_basics:/opt/ros/humble /usr/bin/cmake --build /home/shriram/Desktop/ros2_practice/build/desc -- -j12 -l12
[1.326s] Invoking command in '/home/shriram/Desktop/ros2_practice/build/desc': CMAKE_PREFIX_PATH=${CMAKE_PREFIX_PATH}:/home/shriram/Desktop/ros2_practice/install/tform:/home/shriram/Desktop/ros2_practice/install/practice:/home/shriram/Desktop/ros2_practice/install/mobile:/home/shriram/Desktop/ros2_practice/install/description:/home/shriram/Desktop/ros2_practice/install/cv_basics:/opt/ros/humble /usr/bin/cmake --install /home/shriram/Desktop/ros2_practice/build/desc
[1.335s] -- Install configuration: ""
[1.336s] -- Execute custom install script
[1.337s] -- Up-to-date symlink: /home/shriram/Desktop/ros2_practice/install/desc/share/desc//urdf/bumperbot.urdf.xacro
[1.337s] -- Up-to-date symlink: /home/shriram/Desktop/ros2_practice/install/desc/share/desc//urdf/bumperbot_gazebo.xacro
[1.338s] -- Up-to-date symlink: /home/shriram/Desktop/ros2_practice/install/desc/share/desc//urdf/common_properties.xacro
[1.338s] -- Up-to-date symlink: /home/shriram/Desktop/ros2_practice/install/desc/share/desc//urdf/mobile_base.xacro
[1.339s] -- Up-to-date symlink: /home/shriram/Desktop/ros2_practice/install/desc/share/desc//urdf/my_robot.urdf.xacro
[1.339s] -- Up-to-date symlink: /home/shriram/Desktop/ros2_practice/install/desc/share/desc//urdf/myrob.urdf
[1.339s] -- Up-to-date symlink: /home/shriram/Desktop/ros2_practice/install/desc/share/desc//urdf/soln.urdf.xacro
[1.340s] -- Up-to-date symlink: /home/shriram/Desktop/ros2_practice/install/desc/share/desc//launch/display.launch.py
[1.340s] -- Up-to-date symlink: /home/shriram/Desktop/ros2_practice/install/desc/share/desc//launch/display.launch.xml
[1.340s] -- Up-to-date symlink: /home/shriram/Desktop/ros2_practice/install/desc/share/desc//launch/display1.launch.py
[1.340s] -- Up-to-date symlink: /home/shriram/Desktop/ros2_practice/install/desc/share/desc//launch/display1.launch.xml
[1.340s] -- Up-to-date symlink: /home/shriram/Desktop/ros2_practice/install/desc/share/desc//rviz/urdf_config.rviz
[1.341s] -- Up-to-date symlink: /home/shriram/Desktop/ros2_practice/install/desc/share/ament_index/resource_index/package_run_dependencies/desc
[1.341s] -- Up-to-date symlink: /home/shriram/Desktop/ros2_practice/install/desc/share/ament_index/resource_index/parent_prefix_path/desc
[1.341s] -- Up-to-date symlink: /home/shriram/Desktop/ros2_practice/install/desc/share/desc/environment/ament_prefix_path.sh
[1.342s] -- Up-to-date symlink: /home/shriram/Desktop/ros2_practice/install/desc/share/desc/environment/ament_prefix_path.dsv
[1.342s] -- Up-to-date symlink: /home/shriram/Desktop/ros2_practice/install/desc/share/desc/environment/path.sh
[1.342s] -- Up-to-date symlink: /home/shriram/Desktop/ros2_practice/install/desc/share/desc/environment/path.dsv
[1.342s] -- Up-to-date symlink: /home/shriram/Desktop/ros2_practice/install/desc/share/desc/local_setup.bash
[1.343s] -- Up-to-date symlink: /home/shriram/Desktop/ros2_practice/install/desc/share/desc/local_setup.sh
[1.343s] -- Up-to-date symlink: /home/shriram/Desktop/ros2_practice/install/desc/share/desc/local_setup.zsh
[1.343s] -- Up-to-date symlink: /home/shriram/Desktop/ros2_practice/install/desc/share/desc/local_setup.dsv
[1.343s] -- Symlinking: /home/shriram/Desktop/ros2_practice/install/desc/share/desc/package.dsv
[1.352s] -- Up-to-date symlink: /home/shriram/Desktop/ros2_practice/install/desc/share/ament_index/resource_index/packages/desc
[1.353s] -- Up-to-date symlink: /home/shriram/Desktop/ros2_practice/install/desc/share/desc/cmake/descConfig.cmake
[1.353s] -- Up-to-date symlink: /home/shriram/Desktop/ros2_practice/install/desc/share/desc/cmake/descConfig-version.cmake
[1.353s] -- Up-to-date symlink: /home/shriram/Desktop/ros2_practice/install/desc/share/desc/package.xml
[1.356s] Invoked command in '/home/shriram/Desktop/ros2_practice/build/desc' returned '0': CMAKE_PREFIX_PATH=${CMAKE_PREFIX_PATH}:/home/shriram/Desktop/ros2_practice/install/tform:/home/shriram/Desktop/ros2_practice/install/practice:/home/shriram/Desktop/ros2_practice/install/mobile:/home/shriram/Desktop/ros2_practice/install/description:/home/shriram/Desktop/ros2_practice/install/cv_basics:/opt/ros/humble /usr/bin/cmake --install /home/shriram/Desktop/ros2_practice/build/desc
