/home/shriram/Desktop/ros2_practice/install/practice/lib/python3.10/site-packages/practice/circ.py
/home/shriram/Desktop/ros2_practice/install/practice/lib/python3.10/site-packages/practice/controller.py
/home/shriram/Desktop/ros2_practice/install/practice/lib/python3.10/site-packages/practice/pose.py
/home/shriram/Desktop/ros2_practice/install/practice/lib/python3.10/site-packages/practice/node1.py
/home/shriram/Desktop/ros2_practice/install/practice/lib/python3.10/site-packages/practice/parabolic_curve.py
/home/shriram/Desktop/ros2_practice/install/practice/lib/python3.10/site-packages/practice/parabola.py
/home/shriram/Desktop/ros2_practice/install/practice/lib/python3.10/site-packages/practice/__init__.py
/home/shriram/Desktop/ros2_practice/install/practice/lib/python3.10/site-packages/practice/move2.py
/home/shriram/Desktop/ros2_practice/install/practice/lib/python3.10/site-packages/practice/__pycache__/circ.cpython-310.pyc
/home/shriram/Desktop/ros2_practice/install/practice/lib/python3.10/site-packages/practice/__pycache__/controller.cpython-310.pyc
/home/shriram/Desktop/ros2_practice/install/practice/lib/python3.10/site-packages/practice/__pycache__/pose.cpython-310.pyc
/home/shriram/Desktop/ros2_practice/install/practice/lib/python3.10/site-packages/practice/__pycache__/node1.cpython-310.pyc
/home/shriram/Desktop/ros2_practice/install/practice/lib/python3.10/site-packages/practice/__pycache__/parabolic_curve.cpython-310.pyc
/home/shriram/Desktop/ros2_practice/install/practice/lib/python3.10/site-packages/practice/__pycache__/parabola.cpython-310.pyc
/home/shriram/Desktop/ros2_practice/install/practice/lib/python3.10/site-packages/practice/__pycache__/__init__.cpython-310.pyc
/home/shriram/Desktop/ros2_practice/install/practice/lib/python3.10/site-packages/practice/__pycache__/move2.cpython-310.pyc
/home/shriram/Desktop/ros2_practice/install/practice/share/ament_index/resource_index/packages/practice
/home/shriram/Desktop/ros2_practice/install/practice/share/practice/package.xml
/home/shriram/Desktop/ros2_practice/install/practice/lib/python3.10/site-packages/practice-0.0.0-py3.10.egg-info/dependency_links.txt
/home/shriram/Desktop/ros2_practice/install/practice/lib/python3.10/site-packages/practice-0.0.0-py3.10.egg-info/requires.txt
/home/shriram/Desktop/ros2_practice/install/practice/lib/python3.10/site-packages/practice-0.0.0-py3.10.egg-info/entry_points.txt
/home/shriram/Desktop/ros2_practice/install/practice/lib/python3.10/site-packages/practice-0.0.0-py3.10.egg-info/SOURCES.txt
/home/shriram/Desktop/ros2_practice/install/practice/lib/python3.10/site-packages/practice-0.0.0-py3.10.egg-info/zip-safe
/home/shriram/Desktop/ros2_practice/install/practice/lib/python3.10/site-packages/practice-0.0.0-py3.10.egg-info/PKG-INFO
/home/shriram/Desktop/ros2_practice/install/practice/lib/python3.10/site-packages/practice-0.0.0-py3.10.egg-info/top_level.txt
/home/shriram/Desktop/ros2_practice/install/practice/lib/practice/circ
/home/shriram/Desktop/ros2_practice/install/practice/lib/practice/controller
/home/shriram/Desktop/ros2_practice/install/practice/lib/practice/move2
/home/shriram/Desktop/ros2_practice/install/practice/lib/practice/node1
/home/shriram/Desktop/ros2_practice/install/practice/lib/practice/parabola
/home/shriram/Desktop/ros2_practice/install/practice/lib/practice/parabolic_curve
/home/shriram/Desktop/ros2_practice/install/practice/lib/practice/pose
