[4.384s] Invoking command in '/home/shriram/Desktop/ros2_practice/build/practice': PYTHONPATH=/home/shriram/Desktop/ros2_practice/build/practice/prefix_override:/home/shriram/Desktop/ros2_practice/install/practice/lib/python3.10/site-packages:${PYTHONPATH} /usr/bin/python3 setup.py develop --uninstall --editable --build-directory /home/shriram/Desktop/ros2_practice/build/practice/build
[4.994s] running develop
[5.745s] Invoked command in '/home/shriram/Desktop/ros2_practice/build/practice' returned '0': PYTHONPATH=/home/shriram/Desktop/ros2_practice/build/practice/prefix_override:/home/shriram/Desktop/ros2_practice/install/practice/lib/python3.10/site-packages:${PYTHONPATH} /usr/bin/python3 setup.py develop --uninstall --editable --build-directory /home/shriram/Desktop/ros2_practice/build/practice/build
[5.747s] Invoking command in '/home/shriram/Desktop/ros2_practice/src/practice': PYTHONPATH=/home/shriram/Desktop/ros2_practice/build/practice/prefix_override:/home/shriram/Desktop/ros2_practice/install/practice/lib/python3.10/site-packages:${PYTHONPATH} /usr/bin/python3 setup.py egg_info --egg-base ../../build/practice build --build-base /home/shriram/Desktop/ros2_practice/build/practice/build install --record /home/shriram/Desktop/ros2_practice/build/practice/install.log --single-version-externally-managed
[6.329s] running egg_info
[6.330s] writing ../../build/practice/practice.egg-info/PKG-INFO
[6.331s] writing dependency_links to ../../build/practice/practice.egg-info/dependency_links.txt
[6.331s] writing entry points to ../../build/practice/practice.egg-info/entry_points.txt
[6.331s] writing requirements to ../../build/practice/practice.egg-info/requires.txt
[6.331s] writing top-level names to ../../build/practice/practice.egg-info/top_level.txt
[6.331s] reading manifest file '../../build/practice/practice.egg-info/SOURCES.txt'
[6.331s] writing manifest file '../../build/practice/practice.egg-info/SOURCES.txt'
[6.331s] running build
[6.331s] running build_py
[6.331s] copying practice/parabola.py -> /home/shriram/Desktop/ros2_practice/build/practice/build/lib/practice
[6.331s] running install
[6.331s] running install_lib
[6.331s] copying /home/shriram/Desktop/ros2_practice/build/practice/build/lib/practice/parabola.py -> /home/shriram/Desktop/ros2_practice/install/practice/lib/python3.10/site-packages/practice
[6.332s] byte-compiling /home/shriram/Desktop/ros2_practice/install/practice/lib/python3.10/site-packages/practice/parabola.py to parabola.cpython-310.pyc
[6.332s] running install_data
[6.333s] running install_egg_info
[6.336s] removing '/home/shriram/Desktop/ros2_practice/install/practice/lib/python3.10/site-packages/practice-0.0.0-py3.10.egg-info' (and everything under it)
[6.336s] Copying ../../build/practice/practice.egg-info to /home/shriram/Desktop/ros2_practice/install/practice/lib/python3.10/site-packages/practice-0.0.0-py3.10.egg-info
[6.338s] running install_scripts
[6.387s] Installing circ script to /home/shriram/Desktop/ros2_practice/install/practice/lib/practice
[6.401s] Installing controller script to /home/shriram/Desktop/ros2_practice/install/practice/lib/practice
[6.401s] Installing move2 script to /home/shriram/Desktop/ros2_practice/install/practice/lib/practice
[6.401s] Installing node1 script to /home/shriram/Desktop/ros2_practice/install/practice/lib/practice
[6.401s] Installing parabola script to /home/shriram/Desktop/ros2_practice/install/practice/lib/practice
[6.402s] Installing parabolic_curve script to /home/shriram/Desktop/ros2_practice/install/practice/lib/practice
[6.402s] Installing pose script to /home/shriram/Desktop/ros2_practice/install/practice/lib/practice
[6.404s] writing list of installed files to '/home/shriram/Desktop/ros2_practice/build/practice/install.log'
[6.600s] Invoked command in '/home/shriram/Desktop/ros2_practice/src/practice' returned '0': PYTHONPATH=/home/shriram/Desktop/ros2_practice/build/practice/prefix_override:/home/shriram/Desktop/ros2_practice/install/practice/lib/python3.10/site-packages:${PYTHONPATH} /usr/bin/python3 setup.py egg_info --egg-base ../../build/practice build --build-base /home/shriram/Desktop/ros2_practice/build/practice/build install --record /home/shriram/Desktop/ros2_practice/build/practice/install.log --single-version-externally-managed
