[1.576s] Invoking command in '/home/shriram/Desktop/ros2_practice/build/practice': PYTHONPATH=/home/shriram/Desktop/ros2_practice/build/practice/prefix_override:/home/shriram/Desktop/ros2_practice/install/practice/lib/python3.10/site-packages:${PYTHONPATH} /usr/bin/python3 setup.py develop --editable --build-directory /home/shriram/Desktop/ros2_practice/build/practice/build --no-deps install_data
[1.832s] running develop
[2.021s] running egg_info
[2.021s] writing practice.egg-info/PKG-INFO
[2.022s] writing dependency_links to practice.egg-info/dependency_links.txt
[2.022s] writing entry points to practice.egg-info/entry_points.txt
[2.022s] writing requirements to practice.egg-info/requires.txt
[2.022s] writing top-level names to practice.egg-info/top_level.txt
[2.024s] reading manifest file 'practice.egg-info/SOURCES.txt'
[2.024s] writing manifest file 'practice.egg-info/SOURCES.txt'
[2.025s] running build_ext
[2.026s] Creating /home/shriram/Desktop/ros2_practice/install/practice/lib/python3.10/site-packages/practice.egg-link (link to .)
[2.026s] Installing circ script to /home/shriram/Desktop/ros2_practice/install/practice/lib/practice
[2.026s] Installing controller script to /home/shriram/Desktop/ros2_practice/install/practice/lib/practice
[2.027s] Installing node1 script to /home/shriram/Desktop/ros2_practice/install/practice/lib/practice
[2.027s] Installing pose script to /home/shriram/Desktop/ros2_practice/install/practice/lib/practice
[2.027s] 
[2.027s] Installed /home/shriram/Desktop/ros2_practice/build/practice
[2.027s] running install_data
[2.111s] Invoked command in '/home/shriram/Desktop/ros2_practice/build/practice' returned '0': PYTHONPATH=/home/shriram/Desktop/ros2_practice/build/practice/prefix_override:/home/shriram/Desktop/ros2_practice/install/practice/lib/python3.10/site-packages:${PYTHONPATH} /usr/bin/python3 setup.py develop --editable --build-directory /home/shriram/Desktop/ros2_practice/build/practice/build --no-deps install_data
