[4.271s] Invoking command in '/home/shriram/Desktop/ros2_practice/build/practice': PYTHONPATH=/home/shriram/Desktop/ros2_practice/build/practice/prefix_override:/home/shriram/Desktop/ros2_practice/install/practice/lib/python3.10/site-packages:${PYTHONPATH} /usr/bin/python3 setup.py develop --uninstall --editable --build-directory /home/shriram/Desktop/ros2_practice/build/practice/build
[4.831s] running develop
[5.530s] Invoked command in '/home/shriram/Desktop/ros2_practice/build/practice' returned '0': PYTHONPATH=/home/shriram/Desktop/ros2_practice/build/practice/prefix_override:/home/shriram/Desktop/ros2_practice/install/practice/lib/python3.10/site-packages:${PYTHONPATH} /usr/bin/python3 setup.py develop --uninstall --editable --build-directory /home/shriram/Desktop/ros2_practice/build/practice/build
[5.531s] Invoking command in '/home/shriram/Desktop/ros2_practice/src/practice': PYTHONPATH=/home/shriram/Desktop/ros2_practice/build/practice/prefix_override:/home/shriram/Desktop/ros2_practice/install/practice/lib/python3.10/site-packages:${PYTHONPATH} /usr/bin/python3 setup.py egg_info --egg-base ../../build/practice build --build-base /home/shriram/Desktop/ros2_practice/build/practice/build install --record /home/shriram/Desktop/ros2_practice/build/practice/install.log --single-version-externally-managed
[6.051s] running egg_info
[6.052s] writing ../../build/practice/practice.egg-info/PKG-INFO
[6.054s] writing dependency_links to ../../build/practice/practice.egg-info/dependency_links.txt
[6.057s] writing entry points to ../../build/practice/practice.egg-info/entry_points.txt
[6.057s] writing requirements to ../../build/practice/practice.egg-info/requires.txt
[6.057s] writing top-level names to ../../build/practice/practice.egg-info/top_level.txt
[6.069s] reading manifest file '../../build/practice/practice.egg-info/SOURCES.txt'
[6.072s] writing manifest file '../../build/practice/practice.egg-info/SOURCES.txt'
[6.072s] running build
[6.072s] running build_py
[6.072s] copying practice/circ.py -> /home/shriram/Desktop/ros2_practice/build/practice/build/lib/practice
[6.074s] running install
[6.074s] running install_lib
[6.076s] copying /home/shriram/Desktop/ros2_practice/build/practice/build/lib/practice/circ.py -> /home/shriram/Desktop/ros2_practice/install/practice/lib/python3.10/site-packages/practice
[6.077s] byte-compiling /home/shriram/Desktop/ros2_practice/install/practice/lib/python3.10/site-packages/practice/circ.py to circ.cpython-310.pyc
[6.078s] running install_data
[6.080s] running install_egg_info
[6.083s] removing '/home/shriram/Desktop/ros2_practice/install/practice/lib/python3.10/site-packages/practice-0.0.0-py3.10.egg-info' (and everything under it)
[6.092s] Copying ../../build/practice/practice.egg-info to /home/shriram/Desktop/ros2_practice/install/practice/lib/python3.10/site-packages/practice-0.0.0-py3.10.egg-info
[6.092s] running install_scripts
[6.123s] Installing circ script to /home/shriram/Desktop/ros2_practice/install/practice/lib/practice
[6.124s] Installing controller script to /home/shriram/Desktop/ros2_practice/install/practice/lib/practice
[6.124s] Installing move2 script to /home/shriram/Desktop/ros2_practice/install/practice/lib/practice
[6.124s] Installing node1 script to /home/shriram/Desktop/ros2_practice/install/practice/lib/practice
[6.124s] Installing parabolic_curve script to /home/shriram/Desktop/ros2_practice/install/practice/lib/practice
[6.124s] Installing pose script to /home/shriram/Desktop/ros2_practice/install/practice/lib/practice
[6.127s] writing list of installed files to '/home/shriram/Desktop/ros2_practice/build/practice/install.log'
[6.291s] Invoked command in '/home/shriram/Desktop/ros2_practice/src/practice' returned '0': PYTHONPATH=/home/shriram/Desktop/ros2_practice/build/practice/prefix_override:/home/shriram/Desktop/ros2_practice/install/practice/lib/python3.10/site-packages:${PYTHONPATH} /usr/bin/python3 setup.py egg_info --egg-base ../../build/practice build --build-base /home/shriram/Desktop/ros2_practice/build/practice/build install --record /home/shriram/Desktop/ros2_practice/build/practice/install.log --single-version-externally-managed
