[1.874s] Invoking command in '/home/shriram/Desktop/ros2_practice/build/practice': PYTHONPATH=/home/shriram/Desktop/ros2_practice/build/practice/prefix_override:/home/shriram/Desktop/ros2_practice/install/practice/lib/python3.10/site-packages:${PYTHONPATH} /usr/bin/python3 setup.py develop --uninstall --editable --build-directory /home/shriram/Desktop/ros2_practice/build/practice/build
[2.332s] running develop
[2.744s] Invoked command in '/home/shriram/Desktop/ros2_practice/build/practice' returned '0': PYTHONPATH=/home/shriram/Desktop/ros2_practice/build/practice/prefix_override:/home/shriram/Desktop/ros2_practice/install/practice/lib/python3.10/site-packages:${PYTHONPATH} /usr/bin/python3 setup.py develop --uninstall --editable --build-directory /home/shriram/Desktop/ros2_practice/build/practice/build
[2.745s] Invoking command in '/home/shriram/Desktop/ros2_practice/src/practice': PYTHONPATH=/home/shriram/Desktop/ros2_practice/build/practice/prefix_override:/home/shriram/Desktop/ros2_practice/install/practice/lib/python3.10/site-packages:${PYTHONPATH} /usr/bin/python3 setup.py egg_info --egg-base ../../build/practice build --build-base /home/shriram/Desktop/ros2_practice/build/practice/build install --record /home/shriram/Desktop/ros2_practice/build/practice/install.log --single-version-externally-managed
[2.997s] running egg_info
[2.997s] writing ../../build/practice/practice.egg-info/PKG-INFO
[2.997s] writing dependency_links to ../../build/practice/practice.egg-info/dependency_links.txt
[2.997s] writing entry points to ../../build/practice/practice.egg-info/entry_points.txt
[2.997s] writing requirements to ../../build/practice/practice.egg-info/requires.txt
[2.998s] writing top-level names to ../../build/practice/practice.egg-info/top_level.txt
[2.999s] reading manifest file '../../build/practice/practice.egg-info/SOURCES.txt'
[3.000s] writing manifest file '../../build/practice/practice.egg-info/SOURCES.txt'
[3.000s] running build
[3.000s] running build_py
[3.000s] running install
[3.001s] running install_lib
[3.002s] running install_data
[3.002s] running install_egg_info
[3.003s] removing '/home/shriram/Desktop/ros2_practice/install/practice/lib/python3.10/site-packages/practice-0.0.0-py3.10.egg-info' (and everything under it)
[3.003s] Copying ../../build/practice/practice.egg-info to /home/shriram/Desktop/ros2_practice/install/practice/lib/python3.10/site-packages/practice-0.0.0-py3.10.egg-info
[3.004s] running install_scripts
[3.020s] Installing circ script to /home/shriram/Desktop/ros2_practice/install/practice/lib/practice
[3.020s] Installing controller script to /home/shriram/Desktop/ros2_practice/install/practice/lib/practice
[3.021s] Installing move2 script to /home/shriram/Desktop/ros2_practice/install/practice/lib/practice
[3.021s] Installing node1 script to /home/shriram/Desktop/ros2_practice/install/practice/lib/practice
[3.021s] Installing parabola script to /home/shriram/Desktop/ros2_practice/install/practice/lib/practice
[3.021s] Installing parabolic_curve script to /home/shriram/Desktop/ros2_practice/install/practice/lib/practice
[3.021s] Installing pose script to /home/shriram/Desktop/ros2_practice/install/practice/lib/practice
[3.021s] writing list of installed files to '/home/shriram/Desktop/ros2_practice/build/practice/install.log'
[3.045s] Invoked command in '/home/shriram/Desktop/ros2_practice/src/practice' returned '0': PYTHONPATH=/home/shriram/Desktop/ros2_practice/build/practice/prefix_override:/home/shriram/Desktop/ros2_practice/install/practice/lib/python3.10/site-packages:${PYTHONPATH} /usr/bin/python3 setup.py egg_info --egg-base ../../build/practice build --build-base /home/shriram/Desktop/ros2_practice/build/practice/build install --record /home/shriram/Desktop/ros2_practice/build/practice/install.log --single-version-externally-managed
