[0.525s] Invoking command in '/home/shriram/Desktop/ros2_practice/build/navigation_tb3': CMAKE_PREFIX_PATH=${CMAKE_PREFIX_PATH}:/home/shriram/Desktop/ros2_learners-main/install/robot_math:/opt/ros/humble /usr/bin/cmake /home/shriram/Desktop/ros2_practice/src/ros2_learners-main/navigation_tb3 -DCMAKE_INSTALL_PREFIX=/home/shriram/Desktop/ros2_practice/install/navigation_tb3
[1.440s] -- The C compiler identification is GNU 11.4.0
[1.440s] -- The CXX compiler identification is GNU 11.4.0
[1.440s] -- Detecting C compiler ABI info
[1.440s] -- Detecting C compiler ABI info - done
[1.441s] -- Check for working C compiler: /usr/bin/cc - skipped
[1.441s] -- Detecting C compile features
[1.441s] -- Detecting C compile features - done
[1.441s] -- Detecting CXX compiler ABI info
[1.441s] -- Detecting CXX compiler ABI info - done
[1.441s] -- Check for working CXX compiler: /usr/bin/c++ - skipped
[1.441s] -- Detecting CXX compile features
[1.441s] -- Detecting CXX compile features - done
[1.441s] -- Found ament_cmake: 1.3.5 (/opt/ros/humble/share/ament_cmake/cmake)
[1.441s] -- Found Python3: /usr/bin/python3.10 (found version "3.10.12") found components: Interpreter 
[1.441s] -- Found rclcpp: 16.0.5 (/opt/ros/humble/share/rclcpp/cmake)
[1.441s] -- Found rosidl_generator_c: 3.1.5 (/opt/ros/humble/share/rosidl_generator_c/cmake)
[1.442s] -- Found rosidl_adapter: 3.1.5 (/opt/ros/humble/share/rosidl_adapter/cmake)
[1.442s] -- Found rosidl_generator_cpp: 3.1.5 (/opt/ros/humble/share/rosidl_generator_cpp/cmake)
[1.442s] -- Using all available rosidl_typesupport_c: rosidl_typesupport_fastrtps_c;rosidl_typesupport_introspection_c
[1.442s] -- Using all available rosidl_typesupport_cpp: rosidl_typesupport_fastrtps_cpp;rosidl_typesupport_introspection_cpp
[1.442s] -- Found rmw_implementation_cmake: 6.1.1 (/opt/ros/humble/share/rmw_implementation_cmake/cmake)
[1.442s] -- Found rmw_cyclonedds_cpp: 1.3.4 (/opt/ros/humble/share/rmw_cyclonedds_cpp/cmake)
[1.442s] -- Using RMW implementation 'rmw_cyclonedds_cpp' as default
[1.442s] -- Looking for pthread.h
[1.442s] -- Looking for pthread.h - found
[1.442s] -- Performing Test CMAKE_HAVE_LIBC_PTHREAD
[1.451s] -- Performing Test CMAKE_HAVE_LIBC_PTHREAD - Success
[1.452s] -- Found Threads: TRUE  
[1.701s] -- Found nav_msgs: 4.2.3 (/opt/ros/humble/share/nav_msgs/cmake)
[1.904s] -- Found rclpy: 3.3.9 (/opt/ros/humble/share/rclpy/cmake)
[2.165s] -- Configuring done
[2.179s] -- Generating done
[2.181s] -- Build files have been written to: /home/shriram/Desktop/ros2_practice/build/navigation_tb3
[2.214s] Invoked command in '/home/shriram/Desktop/ros2_practice/build/navigation_tb3' returned '0': CMAKE_PREFIX_PATH=${CMAKE_PREFIX_PATH}:/home/shriram/Desktop/ros2_learners-main/install/robot_math:/opt/ros/humble /usr/bin/cmake /home/shriram/Desktop/ros2_practice/src/ros2_learners-main/navigation_tb3 -DCMAKE_INSTALL_PREFIX=/home/shriram/Desktop/ros2_practice/install/navigation_tb3
[2.215s] Invoking command in '/home/shriram/Desktop/ros2_practice/build/navigation_tb3': CMAKE_PREFIX_PATH=${CMAKE_PREFIX_PATH}:/home/shriram/Desktop/ros2_learners-main/install/robot_math:/opt/ros/humble /usr/bin/cmake --build /home/shriram/Desktop/ros2_practice/build/navigation_tb3 -- -j12 -l12
[2.307s] [ 50%] [32mBuilding CXX object CMakeFiles/pub_occupancy_grid.dir/src/pub_occupancy_grid.cpp.o[0m
[2.319s] [ 50%] Built target ament_cmake_python_copy_navigation_tb3
[2.805s] running egg_info
[2.809s] creating navigation_tb3.egg-info
[2.810s] writing navigation_tb3.egg-info/PKG-INFO
[2.810s] writing dependency_links to navigation_tb3.egg-info/dependency_links.txt
[2.811s] writing top-level names to navigation_tb3.egg-info/top_level.txt
[2.811s] writing manifest file 'navigation_tb3.egg-info/SOURCES.txt'
[2.811s] reading manifest file 'navigation_tb3.egg-info/SOURCES.txt'
[2.811s] writing manifest file 'navigation_tb3.egg-info/SOURCES.txt'
[2.911s] [ 50%] Built target ament_cmake_python_build_navigation_tb3_egg
[9.530s] [100%] [32m[1mLinking CXX executable pub_occupancy_grid[0m
[10.155s] [100%] Built target pub_occupancy_grid
[10.252s] Invoked command in '/home/shriram/Desktop/ros2_practice/build/navigation_tb3' returned '0': CMAKE_PREFIX_PATH=${CMAKE_PREFIX_PATH}:/home/shriram/Desktop/ros2_learners-main/install/robot_math:/opt/ros/humble /usr/bin/cmake --build /home/shriram/Desktop/ros2_practice/build/navigation_tb3 -- -j12 -l12
[10.323s] Invoking command in '/home/shriram/Desktop/ros2_practice/build/navigation_tb3': CMAKE_PREFIX_PATH=${CMAKE_PREFIX_PATH}:/home/shriram/Desktop/ros2_learners-main/install/robot_math:/opt/ros/humble /usr/bin/cmake --install /home/shriram/Desktop/ros2_practice/build/navigation_tb3
[10.337s] -- Install configuration: ""
[10.338s] -- Installing: /home/shriram/Desktop/ros2_practice/install/navigation_tb3/lib/navigation_tb3/pub_occupancy_grid
[10.340s] -- Set runtime path of "/home/shriram/Desktop/ros2_practice/install/navigation_tb3/lib/navigation_tb3/pub_occupancy_grid" to ""
[10.340s] -- Installing: /home/shriram/Desktop/ros2_practice/install/navigation_tb3/share/navigation_tb3/launch
[10.340s] -- Installing: /home/shriram/Desktop/ros2_practice/install/navigation_tb3/share/navigation_tb3/launch/navigation.launch.py
[10.341s] -- Installing: /home/shriram/Desktop/ros2_practice/install/navigation_tb3/share/navigation_tb3/launch/mapping.launch.py
[10.341s] -- Installing: /home/shriram/Desktop/ros2_practice/install/navigation_tb3/share/navigation_tb3/config
[10.341s] -- Installing: /home/shriram/Desktop/ros2_practice/install/navigation_tb3/share/navigation_tb3/config/mapping.rviz
[10.341s] -- Installing: /home/shriram/Desktop/ros2_practice/install/navigation_tb3/share/navigation_tb3/config/navigation.rviz
[10.342s] -- Installing: /home/shriram/Desktop/ros2_practice/install/navigation_tb3/share/navigation_tb3/config/tb3_map.pgm
[10.342s] -- Installing: /home/shriram/Desktop/ros2_practice/install/navigation_tb3/share/navigation_tb3/config/turtlebot3_lds_2d.lua
[10.342s] -- Installing: /home/shriram/Desktop/ros2_practice/install/navigation_tb3/share/navigation_tb3/config/tb3_map.yaml
[10.342s] -- Installing: /home/shriram/Desktop/ros2_practice/install/navigation_tb3/share/navigation_tb3/config/tb3_nav2_params.yaml
[10.343s] -- Installing: /home/shriram/Desktop/ros2_practice/install/navigation_tb3/share/navigation_tb3/environment/pythonpath.sh
[10.343s] -- Installing: /home/shriram/Desktop/ros2_practice/install/navigation_tb3/share/navigation_tb3/environment/pythonpath.dsv
[10.343s] -- Installing: /home/shriram/Desktop/ros2_practice/install/navigation_tb3/local/lib/python3.10/dist-packages/navigation_tb3-0.0.0-py3.10.egg-info
[10.344s] -- Installing: /home/shriram/Desktop/ros2_practice/install/navigation_tb3/local/lib/python3.10/dist-packages/navigation_tb3-0.0.0-py3.10.egg-info/dependency_links.txt
[10.344s] -- Installing: /home/shriram/Desktop/ros2_practice/install/navigation_tb3/local/lib/python3.10/dist-packages/navigation_tb3-0.0.0-py3.10.egg-info/SOURCES.txt
[10.344s] -- Installing: /home/shriram/Desktop/ros2_practice/install/navigation_tb3/local/lib/python3.10/dist-packages/navigation_tb3-0.0.0-py3.10.egg-info/PKG-INFO
[10.344s] -- Installing: /home/shriram/Desktop/ros2_practice/install/navigation_tb3/local/lib/python3.10/dist-packages/navigation_tb3-0.0.0-py3.10.egg-info/top_level.txt
[10.345s] -- Installing: /home/shriram/Desktop/ros2_practice/install/navigation_tb3/local/lib/python3.10/dist-packages/navigation_tb3
[10.345s] -- Installing: /home/shriram/Desktop/ros2_practice/install/navigation_tb3/local/lib/python3.10/dist-packages/navigation_tb3/__init__.py
[10.447s] Listing '/home/shriram/Desktop/ros2_practice/install/navigation_tb3/local/lib/python3.10/dist-packages/navigation_tb3'...
[10.447s] Compiling '/home/shriram/Desktop/ros2_practice/install/navigation_tb3/local/lib/python3.10/dist-packages/navigation_tb3/__init__.py'...
[10.472s] -- Installing: /home/shriram/Desktop/ros2_practice/install/navigation_tb3/lib/navigation_tb3/single_goal_nav.py
[10.472s] -- Installing: /home/shriram/Desktop/ros2_practice/install/navigation_tb3/lib/navigation_tb3/multi_waypoints.py
[10.473s] -- Installing: /home/shriram/Desktop/ros2_practice/install/navigation_tb3/share/ament_index/resource_index/package_run_dependencies/navigation_tb3
[10.474s] -- Installing: /home/shriram/Desktop/ros2_practice/install/navigation_tb3/share/ament_index/resource_index/parent_prefix_path/navigation_tb3
[10.476s] -- Installing: /home/shriram/Desktop/ros2_practice/install/navigation_tb3/share/navigation_tb3/environment/ament_prefix_path.sh
[10.476s] -- Installing: /home/shriram/Desktop/ros2_practice/install/navigation_tb3/share/navigation_tb3/environment/ament_prefix_path.dsv
[10.477s] -- Installing: /home/shriram/Desktop/ros2_practice/install/navigation_tb3/share/navigation_tb3/environment/path.sh
[10.478s] -- Installing: /home/shriram/Desktop/ros2_practice/install/navigation_tb3/share/navigation_tb3/environment/path.dsv
[10.479s] -- Installing: /home/shriram/Desktop/ros2_practice/install/navigation_tb3/share/navigation_tb3/local_setup.bash
[10.479s] -- Installing: /home/shriram/Desktop/ros2_practice/install/navigation_tb3/share/navigation_tb3/local_setup.sh
[10.479s] -- Installing: /home/shriram/Desktop/ros2_practice/install/navigation_tb3/share/navigation_tb3/local_setup.zsh
[10.480s] -- Installing: /home/shriram/Desktop/ros2_practice/install/navigation_tb3/share/navigation_tb3/local_setup.dsv
[10.480s] -- Installing: /home/shriram/Desktop/ros2_practice/install/navigation_tb3/share/navigation_tb3/package.dsv
[10.480s] -- Installing: /home/shriram/Desktop/ros2_practice/install/navigation_tb3/share/ament_index/resource_index/packages/navigation_tb3
[10.481s] -- Installing: /home/shriram/Desktop/ros2_practice/install/navigation_tb3/share/navigation_tb3/cmake/navigation_tb3Config.cmake
[10.482s] -- Installing: /home/shriram/Desktop/ros2_practice/install/navigation_tb3/share/navigation_tb3/cmake/navigation_tb3Config-version.cmake
[10.482s] -- Installing: /home/shriram/Desktop/ros2_practice/install/navigation_tb3/share/navigation_tb3/package.xml
[10.512s] Invoked command in '/home/shriram/Desktop/ros2_practice/build/navigation_tb3' returned '0': CMAKE_PREFIX_PATH=${CMAKE_PREFIX_PATH}:/home/shriram/Desktop/ros2_learners-main/install/robot_math:/opt/ros/humble /usr/bin/cmake --install /home/shriram/Desktop/ros2_practice/build/navigation_tb3
