[0.531s] Invoking command in '/home/shriram/Desktop/ros2_practice/build/nodes': CMAKE_PREFIX_PATH=/opt/ros/humble /usr/bin/cmake --build /home/shriram/Desktop/ros2_practice/build/nodes -- -j12 -l12
[1.354s] [ 33%] Built target pub_node
[1.354s] [ 66%] Built target laser_pub
[1.354s] [100%] Built target sub_node
[1.359s] Invoked command in '/home/shriram/Desktop/ros2_practice/build/nodes' returned '0': CMAKE_PREFIX_PATH=/opt/ros/humble /usr/bin/cmake --build /home/shriram/Desktop/ros2_practice/build/nodes -- -j12 -l12
[1.406s] Invoking command in '/home/shriram/Desktop/ros2_practice/build/nodes': CMAKE_PREFIX_PATH=/opt/ros/humble /usr/bin/cmake --install /home/shriram/Desktop/ros2_practice/build/nodes
[1.435s] -- Install configuration: ""
[1.436s] -- Up-to-date: /home/shriram/Desktop/ros2_practice/install/nodes/lib/nodes/pub_node
[1.437s] -- Up-to-date: /home/shriram/Desktop/ros2_practice/install/nodes/lib/nodes/sub_node
[1.438s] -- Up-to-date: /home/shriram/Desktop/ros2_practice/install/nodes/lib/nodes/laser_pub
[1.438s] -- Up-to-date: /home/shriram/Desktop/ros2_practice/install/nodes/share/ament_index/resource_index/package_run_dependencies/nodes
[1.439s] -- Up-to-date: /home/shriram/Desktop/ros2_practice/install/nodes/share/ament_index/resource_index/parent_prefix_path/nodes
[1.439s] -- Up-to-date: /home/shriram/Desktop/ros2_practice/install/nodes/share/nodes/environment/ament_prefix_path.sh
[1.439s] -- Up-to-date: /home/shriram/Desktop/ros2_practice/install/nodes/share/nodes/environment/ament_prefix_path.dsv
[1.440s] -- Up-to-date: /home/shriram/Desktop/ros2_practice/install/nodes/share/nodes/environment/path.sh
[1.440s] -- Up-to-date: /home/shriram/Desktop/ros2_practice/install/nodes/share/nodes/environment/path.dsv
[1.440s] -- Up-to-date: /home/shriram/Desktop/ros2_practice/install/nodes/share/nodes/local_setup.bash
[1.440s] -- Up-to-date: /home/shriram/Desktop/ros2_practice/install/nodes/share/nodes/local_setup.sh
[1.440s] -- Up-to-date: /home/shriram/Desktop/ros2_practice/install/nodes/share/nodes/local_setup.zsh
[1.440s] -- Up-to-date: /home/shriram/Desktop/ros2_practice/install/nodes/share/nodes/local_setup.dsv
[1.440s] -- Installing: /home/shriram/Desktop/ros2_practice/install/nodes/share/nodes/package.dsv
[1.440s] -- Up-to-date: /home/shriram/Desktop/ros2_practice/install/nodes/share/ament_index/resource_index/packages/nodes
[1.440s] -- Up-to-date: /home/shriram/Desktop/ros2_practice/install/nodes/share/nodes/cmake/nodesConfig.cmake
[1.440s] -- Up-to-date: /home/shriram/Desktop/ros2_practice/install/nodes/share/nodes/cmake/nodesConfig-version.cmake
[1.440s] -- Up-to-date: /home/shriram/Desktop/ros2_practice/install/nodes/share/nodes/package.xml
[1.510s] Invoked command in '/home/shriram/Desktop/ros2_practice/build/nodes' returned '0': CMAKE_PREFIX_PATH=/opt/ros/humble /usr/bin/cmake --install /home/shriram/Desktop/ros2_practice/build/nodes
