[0.840s] Invoking command in '/home/shriram/Desktop/ros2_practice/src/tform': PYTHONPATH=/home/shriram/Desktop/ros2_practice/build/tform/prefix_override:/home/shriram/Desktop/ros2_practice/install/tform/lib/python3.10/site-packages:${PYTHONPATH} /usr/bin/python3 setup.py egg_info --egg-base ../../build/tform build --build-base /home/shriram/Desktop/ros2_practice/build/tform/build install --record /home/shriram/Desktop/ros2_practice/build/tform/install.log --single-version-externally-managed
[1.048s] running egg_info
[1.048s] writing ../../build/tform/tform.egg-info/PKG-INFO
[1.048s] writing dependency_links to ../../build/tform/tform.egg-info/dependency_links.txt
[1.048s] writing entry points to ../../build/tform/tform.egg-info/entry_points.txt
[1.049s] writing requirements to ../../build/tform/tform.egg-info/requires.txt
[1.049s] writing top-level names to ../../build/tform/tform.egg-info/top_level.txt
[1.050s] reading manifest file '../../build/tform/tform.egg-info/SOURCES.txt'
[1.051s] writing manifest file '../../build/tform/tform.egg-info/SOURCES.txt'
[1.051s] running build
[1.052s] running build_py
[1.052s] copying tform/dyn.py -> /home/shriram/Desktop/ros2_practice/build/tform/build/lib/tform
[1.052s] running install
[1.052s] running install_lib
[1.053s] copying /home/shriram/Desktop/ros2_practice/build/tform/build/lib/tform/dyn.py -> /home/shriram/Desktop/ros2_practice/install/tform/lib/python3.10/site-packages/tform
[1.053s] byte-compiling /home/shriram/Desktop/ros2_practice/install/tform/lib/python3.10/site-packages/tform/dyn.py to dyn.cpython-310.pyc
[1.054s] running install_data
[1.055s] copying launch/dyn.launch.py -> /home/shriram/Desktop/ros2_practice/install/tform/share/tform/launch
[1.055s] running install_egg_info
[1.056s] removing '/home/shriram/Desktop/ros2_practice/install/tform/lib/python3.10/site-packages/tform-0.0.0-py3.10.egg-info' (and everything under it)
[1.056s] Copying ../../build/tform/tform.egg-info to /home/shriram/Desktop/ros2_practice/install/tform/lib/python3.10/site-packages/tform-0.0.0-py3.10.egg-info
[1.057s] running install_scripts
[1.074s] Installing circ script to /home/shriram/Desktop/ros2_practice/install/tform/lib/tform
[1.074s] Installing dyn script to /home/shriram/Desktop/ros2_practice/install/tform/lib/tform
[1.075s] writing list of installed files to '/home/shriram/Desktop/ros2_practice/build/tform/install.log'
[1.117s] Invoked command in '/home/shriram/Desktop/ros2_practice/src/tform' returned '0': PYTHONPATH=/home/shriram/Desktop/ros2_practice/build/tform/prefix_override:/home/shriram/Desktop/ros2_practice/install/tform/lib/python3.10/site-packages:${PYTHONPATH} /usr/bin/python3 setup.py egg_info --egg-base ../../build/tform build --build-base /home/shriram/Desktop/ros2_practice/build/tform/build install --record /home/shriram/Desktop/ros2_practice/build/tform/install.log --single-version-externally-managed
