[0.551s] DEBUG:colcon:Command line arguments: ['/usr/bin/colcon', 'build', '--symlink-install']
[0.551s] DEBUG:colcon:Parsed command line arguments: Namespace(log_base=None, log_level=None, verb_name='build', build_base='build', install_base='install', merge_install=False, symlink_install=True, test_result_base=None, continue_on_error=False, executor='parallel', parallel_workers=12, event_handlers=None, ignore_user_meta=False, metas=['./colcon.meta'], base_paths=['.'], packages_ignore=None, packages_ignore_regex=None, paths=None, packages_up_to=None, packages_up_to_regex=None, packages_above=None, packages_above_and_dependencies=None, packages_above_depth=None, packages_select_by_dep=None, packages_skip_by_dep=None, packages_skip_up_to=None, packages_select_build_failed=False, packages_skip_build_finished=False, packages_select_test_failures=False, packages_skip_test_passed=False, packages_select=None, packages_skip=None, packages_select_regex=None, packages_skip_regex=None, packages_start=None, packages_end=None, allow_overriding=[], cmake_args=None, cmake_target=None, cmake_target_skip_unavailable=False, cmake_clean_cache=False, cmake_clean_first=False, cmake_force_configure=False, ament_cmake_args=None, catkin_cmake_args=None, catkin_skip_building_tests=False, mixin_files=None, mixin=None, verb_parser=<colcon_mixin.mixin.mixin_argument.MixinArgumentDecorator object at 0x7feaa56cf5e0>, verb_extension=<colcon_core.verb.build.BuildVerb object at 0x7feaa553b640>, main=<bound method BuildVerb.main of <colcon_core.verb.build.BuildVerb object at 0x7feaa553b640>>, mixin_verb=('build',))
[0.586s] Level 1:colcon.colcon_core.package_discovery:discover_packages(colcon_meta) check parameters
[0.586s] Level 1:colcon.colcon_core.package_discovery:discover_packages(recursive) check parameters
[0.586s] Level 1:colcon.colcon_core.package_discovery:discover_packages(ignore) check parameters
[0.586s] Level 1:colcon.colcon_core.package_discovery:discover_packages(path) check parameters
[0.586s] Level 1:colcon.colcon_core.package_discovery:discover_packages(colcon_meta) discover
[0.586s] Level 1:colcon.colcon_core.package_discovery:discover_packages(recursive) discover
[0.586s] INFO:colcon.colcon_core.package_discovery:Crawling recursively for packages in '/home/shriram/Desktop/ros2_practice'
[0.586s] Level 1:colcon.colcon_core.package_identification:_identify(.) by extensions ['ignore', 'ignore_ament_install']
[0.586s] Level 1:colcon.colcon_core.package_identification:_identify(.) by extension 'ignore'
[0.586s] Level 1:colcon.colcon_core.package_identification:_identify(.) by extension 'ignore_ament_install'
[0.586s] Level 1:colcon.colcon_core.package_identification:_identify(.) by extensions ['colcon_pkg']
[0.586s] Level 1:colcon.colcon_core.package_identification:_identify(.) by extension 'colcon_pkg'
[0.587s] Level 1:colcon.colcon_core.package_identification:_identify(.) by extensions ['colcon_meta']
[0.587s] Level 1:colcon.colcon_core.package_identification:_identify(.) by extension 'colcon_meta'
[0.587s] Level 1:colcon.colcon_core.package_identification:_identify(.) by extensions ['ros']
[0.587s] Level 1:colcon.colcon_core.package_identification:_identify(.) by extension 'ros'
[0.597s] Level 1:colcon.colcon_core.package_identification:_identify(.) by extensions ['cmake', 'python']
[0.597s] Level 1:colcon.colcon_core.package_identification:_identify(.) by extension 'cmake'
[0.597s] Level 1:colcon.colcon_core.package_identification:_identify(.) by extension 'python'
[0.597s] Level 1:colcon.colcon_core.package_identification:_identify(.) by extensions ['python_setup_py']
[0.598s] Level 1:colcon.colcon_core.package_identification:_identify(.) by extension 'python_setup_py'
[0.598s] Level 1:colcon.colcon_core.package_identification:_identify(build) by extensions ['ignore', 'ignore_ament_install']
[0.598s] Level 1:colcon.colcon_core.package_identification:_identify(build) by extension 'ignore'
[0.598s] Level 1:colcon.colcon_core.package_identification:_identify(build) ignored
[0.598s] Level 1:colcon.colcon_core.package_identification:_identify(install) by extensions ['ignore', 'ignore_ament_install']
[0.598s] Level 1:colcon.colcon_core.package_identification:_identify(install) by extension 'ignore'
[0.598s] Level 1:colcon.colcon_core.package_identification:_identify(install) ignored
[0.598s] Level 1:colcon.colcon_core.package_identification:_identify(log) by extensions ['ignore', 'ignore_ament_install']
[0.598s] Level 1:colcon.colcon_core.package_identification:_identify(log) by extension 'ignore'
[0.598s] Level 1:colcon.colcon_core.package_identification:_identify(log) ignored
[0.598s] Level 1:colcon.colcon_core.package_identification:_identify(src) by extensions ['ignore', 'ignore_ament_install']
[0.599s] Level 1:colcon.colcon_core.package_identification:_identify(src) by extension 'ignore'
[0.599s] Level 1:colcon.colcon_core.package_identification:_identify(src) by extension 'ignore_ament_install'
[0.599s] Level 1:colcon.colcon_core.package_identification:_identify(src) by extensions ['colcon_pkg']
[0.599s] Level 1:colcon.colcon_core.package_identification:_identify(src) by extension 'colcon_pkg'
[0.599s] Level 1:colcon.colcon_core.package_identification:_identify(src) by extensions ['colcon_meta']
[0.599s] Level 1:colcon.colcon_core.package_identification:_identify(src) by extension 'colcon_meta'
[0.599s] Level 1:colcon.colcon_core.package_identification:_identify(src) by extensions ['ros']
[0.599s] Level 1:colcon.colcon_core.package_identification:_identify(src) by extension 'ros'
[0.599s] Level 1:colcon.colcon_core.package_identification:_identify(src) by extensions ['cmake', 'python']
[0.599s] Level 1:colcon.colcon_core.package_identification:_identify(src) by extension 'cmake'
[0.599s] Level 1:colcon.colcon_core.package_identification:_identify(src) by extension 'python'
[0.599s] Level 1:colcon.colcon_core.package_identification:_identify(src) by extensions ['python_setup_py']
[0.599s] Level 1:colcon.colcon_core.package_identification:_identify(src) by extension 'python_setup_py'
[0.599s] Level 1:colcon.colcon_core.package_identification:_identify(src/bringup) by extensions ['ignore', 'ignore_ament_install']
[0.599s] Level 1:colcon.colcon_core.package_identification:_identify(src/bringup) by extension 'ignore'
[0.599s] Level 1:colcon.colcon_core.package_identification:_identify(src/bringup) by extension 'ignore_ament_install'
[0.599s] Level 1:colcon.colcon_core.package_identification:_identify(src/bringup) by extensions ['colcon_pkg']
[0.599s] Level 1:colcon.colcon_core.package_identification:_identify(src/bringup) by extension 'colcon_pkg'
[0.599s] Level 1:colcon.colcon_core.package_identification:_identify(src/bringup) by extensions ['colcon_meta']
[0.599s] Level 1:colcon.colcon_core.package_identification:_identify(src/bringup) by extension 'colcon_meta'
[0.599s] Level 1:colcon.colcon_core.package_identification:_identify(src/bringup) by extensions ['ros']
[0.599s] Level 1:colcon.colcon_core.package_identification:_identify(src/bringup) by extension 'ros'
[0.602s] DEBUG:colcon.colcon_core.package_identification:Package 'src/bringup' with type 'ros.ament_cmake' and name 'bringup'
[0.603s] Level 1:colcon.colcon_core.package_identification:_identify(src/cv_basics) by extensions ['ignore', 'ignore_ament_install']
[0.603s] Level 1:colcon.colcon_core.package_identification:_identify(src/cv_basics) by extension 'ignore'
[0.603s] Level 1:colcon.colcon_core.package_identification:_identify(src/cv_basics) by extension 'ignore_ament_install'
[0.603s] Level 1:colcon.colcon_core.package_identification:_identify(src/cv_basics) by extensions ['colcon_pkg']
[0.603s] Level 1:colcon.colcon_core.package_identification:_identify(src/cv_basics) by extension 'colcon_pkg'
[0.603s] Level 1:colcon.colcon_core.package_identification:_identify(src/cv_basics) by extensions ['colcon_meta']
[0.603s] Level 1:colcon.colcon_core.package_identification:_identify(src/cv_basics) by extension 'colcon_meta'
[0.603s] Level 1:colcon.colcon_core.package_identification:_identify(src/cv_basics) by extensions ['ros']
[0.603s] Level 1:colcon.colcon_core.package_identification:_identify(src/cv_basics) by extension 'ros'
[0.604s] DEBUG:colcon.colcon_core.package_identification:Package 'src/cv_basics' with type 'ros.ament_python' and name 'cv_basics'
[0.604s] Level 1:colcon.colcon_core.package_identification:_identify(src/desc) by extensions ['ignore', 'ignore_ament_install']
[0.604s] Level 1:colcon.colcon_core.package_identification:_identify(src/desc) by extension 'ignore'
[0.605s] Level 1:colcon.colcon_core.package_identification:_identify(src/desc) by extension 'ignore_ament_install'
[0.605s] Level 1:colcon.colcon_core.package_identification:_identify(src/desc) by extensions ['colcon_pkg']
[0.605s] Level 1:colcon.colcon_core.package_identification:_identify(src/desc) by extension 'colcon_pkg'
[0.605s] Level 1:colcon.colcon_core.package_identification:_identify(src/desc) by extensions ['colcon_meta']
[0.605s] Level 1:colcon.colcon_core.package_identification:_identify(src/desc) by extension 'colcon_meta'
[0.605s] Level 1:colcon.colcon_core.package_identification:_identify(src/desc) by extensions ['ros']
[0.605s] Level 1:colcon.colcon_core.package_identification:_identify(src/desc) by extension 'ros'
[0.605s] DEBUG:colcon.colcon_core.package_identification:Package 'src/desc' with type 'ros.ament_cmake' and name 'desc'
[0.605s] Level 1:colcon.colcon_core.package_identification:_identify(src/mobile) by extensions ['ignore', 'ignore_ament_install']
[0.606s] Level 1:colcon.colcon_core.package_identification:_identify(src/mobile) by extension 'ignore'
[0.606s] Level 1:colcon.colcon_core.package_identification:_identify(src/mobile) by extension 'ignore_ament_install'
[0.606s] Level 1:colcon.colcon_core.package_identification:_identify(src/mobile) by extensions ['colcon_pkg']
[0.606s] Level 1:colcon.colcon_core.package_identification:_identify(src/mobile) by extension 'colcon_pkg'
[0.606s] Level 1:colcon.colcon_core.package_identification:_identify(src/mobile) by extensions ['colcon_meta']
[0.606s] Level 1:colcon.colcon_core.package_identification:_identify(src/mobile) by extension 'colcon_meta'
[0.606s] Level 1:colcon.colcon_core.package_identification:_identify(src/mobile) by extensions ['ros']
[0.606s] Level 1:colcon.colcon_core.package_identification:_identify(src/mobile) by extension 'ros'
[0.606s] DEBUG:colcon.colcon_core.package_identification:Package 'src/mobile' with type 'ros.ament_python' and name 'mobile'
[0.607s] Level 1:colcon.colcon_core.package_identification:_identify(src/practice) by extensions ['ignore', 'ignore_ament_install']
[0.607s] Level 1:colcon.colcon_core.package_identification:_identify(src/practice) by extension 'ignore'
[0.607s] Level 1:colcon.colcon_core.package_identification:_identify(src/practice) by extension 'ignore_ament_install'
[0.607s] Level 1:colcon.colcon_core.package_identification:_identify(src/practice) by extensions ['colcon_pkg']
[0.607s] Level 1:colcon.colcon_core.package_identification:_identify(src/practice) by extension 'colcon_pkg'
[0.607s] Level 1:colcon.colcon_core.package_identification:_identify(src/practice) by extensions ['colcon_meta']
[0.607s] Level 1:colcon.colcon_core.package_identification:_identify(src/practice) by extension 'colcon_meta'
[0.607s] Level 1:colcon.colcon_core.package_identification:_identify(src/practice) by extensions ['ros']
[0.607s] Level 1:colcon.colcon_core.package_identification:_identify(src/practice) by extension 'ros'
[0.607s] DEBUG:colcon.colcon_core.package_identification:Package 'src/practice' with type 'ros.ament_python' and name 'practice'
[0.608s] Level 1:colcon.colcon_core.package_identification:_identify(src/tform) by extensions ['ignore', 'ignore_ament_install']
[0.608s] Level 1:colcon.colcon_core.package_identification:_identify(src/tform) by extension 'ignore'
[0.608s] Level 1:colcon.colcon_core.package_identification:_identify(src/tform) by extension 'ignore_ament_install'
[0.608s] Level 1:colcon.colcon_core.package_identification:_identify(src/tform) by extensions ['colcon_pkg']
[0.608s] Level 1:colcon.colcon_core.package_identification:_identify(src/tform) by extension 'colcon_pkg'
[0.608s] Level 1:colcon.colcon_core.package_identification:_identify(src/tform) by extensions ['colcon_meta']
[0.608s] Level 1:colcon.colcon_core.package_identification:_identify(src/tform) by extension 'colcon_meta'
[0.608s] Level 1:colcon.colcon_core.package_identification:_identify(src/tform) by extensions ['ros']
[0.608s] Level 1:colcon.colcon_core.package_identification:_identify(src/tform) by extension 'ros'
[0.609s] DEBUG:colcon.colcon_core.package_identification:Package 'src/tform' with type 'ros.ament_python' and name 'tform'
[0.609s] Level 1:colcon.colcon_core.package_discovery:discover_packages(recursive) using defaults
[0.609s] Level 1:colcon.colcon_core.package_discovery:discover_packages(ignore) discover
[0.609s] Level 1:colcon.colcon_core.package_discovery:discover_packages(ignore) using defaults
[0.609s] Level 1:colcon.colcon_core.package_discovery:discover_packages(path) discover
[0.609s] Level 1:colcon.colcon_core.package_discovery:discover_packages(path) using defaults
[0.641s] Level 1:colcon.colcon_core.package_discovery:discover_packages(prefix_path) check parameters
[0.641s] Level 1:colcon.colcon_core.package_discovery:discover_packages(prefix_path) discover
[0.648s] DEBUG:colcon.colcon_installed_package_information.package_discovery:Found 7 installed packages in /home/shriram/Desktop/ros2_practice/install
[0.651s] DEBUG:colcon.colcon_installed_package_information.package_discovery:Found 412 installed packages in /opt/ros/humble
[0.652s] Level 1:colcon.colcon_core.package_discovery:discover_packages(prefix_path) using defaults
[0.752s] Level 5:colcon.colcon_core.verb:set package 'cv_basics' build argument 'cmake_args' from command line to 'None'
[0.752s] Level 5:colcon.colcon_core.verb:set package 'cv_basics' build argument 'cmake_target' from command line to 'None'
[0.752s] Level 5:colcon.colcon_core.verb:set package 'cv_basics' build argument 'cmake_target_skip_unavailable' from command line to 'False'
[0.752s] Level 5:colcon.colcon_core.verb:set package 'cv_basics' build argument 'cmake_clean_cache' from command line to 'False'
[0.752s] Level 5:colcon.colcon_core.verb:set package 'cv_basics' build argument 'cmake_clean_first' from command line to 'False'
[0.752s] Level 5:colcon.colcon_core.verb:set package 'cv_basics' build argument 'cmake_force_configure' from command line to 'False'
[0.752s] Level 5:colcon.colcon_core.verb:set package 'cv_basics' build argument 'ament_cmake_args' from command line to 'None'
[0.752s] Level 5:colcon.colcon_core.verb:set package 'cv_basics' build argument 'catkin_cmake_args' from command line to 'None'
[0.752s] Level 5:colcon.colcon_core.verb:set package 'cv_basics' build argument 'catkin_skip_building_tests' from command line to 'False'
[0.752s] DEBUG:colcon.colcon_core.verb:Building package 'cv_basics' with the following arguments: {'ament_cmake_args': None, 'build_base': '/home/shriram/Desktop/ros2_practice/build/cv_basics', 'catkin_cmake_args': None, 'catkin_skip_building_tests': False, 'cmake_args': None, 'cmake_clean_cache': False, 'cmake_clean_first': False, 'cmake_force_configure': False, 'cmake_target': None, 'cmake_target_skip_unavailable': False, 'install_base': '/home/shriram/Desktop/ros2_practice/install/cv_basics', 'merge_install': False, 'path': '/home/shriram/Desktop/ros2_practice/src/cv_basics', 'symlink_install': True, 'test_result_base': None}
[0.753s] Level 5:colcon.colcon_core.verb:set package 'desc' build argument 'cmake_args' from command line to 'None'
[0.753s] Level 5:colcon.colcon_core.verb:set package 'desc' build argument 'cmake_target' from command line to 'None'
[0.753s] Level 5:colcon.colcon_core.verb:set package 'desc' build argument 'cmake_target_skip_unavailable' from command line to 'False'
[0.753s] Level 5:colcon.colcon_core.verb:set package 'desc' build argument 'cmake_clean_cache' from command line to 'False'
[0.753s] Level 5:colcon.colcon_core.verb:set package 'desc' build argument 'cmake_clean_first' from command line to 'False'
[0.753s] Level 5:colcon.colcon_core.verb:set package 'desc' build argument 'cmake_force_configure' from command line to 'False'
[0.753s] Level 5:colcon.colcon_core.verb:set package 'desc' build argument 'ament_cmake_args' from command line to 'None'
[0.753s] Level 5:colcon.colcon_core.verb:set package 'desc' build argument 'catkin_cmake_args' from command line to 'None'
[0.753s] Level 5:colcon.colcon_core.verb:set package 'desc' build argument 'catkin_skip_building_tests' from command line to 'False'
[0.753s] DEBUG:colcon.colcon_core.verb:Building package 'desc' with the following arguments: {'ament_cmake_args': None, 'build_base': '/home/shriram/Desktop/ros2_practice/build/desc', 'catkin_cmake_args': None, 'catkin_skip_building_tests': False, 'cmake_args': None, 'cmake_clean_cache': False, 'cmake_clean_first': False, 'cmake_force_configure': False, 'cmake_target': None, 'cmake_target_skip_unavailable': False, 'install_base': '/home/shriram/Desktop/ros2_practice/install/desc', 'merge_install': False, 'path': '/home/shriram/Desktop/ros2_practice/src/desc', 'symlink_install': True, 'test_result_base': None}
[0.754s] Level 5:colcon.colcon_core.verb:set package 'mobile' build argument 'cmake_args' from command line to 'None'
[0.754s] Level 5:colcon.colcon_core.verb:set package 'mobile' build argument 'cmake_target' from command line to 'None'
[0.754s] Level 5:colcon.colcon_core.verb:set package 'mobile' build argument 'cmake_target_skip_unavailable' from command line to 'False'
[0.754s] Level 5:colcon.colcon_core.verb:set package 'mobile' build argument 'cmake_clean_cache' from command line to 'False'
[0.754s] Level 5:colcon.colcon_core.verb:set package 'mobile' build argument 'cmake_clean_first' from command line to 'False'
[0.754s] Level 5:colcon.colcon_core.verb:set package 'mobile' build argument 'cmake_force_configure' from command line to 'False'
[0.754s] Level 5:colcon.colcon_core.verb:set package 'mobile' build argument 'ament_cmake_args' from command line to 'None'
[0.754s] Level 5:colcon.colcon_core.verb:set package 'mobile' build argument 'catkin_cmake_args' from command line to 'None'
[0.754s] Level 5:colcon.colcon_core.verb:set package 'mobile' build argument 'catkin_skip_building_tests' from command line to 'False'
[0.754s] DEBUG:colcon.colcon_core.verb:Building package 'mobile' with the following arguments: {'ament_cmake_args': None, 'build_base': '/home/shriram/Desktop/ros2_practice/build/mobile', 'catkin_cmake_args': None, 'catkin_skip_building_tests': False, 'cmake_args': None, 'cmake_clean_cache': False, 'cmake_clean_first': False, 'cmake_force_configure': False, 'cmake_target': None, 'cmake_target_skip_unavailable': False, 'install_base': '/home/shriram/Desktop/ros2_practice/install/mobile', 'merge_install': False, 'path': '/home/shriram/Desktop/ros2_practice/src/mobile', 'symlink_install': True, 'test_result_base': None}
[0.755s] Level 5:colcon.colcon_core.verb:set package 'practice' build argument 'cmake_args' from command line to 'None'
[0.755s] Level 5:colcon.colcon_core.verb:set package 'practice' build argument 'cmake_target' from command line to 'None'
[0.755s] Level 5:colcon.colcon_core.verb:set package 'practice' build argument 'cmake_target_skip_unavailable' from command line to 'False'
[0.755s] Level 5:colcon.colcon_core.verb:set package 'practice' build argument 'cmake_clean_cache' from command line to 'False'
[0.755s] Level 5:colcon.colcon_core.verb:set package 'practice' build argument 'cmake_clean_first' from command line to 'False'
[0.755s] Level 5:colcon.colcon_core.verb:set package 'practice' build argument 'cmake_force_configure' from command line to 'False'
[0.755s] Level 5:colcon.colcon_core.verb:set package 'practice' build argument 'ament_cmake_args' from command line to 'None'
[0.755s] Level 5:colcon.colcon_core.verb:set package 'practice' build argument 'catkin_cmake_args' from command line to 'None'
[0.755s] Level 5:colcon.colcon_core.verb:set package 'practice' build argument 'catkin_skip_building_tests' from command line to 'False'
[0.755s] DEBUG:colcon.colcon_core.verb:Building package 'practice' with the following arguments: {'ament_cmake_args': None, 'build_base': '/home/shriram/Desktop/ros2_practice/build/practice', 'catkin_cmake_args': None, 'catkin_skip_building_tests': False, 'cmake_args': None, 'cmake_clean_cache': False, 'cmake_clean_first': False, 'cmake_force_configure': False, 'cmake_target': None, 'cmake_target_skip_unavailable': False, 'install_base': '/home/shriram/Desktop/ros2_practice/install/practice', 'merge_install': False, 'path': '/home/shriram/Desktop/ros2_practice/src/practice', 'symlink_install': True, 'test_result_base': None}
[0.756s] Level 5:colcon.colcon_core.verb:set package 'tform' build argument 'cmake_args' from command line to 'None'
[0.756s] Level 5:colcon.colcon_core.verb:set package 'tform' build argument 'cmake_target' from command line to 'None'
[0.756s] Level 5:colcon.colcon_core.verb:set package 'tform' build argument 'cmake_target_skip_unavailable' from command line to 'False'
[0.756s] Level 5:colcon.colcon_core.verb:set package 'tform' build argument 'cmake_clean_cache' from command line to 'False'
[0.756s] Level 5:colcon.colcon_core.verb:set package 'tform' build argument 'cmake_clean_first' from command line to 'False'
[0.756s] Level 5:colcon.colcon_core.verb:set package 'tform' build argument 'cmake_force_configure' from command line to 'False'
[0.756s] Level 5:colcon.colcon_core.verb:set package 'tform' build argument 'ament_cmake_args' from command line to 'None'
[0.756s] Level 5:colcon.colcon_core.verb:set package 'tform' build argument 'catkin_cmake_args' from command line to 'None'
[0.756s] Level 5:colcon.colcon_core.verb:set package 'tform' build argument 'catkin_skip_building_tests' from command line to 'False'
[0.756s] DEBUG:colcon.colcon_core.verb:Building package 'tform' with the following arguments: {'ament_cmake_args': None, 'build_base': '/home/shriram/Desktop/ros2_practice/build/tform', 'catkin_cmake_args': None, 'catkin_skip_building_tests': False, 'cmake_args': None, 'cmake_clean_cache': False, 'cmake_clean_first': False, 'cmake_force_configure': False, 'cmake_target': None, 'cmake_target_skip_unavailable': False, 'install_base': '/home/shriram/Desktop/ros2_practice/install/tform', 'merge_install': False, 'path': '/home/shriram/Desktop/ros2_practice/src/tform', 'symlink_install': True, 'test_result_base': None}
[0.757s] Level 5:colcon.colcon_core.verb:set package 'bringup' build argument 'cmake_args' from command line to 'None'
[0.757s] Level 5:colcon.colcon_core.verb:set package 'bringup' build argument 'cmake_target' from command line to 'None'
[0.757s] Level 5:colcon.colcon_core.verb:set package 'bringup' build argument 'cmake_target_skip_unavailable' from command line to 'False'
[0.757s] Level 5:colcon.colcon_core.verb:set package 'bringup' build argument 'cmake_clean_cache' from command line to 'False'
[0.757s] Level 5:colcon.colcon_core.verb:set package 'bringup' build argument 'cmake_clean_first' from command line to 'False'
[0.757s] Level 5:colcon.colcon_core.verb:set package 'bringup' build argument 'cmake_force_configure' from command line to 'False'
[0.757s] Level 5:colcon.colcon_core.verb:set package 'bringup' build argument 'ament_cmake_args' from command line to 'None'
[0.757s] Level 5:colcon.colcon_core.verb:set package 'bringup' build argument 'catkin_cmake_args' from command line to 'None'
[0.757s] Level 5:colcon.colcon_core.verb:set package 'bringup' build argument 'catkin_skip_building_tests' from command line to 'False'
[0.757s] DEBUG:colcon.colcon_core.verb:Building package 'bringup' with the following arguments: {'ament_cmake_args': None, 'build_base': '/home/shriram/Desktop/ros2_practice/build/bringup', 'catkin_cmake_args': None, 'catkin_skip_building_tests': False, 'cmake_args': None, 'cmake_clean_cache': False, 'cmake_clean_first': False, 'cmake_force_configure': False, 'cmake_target': None, 'cmake_target_skip_unavailable': False, 'install_base': '/home/shriram/Desktop/ros2_practice/install/bringup', 'merge_install': False, 'path': '/home/shriram/Desktop/ros2_practice/src/bringup', 'symlink_install': True, 'test_result_base': None}
[0.758s] INFO:colcon.colcon_core.executor:Executing jobs using 'parallel' executor
[0.761s] DEBUG:colcon.colcon_parallel_executor.executor.parallel:run_until_complete
[0.761s] INFO:colcon.colcon_ros.task.ament_cmake.build:Building ROS package in '/home/shriram/Desktop/ros2_practice/src/desc' with build type 'ament_cmake'
[0.761s] INFO:colcon.colcon_cmake.task.cmake.build:Building CMake package in '/home/shriram/Desktop/ros2_practice/src/desc'
[0.767s] INFO:colcon.colcon_core.plugin_system:Skipping extension 'colcon_core.shell.bat': Not used on non-Windows systems
[0.767s] INFO:colcon.colcon_core.shell:Skip shell extension 'powershell' for command environment: Not usable outside of PowerShell
[0.767s] DEBUG:colcon.colcon_core.shell:Skip shell extension 'dsv' for command environment
[0.772s] INFO:colcon.colcon_ros.task.ament_python.build:Building ROS package in '/home/shriram/Desktop/ros2_practice/src/cv_basics' with build type 'ament_python'
[0.772s] Level 1:colcon.colcon_core.shell:create_environment_hook('cv_basics', 'ament_prefix_path')
[0.773s] INFO:colcon.colcon_core.shell:Creating environment hook '/home/shriram/Desktop/ros2_practice/install/cv_basics/share/cv_basics/hook/ament_prefix_path.ps1'
[0.774s] INFO:colcon.colcon_core.shell:Creating environment descriptor '/home/shriram/Desktop/ros2_practice/install/cv_basics/share/cv_basics/hook/ament_prefix_path.dsv'
[0.774s] INFO:colcon.colcon_core.shell:Creating environment hook '/home/shriram/Desktop/ros2_practice/install/cv_basics/share/cv_basics/hook/ament_prefix_path.sh'
[0.775s] INFO:colcon.colcon_core.shell:Skip shell extension 'powershell' for command environment: Not usable outside of PowerShell
[0.775s] DEBUG:colcon.colcon_core.shell:Skip shell extension 'dsv' for command environment
[0.779s] INFO:colcon.colcon_ros.task.ament_python.build:Building ROS package in '/home/shriram/Desktop/ros2_practice/src/mobile' with build type 'ament_python'
[0.779s] Level 1:colcon.colcon_core.shell:create_environment_hook('mobile', 'ament_prefix_path')
[0.780s] INFO:colcon.colcon_core.shell:Creating environment hook '/home/shriram/Desktop/ros2_practice/install/mobile/share/mobile/hook/ament_prefix_path.ps1'
[0.781s] INFO:colcon.colcon_core.shell:Creating environment descriptor '/home/shriram/Desktop/ros2_practice/install/mobile/share/mobile/hook/ament_prefix_path.dsv'
[0.782s] INFO:colcon.colcon_core.shell:Creating environment hook '/home/shriram/Desktop/ros2_practice/install/mobile/share/mobile/hook/ament_prefix_path.sh'
[0.783s] INFO:colcon.colcon_core.shell:Skip shell extension 'powershell' for command environment: Not usable outside of PowerShell
[0.783s] DEBUG:colcon.colcon_core.shell:Skip shell extension 'dsv' for command environment
[0.786s] INFO:colcon.colcon_ros.task.ament_python.build:Building ROS package in '/home/shriram/Desktop/ros2_practice/src/practice' with build type 'ament_python'
[0.786s] Level 1:colcon.colcon_core.shell:create_environment_hook('practice', 'ament_prefix_path')
[0.787s] INFO:colcon.colcon_core.shell:Creating environment hook '/home/shriram/Desktop/ros2_practice/install/practice/share/practice/hook/ament_prefix_path.ps1'
[0.788s] INFO:colcon.colcon_core.shell:Creating environment descriptor '/home/shriram/Desktop/ros2_practice/install/practice/share/practice/hook/ament_prefix_path.dsv'
[0.788s] INFO:colcon.colcon_core.shell:Creating environment hook '/home/shriram/Desktop/ros2_practice/install/practice/share/practice/hook/ament_prefix_path.sh'
[0.790s] INFO:colcon.colcon_core.shell:Skip shell extension 'powershell' for command environment: Not usable outside of PowerShell
[0.790s] DEBUG:colcon.colcon_core.shell:Skip shell extension 'dsv' for command environment
[0.794s] INFO:colcon.colcon_ros.task.ament_python.build:Building ROS package in '/home/shriram/Desktop/ros2_practice/src/tform' with build type 'ament_python'
[0.795s] Level 1:colcon.colcon_core.shell:create_environment_hook('tform', 'ament_prefix_path')
[0.796s] INFO:colcon.colcon_core.shell:Creating environment hook '/home/shriram/Desktop/ros2_practice/install/tform/share/tform/hook/ament_prefix_path.ps1'
[0.797s] INFO:colcon.colcon_core.shell:Creating environment descriptor '/home/shriram/Desktop/ros2_practice/install/tform/share/tform/hook/ament_prefix_path.dsv'
[0.797s] INFO:colcon.colcon_core.shell:Creating environment hook '/home/shriram/Desktop/ros2_practice/install/tform/share/tform/hook/ament_prefix_path.sh'
[0.799s] INFO:colcon.colcon_core.shell:Skip shell extension 'powershell' for command environment: Not usable outside of PowerShell
[0.799s] DEBUG:colcon.colcon_core.shell:Skip shell extension 'dsv' for command environment
[0.809s] DEBUG:colcon.colcon_core.event_handler.log_command:Invoking command in '/home/shriram/Desktop/ros2_practice/build/desc': CMAKE_PREFIX_PATH=${CMAKE_PREFIX_PATH}:/home/shriram/Desktop/ros2_practice/install/tform:/home/shriram/Desktop/ros2_practice/install/practice:/home/shriram/Desktop/ros2_practice/install/mobile:/home/shriram/Desktop/ros2_practice/install/description:/home/shriram/Desktop/ros2_practice/install/cv_basics:/opt/ros/humble /usr/bin/cmake --build /home/shriram/Desktop/ros2_practice/build/desc -- -j12 -l12
[1.175s] INFO:colcon.colcon_core.task.python.build:Building Python package in '/home/shriram/Desktop/ros2_practice/src/cv_basics'
[1.177s] INFO:colcon.colcon_core.shell:Skip shell extension 'powershell' for command environment: Not usable outside of PowerShell
[1.177s] DEBUG:colcon.colcon_core.shell:Skip shell extension 'dsv' for command environment
[1.502s] INFO:colcon.colcon_core.task.python.build:Building Python package in '/home/shriram/Desktop/ros2_practice/src/mobile'
[1.504s] INFO:colcon.colcon_core.shell:Skip shell extension 'powershell' for command environment: Not usable outside of PowerShell
[1.504s] DEBUG:colcon.colcon_core.shell:Skip shell extension 'dsv' for command environment
[1.798s] INFO:colcon.colcon_core.task.python.build:Building Python package in '/home/shriram/Desktop/ros2_practice/src/practice'
[1.801s] INFO:colcon.colcon_core.shell:Skip shell extension 'powershell' for command environment: Not usable outside of PowerShell
[1.801s] DEBUG:colcon.colcon_core.shell:Skip shell extension 'dsv' for command environment
[1.816s] DEBUG:colcon.colcon_core.event_handler.log_command:Invoked command in '/home/shriram/Desktop/ros2_practice/build/desc' returned '0': CMAKE_PREFIX_PATH=${CMAKE_PREFIX_PATH}:/home/shriram/Desktop/ros2_practice/install/tform:/home/shriram/Desktop/ros2_practice/install/practice:/home/shriram/Desktop/ros2_practice/install/mobile:/home/shriram/Desktop/ros2_practice/install/description:/home/shriram/Desktop/ros2_practice/install/cv_basics:/opt/ros/humble /usr/bin/cmake --build /home/shriram/Desktop/ros2_practice/build/desc -- -j12 -l12
[2.066s] INFO:colcon.colcon_core.task.python.build:Building Python package in '/home/shriram/Desktop/ros2_practice/src/tform'
[2.068s] INFO:colcon.colcon_core.shell:Skip shell extension 'powershell' for command environment: Not usable outside of PowerShell
[2.068s] DEBUG:colcon.colcon_core.shell:Skip shell extension 'dsv' for command environment
[2.094s] DEBUG:colcon.colcon_core.event_handler.log_command:Invoking command in '/home/shriram/Desktop/ros2_practice/build/desc': CMAKE_PREFIX_PATH=${CMAKE_PREFIX_PATH}:/home/shriram/Desktop/ros2_practice/install/tform:/home/shriram/Desktop/ros2_practice/install/practice:/home/shriram/Desktop/ros2_practice/install/mobile:/home/shriram/Desktop/ros2_practice/install/description:/home/shriram/Desktop/ros2_practice/install/cv_basics:/opt/ros/humble /usr/bin/cmake --install /home/shriram/Desktop/ros2_practice/build/desc
[2.128s] Level 1:colcon.colcon_core.environment:create_environment_scripts_only(desc)
[2.129s] DEBUG:colcon.colcon_core.event_handler.log_command:Invoked command in '/home/shriram/Desktop/ros2_practice/build/desc' returned '0': CMAKE_PREFIX_PATH=${CMAKE_PREFIX_PATH}:/home/shriram/Desktop/ros2_practice/install/tform:/home/shriram/Desktop/ros2_practice/install/practice:/home/shriram/Desktop/ros2_practice/install/mobile:/home/shriram/Desktop/ros2_practice/install/description:/home/shriram/Desktop/ros2_practice/install/cv_basics:/opt/ros/humble /usr/bin/cmake --install /home/shriram/Desktop/ros2_practice/build/desc
[2.139s] Level 1:colcon.colcon_core.environment:checking '/home/shriram/Desktop/ros2_practice/install/desc' for CMake module files
[2.139s] Level 1:colcon.colcon_core.environment:checking '/home/shriram/Desktop/ros2_practice/install/desc' for CMake config files
[2.139s] Level 1:colcon.colcon_core.shell:create_environment_hook('desc', 'cmake_prefix_path')
[2.141s] INFO:colcon.colcon_core.shell:Creating environment hook '/home/shriram/Desktop/ros2_practice/install/desc/share/desc/hook/cmake_prefix_path.ps1'
[2.142s] INFO:colcon.colcon_core.shell:Creating environment descriptor '/home/shriram/Desktop/ros2_practice/install/desc/share/desc/hook/cmake_prefix_path.dsv'
[2.142s] INFO:colcon.colcon_core.shell:Creating environment hook '/home/shriram/Desktop/ros2_practice/install/desc/share/desc/hook/cmake_prefix_path.sh'
[2.143s] Level 1:colcon.colcon_core.environment:checking '/home/shriram/Desktop/ros2_practice/install/desc/bin'
[2.143s] Level 1:colcon.colcon_core.environment:checking '/home/shriram/Desktop/ros2_practice/install/desc/lib/pkgconfig/desc.pc'
[2.143s] Level 1:colcon.colcon_core.environment:checking '/home/shriram/Desktop/ros2_practice/install/desc/lib/python3.10/site-packages'
[2.143s] Level 1:colcon.colcon_core.environment:checking '/home/shriram/Desktop/ros2_practice/install/desc/bin'
[2.144s] INFO:colcon.colcon_core.shell:Creating package script '/home/shriram/Desktop/ros2_practice/install/desc/share/desc/package.ps1'
[2.145s] INFO:colcon.colcon_core.shell:Creating package descriptor '/home/shriram/Desktop/ros2_practice/install/desc/share/desc/package.dsv'
[2.145s] INFO:colcon.colcon_core.shell:Creating package script '/home/shriram/Desktop/ros2_practice/install/desc/share/desc/package.sh'
[2.146s] INFO:colcon.colcon_core.shell:Creating package script '/home/shriram/Desktop/ros2_practice/install/desc/share/desc/package.bash'
[2.147s] INFO:colcon.colcon_core.shell:Creating package script '/home/shriram/Desktop/ros2_practice/install/desc/share/desc/package.zsh'
[2.148s] Level 1:colcon.colcon_core.environment:create_file_with_runtime_dependencies(/home/shriram/Desktop/ros2_practice/install/desc/share/colcon-core/packages/desc)
[2.168s] Level 1:colcon.colcon_core.environment:create_environment_scripts_only(desc)
[2.171s] Level 1:colcon.colcon_core.environment:checking '/home/shriram/Desktop/ros2_practice/install/desc' for CMake module files
[2.172s] Level 1:colcon.colcon_core.environment:checking '/home/shriram/Desktop/ros2_practice/install/desc' for CMake config files
[2.172s] Level 1:colcon.colcon_core.shell:create_environment_hook('desc', 'cmake_prefix_path')
[2.174s] INFO:colcon.colcon_core.shell:Creating environment hook '/home/shriram/Desktop/ros2_practice/install/desc/share/desc/hook/cmake_prefix_path.ps1'
[2.175s] INFO:colcon.colcon_core.shell:Creating environment descriptor '/home/shriram/Desktop/ros2_practice/install/desc/share/desc/hook/cmake_prefix_path.dsv'
[2.175s] INFO:colcon.colcon_core.shell:Creating environment hook '/home/shriram/Desktop/ros2_practice/install/desc/share/desc/hook/cmake_prefix_path.sh'
[2.176s] Level 1:colcon.colcon_core.environment:checking '/home/shriram/Desktop/ros2_practice/install/desc/bin'
[2.176s] Level 1:colcon.colcon_core.environment:checking '/home/shriram/Desktop/ros2_practice/install/desc/lib/pkgconfig/desc.pc'
[2.176s] Level 1:colcon.colcon_core.environment:checking '/home/shriram/Desktop/ros2_practice/install/desc/lib/python3.10/site-packages'
[2.176s] Level 1:colcon.colcon_core.environment:checking '/home/shriram/Desktop/ros2_practice/install/desc/bin'
[2.178s] INFO:colcon.colcon_core.shell:Creating package script '/home/shriram/Desktop/ros2_practice/install/desc/share/desc/package.ps1'
[2.179s] INFO:colcon.colcon_core.shell:Creating package descriptor '/home/shriram/Desktop/ros2_practice/install/desc/share/desc/package.dsv'
[2.179s] INFO:colcon.colcon_core.shell:Creating package script '/home/shriram/Desktop/ros2_practice/install/desc/share/desc/package.sh'
[2.180s] INFO:colcon.colcon_core.shell:Creating package script '/home/shriram/Desktop/ros2_practice/install/desc/share/desc/package.bash'
[2.180s] INFO:colcon.colcon_core.shell:Creating package script '/home/shriram/Desktop/ros2_practice/install/desc/share/desc/package.zsh'
[2.181s] Level 1:colcon.colcon_core.environment:create_file_with_runtime_dependencies(/home/shriram/Desktop/ros2_practice/install/desc/share/colcon-core/packages/desc)
[2.181s] INFO:colcon.colcon_ros.task.ament_cmake.build:Building ROS package in '/home/shriram/Desktop/ros2_practice/src/bringup' with build type 'ament_cmake'
[2.181s] INFO:colcon.colcon_cmake.task.cmake.build:Building CMake package in '/home/shriram/Desktop/ros2_practice/src/bringup'
[2.183s] INFO:colcon.colcon_core.shell:Skip shell extension 'powershell' for command environment: Not usable outside of PowerShell
[2.183s] DEBUG:colcon.colcon_core.shell:Skip shell extension 'dsv' for command environment
[2.199s] DEBUG:colcon.colcon_core.event_handler.log_command:Invoking command in '/home/shriram/Desktop/ros2_practice/build/bringup': CMAKE_PREFIX_PATH=/home/shriram/Desktop/ros2_practice/install/desc:/home/shriram/Desktop/ros2_practice/install/bringup:/home/shriram/Desktop/ros2_practice/install/tform:/home/shriram/Desktop/ros2_practice/install/practice:/home/shriram/Desktop/ros2_practice/install/mobile:/home/shriram/Desktop/ros2_practice/install/description:/home/shriram/Desktop/ros2_practice/install/cv_basics:/opt/ros/humble /usr/bin/cmake --build /home/shriram/Desktop/ros2_practice/build/bringup -- -j12 -l12
[2.272s] DEBUG:colcon.colcon_core.event_handler.log_command:Invoked command in '/home/shriram/Desktop/ros2_practice/build/bringup' returned '0': CMAKE_PREFIX_PATH=/home/shriram/Desktop/ros2_practice/install/desc:/home/shriram/Desktop/ros2_practice/install/bringup:/home/shriram/Desktop/ros2_practice/install/tform:/home/shriram/Desktop/ros2_practice/install/practice:/home/shriram/Desktop/ros2_practice/install/mobile:/home/shriram/Desktop/ros2_practice/install/description:/home/shriram/Desktop/ros2_practice/install/cv_basics:/opt/ros/humble /usr/bin/cmake --build /home/shriram/Desktop/ros2_practice/build/bringup -- -j12 -l12
[2.290s] DEBUG:colcon.colcon_core.event_handler.log_command:Invoking command in '/home/shriram/Desktop/ros2_practice/build/bringup': CMAKE_PREFIX_PATH=/home/shriram/Desktop/ros2_practice/install/desc:/home/shriram/Desktop/ros2_practice/install/bringup:/home/shriram/Desktop/ros2_practice/install/tform:/home/shriram/Desktop/ros2_practice/install/practice:/home/shriram/Desktop/ros2_practice/install/mobile:/home/shriram/Desktop/ros2_practice/install/description:/home/shriram/Desktop/ros2_practice/install/cv_basics:/opt/ros/humble /usr/bin/cmake --install /home/shriram/Desktop/ros2_practice/build/bringup
[2.314s] Level 1:colcon.colcon_core.environment:create_environment_scripts_only(bringup)
[2.316s] Level 1:colcon.colcon_core.environment:checking '/home/shriram/Desktop/ros2_practice/install/bringup' for CMake module files
[2.317s] DEBUG:colcon.colcon_core.event_handler.log_command:Invoked command in '/home/shriram/Desktop/ros2_practice/build/bringup' returned '0': CMAKE_PREFIX_PATH=/home/shriram/Desktop/ros2_practice/install/desc:/home/shriram/Desktop/ros2_practice/install/bringup:/home/shriram/Desktop/ros2_practice/install/tform:/home/shriram/Desktop/ros2_practice/install/practice:/home/shriram/Desktop/ros2_practice/install/mobile:/home/shriram/Desktop/ros2_practice/install/description:/home/shriram/Desktop/ros2_practice/install/cv_basics:/opt/ros/humble /usr/bin/cmake --install /home/shriram/Desktop/ros2_practice/build/bringup
[2.317s] Level 1:colcon.colcon_core.environment:checking '/home/shriram/Desktop/ros2_practice/install/bringup' for CMake config files
[2.318s] Level 1:colcon.colcon_core.shell:create_environment_hook('bringup', 'cmake_prefix_path')
[2.319s] INFO:colcon.colcon_core.shell:Creating environment hook '/home/shriram/Desktop/ros2_practice/install/bringup/share/bringup/hook/cmake_prefix_path.ps1'
[2.319s] INFO:colcon.colcon_core.shell:Creating environment descriptor '/home/shriram/Desktop/ros2_practice/install/bringup/share/bringup/hook/cmake_prefix_path.dsv'
[2.319s] INFO:colcon.colcon_core.shell:Creating environment hook '/home/shriram/Desktop/ros2_practice/install/bringup/share/bringup/hook/cmake_prefix_path.sh'
[2.320s] Level 1:colcon.colcon_core.environment:checking '/home/shriram/Desktop/ros2_practice/install/bringup/bin'
[2.320s] Level 1:colcon.colcon_core.environment:checking '/home/shriram/Desktop/ros2_practice/install/bringup/lib/pkgconfig/bringup.pc'
[2.320s] Level 1:colcon.colcon_core.environment:checking '/home/shriram/Desktop/ros2_practice/install/bringup/lib/python3.10/site-packages'
[2.320s] Level 1:colcon.colcon_core.environment:checking '/home/shriram/Desktop/ros2_practice/install/bringup/bin'
[2.322s] INFO:colcon.colcon_core.shell:Creating package script '/home/shriram/Desktop/ros2_practice/install/bringup/share/bringup/package.ps1'
[2.322s] INFO:colcon.colcon_core.shell:Creating package descriptor '/home/shriram/Desktop/ros2_practice/install/bringup/share/bringup/package.dsv'
[2.322s] INFO:colcon.colcon_core.shell:Creating package script '/home/shriram/Desktop/ros2_practice/install/bringup/share/bringup/package.sh'
[2.323s] INFO:colcon.colcon_core.shell:Creating package script '/home/shriram/Desktop/ros2_practice/install/bringup/share/bringup/package.bash'
[2.323s] INFO:colcon.colcon_core.shell:Creating package script '/home/shriram/Desktop/ros2_practice/install/bringup/share/bringup/package.zsh'
[2.323s] Level 1:colcon.colcon_core.environment:create_file_with_runtime_dependencies(/home/shriram/Desktop/ros2_practice/install/bringup/share/colcon-core/packages/bringup)
[2.342s] Level 1:colcon.colcon_core.environment:create_environment_scripts_only(bringup)
[2.344s] Level 1:colcon.colcon_core.environment:checking '/home/shriram/Desktop/ros2_practice/install/bringup' for CMake module files
[2.344s] Level 1:colcon.colcon_core.environment:checking '/home/shriram/Desktop/ros2_practice/install/bringup' for CMake config files
[2.345s] Level 1:colcon.colcon_core.shell:create_environment_hook('bringup', 'cmake_prefix_path')
[2.346s] INFO:colcon.colcon_core.shell:Creating environment hook '/home/shriram/Desktop/ros2_practice/install/bringup/share/bringup/hook/cmake_prefix_path.ps1'
[2.346s] INFO:colcon.colcon_core.shell:Creating environment descriptor '/home/shriram/Desktop/ros2_practice/install/bringup/share/bringup/hook/cmake_prefix_path.dsv'
[2.347s] INFO:colcon.colcon_core.shell:Creating environment hook '/home/shriram/Desktop/ros2_practice/install/bringup/share/bringup/hook/cmake_prefix_path.sh'
[2.347s] Level 1:colcon.colcon_core.environment:checking '/home/shriram/Desktop/ros2_practice/install/bringup/bin'
[2.347s] Level 1:colcon.colcon_core.environment:checking '/home/shriram/Desktop/ros2_practice/install/bringup/lib/pkgconfig/bringup.pc'
[2.347s] Level 1:colcon.colcon_core.environment:checking '/home/shriram/Desktop/ros2_practice/install/bringup/lib/python3.10/site-packages'
[2.348s] Level 1:colcon.colcon_core.environment:checking '/home/shriram/Desktop/ros2_practice/install/bringup/bin'
[2.349s] INFO:colcon.colcon_core.shell:Creating package script '/home/shriram/Desktop/ros2_practice/install/bringup/share/bringup/package.ps1'
[2.349s] INFO:colcon.colcon_core.shell:Creating package descriptor '/home/shriram/Desktop/ros2_practice/install/bringup/share/bringup/package.dsv'
[2.349s] INFO:colcon.colcon_core.shell:Creating package script '/home/shriram/Desktop/ros2_practice/install/bringup/share/bringup/package.sh'
[2.350s] INFO:colcon.colcon_core.shell:Creating package script '/home/shriram/Desktop/ros2_practice/install/bringup/share/bringup/package.bash'
[2.350s] INFO:colcon.colcon_core.shell:Creating package script '/home/shriram/Desktop/ros2_practice/install/bringup/share/bringup/package.zsh'
[2.350s] Level 1:colcon.colcon_core.environment:create_file_with_runtime_dependencies(/home/shriram/Desktop/ros2_practice/install/bringup/share/colcon-core/packages/bringup)
[2.765s] DEBUG:colcon.colcon_core.event_handler.log_command:Invoking command in '/home/shriram/Desktop/ros2_practice/build/cv_basics': PYTHONPATH=/home/shriram/Desktop/ros2_practice/build/cv_basics/prefix_override:/home/shriram/Desktop/ros2_practice/install/cv_basics/lib/python3.10/site-packages:${PYTHONPATH} /usr/bin/python3 setup.py develop --editable --build-directory /home/shriram/Desktop/ros2_practice/build/cv_basics/build --no-deps install_data
[2.769s] DEBUG:colcon.colcon_core.event_handler.log_command:Invoking command in '/home/shriram/Desktop/ros2_practice/build/mobile': PYTHONPATH=/home/shriram/Desktop/ros2_practice/build/mobile/prefix_override:/home/shriram/Desktop/ros2_practice/install/mobile/lib/python3.10/site-packages:${PYTHONPATH} /usr/bin/python3 setup.py develop --editable --build-directory /home/shriram/Desktop/ros2_practice/build/mobile/build --no-deps install_data
[2.772s] DEBUG:colcon.colcon_core.event_handler.log_command:Invoking command in '/home/shriram/Desktop/ros2_practice/build/practice': PYTHONPATH=/home/shriram/Desktop/ros2_practice/build/practice/prefix_override:/home/shriram/Desktop/ros2_practice/install/practice/lib/python3.10/site-packages:${PYTHONPATH} /usr/bin/python3 setup.py develop --editable --build-directory /home/shriram/Desktop/ros2_practice/build/practice/build --no-deps install_data
[2.776s] DEBUG:colcon.colcon_core.event_handler.log_command:Invoking command in '/home/shriram/Desktop/ros2_practice/build/tform': PYTHONPATH=/home/shriram/Desktop/ros2_practice/build/tform/prefix_override:/home/shriram/Desktop/ros2_practice/install/tform/lib/python3.10/site-packages:${PYTHONPATH} /usr/bin/python3 setup.py develop --editable --build-directory /home/shriram/Desktop/ros2_practice/build/tform/build --no-deps install_data
[3.516s] Level 1:colcon.colcon_core.shell:create_environment_hook('cv_basics', 'pythonpath_develop')
[3.518s] INFO:colcon.colcon_core.shell:Creating environment hook '/home/shriram/Desktop/ros2_practice/build/cv_basics/share/cv_basics/hook/pythonpath_develop.ps1'
[3.519s] DEBUG:colcon.colcon_core.event_handler.log_command:Invoked command in '/home/shriram/Desktop/ros2_practice/build/cv_basics' returned '0': PYTHONPATH=/home/shriram/Desktop/ros2_practice/build/cv_basics/prefix_override:/home/shriram/Desktop/ros2_practice/install/cv_basics/lib/python3.10/site-packages:${PYTHONPATH} /usr/bin/python3 setup.py develop --editable --build-directory /home/shriram/Desktop/ros2_practice/build/cv_basics/build --no-deps install_data
[3.520s] INFO:colcon.colcon_core.shell:Creating environment descriptor '/home/shriram/Desktop/ros2_practice/build/cv_basics/share/cv_basics/hook/pythonpath_develop.dsv'
[3.521s] INFO:colcon.colcon_core.shell:Creating environment hook '/home/shriram/Desktop/ros2_practice/build/cv_basics/share/cv_basics/hook/pythonpath_develop.sh'
[3.523s] Level 1:colcon.colcon_core.environment:checking '/home/shriram/Desktop/ros2_practice/install/cv_basics' for CMake module files
[3.524s] Level 1:colcon.colcon_core.environment:checking '/home/shriram/Desktop/ros2_practice/install/cv_basics' for CMake config files
[3.525s] Level 1:colcon.colcon_core.environment:checking '/home/shriram/Desktop/ros2_practice/install/cv_basics/lib'
[3.525s] Level 1:colcon.colcon_core.environment:checking '/home/shriram/Desktop/ros2_practice/install/cv_basics/bin'
[3.525s] Level 1:colcon.colcon_core.environment:checking '/home/shriram/Desktop/ros2_practice/install/cv_basics/lib/pkgconfig/cv_basics.pc'
[3.525s] Level 1:colcon.colcon_core.environment:checking '/home/shriram/Desktop/ros2_practice/install/cv_basics/lib/python3.10/site-packages'
[3.525s] Level 1:colcon.colcon_core.shell:create_environment_hook('cv_basics', 'pythonpath')
[3.526s] INFO:colcon.colcon_core.shell:Creating environment hook '/home/shriram/Desktop/ros2_practice/install/cv_basics/share/cv_basics/hook/pythonpath.ps1'
[3.527s] INFO:colcon.colcon_core.shell:Creating environment descriptor '/home/shriram/Desktop/ros2_practice/install/cv_basics/share/cv_basics/hook/pythonpath.dsv'
[3.527s] INFO:colcon.colcon_core.shell:Creating environment hook '/home/shriram/Desktop/ros2_practice/install/cv_basics/share/cv_basics/hook/pythonpath.sh'
[3.528s] Level 1:colcon.colcon_core.environment:checking '/home/shriram/Desktop/ros2_practice/install/cv_basics/bin'
[3.528s] Level 1:colcon.colcon_core.environment:create_environment_scripts_only(cv_basics)
[3.529s] INFO:colcon.colcon_core.shell:Creating package script '/home/shriram/Desktop/ros2_practice/install/cv_basics/share/cv_basics/package.ps1'
[3.530s] INFO:colcon.colcon_core.shell:Creating package descriptor '/home/shriram/Desktop/ros2_practice/install/cv_basics/share/cv_basics/package.dsv'
[3.530s] INFO:colcon.colcon_core.shell:Creating package script '/home/shriram/Desktop/ros2_practice/install/cv_basics/share/cv_basics/package.sh'
[3.532s] INFO:colcon.colcon_core.shell:Creating package script '/home/shriram/Desktop/ros2_practice/install/cv_basics/share/cv_basics/package.bash'
[3.533s] INFO:colcon.colcon_core.shell:Creating package script '/home/shriram/Desktop/ros2_practice/install/cv_basics/share/cv_basics/package.zsh'
[3.533s] Level 1:colcon.colcon_core.environment:create_file_with_runtime_dependencies(/home/shriram/Desktop/ros2_practice/install/cv_basics/share/colcon-core/packages/cv_basics)
[3.534s] Level 1:colcon.colcon_core.shell:create_environment_hook('mobile', 'pythonpath_develop')
[3.536s] INFO:colcon.colcon_core.shell:Creating environment hook '/home/shriram/Desktop/ros2_practice/build/mobile/share/mobile/hook/pythonpath_develop.ps1'
[3.536s] DEBUG:colcon.colcon_core.event_handler.log_command:Invoked command in '/home/shriram/Desktop/ros2_practice/build/mobile' returned '0': PYTHONPATH=/home/shriram/Desktop/ros2_practice/build/mobile/prefix_override:/home/shriram/Desktop/ros2_practice/install/mobile/lib/python3.10/site-packages:${PYTHONPATH} /usr/bin/python3 setup.py develop --editable --build-directory /home/shriram/Desktop/ros2_practice/build/mobile/build --no-deps install_data
[3.537s] INFO:colcon.colcon_core.shell:Creating environment descriptor '/home/shriram/Desktop/ros2_practice/build/mobile/share/mobile/hook/pythonpath_develop.dsv'
[3.537s] INFO:colcon.colcon_core.shell:Creating environment hook '/home/shriram/Desktop/ros2_practice/build/mobile/share/mobile/hook/pythonpath_develop.sh'
[3.539s] Level 1:colcon.colcon_core.environment:checking '/home/shriram/Desktop/ros2_practice/install/mobile' for CMake module files
[3.539s] Level 1:colcon.colcon_core.environment:checking '/home/shriram/Desktop/ros2_practice/install/mobile' for CMake config files
[3.540s] Level 1:colcon.colcon_core.environment:checking '/home/shriram/Desktop/ros2_practice/install/mobile/lib'
[3.540s] Level 1:colcon.colcon_core.environment:checking '/home/shriram/Desktop/ros2_practice/install/mobile/bin'
[3.540s] Level 1:colcon.colcon_core.environment:checking '/home/shriram/Desktop/ros2_practice/install/mobile/lib/pkgconfig/mobile.pc'
[3.540s] Level 1:colcon.colcon_core.environment:checking '/home/shriram/Desktop/ros2_practice/install/mobile/lib/python3.10/site-packages'
[3.540s] Level 1:colcon.colcon_core.shell:create_environment_hook('mobile', 'pythonpath')
[3.541s] INFO:colcon.colcon_core.shell:Creating environment hook '/home/shriram/Desktop/ros2_practice/install/mobile/share/mobile/hook/pythonpath.ps1'
[3.541s] INFO:colcon.colcon_core.shell:Creating environment descriptor '/home/shriram/Desktop/ros2_practice/install/mobile/share/mobile/hook/pythonpath.dsv'
[3.542s] INFO:colcon.colcon_core.shell:Creating environment hook '/home/shriram/Desktop/ros2_practice/install/mobile/share/mobile/hook/pythonpath.sh'
[3.542s] Level 1:colcon.colcon_core.environment:checking '/home/shriram/Desktop/ros2_practice/install/mobile/bin'
[3.542s] Level 1:colcon.colcon_core.environment:create_environment_scripts_only(mobile)
[3.543s] INFO:colcon.colcon_core.shell:Creating package script '/home/shriram/Desktop/ros2_practice/install/mobile/share/mobile/package.ps1'
[3.544s] INFO:colcon.colcon_core.shell:Creating package descriptor '/home/shriram/Desktop/ros2_practice/install/mobile/share/mobile/package.dsv'
[3.544s] INFO:colcon.colcon_core.shell:Creating package script '/home/shriram/Desktop/ros2_practice/install/mobile/share/mobile/package.sh'
[3.544s] INFO:colcon.colcon_core.shell:Creating package script '/home/shriram/Desktop/ros2_practice/install/mobile/share/mobile/package.bash'
[3.544s] INFO:colcon.colcon_core.shell:Creating package script '/home/shriram/Desktop/ros2_practice/install/mobile/share/mobile/package.zsh'
[3.545s] Level 1:colcon.colcon_core.environment:create_file_with_runtime_dependencies(/home/shriram/Desktop/ros2_practice/install/mobile/share/colcon-core/packages/mobile)
[3.546s] Level 1:colcon.colcon_core.shell:create_environment_hook('tform', 'pythonpath_develop')
[3.547s] INFO:colcon.colcon_core.shell:Creating environment hook '/home/shriram/Desktop/ros2_practice/build/tform/share/tform/hook/pythonpath_develop.ps1'
[3.547s] DEBUG:colcon.colcon_core.event_handler.log_command:Invoked command in '/home/shriram/Desktop/ros2_practice/build/tform' returned '0': PYTHONPATH=/home/shriram/Desktop/ros2_practice/build/tform/prefix_override:/home/shriram/Desktop/ros2_practice/install/tform/lib/python3.10/site-packages:${PYTHONPATH} /usr/bin/python3 setup.py develop --editable --build-directory /home/shriram/Desktop/ros2_practice/build/tform/build --no-deps install_data
[3.548s] INFO:colcon.colcon_core.shell:Creating environment descriptor '/home/shriram/Desktop/ros2_practice/build/tform/share/tform/hook/pythonpath_develop.dsv'
[3.548s] INFO:colcon.colcon_core.shell:Creating environment hook '/home/shriram/Desktop/ros2_practice/build/tform/share/tform/hook/pythonpath_develop.sh'
[3.550s] Level 1:colcon.colcon_core.environment:checking '/home/shriram/Desktop/ros2_practice/install/tform' for CMake module files
[3.550s] Level 1:colcon.colcon_core.environment:checking '/home/shriram/Desktop/ros2_practice/install/tform' for CMake config files
[3.551s] Level 1:colcon.colcon_core.environment:checking '/home/shriram/Desktop/ros2_practice/install/tform/lib'
[3.551s] Level 1:colcon.colcon_core.environment:checking '/home/shriram/Desktop/ros2_practice/install/tform/bin'
[3.551s] Level 1:colcon.colcon_core.environment:checking '/home/shriram/Desktop/ros2_practice/install/tform/lib/pkgconfig/tform.pc'
[3.551s] Level 1:colcon.colcon_core.environment:checking '/home/shriram/Desktop/ros2_practice/install/tform/lib/python3.10/site-packages'
[3.551s] Level 1:colcon.colcon_core.shell:create_environment_hook('tform', 'pythonpath')
[3.552s] INFO:colcon.colcon_core.shell:Creating environment hook '/home/shriram/Desktop/ros2_practice/install/tform/share/tform/hook/pythonpath.ps1'
[3.552s] INFO:colcon.colcon_core.shell:Creating environment descriptor '/home/shriram/Desktop/ros2_practice/install/tform/share/tform/hook/pythonpath.dsv'
[3.552s] INFO:colcon.colcon_core.shell:Creating environment hook '/home/shriram/Desktop/ros2_practice/install/tform/share/tform/hook/pythonpath.sh'
[3.553s] Level 1:colcon.colcon_core.environment:checking '/home/shriram/Desktop/ros2_practice/install/tform/bin'
[3.553s] Level 1:colcon.colcon_core.environment:create_environment_scripts_only(tform)
[3.554s] INFO:colcon.colcon_core.shell:Creating package script '/home/shriram/Desktop/ros2_practice/install/tform/share/tform/package.ps1'
[3.554s] INFO:colcon.colcon_core.shell:Creating package descriptor '/home/shriram/Desktop/ros2_practice/install/tform/share/tform/package.dsv'
[3.555s] INFO:colcon.colcon_core.shell:Creating package script '/home/shriram/Desktop/ros2_practice/install/tform/share/tform/package.sh'
[3.555s] INFO:colcon.colcon_core.shell:Creating package script '/home/shriram/Desktop/ros2_practice/install/tform/share/tform/package.bash'
[3.555s] INFO:colcon.colcon_core.shell:Creating package script '/home/shriram/Desktop/ros2_practice/install/tform/share/tform/package.zsh'
[3.555s] Level 1:colcon.colcon_core.environment:create_file_with_runtime_dependencies(/home/shriram/Desktop/ros2_practice/install/tform/share/colcon-core/packages/tform)
[3.556s] Level 1:colcon.colcon_core.shell:create_environment_hook('practice', 'pythonpath_develop')
[3.556s] INFO:colcon.colcon_core.shell:Creating environment hook '/home/shriram/Desktop/ros2_practice/build/practice/share/practice/hook/pythonpath_develop.ps1'
[3.557s] DEBUG:colcon.colcon_core.event_handler.log_command:Invoked command in '/home/shriram/Desktop/ros2_practice/build/practice' returned '0': PYTHONPATH=/home/shriram/Desktop/ros2_practice/build/practice/prefix_override:/home/shriram/Desktop/ros2_practice/install/practice/lib/python3.10/site-packages:${PYTHONPATH} /usr/bin/python3 setup.py develop --editable --build-directory /home/shriram/Desktop/ros2_practice/build/practice/build --no-deps install_data
[3.557s] INFO:colcon.colcon_core.shell:Creating environment descriptor '/home/shriram/Desktop/ros2_practice/build/practice/share/practice/hook/pythonpath_develop.dsv'
[3.558s] INFO:colcon.colcon_core.shell:Creating environment hook '/home/shriram/Desktop/ros2_practice/build/practice/share/practice/hook/pythonpath_develop.sh'
[3.560s] Level 1:colcon.colcon_core.environment:checking '/home/shriram/Desktop/ros2_practice/install/practice' for CMake module files
[3.560s] Level 1:colcon.colcon_core.environment:checking '/home/shriram/Desktop/ros2_practice/install/practice' for CMake config files
[3.561s] Level 1:colcon.colcon_core.environment:checking '/home/shriram/Desktop/ros2_practice/install/practice/lib'
[3.561s] Level 1:colcon.colcon_core.environment:checking '/home/shriram/Desktop/ros2_practice/install/practice/bin'
[3.561s] Level 1:colcon.colcon_core.environment:checking '/home/shriram/Desktop/ros2_practice/install/practice/lib/pkgconfig/practice.pc'
[3.561s] Level 1:colcon.colcon_core.environment:checking '/home/shriram/Desktop/ros2_practice/install/practice/lib/python3.10/site-packages'
[3.561s] Level 1:colcon.colcon_core.shell:create_environment_hook('practice', 'pythonpath')
[3.562s] INFO:colcon.colcon_core.shell:Creating environment hook '/home/shriram/Desktop/ros2_practice/install/practice/share/practice/hook/pythonpath.ps1'
[3.563s] INFO:colcon.colcon_core.shell:Creating environment descriptor '/home/shriram/Desktop/ros2_practice/install/practice/share/practice/hook/pythonpath.dsv'
[3.563s] INFO:colcon.colcon_core.shell:Creating environment hook '/home/shriram/Desktop/ros2_practice/install/practice/share/practice/hook/pythonpath.sh'
[3.563s] Level 1:colcon.colcon_core.environment:checking '/home/shriram/Desktop/ros2_practice/install/practice/bin'
[3.563s] Level 1:colcon.colcon_core.environment:create_environment_scripts_only(practice)
[3.565s] INFO:colcon.colcon_core.shell:Creating package script '/home/shriram/Desktop/ros2_practice/install/practice/share/practice/package.ps1'
[3.565s] INFO:colcon.colcon_core.shell:Creating package descriptor '/home/shriram/Desktop/ros2_practice/install/practice/share/practice/package.dsv'
[3.565s] INFO:colcon.colcon_core.shell:Creating package script '/home/shriram/Desktop/ros2_practice/install/practice/share/practice/package.sh'
[3.566s] INFO:colcon.colcon_core.shell:Creating package script '/home/shriram/Desktop/ros2_practice/install/practice/share/practice/package.bash'
[3.566s] INFO:colcon.colcon_core.shell:Creating package script '/home/shriram/Desktop/ros2_practice/install/practice/share/practice/package.zsh'
[3.567s] Level 1:colcon.colcon_core.environment:create_file_with_runtime_dependencies(/home/shriram/Desktop/ros2_practice/install/practice/share/colcon-core/packages/practice)
[3.567s] DEBUG:colcon.colcon_parallel_executor.executor.parallel:closing loop
[3.567s] DEBUG:colcon.colcon_parallel_executor.executor.parallel:loop closed
[3.567s] DEBUG:colcon.colcon_parallel_executor.executor.parallel:run_until_complete finished with '0'
[3.567s] DEBUG:colcon.colcon_core.event_reactor:joining thread
[3.587s] INFO:colcon.colcon_core.plugin_system:Skipping extension 'colcon_notification.desktop_notification.terminal_notifier': Not used on non-Darwin systems
[3.587s] INFO:colcon.colcon_core.plugin_system:Skipping extension 'colcon_notification.desktop_notification.win32': Not used on non-Windows systems
[3.587s] INFO:colcon.colcon_notification.desktop_notification:Sending desktop notification using 'notify2'
[3.614s] DEBUG:colcon.colcon_core.event_reactor:joined thread
[3.616s] INFO:colcon.colcon_core.shell:Creating prefix script '/home/shriram/Desktop/ros2_practice/install/local_setup.ps1'
[3.617s] INFO:colcon.colcon_core.shell:Creating prefix util module '/home/shriram/Desktop/ros2_practice/install/_local_setup_util_ps1.py'
[3.618s] INFO:colcon.colcon_core.shell:Creating prefix chain script '/home/shriram/Desktop/ros2_practice/install/setup.ps1'
[3.627s] INFO:colcon.colcon_core.shell:Creating prefix script '/home/shriram/Desktop/ros2_practice/install/local_setup.sh'
[3.629s] INFO:colcon.colcon_core.shell:Creating prefix util module '/home/shriram/Desktop/ros2_practice/install/_local_setup_util_sh.py'
[3.630s] INFO:colcon.colcon_core.shell:Creating prefix chain script '/home/shriram/Desktop/ros2_practice/install/setup.sh'
[3.634s] INFO:colcon.colcon_core.shell:Creating prefix script '/home/shriram/Desktop/ros2_practice/install/local_setup.bash'
[3.635s] INFO:colcon.colcon_core.shell:Creating prefix chain script '/home/shriram/Desktop/ros2_practice/install/setup.bash'
[3.636s] INFO:colcon.colcon_core.shell:Creating prefix script '/home/shriram/Desktop/ros2_practice/install/local_setup.zsh'
[3.637s] INFO:colcon.colcon_core.shell:Creating prefix chain script '/home/shriram/Desktop/ros2_practice/install/setup.zsh'
