[3.981s] Invoking command in '/home/shriram/Desktop/ros2_practice/build/practice': PYTHONPATH=/home/shriram/Desktop/ros2_practice/build/practice/prefix_override:/home/shriram/Desktop/ros2_practice/install/practice/lib/python3.10/site-packages:${PYTHONPATH} /usr/bin/python3 setup.py develop --uninstall --editable --build-directory /home/shriram/Desktop/ros2_practice/build/practice/build
[4.506s] running develop
[5.170s] Invoked command in '/home/shriram/Desktop/ros2_practice/build/practice' returned '0': PYTHONPATH=/home/shriram/Desktop/ros2_practice/build/practice/prefix_override:/home/shriram/Desktop/ros2_practice/install/practice/lib/python3.10/site-packages:${PYTHONPATH} /usr/bin/python3 setup.py develop --uninstall --editable --build-directory /home/shriram/Desktop/ros2_practice/build/practice/build
[5.173s] Invoking command in '/home/shriram/Desktop/ros2_practice/src/practice': PYTHONPATH=/home/shriram/Desktop/ros2_practice/build/practice/prefix_override:/home/shriram/Desktop/ros2_practice/install/practice/lib/python3.10/site-packages:${PYTHONPATH} /usr/bin/python3 setup.py egg_info --egg-base ../../build/practice build --build-base /home/shriram/Desktop/ros2_practice/build/practice/build install --record /home/shriram/Desktop/ros2_practice/build/practice/install.log --single-version-externally-managed
[5.669s] running egg_info
[5.670s] writing ../../build/practice/practice.egg-info/PKG-INFO
[5.681s] writing dependency_links to ../../build/practice/practice.egg-info/dependency_links.txt
[5.682s] writing entry points to ../../build/practice/practice.egg-info/entry_points.txt
[5.682s] writing requirements to ../../build/practice/practice.egg-info/requires.txt
[5.682s] writing top-level names to ../../build/practice/practice.egg-info/top_level.txt
[5.696s] reading manifest file '../../build/practice/practice.egg-info/SOURCES.txt'
[5.698s] writing manifest file '../../build/practice/practice.egg-info/SOURCES.txt'
[5.699s] running build
[5.699s] running build_py
[5.709s] running install
[5.709s] running install_lib
[5.716s] running install_data
[5.729s] running install_egg_info
[5.729s] removing '/home/shriram/Desktop/ros2_practice/install/practice/lib/python3.10/site-packages/practice-0.0.0-py3.10.egg-info' (and everything under it)
[5.734s] Copying ../../build/practice/practice.egg-info to /home/shriram/Desktop/ros2_practice/install/practice/lib/python3.10/site-packages/practice-0.0.0-py3.10.egg-info
[5.737s] running install_scripts
[5.776s] Installing circ script to /home/shriram/Desktop/ros2_practice/install/practice/lib/practice
[5.777s] Installing controller script to /home/shriram/Desktop/ros2_practice/install/practice/lib/practice
[5.777s] Installing move2 script to /home/shriram/Desktop/ros2_practice/install/practice/lib/practice
[5.777s] Installing node1 script to /home/shriram/Desktop/ros2_practice/install/practice/lib/practice
[5.777s] Installing parabola script to /home/shriram/Desktop/ros2_practice/install/practice/lib/practice
[5.786s] Installing parabolic_curve script to /home/shriram/Desktop/ros2_practice/install/practice/lib/practice
[5.787s] Installing pose script to /home/shriram/Desktop/ros2_practice/install/practice/lib/practice
[5.789s] writing list of installed files to '/home/shriram/Desktop/ros2_practice/build/practice/install.log'
[6.031s] Invoked command in '/home/shriram/Desktop/ros2_practice/src/practice' returned '0': PYTHONPATH=/home/shriram/Desktop/ros2_practice/build/practice/prefix_override:/home/shriram/Desktop/ros2_practice/install/practice/lib/python3.10/site-packages:${PYTHONPATH} /usr/bin/python3 setup.py egg_info --egg-base ../../build/practice build --build-base /home/shriram/Desktop/ros2_practice/build/practice/build install --record /home/shriram/Desktop/ros2_practice/build/practice/install.log --single-version-externally-managed
