[0.829s] Invoking command in '/home/shriram/Desktop/ros2_practice/src/tform': PYTHONPATH=/home/shriram/Desktop/ros2_practice/build/tform/prefix_override:/home/shriram/Desktop/ros2_practice/install/tform/lib/python3.10/site-packages:${PYTHONPATH} /usr/bin/python3 setup.py egg_info --egg-base ../../build/tform build --build-base /home/shriram/Desktop/ros2_practice/build/tform/build install --record /home/shriram/Desktop/ros2_practice/build/tform/install.log --single-version-externally-managed
[1.038s] running egg_info
[1.038s] creating ../../build/tform/tform.egg-info
[1.038s] writing ../../build/tform/tform.egg-info/PKG-INFO
[1.038s] writing dependency_links to ../../build/tform/tform.egg-info/dependency_links.txt
[1.038s] writing entry points to ../../build/tform/tform.egg-info/entry_points.txt
[1.039s] writing requirements to ../../build/tform/tform.egg-info/requires.txt
[1.039s] writing top-level names to ../../build/tform/tform.egg-info/top_level.txt
[1.039s] writing manifest file '../../build/tform/tform.egg-info/SOURCES.txt'
[1.040s] reading manifest file '../../build/tform/tform.egg-info/SOURCES.txt'
[1.041s] writing manifest file '../../build/tform/tform.egg-info/SOURCES.txt'
[1.041s] running build
[1.041s] running build_py
[1.041s] creating /home/shriram/Desktop/ros2_practice/build/tform/build
[1.041s] creating /home/shriram/Desktop/ros2_practice/build/tform/build/lib
[1.041s] creating /home/shriram/Desktop/ros2_practice/build/tform/build/lib/tform
[1.041s] copying tform/circ.py -> /home/shriram/Desktop/ros2_practice/build/tform/build/lib/tform
[1.041s] copying tform/__init__.py -> /home/shriram/Desktop/ros2_practice/build/tform/build/lib/tform
[1.042s] running install
[1.042s] running install_lib
[1.042s] creating /home/shriram/Desktop/ros2_practice/install/tform/lib/python3.10/site-packages/tform
[1.042s] copying /home/shriram/Desktop/ros2_practice/build/tform/build/lib/tform/circ.py -> /home/shriram/Desktop/ros2_practice/install/tform/lib/python3.10/site-packages/tform
[1.042s] copying /home/shriram/Desktop/ros2_practice/build/tform/build/lib/tform/__init__.py -> /home/shriram/Desktop/ros2_practice/install/tform/lib/python3.10/site-packages/tform
[1.042s] byte-compiling /home/shriram/Desktop/ros2_practice/install/tform/lib/python3.10/site-packages/tform/circ.py to circ.cpython-310.pyc
[1.043s] byte-compiling /home/shriram/Desktop/ros2_practice/install/tform/lib/python3.10/site-packages/tform/__init__.py to __init__.cpython-310.pyc
[1.043s] running install_data
[1.043s] creating /home/shriram/Desktop/ros2_practice/install/tform/share/ament_index
[1.043s] creating /home/shriram/Desktop/ros2_practice/install/tform/share/ament_index/resource_index
[1.044s] creating /home/shriram/Desktop/ros2_practice/install/tform/share/ament_index/resource_index/packages
[1.044s] copying resource/tform -> /home/shriram/Desktop/ros2_practice/install/tform/share/ament_index/resource_index/packages
[1.044s] copying package.xml -> /home/shriram/Desktop/ros2_practice/install/tform/share/tform
[1.044s] creating /home/shriram/Desktop/ros2_practice/install/tform/share/tform/launch
[1.044s] running install_egg_info
[1.045s] Copying ../../build/tform/tform.egg-info to /home/shriram/Desktop/ros2_practice/install/tform/lib/python3.10/site-packages/tform-0.0.0-py3.10.egg-info
[1.045s] running install_scripts
[1.061s] Installing circ script to /home/shriram/Desktop/ros2_practice/install/tform/lib/tform
[1.062s] writing list of installed files to '/home/shriram/Desktop/ros2_practice/build/tform/install.log'
[1.110s] Invoked command in '/home/shriram/Desktop/ros2_practice/src/tform' returned '0': PYTHONPATH=/home/shriram/Desktop/ros2_practice/build/tform/prefix_override:/home/shriram/Desktop/ros2_practice/install/tform/lib/python3.10/site-packages:${PYTHONPATH} /usr/bin/python3 setup.py egg_info --egg-base ../../build/tform build --build-base /home/shriram/Desktop/ros2_practice/build/tform/build install --record /home/shriram/Desktop/ros2_practice/build/tform/install.log --single-version-externally-managed
