[1.851s] Invoking command in '/home/shriram/Desktop/ros2_practice/build/tform': PYTHONPATH=/home/shriram/Desktop/ros2_practice/build/tform/prefix_override:/home/shriram/Desktop/ros2_practice/install/tform/lib/python3.10/site-packages:${PYTHONPATH} /usr/bin/python3 setup.py develop --uninstall --editable --build-directory /home/shriram/Desktop/ros2_practice/build/tform/build
[2.118s] running develop
[2.371s] Invoked command in '/home/shriram/Desktop/ros2_practice/build/tform' returned '0': PYTHONPATH=/home/shriram/Desktop/ros2_practice/build/tform/prefix_override:/home/shriram/Desktop/ros2_practice/install/tform/lib/python3.10/site-packages:${PYTHONPATH} /usr/bin/python3 setup.py develop --uninstall --editable --build-directory /home/shriram/Desktop/ros2_practice/build/tform/build
[2.373s] Invoking command in '/home/shriram/Desktop/ros2_practice/src/tform': PYTHONPATH=/home/shriram/Desktop/ros2_practice/build/tform/prefix_override:/home/shriram/Desktop/ros2_practice/install/tform/lib/python3.10/site-packages:${PYTHONPATH} /usr/bin/python3 setup.py egg_info --egg-base ../../build/tform build --build-base /home/shriram/Desktop/ros2_practice/build/tform/build install --record /home/shriram/Desktop/ros2_practice/build/tform/install.log --single-version-externally-managed
[2.615s] running egg_info
[2.616s] writing ../../build/tform/tform.egg-info/PKG-INFO
[2.616s] writing dependency_links to ../../build/tform/tform.egg-info/dependency_links.txt
[2.616s] writing entry points to ../../build/tform/tform.egg-info/entry_points.txt
[2.616s] writing requirements to ../../build/tform/tform.egg-info/requires.txt
[2.616s] writing top-level names to ../../build/tform/tform.egg-info/top_level.txt
[2.618s] reading manifest file '../../build/tform/tform.egg-info/SOURCES.txt'
[2.618s] writing manifest file '../../build/tform/tform.egg-info/SOURCES.txt'
[2.618s] running build
[2.618s] running build_py
[2.619s] running install
[2.619s] running install_lib
[2.620s] running install_data
[2.620s] running install_egg_info
[2.621s] removing '/home/shriram/Desktop/ros2_practice/install/tform/lib/python3.10/site-packages/tform-0.0.0-py3.10.egg-info' (and everything under it)
[2.622s] Copying ../../build/tform/tform.egg-info to /home/shriram/Desktop/ros2_practice/install/tform/lib/python3.10/site-packages/tform-0.0.0-py3.10.egg-info
[2.622s] running install_scripts
[2.638s] Installing circ script to /home/shriram/Desktop/ros2_practice/install/tform/lib/tform
[2.638s] Installing dyn script to /home/shriram/Desktop/ros2_practice/install/tform/lib/tform
[2.638s] Installing dyn2 script to /home/shriram/Desktop/ros2_practice/install/tform/lib/tform
[2.639s] writing list of installed files to '/home/shriram/Desktop/ros2_practice/build/tform/install.log'
[2.685s] Invoked command in '/home/shriram/Desktop/ros2_practice/src/tform' returned '0': PYTHONPATH=/home/shriram/Desktop/ros2_practice/build/tform/prefix_override:/home/shriram/Desktop/ros2_practice/install/tform/lib/python3.10/site-packages:${PYTHONPATH} /usr/bin/python3 setup.py egg_info --egg-base ../../build/tform build --build-base /home/shriram/Desktop/ros2_practice/build/tform/build install --record /home/shriram/Desktop/ros2_practice/build/tform/install.log --single-version-externally-managed
