[0.145s] Invoking command in '/home/shriram/Desktop/ros2_practice/build/desc': CMAKE_PREFIX_PATH=${CMAKE_PREFIX_PATH}:/home/shriram/Desktop/ros2_practice/install/tform:/home/shriram/Desktop/ros2_practice/install/practice:/home/shriram/Desktop/ros2_practice/install/mobile:/home/shriram/Desktop/ros2_practice/install/description:/home/shriram/Desktop/ros2_practice/install/cv_basics:/opt/ros/humble /usr/bin/cmake /home/shriram/Desktop/ros2_practice/src/desc -DCMAKE_INSTALL_PREFIX=/home/shriram/Desktop/ros2_practice/install/desc
[2.900s] -- Found ament_cmake: 1.3.5 (/opt/ros/humble/share/ament_cmake/cmake)
[2.902s] -- Override CMake install command with custom implementation using symlinks instead of copying resources
[2.903s] -- Found ament_lint_auto: 0.12.7 (/opt/ros/humble/share/ament_lint_auto/cmake)
[2.903s] -- Added test 'flake8' to check Python code syntax and style conventions
[2.903s] -- Added test 'lint_cmake' to check CMake code style
[2.903s] -- Added test 'pep257' to check Python code against some of the docstring style conventions in PEP 257
[2.903s] -- Added test 'xmllint' to check XML markup files
[2.903s] -- Configuring done
[2.903s] -- Generating done
[2.903s] -- Build files have been written to: /home/shriram/Desktop/ros2_practice/build/desc
[2.922s] Invoked command in '/home/shriram/Desktop/ros2_practice/build/desc' returned '0': CMAKE_PREFIX_PATH=${CMAKE_PREFIX_PATH}:/home/shriram/Desktop/ros2_practice/install/tform:/home/shriram/Desktop/ros2_practice/install/practice:/home/shriram/Desktop/ros2_practice/install/mobile:/home/shriram/Desktop/ros2_practice/install/description:/home/shriram/Desktop/ros2_practice/install/cv_basics:/opt/ros/humble /usr/bin/cmake /home/shriram/Desktop/ros2_practice/src/desc -DCMAKE_INSTALL_PREFIX=/home/shriram/Desktop/ros2_practice/install/desc
[2.923s] Invoking command in '/home/shriram/Desktop/ros2_practice/build/desc': CMAKE_PREFIX_PATH=${CMAKE_PREFIX_PATH}:/home/shriram/Desktop/ros2_practice/install/tform:/home/shriram/Desktop/ros2_practice/install/practice:/home/shriram/Desktop/ros2_practice/install/mobile:/home/shriram/Desktop/ros2_practice/install/description:/home/shriram/Desktop/ros2_practice/install/cv_basics:/opt/ros/humble /usr/bin/cmake --build /home/shriram/Desktop/ros2_practice/build/desc -- -j12 -l12
[3.034s] Invoked command in '/home/shriram/Desktop/ros2_practice/build/desc' returned '0': CMAKE_PREFIX_PATH=${CMAKE_PREFIX_PATH}:/home/shriram/Desktop/ros2_practice/install/tform:/home/shriram/Desktop/ros2_practice/install/practice:/home/shriram/Desktop/ros2_practice/install/mobile:/home/shriram/Desktop/ros2_practice/install/description:/home/shriram/Desktop/ros2_practice/install/cv_basics:/opt/ros/humble /usr/bin/cmake --build /home/shriram/Desktop/ros2_practice/build/desc -- -j12 -l12
[3.146s] Invoking command in '/home/shriram/Desktop/ros2_practice/build/desc': CMAKE_PREFIX_PATH=${CMAKE_PREFIX_PATH}:/home/shriram/Desktop/ros2_practice/install/tform:/home/shriram/Desktop/ros2_practice/install/practice:/home/shriram/Desktop/ros2_practice/install/mobile:/home/shriram/Desktop/ros2_practice/install/description:/home/shriram/Desktop/ros2_practice/install/cv_basics:/opt/ros/humble /usr/bin/cmake --install /home/shriram/Desktop/ros2_practice/build/desc
[3.170s] -- Install configuration: ""
[3.171s] -- Execute custom install script
[3.172s] -- Up-to-date symlink: /home/shriram/Desktop/ros2_practice/install/desc/share/desc//urdf/bumperbot.urdf.xacro
[3.173s] -- Up-to-date symlink: /home/shriram/Desktop/ros2_practice/install/desc/share/desc//urdf/bumperbot_gazebo.xacro
[3.173s] -- Up-to-date symlink: /home/shriram/Desktop/ros2_practice/install/desc/share/desc//urdf/common_properties.xacro
[3.174s] -- Up-to-date symlink: /home/shriram/Desktop/ros2_practice/install/desc/share/desc//urdf/mobile_base.xacro
[3.174s] -- Up-to-date symlink: /home/shriram/Desktop/ros2_practice/install/desc/share/desc//urdf/my_robot.urdf.xacro
[3.175s] -- Up-to-date symlink: /home/shriram/Desktop/ros2_practice/install/desc/share/desc//urdf/myrob.urdf
[3.176s] -- Up-to-date symlink: /home/shriram/Desktop/ros2_practice/install/desc/share/desc//urdf/soln.urdf.xacro
[3.176s] -- Up-to-date symlink: /home/shriram/Desktop/ros2_practice/install/desc/share/desc//launch/display.launch.py
[3.177s] -- Up-to-date symlink: /home/shriram/Desktop/ros2_practice/install/desc/share/desc//launch/display.launch.xml
[3.178s] -- Up-to-date symlink: /home/shriram/Desktop/ros2_practice/install/desc/share/desc//launch/display1.launch.py
[3.178s] -- Up-to-date symlink: /home/shriram/Desktop/ros2_practice/install/desc/share/desc//launch/display1.launch.xml
[3.179s] -- Up-to-date symlink: /home/shriram/Desktop/ros2_practice/install/desc/share/desc//rviz/urdf_config.rviz
[3.179s] -- Up-to-date symlink: /home/shriram/Desktop/ros2_practice/install/desc/share/ament_index/resource_index/package_run_dependencies/desc
[3.179s] -- Up-to-date symlink: /home/shriram/Desktop/ros2_practice/install/desc/share/ament_index/resource_index/parent_prefix_path/desc
[3.179s] -- Up-to-date symlink: /home/shriram/Desktop/ros2_practice/install/desc/share/desc/environment/ament_prefix_path.sh
[3.179s] -- Up-to-date symlink: /home/shriram/Desktop/ros2_practice/install/desc/share/desc/environment/ament_prefix_path.dsv
[3.179s] -- Up-to-date symlink: /home/shriram/Desktop/ros2_practice/install/desc/share/desc/environment/path.sh
[3.179s] -- Up-to-date symlink: /home/shriram/Desktop/ros2_practice/install/desc/share/desc/environment/path.dsv
[3.179s] -- Up-to-date symlink: /home/shriram/Desktop/ros2_practice/install/desc/share/desc/local_setup.bash
[3.180s] -- Up-to-date symlink: /home/shriram/Desktop/ros2_practice/install/desc/share/desc/local_setup.sh
[3.180s] -- Up-to-date symlink: /home/shriram/Desktop/ros2_practice/install/desc/share/desc/local_setup.zsh
[3.180s] -- Up-to-date symlink: /home/shriram/Desktop/ros2_practice/install/desc/share/desc/local_setup.dsv
[3.180s] -- Symlinking: /home/shriram/Desktop/ros2_practice/install/desc/share/desc/package.dsv
[3.195s] -- Up-to-date symlink: /home/shriram/Desktop/ros2_practice/install/desc/share/ament_index/resource_index/packages/desc
[3.195s] -- Up-to-date symlink: /home/shriram/Desktop/ros2_practice/install/desc/share/desc/cmake/descConfig.cmake
[3.195s] -- Up-to-date symlink: /home/shriram/Desktop/ros2_practice/install/desc/share/desc/cmake/descConfig-version.cmake
[3.195s] -- Up-to-date symlink: /home/shriram/Desktop/ros2_practice/install/desc/share/desc/package.xml
[3.195s] Invoked command in '/home/shriram/Desktop/ros2_practice/build/desc' returned '0': CMAKE_PREFIX_PATH=${CMAKE_PREFIX_PATH}:/home/shriram/Desktop/ros2_practice/install/tform:/home/shriram/Desktop/ros2_practice/install/practice:/home/shriram/Desktop/ros2_practice/install/mobile:/home/shriram/Desktop/ros2_practice/install/description:/home/shriram/Desktop/ros2_practice/install/cv_basics:/opt/ros/humble /usr/bin/cmake --install /home/shriram/Desktop/ros2_practice/build/desc
