[3.515s] Invoking command in '/home/shriram/Desktop/ros2_practice/src/mobile': PYTHONPATH=/home/shriram/Desktop/ros2_practice/build/mobile/prefix_override:/home/shriram/Desktop/ros2_practice/install/mobile/lib/python3.10/site-packages:${PYTHONPATH} /usr/bin/python3 setup.py egg_info --egg-base ../../build/mobile build --build-base /home/shriram/Desktop/ros2_practice/build/mobile/build install --record /home/shriram/Desktop/ros2_practice/build/mobile/install.log --single-version-externally-managed
[3.980s] running egg_info
[3.989s] writing ../../build/mobile/mobile.egg-info/PKG-INFO
[3.989s] writing dependency_links to ../../build/mobile/mobile.egg-info/dependency_links.txt
[3.989s] writing entry points to ../../build/mobile/mobile.egg-info/entry_points.txt
[3.989s] writing requirements to ../../build/mobile/mobile.egg-info/requires.txt
[3.989s] writing top-level names to ../../build/mobile/mobile.egg-info/top_level.txt
[3.989s] reading manifest file '../../build/mobile/mobile.egg-info/SOURCES.txt'
[3.991s] writing manifest file '../../build/mobile/mobile.egg-info/SOURCES.txt'
[3.991s] running build
[3.991s] running build_py
[3.991s] copying mobile/move.py -> /home/shriram/Desktop/ros2_practice/build/mobile/build/lib/mobile
[3.991s] running install
[3.992s] running install_lib
[3.993s] copying /home/shriram/Desktop/ros2_practice/build/mobile/build/lib/mobile/move.py -> /home/shriram/Desktop/ros2_practice/install/mobile/lib/python3.10/site-packages/mobile
[3.998s] byte-compiling /home/shriram/Desktop/ros2_practice/install/mobile/lib/python3.10/site-packages/mobile/move.py to move.cpython-310.pyc
[3.999s] running install_data
[3.999s] running install_egg_info
[3.999s] removing '/home/shriram/Desktop/ros2_practice/install/mobile/lib/python3.10/site-packages/mobile-0.0.0-py3.10.egg-info' (and everything under it)
[4.004s] Copying ../../build/mobile/mobile.egg-info to /home/shriram/Desktop/ros2_practice/install/mobile/lib/python3.10/site-packages/mobile-0.0.0-py3.10.egg-info
[4.006s] running install_scripts
[4.044s] Installing move script to /home/shriram/Desktop/ros2_practice/install/mobile/lib/mobile
[4.045s] writing list of installed files to '/home/shriram/Desktop/ros2_practice/build/mobile/install.log'
[4.207s] Invoked command in '/home/shriram/Desktop/ros2_practice/src/mobile' returned '0': PYTHONPATH=/home/shriram/Desktop/ros2_practice/build/mobile/prefix_override:/home/shriram/Desktop/ros2_practice/install/mobile/lib/python3.10/site-packages:${PYTHONPATH} /usr/bin/python3 setup.py egg_info --egg-base ../../build/mobile build --build-base /home/shriram/Desktop/ros2_practice/build/mobile/build install --record /home/shriram/Desktop/ros2_practice/build/mobile/install.log --single-version-externally-managed
