[0.803s] Invoking command in '/home/shriram/Desktop/ros2_practice/src/tform': PYTHONPATH=/home/shriram/Desktop/ros2_practice/build/tform/prefix_override:/home/shriram/Desktop/ros2_practice/install/tform/lib/python3.10/site-packages:${PYTHONPATH} /usr/bin/python3 setup.py egg_info --egg-base ../../build/tform build --build-base /home/shriram/Desktop/ros2_practice/build/tform/build install --record /home/shriram/Desktop/ros2_practice/build/tform/install.log --single-version-externally-managed
[1.008s] running egg_info
[1.009s] writing ../../build/tform/tform.egg-info/PKG-INFO
[1.009s] writing dependency_links to ../../build/tform/tform.egg-info/dependency_links.txt
[1.009s] writing entry points to ../../build/tform/tform.egg-info/entry_points.txt
[1.009s] writing requirements to ../../build/tform/tform.egg-info/requires.txt
[1.009s] writing top-level names to ../../build/tform/tform.egg-info/top_level.txt
[1.010s] reading manifest file '../../build/tform/tform.egg-info/SOURCES.txt'
[1.011s] writing manifest file '../../build/tform/tform.egg-info/SOURCES.txt'
[1.011s] running build
[1.011s] running build_py
[1.011s] copying tform/dyn2.py -> /home/shriram/Desktop/ros2_practice/build/tform/build/lib/tform
[1.011s] running install
[1.011s] running install_lib
[1.012s] copying /home/shriram/Desktop/ros2_practice/build/tform/build/lib/tform/dyn2.py -> /home/shriram/Desktop/ros2_practice/install/tform/lib/python3.10/site-packages/tform
[1.012s] byte-compiling /home/shriram/Desktop/ros2_practice/install/tform/lib/python3.10/site-packages/tform/dyn2.py to dyn2.cpython-310.pyc
[1.013s] running install_data
[1.013s] copying launch/dyn.launch.py -> /home/shriram/Desktop/ros2_practice/install/tform/share/tform/launch
[1.013s] running install_egg_info
[1.014s] removing '/home/shriram/Desktop/ros2_practice/install/tform/lib/python3.10/site-packages/tform-0.0.0-py3.10.egg-info' (and everything under it)
[1.015s] Copying ../../build/tform/tform.egg-info to /home/shriram/Desktop/ros2_practice/install/tform/lib/python3.10/site-packages/tform-0.0.0-py3.10.egg-info
[1.015s] running install_scripts
[1.033s] Installing circ script to /home/shriram/Desktop/ros2_practice/install/tform/lib/tform
[1.033s] Installing dyn script to /home/shriram/Desktop/ros2_practice/install/tform/lib/tform
[1.033s] Installing dyn2 script to /home/shriram/Desktop/ros2_practice/install/tform/lib/tform
[1.033s] writing list of installed files to '/home/shriram/Desktop/ros2_practice/build/tform/install.log'
[1.072s] Invoked command in '/home/shriram/Desktop/ros2_practice/src/tform' returned '0': PYTHONPATH=/home/shriram/Desktop/ros2_practice/build/tform/prefix_override:/home/shriram/Desktop/ros2_practice/install/tform/lib/python3.10/site-packages:${PYTHONPATH} /usr/bin/python3 setup.py egg_info --egg-base ../../build/tform build --build-base /home/shriram/Desktop/ros2_practice/build/tform/build install --record /home/shriram/Desktop/ros2_practice/build/tform/install.log --single-version-externally-managed
