[0.053s] Invoking command in '/home/shriram/Desktop/ros2_practice/build/custom_plugin': CMAKE_PREFIX_PATH=${CMAKE_PREFIX_PATH}:/home/shriram/Desktop/ros2_practice/install/tform:/home/shriram/Desktop/ros2_practice/install/robot_math:/home/shriram/Desktop/ros2_practice/install/practice:/home/shriram/Desktop/ros2_practice/install/mobile:/home/shriram/Desktop/ros2_practice/install/description:/home/shriram/Desktop/ros2_practice/install/cv_basics:/opt/ros/humble /usr/bin/cmake --build /home/shriram/Desktop/ros2_practice/build/custom_plugin -- -j12 -l12
[1.158s] -- Found ament_cmake: 1.3.5 (/opt/ros/humble/share/ament_cmake/cmake)
[1.158s] -- Found rclcpp: 16.0.5 (/opt/ros/humble/share/rclcpp/cmake)
[1.158s] -- Found rosidl_generator_c: 3.1.5 (/opt/ros/humble/share/rosidl_generator_c/cmake)
[1.158s] -- Found rosidl_adapter: 3.1.5 (/opt/ros/humble/share/rosidl_adapter/cmake)
[1.158s] -- Found rosidl_generator_cpp: 3.1.5 (/opt/ros/humble/share/rosidl_generator_cpp/cmake)
[1.158s] -- Using all available rosidl_typesupport_c: rosidl_typesupport_fastrtps_c;rosidl_typesupport_introspection_c
[1.158s] -- Using all available rosidl_typesupport_cpp: rosidl_typesupport_fastrtps_cpp;rosidl_typesupport_introspection_cpp
[1.158s] -- Found rmw_implementation_cmake: 6.1.1 (/opt/ros/humble/share/rmw_implementation_cmake/cmake)
[1.158s] -- Found rmw_cyclonedds_cpp: 1.3.4 (/opt/ros/humble/share/rmw_cyclonedds_cpp/cmake)
[1.158s] -- Using RMW implementation 'rmw_cyclonedds_cpp' as default
[1.158s] -- Found nav2_costmap_2d: 1.1.9 (/opt/ros/humble/share/nav2_costmap_2d/cmake)
[1.172s] -- Ensuring Eigen3 include directory is part of orocos-kdl CMake target
[1.919s] -- Found nav2_core: 1.1.9 (/opt/ros/humble/share/nav2_core/cmake)
[2.497s] [31mCMake Error at /opt/ros/humble/share/ament_cmake_target_dependencies/cmake/ament_target_dependencies.cmake:42 (message):
[2.497s]   ament_target_dependencies() the first argument must be a valid target name
[2.497s] Call Stack (most recent call first):
[2.497s]   CMakeLists.txt:30 (ament_target_dependencies)
[2.497s] 
[2.497s] [0m
[2.497s] -- Configuring incomplete, errors occurred!
[2.498s] See also "/home/shriram/Desktop/ros2_practice/build/custom_plugin/CMakeFiles/CMakeOutput.log".
[2.504s] gmake: *** [Makefile:267: cmake_check_build_system] Error 1
[2.507s] Invoked command in '/home/shriram/Desktop/ros2_practice/build/custom_plugin' returned '2': CMAKE_PREFIX_PATH=${CMAKE_PREFIX_PATH}:/home/shriram/Desktop/ros2_practice/install/tform:/home/shriram/Desktop/ros2_practice/install/robot_math:/home/shriram/Desktop/ros2_practice/install/practice:/home/shriram/Desktop/ros2_practice/install/mobile:/home/shriram/Desktop/ros2_practice/install/description:/home/shriram/Desktop/ros2_practice/install/cv_basics:/opt/ros/humble /usr/bin/cmake --build /home/shriram/Desktop/ros2_practice/build/custom_plugin -- -j12 -l12
