[0.512s] Invoking command in '/home/shriram/Desktop/ros2_practice/build/nodes2': CMAKE_PREFIX_PATH=/opt/ros/humble /usr/bin/cmake /home/shriram/Desktop/ros2_practice/src/nodes2 -DAMENT_CMAKE_SYMLINK_INSTALL=1 -DCMAKE_INSTALL_PREFIX=/home/shriram/Desktop/ros2_practice/install/nodes2
[0.756s] -- Found ament_cmake: 1.3.5 (/opt/ros/humble/share/ament_cmake/cmake)
[0.756s] -- Override CMake install command with custom implementation using symlinks instead of copying resources
[0.756s] -- Found rclcpp: 16.0.5 (/opt/ros/humble/share/rclcpp/cmake)
[0.756s] -- Found rosidl_generator_c: 3.1.5 (/opt/ros/humble/share/rosidl_generator_c/cmake)
[0.756s] -- Found rosidl_adapter: 3.1.5 (/opt/ros/humble/share/rosidl_adapter/cmake)
[0.756s] -- Found rosidl_generator_cpp: 3.1.5 (/opt/ros/humble/share/rosidl_generator_cpp/cmake)
[0.756s] -- Using all available rosidl_typesupport_c: rosidl_typesupport_fastrtps_c;rosidl_typesupport_introspection_c
[0.756s] -- Using all available rosidl_typesupport_cpp: rosidl_typesupport_fastrtps_cpp;rosidl_typesupport_introspection_cpp
[0.779s] -- Found rmw_implementation_cmake: 6.1.1 (/opt/ros/humble/share/rmw_implementation_cmake/cmake)
[0.782s] -- Found rmw_cyclonedds_cpp: 1.3.4 (/opt/ros/humble/share/rmw_cyclonedds_cpp/cmake)
[0.814s] -- Using RMW implementation 'rmw_cyclonedds_cpp' as default
[0.823s] -- Looking for pthread.h
[0.872s] -- Looking for pthread.h - found
[0.872s] -- Performing Test CMAKE_HAVE_LIBC_PTHREAD
[0.921s] -- Performing Test CMAKE_HAVE_LIBC_PTHREAD - Success
[0.922s] -- Found Threads: TRUE  
[1.060s] [31mCMake Error at CMakeLists.txt:11 (find_package):
[1.060s]   By not providing "Findsrd_msgs.cmake" in CMAKE_MODULE_PATH this project has
[1.060s]   asked CMake to find a package configuration file provided by "srd_msgs",
[1.060s]   but CMake did not find one.
[1.060s] 
[1.060s]   Could not find a package configuration file provided by "srd_msgs" with any
[1.060s]   of the following names:
[1.060s] 
[1.060s]     srd_msgsConfig.cmake
[1.060s]     srd_msgs-config.cmake
[1.060s] 
[1.060s]   Add the installation prefix of "srd_msgs" to CMAKE_PREFIX_PATH or set
[1.060s]   "srd_msgs_DIR" to a directory containing one of the above files.  If
[1.061s]   "srd_msgs" provides a separate development package or SDK, be sure it has
[1.061s]   been installed.
[1.061s] 
[1.061s] [0m
[1.061s] -- Configuring incomplete, errors occurred!
[1.061s] See also "/home/shriram/Desktop/ros2_practice/build/nodes2/CMakeFiles/CMakeOutput.log".
[1.068s] Invoked command in '/home/shriram/Desktop/ros2_practice/build/nodes2' returned '1': CMAKE_PREFIX_PATH=/opt/ros/humble /usr/bin/cmake /home/shriram/Desktop/ros2_practice/src/nodes2 -DAMENT_CMAKE_SYMLINK_INSTALL=1 -DCMAKE_INSTALL_PREFIX=/home/shriram/Desktop/ros2_practice/install/nodes2
