[0.560s] Invoking command in '/home/shriram/Desktop/ros2_practice/src/practice': PYTHONPATH=/home/shriram/Desktop/ros2_practice/build/practice/prefix_override:/home/shriram/Desktop/ros2_practice/install/practice/lib/python3.10/site-packages:${PYTHONPATH} /usr/bin/python3 setup.py egg_info --egg-base ../../build/practice build --build-base /home/shriram/Desktop/ros2_practice/build/practice/build install --record /home/shriram/Desktop/ros2_practice/build/practice/install.log --single-version-externally-managed
[0.766s] running egg_info
[0.766s] writing ../../build/practice/practice.egg-info/PKG-INFO
[0.766s] writing dependency_links to ../../build/practice/practice.egg-info/dependency_links.txt
[0.766s] writing entry points to ../../build/practice/practice.egg-info/entry_points.txt
[0.767s] writing requirements to ../../build/practice/practice.egg-info/requires.txt
[0.767s] writing top-level names to ../../build/practice/practice.egg-info/top_level.txt
[0.768s] reading manifest file '../../build/practice/practice.egg-info/SOURCES.txt'
[0.769s] writing manifest file '../../build/practice/practice.egg-info/SOURCES.txt'
[0.769s] running build
[0.769s] running build_py
[0.769s] running install
[0.769s] running install_lib
[0.770s] running install_data
[0.770s] running install_egg_info
[0.772s] removing '/home/shriram/Desktop/ros2_practice/install/practice/lib/python3.10/site-packages/practice-0.0.0-py3.10.egg-info' (and everything under it)
[0.772s] Copying ../../build/practice/practice.egg-info to /home/shriram/Desktop/ros2_practice/install/practice/lib/python3.10/site-packages/practice-0.0.0-py3.10.egg-info
[0.772s] running install_scripts
[0.788s] Installing circ script to /home/shriram/Desktop/ros2_practice/install/practice/lib/practice
[0.788s] Installing controller script to /home/shriram/Desktop/ros2_practice/install/practice/lib/practice
[0.788s] Installing node1 script to /home/shriram/Desktop/ros2_practice/install/practice/lib/practice
[0.788s] Installing pose script to /home/shriram/Desktop/ros2_practice/install/practice/lib/practice
[0.788s] writing list of installed files to '/home/shriram/Desktop/ros2_practice/build/practice/install.log'
[0.817s] Invoked command in '/home/shriram/Desktop/ros2_practice/src/practice' returned '0': PYTHONPATH=/home/shriram/Desktop/ros2_practice/build/practice/prefix_override:/home/shriram/Desktop/ros2_practice/install/practice/lib/python3.10/site-packages:${PYTHONPATH} /usr/bin/python3 setup.py egg_info --egg-base ../../build/practice build --build-base /home/shriram/Desktop/ros2_practice/build/practice/build install --record /home/shriram/Desktop/ros2_practice/build/practice/install.log --single-version-externally-managed
