[1.291s] Invoking command in '/home/shriram/Desktop/ros2_practice/build/turtlebot3_gazebo': CMAKE_PREFIX_PATH=${CMAKE_PREFIX_PATH}:/home/shriram/Desktop/ros2_practice/install/tform:/home/shriram/Desktop/ros2_practice/install/robot_math:/home/shriram/Desktop/ros2_practice/install/practice:/home/shriram/Desktop/ros2_practice/install/mobile:/home/shriram/Desktop/ros2_practice/install/description:/home/shriram/Desktop/ros2_practice/install/cv_basics:/home/shriram/Desktop/ros2_learners-main/install/robot_math:/opt/ros/humble /usr/bin/cmake --build /home/shriram/Desktop/ros2_practice/build/turtlebot3_gazebo -- -j12 -l12
[1.354s] [ 25%] Built target turtlebot3_drive
[1.378s] [ 50%] Built target obstacle1
[1.378s] [ 75%] Built target obstacles
[1.378s] [100%] Built target obstacle2
[1.447s] Invoked command in '/home/shriram/Desktop/ros2_practice/build/turtlebot3_gazebo' returned '0': CMAKE_PREFIX_PATH=${CMAKE_PREFIX_PATH}:/home/shriram/Desktop/ros2_practice/install/tform:/home/shriram/Desktop/ros2_practice/install/robot_math:/home/shriram/Desktop/ros2_practice/install/practice:/home/shriram/Desktop/ros2_practice/install/mobile:/home/shriram/Desktop/ros2_practice/install/description:/home/shriram/Desktop/ros2_practice/install/cv_basics:/home/shriram/Desktop/ros2_learners-main/install/robot_math:/opt/ros/humble /usr/bin/cmake --build /home/shriram/Desktop/ros2_practice/build/turtlebot3_gazebo -- -j12 -l12
[1.528s] Invoking command in '/home/shriram/Desktop/ros2_practice/build/turtlebot3_gazebo': CMAKE_PREFIX_PATH=${CMAKE_PREFIX_PATH}:/home/shriram/Desktop/ros2_practice/install/tform:/home/shriram/Desktop/ros2_practice/install/robot_math:/home/shriram/Desktop/ros2_practice/install/practice:/home/shriram/Desktop/ros2_practice/install/mobile:/home/shriram/Desktop/ros2_practice/install/description:/home/shriram/Desktop/ros2_practice/install/cv_basics:/home/shriram/Desktop/ros2_learners-main/install/robot_math:/opt/ros/humble /usr/bin/cmake --install /home/shriram/Desktop/ros2_practice/build/turtlebot3_gazebo
[1.535s] -- Install configuration: ""
[1.535s] -- Up-to-date: /home/shriram/Desktop/ros2_practice/install/turtlebot3_gazebo/lib/turtlebot3_gazebo/turtlebot3_drive
[1.536s] -- Up-to-date: /home/shriram/Desktop/ros2_practice/install/turtlebot3_gazebo/share/turtlebot3_gazebo//launch
[1.536s] -- Up-to-date: /home/shriram/Desktop/ros2_practice/install/turtlebot3_gazebo/share/turtlebot3_gazebo//launch/turtlebot3_dqn_stage2.launch.py
[1.536s] -- Up-to-date: /home/shriram/Desktop/ros2_practice/install/turtlebot3_gazebo/share/turtlebot3_gazebo//launch/turtlebot3_dqn_stage4.launch.py
[1.536s] -- Up-to-date: /home/shriram/Desktop/ros2_practice/install/turtlebot3_gazebo/share/turtlebot3_gazebo//launch/empty_world.launch.py
[1.536s] -- Up-to-date: /home/shriram/Desktop/ros2_practice/install/turtlebot3_gazebo/share/turtlebot3_gazebo//launch/spawn_turtlebot3.launch.py
[1.537s] -- Up-to-date: /home/shriram/Desktop/ros2_practice/install/turtlebot3_gazebo/share/turtlebot3_gazebo//launch/turtlebot3_dqn_stage3.launch.py
[1.537s] -- Up-to-date: /home/shriram/Desktop/ros2_practice/install/turtlebot3_gazebo/share/turtlebot3_gazebo//launch/turtlebot3_dqn_stage1.launch.py
[1.537s] -- Up-to-date: /home/shriram/Desktop/ros2_practice/install/turtlebot3_gazebo/share/turtlebot3_gazebo//launch/robot_state_publisher.launch.py
[1.537s] -- Up-to-date: /home/shriram/Desktop/ros2_practice/install/turtlebot3_gazebo/share/turtlebot3_gazebo//launch/turtlebot3_world.launch.py
[1.538s] -- Up-to-date: /home/shriram/Desktop/ros2_practice/install/turtlebot3_gazebo/share/turtlebot3_gazebo//launch/turtlebot3_house.launch.py
[1.538s] -- Up-to-date: /home/shriram/Desktop/ros2_practice/install/turtlebot3_gazebo/share/turtlebot3_gazebo//models
[1.538s] -- Up-to-date: /home/shriram/Desktop/ros2_practice/install/turtlebot3_gazebo/share/turtlebot3_gazebo//models/turtlebot3_house
[1.538s] -- Up-to-date: /home/shriram/Desktop/ros2_practice/install/turtlebot3_gazebo/share/turtlebot3_gazebo//models/turtlebot3_house/model.config
[1.538s] -- Up-to-date: /home/shriram/Desktop/ros2_practice/install/turtlebot3_gazebo/share/turtlebot3_gazebo//models/turtlebot3_house/model.sdf
[1.539s] -- Up-to-date: /home/shriram/Desktop/ros2_practice/install/turtlebot3_gazebo/share/turtlebot3_gazebo//models/turtlebot3_world
[1.539s] -- Up-to-date: /home/shriram/Desktop/ros2_practice/install/turtlebot3_gazebo/share/turtlebot3_gazebo//models/turtlebot3_world/meshes
[1.539s] -- Up-to-date: /home/shriram/Desktop/ros2_practice/install/turtlebot3_gazebo/share/turtlebot3_gazebo//models/turtlebot3_world/meshes/wall.dae
[1.539s] -- Up-to-date: /home/shriram/Desktop/ros2_practice/install/turtlebot3_gazebo/share/turtlebot3_gazebo//models/turtlebot3_world/meshes/hexagon.dae
[1.539s] -- Up-to-date: /home/shriram/Desktop/ros2_practice/install/turtlebot3_gazebo/share/turtlebot3_gazebo//models/turtlebot3_world/model-1_4.sdf
[1.539s] -- Up-to-date: /home/shriram/Desktop/ros2_practice/install/turtlebot3_gazebo/share/turtlebot3_gazebo//models/turtlebot3_world/model.config
[1.539s] -- Up-to-date: /home/shriram/Desktop/ros2_practice/install/turtlebot3_gazebo/share/turtlebot3_gazebo//models/turtlebot3_world/model.sdf
[1.539s] -- Up-to-date: /home/shriram/Desktop/ros2_practice/install/turtlebot3_gazebo/share/turtlebot3_gazebo//models/turtlebot3_common
[1.539s] -- Up-to-date: /home/shriram/Desktop/ros2_practice/install/turtlebot3_gazebo/share/turtlebot3_gazebo//models/turtlebot3_common/meshes
[1.540s] -- Up-to-date: /home/shriram/Desktop/ros2_practice/install/turtlebot3_gazebo/share/turtlebot3_gazebo//models/turtlebot3_common/meshes/waffle_pi_base.dae
[1.540s] -- Up-to-date: /home/shriram/Desktop/ros2_practice/install/turtlebot3_gazebo/share/turtlebot3_gazebo//models/turtlebot3_common/meshes/r200.dae
[1.544s] -- Up-to-date: /home/shriram/Desktop/ros2_practice/install/turtlebot3_gazebo/share/turtlebot3_gazebo//models/turtlebot3_common/meshes/tire.dae
[1.544s] -- Up-to-date: /home/shriram/Desktop/ros2_practice/install/turtlebot3_gazebo/share/turtlebot3_gazebo//models/turtlebot3_common/meshes/lds.dae
[1.544s] -- Up-to-date: /home/shriram/Desktop/ros2_practice/install/turtlebot3_gazebo/share/turtlebot3_gazebo//models/turtlebot3_common/meshes/burger_base.dae
[1.545s] -- Up-to-date: /home/shriram/Desktop/ros2_practice/install/turtlebot3_gazebo/share/turtlebot3_gazebo//models/turtlebot3_common/meshes/waffle_base.dae
[1.545s] -- Up-to-date: /home/shriram/Desktop/ros2_practice/install/turtlebot3_gazebo/share/turtlebot3_gazebo//models/turtlebot3_common/model.config
[1.545s] -- Up-to-date: /home/shriram/Desktop/ros2_practice/install/turtlebot3_gazebo/share/turtlebot3_gazebo//models/turtlebot3_waffle
[1.545s] -- Up-to-date: /home/shriram/Desktop/ros2_practice/install/turtlebot3_gazebo/share/turtlebot3_gazebo//models/turtlebot3_waffle/model-1_4.sdf
[1.545s] -- Up-to-date: /home/shriram/Desktop/ros2_practice/install/turtlebot3_gazebo/share/turtlebot3_gazebo//models/turtlebot3_waffle/model.config
[1.545s] -- Up-to-date: /home/shriram/Desktop/ros2_practice/install/turtlebot3_gazebo/share/turtlebot3_gazebo//models/turtlebot3_waffle/model.sdf
[1.545s] -- Up-to-date: /home/shriram/Desktop/ros2_practice/install/turtlebot3_gazebo/share/turtlebot3_gazebo//models/turtlebot3_dqn_world
[1.545s] -- Up-to-date: /home/shriram/Desktop/ros2_practice/install/turtlebot3_gazebo/share/turtlebot3_gazebo//models/turtlebot3_dqn_world/model.config
[1.545s] -- Up-to-date: /home/shriram/Desktop/ros2_practice/install/turtlebot3_gazebo/share/turtlebot3_gazebo//models/turtlebot3_dqn_world/model.sdf
[1.546s] -- Up-to-date: /home/shriram/Desktop/ros2_practice/install/turtlebot3_gazebo/share/turtlebot3_gazebo//models/turtlebot3_dqn_world/inner_walls
[1.546s] -- Up-to-date: /home/shriram/Desktop/ros2_practice/install/turtlebot3_gazebo/share/turtlebot3_gazebo//models/turtlebot3_dqn_world/inner_walls/model.config
[1.546s] -- Up-to-date: /home/shriram/Desktop/ros2_practice/install/turtlebot3_gazebo/share/turtlebot3_gazebo//models/turtlebot3_dqn_world/inner_walls/model.sdf
[1.546s] -- Up-to-date: /home/shriram/Desktop/ros2_practice/install/turtlebot3_gazebo/share/turtlebot3_gazebo//models/turtlebot3_dqn_world/obstacle2
[1.546s] -- Up-to-date: /home/shriram/Desktop/ros2_practice/install/turtlebot3_gazebo/share/turtlebot3_gazebo//models/turtlebot3_dqn_world/obstacle2/model.config
[1.546s] -- Up-to-date: /home/shriram/Desktop/ros2_practice/install/turtlebot3_gazebo/share/turtlebot3_gazebo//models/turtlebot3_dqn_world/obstacle2/model.sdf
[1.546s] -- Up-to-date: /home/shriram/Desktop/ros2_practice/install/turtlebot3_gazebo/share/turtlebot3_gazebo//models/turtlebot3_dqn_world/goal_box
[1.547s] -- Up-to-date: /home/shriram/Desktop/ros2_practice/install/turtlebot3_gazebo/share/turtlebot3_gazebo//models/turtlebot3_dqn_world/goal_box/model.config
[1.547s] -- Up-to-date: /home/shriram/Desktop/ros2_practice/install/turtlebot3_gazebo/share/turtlebot3_gazebo//models/turtlebot3_dqn_world/goal_box/model.sdf
[1.547s] -- Up-to-date: /home/shriram/Desktop/ros2_practice/install/turtlebot3_gazebo/share/turtlebot3_gazebo//models/turtlebot3_dqn_world/obstacle_plugin
[1.547s] -- Up-to-date: /home/shriram/Desktop/ros2_practice/install/turtlebot3_gazebo/share/turtlebot3_gazebo//models/turtlebot3_dqn_world/obstacle_plugin/obstacles.cc
[1.547s] -- Up-to-date: /home/shriram/Desktop/ros2_practice/install/turtlebot3_gazebo/share/turtlebot3_gazebo//models/turtlebot3_dqn_world/obstacle_plugin/CMakeLists.txt
[1.547s] -- Up-to-date: /home/shriram/Desktop/ros2_practice/install/turtlebot3_gazebo/share/turtlebot3_gazebo//models/turtlebot3_dqn_world/obstacle_plugin/obstacle2.cc
[1.547s] -- Up-to-date: /home/shriram/Desktop/ros2_practice/install/turtlebot3_gazebo/share/turtlebot3_gazebo//models/turtlebot3_dqn_world/obstacle_plugin/obstacle1.cc
[1.547s] -- Up-to-date: /home/shriram/Desktop/ros2_practice/install/turtlebot3_gazebo/share/turtlebot3_gazebo//models/turtlebot3_dqn_world/obstacles
[1.547s] -- Up-to-date: /home/shriram/Desktop/ros2_practice/install/turtlebot3_gazebo/share/turtlebot3_gazebo//models/turtlebot3_dqn_world/obstacles/model.config
[1.547s] -- Up-to-date: /home/shriram/Desktop/ros2_practice/install/turtlebot3_gazebo/share/turtlebot3_gazebo//models/turtlebot3_dqn_world/obstacles/model.sdf
[1.547s] -- Up-to-date: /home/shriram/Desktop/ros2_practice/install/turtlebot3_gazebo/share/turtlebot3_gazebo//models/turtlebot3_dqn_world/obstacle1
[1.548s] -- Up-to-date: /home/shriram/Desktop/ros2_practice/install/turtlebot3_gazebo/share/turtlebot3_gazebo//models/turtlebot3_dqn_world/obstacle1/model.config
[1.548s] -- Up-to-date: /home/shriram/Desktop/ros2_practice/install/turtlebot3_gazebo/share/turtlebot3_gazebo//models/turtlebot3_dqn_world/obstacle1/model.sdf
[1.548s] -- Up-to-date: /home/shriram/Desktop/ros2_practice/install/turtlebot3_gazebo/share/turtlebot3_gazebo//rviz
[1.548s] -- Up-to-date: /home/shriram/Desktop/ros2_practice/install/turtlebot3_gazebo/share/turtlebot3_gazebo//rviz/tb3_gazebo.rviz
[1.548s] -- Up-to-date: /home/shriram/Desktop/ros2_practice/install/turtlebot3_gazebo/share/turtlebot3_gazebo//urdf
[1.548s] -- Up-to-date: /home/shriram/Desktop/ros2_practice/install/turtlebot3_gazebo/share/turtlebot3_gazebo//urdf/turtlebot3_waffle.urdf
[1.548s] -- Up-to-date: /home/shriram/Desktop/ros2_practice/install/turtlebot3_gazebo/share/turtlebot3_gazebo//urdf/turtlebot3_waffle_pi.urdf
[1.548s] -- Up-to-date: /home/shriram/Desktop/ros2_practice/install/turtlebot3_gazebo/share/turtlebot3_gazebo//urdf/turtlebot3_burger.urdf
[1.548s] -- Up-to-date: /home/shriram/Desktop/ros2_practice/install/turtlebot3_gazebo/share/turtlebot3_gazebo//urdf/common_properties.urdf
[1.549s] -- Up-to-date: /home/shriram/Desktop/ros2_practice/install/turtlebot3_gazebo/share/turtlebot3_gazebo//worlds
[1.549s] -- Up-to-date: /home/shriram/Desktop/ros2_practice/install/turtlebot3_gazebo/share/turtlebot3_gazebo//worlds/turtlebot3_dqn_stage1.world
[1.549s] -- Up-to-date: /home/shriram/Desktop/ros2_practice/install/turtlebot3_gazebo/share/turtlebot3_gazebo//worlds/turtlebot3_dqn_stage2.world
[1.549s] -- Up-to-date: /home/shriram/Desktop/ros2_practice/install/turtlebot3_gazebo/share/turtlebot3_gazebo//worlds/empty_world.world
[1.549s] -- Up-to-date: /home/shriram/Desktop/ros2_practice/install/turtlebot3_gazebo/share/turtlebot3_gazebo//worlds/turtlebot3_dqn_stage3.world
[1.549s] -- Up-to-date: /home/shriram/Desktop/ros2_practice/install/turtlebot3_gazebo/share/turtlebot3_gazebo//worlds/turtlebot3_dqn_stage4.world
[1.549s] -- Up-to-date: /home/shriram/Desktop/ros2_practice/install/turtlebot3_gazebo/share/turtlebot3_gazebo//worlds/turtlebot3_house.world
[1.549s] -- Up-to-date: /home/shriram/Desktop/ros2_practice/install/turtlebot3_gazebo/share/turtlebot3_gazebo//worlds/turtlebot3_world.world
[1.549s] -- Up-to-date: /home/shriram/Desktop/ros2_practice/install/turtlebot3_gazebo/include/
[1.549s] -- Up-to-date: /home/shriram/Desktop/ros2_practice/install/turtlebot3_gazebo/include//turtlebot3_gazebo
[1.550s] -- Up-to-date: /home/shriram/Desktop/ros2_practice/install/turtlebot3_gazebo/include//turtlebot3_gazebo/turtlebot3_drive.hpp
[1.550s] -- Up-to-date: /home/shriram/Desktop/ros2_practice/install/turtlebot3_gazebo/share/ament_index/resource_index/package_run_dependencies/turtlebot3_gazebo
[1.550s] -- Up-to-date: /home/shriram/Desktop/ros2_practice/install/turtlebot3_gazebo/share/ament_index/resource_index/parent_prefix_path/turtlebot3_gazebo
[1.550s] -- Up-to-date: /home/shriram/Desktop/ros2_practice/install/turtlebot3_gazebo/share/turtlebot3_gazebo/environment/ament_prefix_path.sh
[1.550s] -- Up-to-date: /home/shriram/Desktop/ros2_practice/install/turtlebot3_gazebo/share/turtlebot3_gazebo/environment/ament_prefix_path.dsv
[1.550s] -- Up-to-date: /home/shriram/Desktop/ros2_practice/install/turtlebot3_gazebo/share/turtlebot3_gazebo/environment/path.sh
[1.550s] -- Up-to-date: /home/shriram/Desktop/ros2_practice/install/turtlebot3_gazebo/share/turtlebot3_gazebo/environment/path.dsv
[1.550s] -- Up-to-date: /home/shriram/Desktop/ros2_practice/install/turtlebot3_gazebo/share/turtlebot3_gazebo/local_setup.bash
[1.550s] -- Up-to-date: /home/shriram/Desktop/ros2_practice/install/turtlebot3_gazebo/share/turtlebot3_gazebo/local_setup.sh
[1.550s] -- Up-to-date: /home/shriram/Desktop/ros2_practice/install/turtlebot3_gazebo/share/turtlebot3_gazebo/local_setup.zsh
[1.551s] -- Up-to-date: /home/shriram/Desktop/ros2_practice/install/turtlebot3_gazebo/share/turtlebot3_gazebo/local_setup.dsv
[1.551s] -- Installing: /home/shriram/Desktop/ros2_practice/install/turtlebot3_gazebo/share/turtlebot3_gazebo/package.dsv
[1.551s] -- Up-to-date: /home/shriram/Desktop/ros2_practice/install/turtlebot3_gazebo/share/ament_index/resource_index/packages/turtlebot3_gazebo
[1.551s] -- Up-to-date: /home/shriram/Desktop/ros2_practice/install/turtlebot3_gazebo/share/turtlebot3_gazebo/cmake/ament_cmake_export_include_directories-extras.cmake
[1.551s] -- Up-to-date: /home/shriram/Desktop/ros2_practice/install/turtlebot3_gazebo/share/turtlebot3_gazebo/cmake/ament_cmake_export_dependencies-extras.cmake
[1.551s] -- Up-to-date: /home/shriram/Desktop/ros2_practice/install/turtlebot3_gazebo/share/turtlebot3_gazebo/cmake/turtlebot3_gazeboConfig.cmake
[1.551s] -- Up-to-date: /home/shriram/Desktop/ros2_practice/install/turtlebot3_gazebo/share/turtlebot3_gazebo/cmake/turtlebot3_gazeboConfig-version.cmake
[1.551s] -- Up-to-date: /home/shriram/Desktop/ros2_practice/install/turtlebot3_gazebo/share/turtlebot3_gazebo/package.xml
[1.551s] Invoked command in '/home/shriram/Desktop/ros2_practice/build/turtlebot3_gazebo' returned '0': CMAKE_PREFIX_PATH=${CMAKE_PREFIX_PATH}:/home/shriram/Desktop/ros2_practice/install/tform:/home/shriram/Desktop/ros2_practice/install/robot_math:/home/shriram/Desktop/ros2_practice/install/practice:/home/shriram/Desktop/ros2_practice/install/mobile:/home/shriram/Desktop/ros2_practice/install/description:/home/shriram/Desktop/ros2_practice/install/cv_basics:/home/shriram/Desktop/ros2_learners-main/install/robot_math:/opt/ros/humble /usr/bin/cmake --install /home/shriram/Desktop/ros2_practice/build/turtlebot3_gazebo
