[0.527s] Invoking command in '/home/shriram/Desktop/ros2_practice/build/point_cloud_perception': CMAKE_PREFIX_PATH=/opt/ros/humble /usr/bin/cmake --build /home/shriram/Desktop/ros2_practice/build/point_cloud_perception -- -j12 -l12
[1.351s] [100%] Built target voxeling
[1.351s] [100%] Built target clustering
[1.351s] [100%] Built target planner_seg
[1.352s] Invoked command in '/home/shriram/Desktop/ros2_practice/build/point_cloud_perception' returned '0': CMAKE_PREFIX_PATH=/opt/ros/humble /usr/bin/cmake --build /home/shriram/Desktop/ros2_practice/build/point_cloud_perception -- -j12 -l12
[1.427s] Invoking command in '/home/shriram/Desktop/ros2_practice/build/point_cloud_perception': CMAKE_PREFIX_PATH=/opt/ros/humble /usr/bin/cmake --install /home/shriram/Desktop/ros2_practice/build/point_cloud_perception
[1.439s] -- Install configuration: ""
[1.454s] -- Up-to-date: /home/shriram/Desktop/ros2_practice/install/point_cloud_perception/lib/point_cloud_perception/voxeling
[1.454s] -- Up-to-date: /home/shriram/Desktop/ros2_practice/install/point_cloud_perception/lib/point_cloud_perception/planner_seg
[1.454s] -- Up-to-date: /home/shriram/Desktop/ros2_practice/install/point_cloud_perception/lib/point_cloud_perception/clustering
[1.454s] -- Up-to-date: /home/shriram/Desktop/ros2_practice/install/point_cloud_perception/share/point_cloud_perception//launch
[1.454s] -- Up-to-date: /home/shriram/Desktop/ros2_practice/install/point_cloud_perception/share/point_cloud_perception//launch/3d_depth_mapping_rtab.launch.py
[1.454s] -- Up-to-date: /home/shriram/Desktop/ros2_practice/install/point_cloud_perception/share/point_cloud_perception//launch/rtab_mapping.launch.py
[1.454s] -- Up-to-date: /home/shriram/Desktop/ros2_practice/install/point_cloud_perception/share/ament_index/resource_index/package_run_dependencies/point_cloud_perception
[1.455s] -- Up-to-date: /home/shriram/Desktop/ros2_practice/install/point_cloud_perception/share/ament_index/resource_index/parent_prefix_path/point_cloud_perception
[1.455s] -- Up-to-date: /home/shriram/Desktop/ros2_practice/install/point_cloud_perception/share/point_cloud_perception/environment/ament_prefix_path.sh
[1.455s] -- Up-to-date: /home/shriram/Desktop/ros2_practice/install/point_cloud_perception/share/point_cloud_perception/environment/ament_prefix_path.dsv
[1.455s] -- Up-to-date: /home/shriram/Desktop/ros2_practice/install/point_cloud_perception/share/point_cloud_perception/environment/path.sh
[1.455s] -- Up-to-date: /home/shriram/Desktop/ros2_practice/install/point_cloud_perception/share/point_cloud_perception/environment/path.dsv
[1.455s] -- Up-to-date: /home/shriram/Desktop/ros2_practice/install/point_cloud_perception/share/point_cloud_perception/local_setup.bash
[1.455s] -- Up-to-date: /home/shriram/Desktop/ros2_practice/install/point_cloud_perception/share/point_cloud_perception/local_setup.sh
[1.455s] -- Up-to-date: /home/shriram/Desktop/ros2_practice/install/point_cloud_perception/share/point_cloud_perception/local_setup.zsh
[1.455s] -- Up-to-date: /home/shriram/Desktop/ros2_practice/install/point_cloud_perception/share/point_cloud_perception/local_setup.dsv
[1.455s] -- Installing: /home/shriram/Desktop/ros2_practice/install/point_cloud_perception/share/point_cloud_perception/package.dsv
[1.456s] -- Up-to-date: /home/shriram/Desktop/ros2_practice/install/point_cloud_perception/share/ament_index/resource_index/packages/point_cloud_perception
[1.456s] -- Up-to-date: /home/shriram/Desktop/ros2_practice/install/point_cloud_perception/share/point_cloud_perception/cmake/point_cloud_perceptionConfig.cmake
[1.456s] -- Up-to-date: /home/shriram/Desktop/ros2_practice/install/point_cloud_perception/share/point_cloud_perception/cmake/point_cloud_perceptionConfig-version.cmake
[1.456s] -- Up-to-date: /home/shriram/Desktop/ros2_practice/install/point_cloud_perception/share/point_cloud_perception/package.xml
[1.541s] Invoked command in '/home/shriram/Desktop/ros2_practice/build/point_cloud_perception' returned '0': CMAKE_PREFIX_PATH=/opt/ros/humble /usr/bin/cmake --install /home/shriram/Desktop/ros2_practice/build/point_cloud_perception
