[1.805s] Invoking command in '/home/shriram/Desktop/ros2_practice/build/practice': PYTHONPATH=/home/shriram/Desktop/ros2_practice/build/practice/prefix_override:/home/shriram/Desktop/ros2_practice/install/practice/lib/python3.10/site-packages:${PYTHONPATH} /usr/bin/python3 setup.py develop --uninstall --editable --build-directory /home/shriram/Desktop/ros2_practice/build/practice/build
[2.088s] running develop
[2.384s] Invoked command in '/home/shriram/Desktop/ros2_practice/build/practice' returned '0': PYTHONPATH=/home/shriram/Desktop/ros2_practice/build/practice/prefix_override:/home/shriram/Desktop/ros2_practice/install/practice/lib/python3.10/site-packages:${PYTHONPATH} /usr/bin/python3 setup.py develop --uninstall --editable --build-directory /home/shriram/Desktop/ros2_practice/build/practice/build
[2.386s] Invoking command in '/home/shriram/Desktop/ros2_practice/src/practice': PYTHONPATH=/home/shriram/Desktop/ros2_practice/build/practice/prefix_override:/home/shriram/Desktop/ros2_practice/install/practice/lib/python3.10/site-packages:${PYTHONPATH} /usr/bin/python3 setup.py egg_info --egg-base ../../build/practice build --build-base /home/shriram/Desktop/ros2_practice/build/practice/build install --record /home/shriram/Desktop/ros2_practice/build/practice/install.log --single-version-externally-managed
[2.661s] running egg_info
[2.661s] writing ../../build/practice/practice.egg-info/PKG-INFO
[2.662s] writing dependency_links to ../../build/practice/practice.egg-info/dependency_links.txt
[2.662s] writing entry points to ../../build/practice/practice.egg-info/entry_points.txt
[2.662s] writing requirements to ../../build/practice/practice.egg-info/requires.txt
[2.668s] writing top-level names to ../../build/practice/practice.egg-info/top_level.txt
[2.671s] reading manifest file '../../build/practice/practice.egg-info/SOURCES.txt'
[2.672s] writing manifest file '../../build/practice/practice.egg-info/SOURCES.txt'
[2.673s] running build
[2.673s] running build_py
[2.673s] running install
[2.674s] running install_lib
[2.675s] running install_data
[2.676s] running install_egg_info
[2.678s] removing '/home/shriram/Desktop/ros2_practice/install/practice/lib/python3.10/site-packages/practice-0.0.0-py3.10.egg-info' (and everything under it)
[2.679s] Copying ../../build/practice/practice.egg-info to /home/shriram/Desktop/ros2_practice/install/practice/lib/python3.10/site-packages/practice-0.0.0-py3.10.egg-info
[2.680s] running install_scripts
[2.700s] Installing circ script to /home/shriram/Desktop/ros2_practice/install/practice/lib/practice
[2.700s] Installing controller script to /home/shriram/Desktop/ros2_practice/install/practice/lib/practice
[2.700s] Installing move2 script to /home/shriram/Desktop/ros2_practice/install/practice/lib/practice
[2.701s] Installing node1 script to /home/shriram/Desktop/ros2_practice/install/practice/lib/practice
[2.701s] Installing parabola script to /home/shriram/Desktop/ros2_practice/install/practice/lib/practice
[2.701s] Installing parabolic_curve script to /home/shriram/Desktop/ros2_practice/install/practice/lib/practice
[2.701s] Installing pose script to /home/shriram/Desktop/ros2_practice/install/practice/lib/practice
[2.701s] writing list of installed files to '/home/shriram/Desktop/ros2_practice/build/practice/install.log'
[2.761s] Invoked command in '/home/shriram/Desktop/ros2_practice/src/practice' returned '0': PYTHONPATH=/home/shriram/Desktop/ros2_practice/build/practice/prefix_override:/home/shriram/Desktop/ros2_practice/install/practice/lib/python3.10/site-packages:${PYTHONPATH} /usr/bin/python3 setup.py egg_info --egg-base ../../build/practice build --build-base /home/shriram/Desktop/ros2_practice/build/practice/build install --record /home/shriram/Desktop/ros2_practice/build/practice/install.log --single-version-externally-managed
