[0.070s] Invoking command in '/home/shriram/Desktop/ros2_practice/build/bringup': CMAKE_PREFIX_PATH=/home/shriram/Desktop/ros2_practice/install/desc:/home/shriram/Desktop/ros2_practice/install/bringup:/home/shriram/Desktop/ros2_practice/install/tform:/home/shriram/Desktop/ros2_practice/install/practice:/home/shriram/Desktop/ros2_practice/install/mobile:/home/shriram/Desktop/ros2_practice/install/description:/home/shriram/Desktop/ros2_practice/install/cv_basics:/opt/ros/humble /usr/bin/cmake --build /home/shriram/Desktop/ros2_practice/build/bringup -- -j12 -l12
[0.206s] Invoked command in '/home/shriram/Desktop/ros2_practice/build/bringup' returned '0': CMAKE_PREFIX_PATH=/home/shriram/Desktop/ros2_practice/install/desc:/home/shriram/Desktop/ros2_practice/install/bringup:/home/shriram/Desktop/ros2_practice/install/tform:/home/shriram/Desktop/ros2_practice/install/practice:/home/shriram/Desktop/ros2_practice/install/mobile:/home/shriram/Desktop/ros2_practice/install/description:/home/shriram/Desktop/ros2_practice/install/cv_basics:/opt/ros/humble /usr/bin/cmake --build /home/shriram/Desktop/ros2_practice/build/bringup -- -j12 -l12
[0.284s] Invoking command in '/home/shriram/Desktop/ros2_practice/build/bringup': CMAKE_PREFIX_PATH=/home/shriram/Desktop/ros2_practice/install/desc:/home/shriram/Desktop/ros2_practice/install/bringup:/home/shriram/Desktop/ros2_practice/install/tform:/home/shriram/Desktop/ros2_practice/install/practice:/home/shriram/Desktop/ros2_practice/install/mobile:/home/shriram/Desktop/ros2_practice/install/description:/home/shriram/Desktop/ros2_practice/install/cv_basics:/opt/ros/humble /usr/bin/cmake --install /home/shriram/Desktop/ros2_practice/build/bringup
[0.307s] -- Install configuration: ""
[0.308s] -- Execute custom install script
[0.308s] -- Up-to-date symlink: /home/shriram/Desktop/ros2_practice/install/bringup/share/bringup//launch/my_robot_gazebo.launch.xml
[0.314s] -- Up-to-date symlink: /home/shriram/Desktop/ros2_practice/install/bringup/share/ament_index/resource_index/package_run_dependencies/bringup
[0.314s] -- Up-to-date symlink: /home/shriram/Desktop/ros2_practice/install/bringup/share/ament_index/resource_index/parent_prefix_path/bringup
[0.314s] -- Up-to-date symlink: /home/shriram/Desktop/ros2_practice/install/bringup/share/bringup/environment/ament_prefix_path.sh
[0.315s] -- Up-to-date symlink: /home/shriram/Desktop/ros2_practice/install/bringup/share/bringup/environment/ament_prefix_path.dsv
[0.315s] -- Up-to-date symlink: /home/shriram/Desktop/ros2_practice/install/bringup/share/bringup/environment/path.sh
[0.316s] -- Up-to-date symlink: /home/shriram/Desktop/ros2_practice/install/bringup/share/bringup/environment/path.dsv
[0.316s] -- Up-to-date symlink: /home/shriram/Desktop/ros2_practice/install/bringup/share/bringup/local_setup.bash
[0.317s] -- Up-to-date symlink: /home/shriram/Desktop/ros2_practice/install/bringup/share/bringup/local_setup.sh
[0.317s] -- Up-to-date symlink: /home/shriram/Desktop/ros2_practice/install/bringup/share/bringup/local_setup.zsh
[0.318s] -- Up-to-date symlink: /home/shriram/Desktop/ros2_practice/install/bringup/share/bringup/local_setup.dsv
[0.318s] -- Symlinking: /home/shriram/Desktop/ros2_practice/install/bringup/share/bringup/package.dsv
[0.327s] -- Up-to-date symlink: /home/shriram/Desktop/ros2_practice/install/bringup/share/ament_index/resource_index/packages/bringup
[0.327s] -- Up-to-date symlink: /home/shriram/Desktop/ros2_practice/install/bringup/share/bringup/cmake/bringupConfig.cmake
[0.327s] -- Up-to-date symlink: /home/shriram/Desktop/ros2_practice/install/bringup/share/bringup/cmake/bringupConfig-version.cmake
[0.327s] -- Up-to-date symlink: /home/shriram/Desktop/ros2_practice/install/bringup/share/bringup/package.xml
[0.337s] Invoked command in '/home/shriram/Desktop/ros2_practice/build/bringup' returned '0': CMAKE_PREFIX_PATH=/home/shriram/Desktop/ros2_practice/install/desc:/home/shriram/Desktop/ros2_practice/install/bringup:/home/shriram/Desktop/ros2_practice/install/tform:/home/shriram/Desktop/ros2_practice/install/practice:/home/shriram/Desktop/ros2_practice/install/mobile:/home/shriram/Desktop/ros2_practice/install/description:/home/shriram/Desktop/ros2_practice/install/cv_basics:/opt/ros/humble /usr/bin/cmake --install /home/shriram/Desktop/ros2_practice/build/bringup
