[2.062s] Invoking command in '/home/shriram/Desktop/ros2_practice/src/practice': PYTHONPATH=/home/shriram/Desktop/ros2_practice/build/practice/prefix_override:/home/shriram/Desktop/ros2_practice/install/practice/lib/python3.10/site-packages:${PYTHONPATH} /usr/bin/python3 setup.py egg_info --egg-base ../../build/practice build --build-base /home/shriram/Desktop/ros2_practice/build/practice/build install --record /home/shriram/Desktop/ros2_practice/build/practice/install.log --single-version-externally-managed
[2.503s] running egg_info
[2.504s] writing ../../build/practice/practice.egg-info/PKG-INFO
[2.504s] writing dependency_links to ../../build/practice/practice.egg-info/dependency_links.txt
[2.504s] writing entry points to ../../build/practice/practice.egg-info/entry_points.txt
[2.504s] writing requirements to ../../build/practice/practice.egg-info/requires.txt
[2.505s] writing top-level names to ../../build/practice/practice.egg-info/top_level.txt
[2.508s] reading manifest file '../../build/practice/practice.egg-info/SOURCES.txt'
[2.509s] writing manifest file '../../build/practice/practice.egg-info/SOURCES.txt'
[2.509s] running build
[2.509s] running build_py
[2.510s] running install
[2.510s] running install_lib
[2.512s] running install_data
[2.513s] running install_egg_info
[2.515s] removing '/home/shriram/Desktop/ros2_practice/install/practice/lib/python3.10/site-packages/practice-0.0.0-py3.10.egg-info' (and everything under it)
[2.515s] Copying ../../build/practice/practice.egg-info to /home/shriram/Desktop/ros2_practice/install/practice/lib/python3.10/site-packages/practice-0.0.0-py3.10.egg-info
[2.516s] running install_scripts
[2.542s] Installing circ script to /home/shriram/Desktop/ros2_practice/install/practice/lib/practice
[2.543s] Installing controller script to /home/shriram/Desktop/ros2_practice/install/practice/lib/practice
[2.543s] Installing node1 script to /home/shriram/Desktop/ros2_practice/install/practice/lib/practice
[2.543s] Installing pose script to /home/shriram/Desktop/ros2_practice/install/practice/lib/practice
[2.543s] writing list of installed files to '/home/shriram/Desktop/ros2_practice/build/practice/install.log'
[2.607s] Invoked command in '/home/shriram/Desktop/ros2_practice/src/practice' returned '0': PYTHONPATH=/home/shriram/Desktop/ros2_practice/build/practice/prefix_override:/home/shriram/Desktop/ros2_practice/install/practice/lib/python3.10/site-packages:${PYTHONPATH} /usr/bin/python3 setup.py egg_info --egg-base ../../build/practice build --build-base /home/shriram/Desktop/ros2_practice/build/practice/build install --record /home/shriram/Desktop/ros2_practice/build/practice/install.log --single-version-externally-managed
