[0.681s] Invoking command in '/home/shriram/Desktop/ros2_practice/build/navigation': CMAKE_PREFIX_PATH=${CMAKE_PREFIX_PATH}:/home/shriram/Desktop/ros2_practice/install/tform:/home/shriram/Desktop/ros2_practice/install/robot_math:/home/shriram/Desktop/ros2_practice/install/practice:/home/shriram/Desktop/ros2_practice/install/mobile:/home/shriram/Desktop/ros2_practice/install/description:/home/shriram/Desktop/ros2_practice/install/cv_basics:/opt/ros/humble /usr/bin/cmake --build /home/shriram/Desktop/ros2_practice/build/navigation -- -j12 -l12
[1.276s] Invoked command in '/home/shriram/Desktop/ros2_practice/build/navigation' returned '0': CMAKE_PREFIX_PATH=${CMAKE_PREFIX_PATH}:/home/shriram/Desktop/ros2_practice/install/tform:/home/shriram/Desktop/ros2_practice/install/robot_math:/home/shriram/Desktop/ros2_practice/install/practice:/home/shriram/Desktop/ros2_practice/install/mobile:/home/shriram/Desktop/ros2_practice/install/description:/home/shriram/Desktop/ros2_practice/install/cv_basics:/opt/ros/humble /usr/bin/cmake --build /home/shriram/Desktop/ros2_practice/build/navigation -- -j12 -l12
[1.308s] Invoking command in '/home/shriram/Desktop/ros2_practice/build/navigation': CMAKE_PREFIX_PATH=${CMAKE_PREFIX_PATH}:/home/shriram/Desktop/ros2_practice/install/tform:/home/shriram/Desktop/ros2_practice/install/robot_math:/home/shriram/Desktop/ros2_practice/install/practice:/home/shriram/Desktop/ros2_practice/install/mobile:/home/shriram/Desktop/ros2_practice/install/description:/home/shriram/Desktop/ros2_practice/install/cv_basics:/opt/ros/humble /usr/bin/cmake --install /home/shriram/Desktop/ros2_practice/build/navigation
[1.315s] -- Install configuration: ""
[1.315s] -- Up-to-date: /home/shriram/Desktop/ros2_practice/install/navigation/share/navigation/launch
[1.316s] -- Up-to-date: /home/shriram/Desktop/ros2_practice/install/navigation/share/navigation/launch/navigation.launch.py
[1.316s] -- Up-to-date: /home/shriram/Desktop/ros2_practice/install/navigation/share/navigation/config
[1.317s] -- Up-to-date: /home/shriram/Desktop/ros2_practice/install/navigation/share/navigation/config/mapping.rviz
[1.317s] -- Up-to-date: /home/shriram/Desktop/ros2_practice/install/navigation/share/navigation/config/navigation.rviz
[1.317s] -- Up-to-date: /home/shriram/Desktop/ros2_practice/install/navigation/share/navigation/config/tb3_map.pgm
[1.317s] -- Up-to-date: /home/shriram/Desktop/ros2_practice/install/navigation/share/navigation/config/tb3_map.yaml
[1.317s] -- Up-to-date: /home/shriram/Desktop/ros2_practice/install/navigation/share/navigation/config/tb3_nav2_params.yaml
[1.317s] -- Up-to-date: /home/shriram/Desktop/ros2_practice/install/navigation/share/ament_index/resource_index/package_run_dependencies/navigation
[1.318s] -- Up-to-date: /home/shriram/Desktop/ros2_practice/install/navigation/share/ament_index/resource_index/parent_prefix_path/navigation
[1.318s] -- Up-to-date: /home/shriram/Desktop/ros2_practice/install/navigation/share/navigation/environment/ament_prefix_path.sh
[1.318s] -- Up-to-date: /home/shriram/Desktop/ros2_practice/install/navigation/share/navigation/environment/ament_prefix_path.dsv
[1.318s] -- Up-to-date: /home/shriram/Desktop/ros2_practice/install/navigation/share/navigation/environment/path.sh
[1.318s] -- Up-to-date: /home/shriram/Desktop/ros2_practice/install/navigation/share/navigation/environment/path.dsv
[1.319s] -- Up-to-date: /home/shriram/Desktop/ros2_practice/install/navigation/share/navigation/local_setup.bash
[1.319s] -- Up-to-date: /home/shriram/Desktop/ros2_practice/install/navigation/share/navigation/local_setup.sh
[1.321s] -- Up-to-date: /home/shriram/Desktop/ros2_practice/install/navigation/share/navigation/local_setup.zsh
[1.321s] -- Up-to-date: /home/shriram/Desktop/ros2_practice/install/navigation/share/navigation/local_setup.dsv
[1.321s] -- Installing: /home/shriram/Desktop/ros2_practice/install/navigation/share/navigation/package.dsv
[1.322s] -- Up-to-date: /home/shriram/Desktop/ros2_practice/install/navigation/share/ament_index/resource_index/packages/navigation
[1.322s] -- Up-to-date: /home/shriram/Desktop/ros2_practice/install/navigation/share/navigation/cmake/navigationConfig.cmake
[1.323s] -- Up-to-date: /home/shriram/Desktop/ros2_practice/install/navigation/share/navigation/cmake/navigationConfig-version.cmake
[1.324s] -- Up-to-date: /home/shriram/Desktop/ros2_practice/install/navigation/share/navigation/package.xml
[1.325s] Invoked command in '/home/shriram/Desktop/ros2_practice/build/navigation' returned '0': CMAKE_PREFIX_PATH=${CMAKE_PREFIX_PATH}:/home/shriram/Desktop/ros2_practice/install/tform:/home/shriram/Desktop/ros2_practice/install/robot_math:/home/shriram/Desktop/ros2_practice/install/practice:/home/shriram/Desktop/ros2_practice/install/mobile:/home/shriram/Desktop/ros2_practice/install/description:/home/shriram/Desktop/ros2_practice/install/cv_basics:/opt/ros/humble /usr/bin/cmake --install /home/shriram/Desktop/ros2_practice/build/navigation
