[1.449s] Invoking command in '/home/shriram/Desktop/ros2_practice/build/practice': PYTHONPATH=/home/shriram/Desktop/ros2_practice/build/practice/prefix_override:/home/shriram/Desktop/ros2_practice/install/practice/lib/python3.10/site-packages:${PYTHONPATH} /usr/bin/python3 setup.py develop --uninstall --editable --build-directory /home/shriram/Desktop/ros2_practice/build/practice/build
[1.701s] running develop
[1.946s] Invoked command in '/home/shriram/Desktop/ros2_practice/build/practice' returned '0': PYTHONPATH=/home/shriram/Desktop/ros2_practice/build/practice/prefix_override:/home/shriram/Desktop/ros2_practice/install/practice/lib/python3.10/site-packages:${PYTHONPATH} /usr/bin/python3 setup.py develop --uninstall --editable --build-directory /home/shriram/Desktop/ros2_practice/build/practice/build
[1.948s] Invoking command in '/home/shriram/Desktop/ros2_practice/src/practice': PYTHONPATH=/home/shriram/Desktop/ros2_practice/build/practice/prefix_override:/home/shriram/Desktop/ros2_practice/install/practice/lib/python3.10/site-packages:${PYTHONPATH} /usr/bin/python3 setup.py egg_info --egg-base ../../build/practice build --build-base /home/shriram/Desktop/ros2_practice/build/practice/build install --record /home/shriram/Desktop/ros2_practice/build/practice/install.log --single-version-externally-managed
[2.191s] running egg_info
[2.191s] writing ../../build/practice/practice.egg-info/PKG-INFO
[2.191s] writing dependency_links to ../../build/practice/practice.egg-info/dependency_links.txt
[2.192s] writing entry points to ../../build/practice/practice.egg-info/entry_points.txt
[2.192s] writing requirements to ../../build/practice/practice.egg-info/requires.txt
[2.192s] writing top-level names to ../../build/practice/practice.egg-info/top_level.txt
[2.194s] reading manifest file '../../build/practice/practice.egg-info/SOURCES.txt'
[2.195s] writing manifest file '../../build/practice/practice.egg-info/SOURCES.txt'
[2.195s] running build
[2.195s] running build_py
[2.195s] running install
[2.196s] running install_lib
[2.197s] running install_data
[2.197s] running install_egg_info
[2.199s] removing '/home/shriram/Desktop/ros2_practice/install/practice/lib/python3.10/site-packages/practice-0.0.0-py3.10.egg-info' (and everything under it)
[2.199s] Copying ../../build/practice/practice.egg-info to /home/shriram/Desktop/ros2_practice/install/practice/lib/python3.10/site-packages/practice-0.0.0-py3.10.egg-info
[2.200s] running install_scripts
[2.222s] Installing circ script to /home/shriram/Desktop/ros2_practice/install/practice/lib/practice
[2.224s] Installing controller script to /home/shriram/Desktop/ros2_practice/install/practice/lib/practice
[2.224s] Installing move2 script to /home/shriram/Desktop/ros2_practice/install/practice/lib/practice
[2.224s] Installing node1 script to /home/shriram/Desktop/ros2_practice/install/practice/lib/practice
[2.224s] Installing parabola script to /home/shriram/Desktop/ros2_practice/install/practice/lib/practice
[2.224s] Installing parabolic_curve script to /home/shriram/Desktop/ros2_practice/install/practice/lib/practice
[2.225s] Installing pose script to /home/shriram/Desktop/ros2_practice/install/practice/lib/practice
[2.225s] writing list of installed files to '/home/shriram/Desktop/ros2_practice/build/practice/install.log'
[2.264s] Invoked command in '/home/shriram/Desktop/ros2_practice/src/practice' returned '0': PYTHONPATH=/home/shriram/Desktop/ros2_practice/build/practice/prefix_override:/home/shriram/Desktop/ros2_practice/install/practice/lib/python3.10/site-packages:${PYTHONPATH} /usr/bin/python3 setup.py egg_info --egg-base ../../build/practice build --build-base /home/shriram/Desktop/ros2_practice/build/practice/build install --record /home/shriram/Desktop/ros2_practice/build/practice/install.log --single-version-externally-managed
