running develop
Removing /home/shriram/Desktop/ros2_practice/install/practice/lib/python3.10/site-packages/practice.egg-link (link to .)
running egg_info
writing ../../build/practice/practice.egg-info/PKG-INFO
writing dependency_links to ../../build/practice/practice.egg-info/dependency_links.txt
writing entry points to ../../build/practice/practice.egg-info/entry_points.txt
writing requirements to ../../build/practice/practice.egg-info/requires.txt
writing top-level names to ../../build/practice/practice.egg-info/top_level.txt
reading manifest file '../../build/practice/practice.egg-info/SOURCES.txt'
writing manifest file '../../build/practice/practice.egg-info/SOURCES.txt'
running build
running build_py
copying practice/circ.py -> /home/shriram/Desktop/ros2_practice/build/practice/build/lib/practice
running install
running install_lib
creating /home/shriram/Desktop/ros2_practice/install/practice/lib/python3.10/site-packages/practice
copying /home/shriram/Desktop/ros2_practice/build/practice/build/lib/practice/circ.py -> /home/shriram/Desktop/ros2_practice/install/practice/lib/python3.10/site-packages/practice
copying /home/shriram/Desktop/ros2_practice/build/practice/build/lib/practice/controller.py -> /home/shriram/Desktop/ros2_practice/install/practice/lib/python3.10/site-packages/practice
copying /home/shriram/Desktop/ros2_practice/build/practice/build/lib/practice/pose.py -> /home/shriram/Desktop/ros2_practice/install/practice/lib/python3.10/site-packages/practice
copying /home/shriram/Desktop/ros2_practice/build/practice/build/lib/practice/node1.py -> /home/shriram/Desktop/ros2_practice/install/practice/lib/python3.10/site-packages/practice
copying /home/shriram/Desktop/ros2_practice/build/practice/build/lib/practice/parabolic_curve.py -> /home/shriram/Desktop/ros2_practice/install/practice/lib/python3.10/site-packages/practice
copying /home/shriram/Desktop/ros2_practice/build/practice/build/lib/practice/__init__.py -> /home/shriram/Desktop/ros2_practice/install/practice/lib/python3.10/site-packages/practice
copying /home/shriram/Desktop/ros2_practice/build/practice/build/lib/practice/move2.py -> /home/shriram/Desktop/ros2_practice/install/practice/lib/python3.10/site-packages/practice
byte-compiling /home/shriram/Desktop/ros2_practice/install/practice/lib/python3.10/site-packages/practice/circ.py to circ.cpython-310.pyc
byte-compiling /home/shriram/Desktop/ros2_practice/install/practice/lib/python3.10/site-packages/practice/controller.py to controller.cpython-310.pyc
byte-compiling /home/shriram/Desktop/ros2_practice/install/practice/lib/python3.10/site-packages/practice/pose.py to pose.cpython-310.pyc
byte-compiling /home/shriram/Desktop/ros2_practice/install/practice/lib/python3.10/site-packages/practice/node1.py to node1.cpython-310.pyc
byte-compiling /home/shriram/Desktop/ros2_practice/install/practice/lib/python3.10/site-packages/practice/parabolic_curve.py to parabolic_curve.cpython-310.pyc
byte-compiling /home/shriram/Desktop/ros2_practice/install/practice/lib/python3.10/site-packages/practice/__init__.py to __init__.cpython-310.pyc
byte-compiling /home/shriram/Desktop/ros2_practice/install/practice/lib/python3.10/site-packages/practice/move2.py to move2.cpython-310.pyc
running install_data
running install_egg_info
Copying ../../build/practice/practice.egg-info to /home/shriram/Desktop/ros2_practice/install/practice/lib/python3.10/site-packages/practice-0.0.0-py3.10.egg-info
running install_scripts
Installing circ script to /home/shriram/Desktop/ros2_practice/install/practice/lib/practice
Installing controller script to /home/shriram/Desktop/ros2_practice/install/practice/lib/practice
Installing move2 script to /home/shriram/Desktop/ros2_practice/install/practice/lib/practice
Installing node1 script to /home/shriram/Desktop/ros2_practice/install/practice/lib/practice
Installing parabolic_curve script to /home/shriram/Desktop/ros2_practice/install/practice/lib/practice
Installing pose script to /home/shriram/Desktop/ros2_practice/install/practice/lib/practice
writing list of installed files to '/home/shriram/Desktop/ros2_practice/build/practice/install.log'
