[0.007s] Invoking command in '/home/shriram/Desktop/ros2_practice/build/bringup': CMAKE_PREFIX_PATH=/home/shriram/Desktop/ros2_practice/install/desc:/home/shriram/Desktop/ros2_practice/install/bringup:/home/shriram/Desktop/ros2_practice/install/tform:/home/shriram/Desktop/ros2_practice/install/practice:/home/shriram/Desktop/ros2_practice/install/mobile:/home/shriram/Desktop/ros2_practice/install/description:/home/shriram/Desktop/ros2_practice/install/cv_basics:/opt/ros/humble /usr/bin/cmake --build /home/shriram/Desktop/ros2_practice/build/bringup -- -j12 -l12
[0.034s] -- Found ament_cmake: 1.3.5 (/opt/ros/humble/share/ament_cmake/cmake)
[0.186s] -- Found ament_lint_auto: 0.12.6 (/opt/ros/humble/share/ament_lint_auto/cmake)
[0.254s] -- Added test 'lint_cmake' to check CMake code style
[0.254s] -- Added test 'xmllint' to check XML markup files
[0.255s] -- Configuring done
[0.261s] -- Generating done
[0.262s] -- Build files have been written to: /home/shriram/Desktop/ros2_practice/build/bringup
[0.279s] Invoked command in '/home/shriram/Desktop/ros2_practice/build/bringup' returned '0': CMAKE_PREFIX_PATH=/home/shriram/Desktop/ros2_practice/install/desc:/home/shriram/Desktop/ros2_practice/install/bringup:/home/shriram/Desktop/ros2_practice/install/tform:/home/shriram/Desktop/ros2_practice/install/practice:/home/shriram/Desktop/ros2_practice/install/mobile:/home/shriram/Desktop/ros2_practice/install/description:/home/shriram/Desktop/ros2_practice/install/cv_basics:/opt/ros/humble /usr/bin/cmake --build /home/shriram/Desktop/ros2_practice/build/bringup -- -j12 -l12
[0.295s] Invoking command in '/home/shriram/Desktop/ros2_practice/build/bringup': CMAKE_PREFIX_PATH=/home/shriram/Desktop/ros2_practice/install/desc:/home/shriram/Desktop/ros2_practice/install/bringup:/home/shriram/Desktop/ros2_practice/install/tform:/home/shriram/Desktop/ros2_practice/install/practice:/home/shriram/Desktop/ros2_practice/install/mobile:/home/shriram/Desktop/ros2_practice/install/description:/home/shriram/Desktop/ros2_practice/install/cv_basics:/opt/ros/humble /usr/bin/cmake --install /home/shriram/Desktop/ros2_practice/build/bringup
[0.300s] -- Install configuration: ""
[0.300s] -- Installing: /home/shriram/Desktop/ros2_practice/install/bringup/share/bringup//launch
[0.300s] -- Installing: /home/shriram/Desktop/ros2_practice/install/bringup/share/bringup//launch/my_robot_gazebo.launch.xml
[0.301s] -- Up-to-date: /home/shriram/Desktop/ros2_practice/install/bringup/share/ament_index/resource_index/package_run_dependencies/bringup
[0.301s] -- Installing: /home/shriram/Desktop/ros2_practice/install/bringup/share/ament_index/resource_index/parent_prefix_path/bringup
[0.301s] -- Up-to-date: /home/shriram/Desktop/ros2_practice/install/bringup/share/bringup/environment/ament_prefix_path.sh
[0.301s] -- Installing: /home/shriram/Desktop/ros2_practice/install/bringup/share/bringup/environment/ament_prefix_path.dsv
[0.301s] -- Up-to-date: /home/shriram/Desktop/ros2_practice/install/bringup/share/bringup/environment/path.sh
[0.301s] -- Installing: /home/shriram/Desktop/ros2_practice/install/bringup/share/bringup/environment/path.dsv
[0.301s] -- Up-to-date: /home/shriram/Desktop/ros2_practice/install/bringup/share/bringup/local_setup.bash
[0.301s] -- Up-to-date: /home/shriram/Desktop/ros2_practice/install/bringup/share/bringup/local_setup.sh
[0.301s] -- Up-to-date: /home/shriram/Desktop/ros2_practice/install/bringup/share/bringup/local_setup.zsh
[0.301s] -- Installing: /home/shriram/Desktop/ros2_practice/install/bringup/share/bringup/local_setup.dsv
[0.301s] -- Installing: /home/shriram/Desktop/ros2_practice/install/bringup/share/bringup/package.dsv
[0.302s] -- Up-to-date: /home/shriram/Desktop/ros2_practice/install/bringup/share/ament_index/resource_index/packages/bringup
[0.302s] -- Up-to-date: /home/shriram/Desktop/ros2_practice/install/bringup/share/bringup/cmake/bringupConfig.cmake
[0.302s] -- Up-to-date: /home/shriram/Desktop/ros2_practice/install/bringup/share/bringup/cmake/bringupConfig-version.cmake
[0.302s] -- Up-to-date: /home/shriram/Desktop/ros2_practice/install/bringup/share/bringup/package.xml
[0.306s] Invoked command in '/home/shriram/Desktop/ros2_practice/build/bringup' returned '0': CMAKE_PREFIX_PATH=/home/shriram/Desktop/ros2_practice/install/desc:/home/shriram/Desktop/ros2_practice/install/bringup:/home/shriram/Desktop/ros2_practice/install/tform:/home/shriram/Desktop/ros2_practice/install/practice:/home/shriram/Desktop/ros2_practice/install/mobile:/home/shriram/Desktop/ros2_practice/install/description:/home/shriram/Desktop/ros2_practice/install/cv_basics:/opt/ros/humble /usr/bin/cmake --install /home/shriram/Desktop/ros2_practice/build/bringup
