[1.930s] Invoking command in '/home/shriram/Desktop/ros2_practice/build/mobile': PYTHONPATH=/home/shriram/Desktop/ros2_practice/build/mobile/prefix_override:/home/shriram/Desktop/ros2_practice/install/mobile/lib/python3.10/site-packages:${PYTHONPATH} /usr/bin/python3 setup.py develop --uninstall --editable --build-directory /home/shriram/Desktop/ros2_practice/build/mobile/build
[2.192s] running develop
[2.443s] Invoked command in '/home/shriram/Desktop/ros2_practice/build/mobile' returned '0': PYTHONPATH=/home/shriram/Desktop/ros2_practice/build/mobile/prefix_override:/home/shriram/Desktop/ros2_practice/install/mobile/lib/python3.10/site-packages:${PYTHONPATH} /usr/bin/python3 setup.py develop --uninstall --editable --build-directory /home/shriram/Desktop/ros2_practice/build/mobile/build
[2.445s] Invoking command in '/home/shriram/Desktop/ros2_practice/src/mobile': PYTHONPATH=/home/shriram/Desktop/ros2_practice/build/mobile/prefix_override:/home/shriram/Desktop/ros2_practice/install/mobile/lib/python3.10/site-packages:${PYTHONPATH} /usr/bin/python3 setup.py egg_info --egg-base ../../build/mobile build --build-base /home/shriram/Desktop/ros2_practice/build/mobile/build install --record /home/shriram/Desktop/ros2_practice/build/mobile/install.log --single-version-externally-managed
[2.689s] running egg_info
[2.690s] writing ../../build/mobile/mobile.egg-info/PKG-INFO
[2.690s] writing dependency_links to ../../build/mobile/mobile.egg-info/dependency_links.txt
[2.690s] writing entry points to ../../build/mobile/mobile.egg-info/entry_points.txt
[2.691s] writing requirements to ../../build/mobile/mobile.egg-info/requires.txt
[2.691s] writing top-level names to ../../build/mobile/mobile.egg-info/top_level.txt
[2.693s] reading manifest file '../../build/mobile/mobile.egg-info/SOURCES.txt'
[2.694s] writing manifest file '../../build/mobile/mobile.egg-info/SOURCES.txt'
[2.694s] running build
[2.694s] running build_py
[2.695s] running install
[2.695s] running install_lib
[2.696s] running install_data
[2.696s] running install_egg_info
[2.698s] removing '/home/shriram/Desktop/ros2_practice/install/mobile/lib/python3.10/site-packages/mobile-0.0.0-py3.10.egg-info' (and everything under it)
[2.698s] Copying ../../build/mobile/mobile.egg-info to /home/shriram/Desktop/ros2_practice/install/mobile/lib/python3.10/site-packages/mobile-0.0.0-py3.10.egg-info
[2.699s] running install_scripts
[2.729s] Installing move script to /home/shriram/Desktop/ros2_practice/install/mobile/lib/mobile
[2.729s] writing list of installed files to '/home/shriram/Desktop/ros2_practice/build/mobile/install.log'
[2.764s] Invoked command in '/home/shriram/Desktop/ros2_practice/src/mobile' returned '0': PYTHONPATH=/home/shriram/Desktop/ros2_practice/build/mobile/prefix_override:/home/shriram/Desktop/ros2_practice/install/mobile/lib/python3.10/site-packages:${PYTHONPATH} /usr/bin/python3 setup.py egg_info --egg-base ../../build/mobile build --build-base /home/shriram/Desktop/ros2_practice/build/mobile/build install --record /home/shriram/Desktop/ros2_practice/build/mobile/install.log --single-version-externally-managed
