[1.377s] Invoking command in '/home/shriram/Desktop/ros2_practice/src/practice': PYTHONPATH=/home/shriram/Desktop/ros2_practice/build/practice/prefix_override:/home/shriram/Desktop/ros2_practice/install/practice/lib/python3.10/site-packages:${PYTHONPATH} /usr/bin/python3 setup.py egg_info --egg-base ../../build/practice build --build-base /home/shriram/Desktop/ros2_practice/build/practice/build install --record /home/shriram/Desktop/ros2_practice/build/practice/install.log --single-version-externally-managed
[1.600s] running egg_info
[1.600s] writing ../../build/practice/practice.egg-info/PKG-INFO
[1.601s] writing dependency_links to ../../build/practice/practice.egg-info/dependency_links.txt
[1.601s] writing entry points to ../../build/practice/practice.egg-info/entry_points.txt
[1.601s] writing requirements to ../../build/practice/practice.egg-info/requires.txt
[1.601s] writing top-level names to ../../build/practice/practice.egg-info/top_level.txt
[1.602s] reading manifest file '../../build/practice/practice.egg-info/SOURCES.txt'
[1.603s] writing manifest file '../../build/practice/practice.egg-info/SOURCES.txt'
[1.603s] running build
[1.603s] running build_py
[1.603s] running install
[1.604s] running install_lib
[1.604s] running install_data
[1.605s] running install_egg_info
[1.606s] removing '/home/shriram/Desktop/ros2_practice/install/practice/lib/python3.10/site-packages/practice-0.0.0-py3.10.egg-info' (and everything under it)
[1.606s] Copying ../../build/practice/practice.egg-info to /home/shriram/Desktop/ros2_practice/install/practice/lib/python3.10/site-packages/practice-0.0.0-py3.10.egg-info
[1.607s] running install_scripts
[1.625s] Installing circ script to /home/shriram/Desktop/ros2_practice/install/practice/lib/practice
[1.625s] Installing controller script to /home/shriram/Desktop/ros2_practice/install/practice/lib/practice
[1.625s] Installing node1 script to /home/shriram/Desktop/ros2_practice/install/practice/lib/practice
[1.625s] Installing pose script to /home/shriram/Desktop/ros2_practice/install/practice/lib/practice
[1.626s] writing list of installed files to '/home/shriram/Desktop/ros2_practice/build/practice/install.log'
[1.672s] Invoked command in '/home/shriram/Desktop/ros2_practice/src/practice' returned '0': PYTHONPATH=/home/shriram/Desktop/ros2_practice/build/practice/prefix_override:/home/shriram/Desktop/ros2_practice/install/practice/lib/python3.10/site-packages:${PYTHONPATH} /usr/bin/python3 setup.py egg_info --egg-base ../../build/practice build --build-base /home/shriram/Desktop/ros2_practice/build/practice/build install --record /home/shriram/Desktop/ros2_practice/build/practice/install.log --single-version-externally-managed
