[1.693s] Invoking command in '/home/shriram/Desktop/ros2_practice/build/practice': PYTHONPATH=/home/shriram/Desktop/ros2_practice/build/practice/prefix_override:/home/shriram/Desktop/ros2_practice/install/practice/lib/python3.10/site-packages:${PYTHONPATH} /usr/bin/python3 setup.py develop --uninstall --editable --build-directory /home/shriram/Desktop/ros2_practice/build/practice/build
[1.941s] running develop
[2.184s] Invoked command in '/home/shriram/Desktop/ros2_practice/build/practice' returned '0': PYTHONPATH=/home/shriram/Desktop/ros2_practice/build/practice/prefix_override:/home/shriram/Desktop/ros2_practice/install/practice/lib/python3.10/site-packages:${PYTHONPATH} /usr/bin/python3 setup.py develop --uninstall --editable --build-directory /home/shriram/Desktop/ros2_practice/build/practice/build
[2.186s] Invoking command in '/home/shriram/Desktop/ros2_practice/src/practice': PYTHONPATH=/home/shriram/Desktop/ros2_practice/build/practice/prefix_override:/home/shriram/Desktop/ros2_practice/install/practice/lib/python3.10/site-packages:${PYTHONPATH} /usr/bin/python3 setup.py egg_info --egg-base ../../build/practice build --build-base /home/shriram/Desktop/ros2_practice/build/practice/build install --record /home/shriram/Desktop/ros2_practice/build/practice/install.log --single-version-externally-managed
[2.434s] running egg_info
[2.434s] writing ../../build/practice/practice.egg-info/PKG-INFO
[2.434s] writing dependency_links to ../../build/practice/practice.egg-info/dependency_links.txt
[2.434s] writing entry points to ../../build/practice/practice.egg-info/entry_points.txt
[2.435s] writing requirements to ../../build/practice/practice.egg-info/requires.txt
[2.435s] writing top-level names to ../../build/practice/practice.egg-info/top_level.txt
[2.436s] reading manifest file '../../build/practice/practice.egg-info/SOURCES.txt'
[2.437s] writing manifest file '../../build/practice/practice.egg-info/SOURCES.txt'
[2.437s] running build
[2.437s] running build_py
[2.437s] copying practice/move2.py -> /home/shriram/Desktop/ros2_practice/build/practice/build/lib/practice
[2.438s] running install
[2.438s] running install_lib
[2.439s] copying /home/shriram/Desktop/ros2_practice/build/practice/build/lib/practice/move2.py -> /home/shriram/Desktop/ros2_practice/install/practice/lib/python3.10/site-packages/practice
[2.439s] byte-compiling /home/shriram/Desktop/ros2_practice/install/practice/lib/python3.10/site-packages/practice/move2.py to move2.cpython-310.pyc
[2.440s] running install_data
[2.440s] running install_egg_info
[2.441s] removing '/home/shriram/Desktop/ros2_practice/install/practice/lib/python3.10/site-packages/practice-0.0.0-py3.10.egg-info' (and everything under it)
[2.441s] Copying ../../build/practice/practice.egg-info to /home/shriram/Desktop/ros2_practice/install/practice/lib/python3.10/site-packages/practice-0.0.0-py3.10.egg-info
[2.442s] running install_scripts
[2.457s] Installing circ script to /home/shriram/Desktop/ros2_practice/install/practice/lib/practice
[2.458s] Installing controller script to /home/shriram/Desktop/ros2_practice/install/practice/lib/practice
[2.458s] Installing move2 script to /home/shriram/Desktop/ros2_practice/install/practice/lib/practice
[2.458s] Installing node1 script to /home/shriram/Desktop/ros2_practice/install/practice/lib/practice
[2.458s] Installing pose script to /home/shriram/Desktop/ros2_practice/install/practice/lib/practice
[2.458s] writing list of installed files to '/home/shriram/Desktop/ros2_practice/build/practice/install.log'
[2.505s] Invoked command in '/home/shriram/Desktop/ros2_practice/src/practice' returned '0': PYTHONPATH=/home/shriram/Desktop/ros2_practice/build/practice/prefix_override:/home/shriram/Desktop/ros2_practice/install/practice/lib/python3.10/site-packages:${PYTHONPATH} /usr/bin/python3 setup.py egg_info --egg-base ../../build/practice build --build-base /home/shriram/Desktop/ros2_practice/build/practice/build install --record /home/shriram/Desktop/ros2_practice/build/practice/install.log --single-version-externally-managed
