[0.441s] DEBUG:colcon:Command line arguments: ['/usr/bin/colcon', 'build']
[0.441s] DEBUG:colcon:Parsed command line arguments: Namespace(log_base=None, log_level=None, verb_name='build', build_base='build', install_base='install', merge_install=False, symlink_install=False, test_result_base=None, continue_on_error=False, executor='parallel', parallel_workers=12, event_handlers=None, ignore_user_meta=False, metas=['./colcon.meta'], base_paths=['.'], packages_ignore=None, packages_ignore_regex=None, paths=None, packages_up_to=None, packages_up_to_regex=None, packages_above=None, packages_above_and_dependencies=None, packages_above_depth=None, packages_select_by_dep=None, packages_skip_by_dep=None, packages_skip_up_to=None, packages_select_build_failed=False, packages_skip_build_finished=False, packages_select_test_failures=False, packages_skip_test_passed=False, packages_select=None, packages_skip=None, packages_select_regex=None, packages_skip_regex=None, packages_start=None, packages_end=None, allow_overriding=[], cmake_args=None, cmake_target=None, cmake_target_skip_unavailable=False, cmake_clean_cache=False, cmake_clean_first=False, cmake_force_configure=False, ament_cmake_args=None, catkin_cmake_args=None, catkin_skip_building_tests=False, mixin_files=None, mixin=None, verb_parser=<colcon_mixin.mixin.mixin_argument.MixinArgumentDecorator object at 0x7f05c48d81c0>, verb_extension=<colcon_core.verb.build.BuildVerb object at 0x7f05c46ce5c0>, main=<bound method BuildVerb.main of <colcon_core.verb.build.BuildVerb object at 0x7f05c46ce5c0>>, mixin_verb=('build',))
[0.473s] Level 1:colcon.colcon_core.package_discovery:discover_packages(colcon_meta) check parameters
[0.473s] Level 1:colcon.colcon_core.package_discovery:discover_packages(recursive) check parameters
[0.473s] Level 1:colcon.colcon_core.package_discovery:discover_packages(ignore) check parameters
[0.473s] Level 1:colcon.colcon_core.package_discovery:discover_packages(path) check parameters
[0.473s] Level 1:colcon.colcon_core.package_discovery:discover_packages(colcon_meta) discover
[0.473s] Level 1:colcon.colcon_core.package_discovery:discover_packages(recursive) discover
[0.473s] INFO:colcon.colcon_core.package_discovery:Crawling recursively for packages in '/home/shriram/Desktop/ros2_practice'
[0.473s] Level 1:colcon.colcon_core.package_identification:_identify(.) by extensions ['ignore', 'ignore_ament_install']
[0.473s] Level 1:colcon.colcon_core.package_identification:_identify(.) by extension 'ignore'
[0.473s] Level 1:colcon.colcon_core.package_identification:_identify(.) by extension 'ignore_ament_install'
[0.473s] Level 1:colcon.colcon_core.package_identification:_identify(.) by extensions ['colcon_pkg']
[0.474s] Level 1:colcon.colcon_core.package_identification:_identify(.) by extension 'colcon_pkg'
[0.474s] Level 1:colcon.colcon_core.package_identification:_identify(.) by extensions ['colcon_meta']
[0.474s] Level 1:colcon.colcon_core.package_identification:_identify(.) by extension 'colcon_meta'
[0.474s] Level 1:colcon.colcon_core.package_identification:_identify(.) by extensions ['ros']
[0.474s] Level 1:colcon.colcon_core.package_identification:_identify(.) by extension 'ros'
[0.483s] Level 1:colcon.colcon_core.package_identification:_identify(.) by extensions ['cmake', 'python']
[0.483s] Level 1:colcon.colcon_core.package_identification:_identify(.) by extension 'cmake'
[0.483s] Level 1:colcon.colcon_core.package_identification:_identify(.) by extension 'python'
[0.483s] Level 1:colcon.colcon_core.package_identification:_identify(.) by extensions ['python_setup_py']
[0.483s] Level 1:colcon.colcon_core.package_identification:_identify(.) by extension 'python_setup_py'
[0.483s] Level 1:colcon.colcon_core.package_identification:_identify(build) by extensions ['ignore', 'ignore_ament_install']
[0.483s] Level 1:colcon.colcon_core.package_identification:_identify(build) by extension 'ignore'
[0.483s] Level 1:colcon.colcon_core.package_identification:_identify(build) ignored
[0.483s] Level 1:colcon.colcon_core.package_identification:_identify(install) by extensions ['ignore', 'ignore_ament_install']
[0.483s] Level 1:colcon.colcon_core.package_identification:_identify(install) by extension 'ignore'
[0.483s] Level 1:colcon.colcon_core.package_identification:_identify(install) ignored
[0.484s] Level 1:colcon.colcon_core.package_identification:_identify(log) by extensions ['ignore', 'ignore_ament_install']
[0.484s] Level 1:colcon.colcon_core.package_identification:_identify(log) by extension 'ignore'
[0.484s] Level 1:colcon.colcon_core.package_identification:_identify(log) ignored
[0.484s] Level 1:colcon.colcon_core.package_identification:_identify(src) by extensions ['ignore', 'ignore_ament_install']
[0.484s] Level 1:colcon.colcon_core.package_identification:_identify(src) by extension 'ignore'
[0.484s] Level 1:colcon.colcon_core.package_identification:_identify(src) by extension 'ignore_ament_install'
[0.484s] Level 1:colcon.colcon_core.package_identification:_identify(src) by extensions ['colcon_pkg']
[0.484s] Level 1:colcon.colcon_core.package_identification:_identify(src) by extension 'colcon_pkg'
[0.484s] Level 1:colcon.colcon_core.package_identification:_identify(src) by extensions ['colcon_meta']
[0.484s] Level 1:colcon.colcon_core.package_identification:_identify(src) by extension 'colcon_meta'
[0.484s] Level 1:colcon.colcon_core.package_identification:_identify(src) by extensions ['ros']
[0.484s] Level 1:colcon.colcon_core.package_identification:_identify(src) by extension 'ros'
[0.484s] Level 1:colcon.colcon_core.package_identification:_identify(src) by extensions ['cmake', 'python']
[0.484s] Level 1:colcon.colcon_core.package_identification:_identify(src) by extension 'cmake'
[0.484s] Level 1:colcon.colcon_core.package_identification:_identify(src) by extension 'python'
[0.484s] Level 1:colcon.colcon_core.package_identification:_identify(src) by extensions ['python_setup_py']
[0.484s] Level 1:colcon.colcon_core.package_identification:_identify(src) by extension 'python_setup_py'
[0.484s] Level 1:colcon.colcon_core.package_identification:_identify(src/bringup) by extensions ['ignore', 'ignore_ament_install']
[0.484s] Level 1:colcon.colcon_core.package_identification:_identify(src/bringup) by extension 'ignore'
[0.485s] Level 1:colcon.colcon_core.package_identification:_identify(src/bringup) by extension 'ignore_ament_install'
[0.485s] Level 1:colcon.colcon_core.package_identification:_identify(src/bringup) by extensions ['colcon_pkg']
[0.485s] Level 1:colcon.colcon_core.package_identification:_identify(src/bringup) by extension 'colcon_pkg'
[0.485s] Level 1:colcon.colcon_core.package_identification:_identify(src/bringup) by extensions ['colcon_meta']
[0.485s] Level 1:colcon.colcon_core.package_identification:_identify(src/bringup) by extension 'colcon_meta'
[0.485s] Level 1:colcon.colcon_core.package_identification:_identify(src/bringup) by extensions ['ros']
[0.485s] Level 1:colcon.colcon_core.package_identification:_identify(src/bringup) by extension 'ros'
[0.487s] DEBUG:colcon.colcon_core.package_identification:Package 'src/bringup' with type 'ros.ament_cmake' and name 'bringup'
[0.487s] Level 1:colcon.colcon_core.package_identification:_identify(src/cv_basics) by extensions ['ignore', 'ignore_ament_install']
[0.487s] Level 1:colcon.colcon_core.package_identification:_identify(src/cv_basics) by extension 'ignore'
[0.487s] Level 1:colcon.colcon_core.package_identification:_identify(src/cv_basics) by extension 'ignore_ament_install'
[0.487s] Level 1:colcon.colcon_core.package_identification:_identify(src/cv_basics) by extensions ['colcon_pkg']
[0.487s] Level 1:colcon.colcon_core.package_identification:_identify(src/cv_basics) by extension 'colcon_pkg'
[0.487s] Level 1:colcon.colcon_core.package_identification:_identify(src/cv_basics) by extensions ['colcon_meta']
[0.487s] Level 1:colcon.colcon_core.package_identification:_identify(src/cv_basics) by extension 'colcon_meta'
[0.487s] Level 1:colcon.colcon_core.package_identification:_identify(src/cv_basics) by extensions ['ros']
[0.487s] Level 1:colcon.colcon_core.package_identification:_identify(src/cv_basics) by extension 'ros'
[0.488s] DEBUG:colcon.colcon_core.package_identification:Package 'src/cv_basics' with type 'ros.ament_python' and name 'cv_basics'
[0.488s] Level 1:colcon.colcon_core.package_identification:_identify(src/desc) by extensions ['ignore', 'ignore_ament_install']
[0.488s] Level 1:colcon.colcon_core.package_identification:_identify(src/desc) by extension 'ignore'
[0.488s] Level 1:colcon.colcon_core.package_identification:_identify(src/desc) by extension 'ignore_ament_install'
[0.488s] Level 1:colcon.colcon_core.package_identification:_identify(src/desc) by extensions ['colcon_pkg']
[0.488s] Level 1:colcon.colcon_core.package_identification:_identify(src/desc) by extension 'colcon_pkg'
[0.488s] Level 1:colcon.colcon_core.package_identification:_identify(src/desc) by extensions ['colcon_meta']
[0.488s] Level 1:colcon.colcon_core.package_identification:_identify(src/desc) by extension 'colcon_meta'
[0.488s] Level 1:colcon.colcon_core.package_identification:_identify(src/desc) by extensions ['ros']
[0.488s] Level 1:colcon.colcon_core.package_identification:_identify(src/desc) by extension 'ros'
[0.489s] DEBUG:colcon.colcon_core.package_identification:Package 'src/desc' with type 'ros.ament_cmake' and name 'desc'
[0.489s] Level 1:colcon.colcon_core.package_identification:_identify(src/mobile) by extensions ['ignore', 'ignore_ament_install']
[0.489s] Level 1:colcon.colcon_core.package_identification:_identify(src/mobile) by extension 'ignore'
[0.489s] Level 1:colcon.colcon_core.package_identification:_identify(src/mobile) by extension 'ignore_ament_install'
[0.489s] Level 1:colcon.colcon_core.package_identification:_identify(src/mobile) by extensions ['colcon_pkg']
[0.489s] Level 1:colcon.colcon_core.package_identification:_identify(src/mobile) by extension 'colcon_pkg'
[0.489s] Level 1:colcon.colcon_core.package_identification:_identify(src/mobile) by extensions ['colcon_meta']
[0.489s] Level 1:colcon.colcon_core.package_identification:_identify(src/mobile) by extension 'colcon_meta'
[0.489s] Level 1:colcon.colcon_core.package_identification:_identify(src/mobile) by extensions ['ros']
[0.489s] Level 1:colcon.colcon_core.package_identification:_identify(src/mobile) by extension 'ros'
[0.490s] DEBUG:colcon.colcon_core.package_identification:Package 'src/mobile' with type 'ros.ament_python' and name 'mobile'
[0.490s] Level 1:colcon.colcon_core.package_identification:_identify(src/practice) by extensions ['ignore', 'ignore_ament_install']
[0.490s] Level 1:colcon.colcon_core.package_identification:_identify(src/practice) by extension 'ignore'
[0.490s] Level 1:colcon.colcon_core.package_identification:_identify(src/practice) by extension 'ignore_ament_install'
[0.490s] Level 1:colcon.colcon_core.package_identification:_identify(src/practice) by extensions ['colcon_pkg']
[0.490s] Level 1:colcon.colcon_core.package_identification:_identify(src/practice) by extension 'colcon_pkg'
[0.490s] Level 1:colcon.colcon_core.package_identification:_identify(src/practice) by extensions ['colcon_meta']
[0.490s] Level 1:colcon.colcon_core.package_identification:_identify(src/practice) by extension 'colcon_meta'
[0.490s] Level 1:colcon.colcon_core.package_identification:_identify(src/practice) by extensions ['ros']
[0.490s] Level 1:colcon.colcon_core.package_identification:_identify(src/practice) by extension 'ros'
[0.491s] DEBUG:colcon.colcon_core.package_identification:Package 'src/practice' with type 'ros.ament_python' and name 'practice'
[0.491s] Level 1:colcon.colcon_core.package_identification:_identify(src/tform) by extensions ['ignore', 'ignore_ament_install']
[0.491s] Level 1:colcon.colcon_core.package_identification:_identify(src/tform) by extension 'ignore'
[0.491s] Level 1:colcon.colcon_core.package_identification:_identify(src/tform) by extension 'ignore_ament_install'
[0.491s] Level 1:colcon.colcon_core.package_identification:_identify(src/tform) by extensions ['colcon_pkg']
[0.491s] Level 1:colcon.colcon_core.package_identification:_identify(src/tform) by extension 'colcon_pkg'
[0.491s] Level 1:colcon.colcon_core.package_identification:_identify(src/tform) by extensions ['colcon_meta']
[0.491s] Level 1:colcon.colcon_core.package_identification:_identify(src/tform) by extension 'colcon_meta'
[0.491s] Level 1:colcon.colcon_core.package_identification:_identify(src/tform) by extensions ['ros']
[0.491s] Level 1:colcon.colcon_core.package_identification:_identify(src/tform) by extension 'ros'
[0.492s] DEBUG:colcon.colcon_core.package_identification:Package 'src/tform' with type 'ros.ament_python' and name 'tform'
[0.492s] Level 1:colcon.colcon_core.package_discovery:discover_packages(recursive) using defaults
[0.492s] Level 1:colcon.colcon_core.package_discovery:discover_packages(ignore) discover
[0.492s] Level 1:colcon.colcon_core.package_discovery:discover_packages(ignore) using defaults
[0.492s] Level 1:colcon.colcon_core.package_discovery:discover_packages(path) discover
[0.492s] Level 1:colcon.colcon_core.package_discovery:discover_packages(path) using defaults
[0.516s] Level 1:colcon.colcon_core.package_discovery:discover_packages(prefix_path) check parameters
[0.516s] Level 1:colcon.colcon_core.package_discovery:discover_packages(prefix_path) discover
[0.522s] DEBUG:colcon.colcon_installed_package_information.package_discovery:Found 7 installed packages in /home/shriram/Desktop/ros2_practice/install
[0.524s] DEBUG:colcon.colcon_installed_package_information.package_discovery:Found 412 installed packages in /opt/ros/humble
[0.526s] Level 1:colcon.colcon_core.package_discovery:discover_packages(prefix_path) using defaults
[0.627s] Level 5:colcon.colcon_core.verb:set package 'cv_basics' build argument 'cmake_args' from command line to 'None'
[0.628s] Level 5:colcon.colcon_core.verb:set package 'cv_basics' build argument 'cmake_target' from command line to 'None'
[0.628s] Level 5:colcon.colcon_core.verb:set package 'cv_basics' build argument 'cmake_target_skip_unavailable' from command line to 'False'
[0.628s] Level 5:colcon.colcon_core.verb:set package 'cv_basics' build argument 'cmake_clean_cache' from command line to 'False'
[0.628s] Level 5:colcon.colcon_core.verb:set package 'cv_basics' build argument 'cmake_clean_first' from command line to 'False'
[0.628s] Level 5:colcon.colcon_core.verb:set package 'cv_basics' build argument 'cmake_force_configure' from command line to 'False'
[0.628s] Level 5:colcon.colcon_core.verb:set package 'cv_basics' build argument 'ament_cmake_args' from command line to 'None'
[0.628s] Level 5:colcon.colcon_core.verb:set package 'cv_basics' build argument 'catkin_cmake_args' from command line to 'None'
[0.628s] Level 5:colcon.colcon_core.verb:set package 'cv_basics' build argument 'catkin_skip_building_tests' from command line to 'False'
[0.628s] DEBUG:colcon.colcon_core.verb:Building package 'cv_basics' with the following arguments: {'ament_cmake_args': None, 'build_base': '/home/shriram/Desktop/ros2_practice/build/cv_basics', 'catkin_cmake_args': None, 'catkin_skip_building_tests': False, 'cmake_args': None, 'cmake_clean_cache': False, 'cmake_clean_first': False, 'cmake_force_configure': False, 'cmake_target': None, 'cmake_target_skip_unavailable': False, 'install_base': '/home/shriram/Desktop/ros2_practice/install/cv_basics', 'merge_install': False, 'path': '/home/shriram/Desktop/ros2_practice/src/cv_basics', 'symlink_install': False, 'test_result_base': None}
[0.629s] Level 5:colcon.colcon_core.verb:set package 'desc' build argument 'cmake_args' from command line to 'None'
[0.629s] Level 5:colcon.colcon_core.verb:set package 'desc' build argument 'cmake_target' from command line to 'None'
[0.629s] Level 5:colcon.colcon_core.verb:set package 'desc' build argument 'cmake_target_skip_unavailable' from command line to 'False'
[0.629s] Level 5:colcon.colcon_core.verb:set package 'desc' build argument 'cmake_clean_cache' from command line to 'False'
[0.629s] Level 5:colcon.colcon_core.verb:set package 'desc' build argument 'cmake_clean_first' from command line to 'False'
[0.629s] Level 5:colcon.colcon_core.verb:set package 'desc' build argument 'cmake_force_configure' from command line to 'False'
[0.629s] Level 5:colcon.colcon_core.verb:set package 'desc' build argument 'ament_cmake_args' from command line to 'None'
[0.629s] Level 5:colcon.colcon_core.verb:set package 'desc' build argument 'catkin_cmake_args' from command line to 'None'
[0.629s] Level 5:colcon.colcon_core.verb:set package 'desc' build argument 'catkin_skip_building_tests' from command line to 'False'
[0.629s] DEBUG:colcon.colcon_core.verb:Building package 'desc' with the following arguments: {'ament_cmake_args': None, 'build_base': '/home/shriram/Desktop/ros2_practice/build/desc', 'catkin_cmake_args': None, 'catkin_skip_building_tests': False, 'cmake_args': None, 'cmake_clean_cache': False, 'cmake_clean_first': False, 'cmake_force_configure': False, 'cmake_target': None, 'cmake_target_skip_unavailable': False, 'install_base': '/home/shriram/Desktop/ros2_practice/install/desc', 'merge_install': False, 'path': '/home/shriram/Desktop/ros2_practice/src/desc', 'symlink_install': False, 'test_result_base': None}
[0.629s] Level 5:colcon.colcon_core.verb:set package 'mobile' build argument 'cmake_args' from command line to 'None'
[0.629s] Level 5:colcon.colcon_core.verb:set package 'mobile' build argument 'cmake_target' from command line to 'None'
[0.630s] Level 5:colcon.colcon_core.verb:set package 'mobile' build argument 'cmake_target_skip_unavailable' from command line to 'False'
[0.630s] Level 5:colcon.colcon_core.verb:set package 'mobile' build argument 'cmake_clean_cache' from command line to 'False'
[0.630s] Level 5:colcon.colcon_core.verb:set package 'mobile' build argument 'cmake_clean_first' from command line to 'False'
[0.630s] Level 5:colcon.colcon_core.verb:set package 'mobile' build argument 'cmake_force_configure' from command line to 'False'
[0.630s] Level 5:colcon.colcon_core.verb:set package 'mobile' build argument 'ament_cmake_args' from command line to 'None'
[0.630s] Level 5:colcon.colcon_core.verb:set package 'mobile' build argument 'catkin_cmake_args' from command line to 'None'
[0.630s] Level 5:colcon.colcon_core.verb:set package 'mobile' build argument 'catkin_skip_building_tests' from command line to 'False'
[0.630s] DEBUG:colcon.colcon_core.verb:Building package 'mobile' with the following arguments: {'ament_cmake_args': None, 'build_base': '/home/shriram/Desktop/ros2_practice/build/mobile', 'catkin_cmake_args': None, 'catkin_skip_building_tests': False, 'cmake_args': None, 'cmake_clean_cache': False, 'cmake_clean_first': False, 'cmake_force_configure': False, 'cmake_target': None, 'cmake_target_skip_unavailable': False, 'install_base': '/home/shriram/Desktop/ros2_practice/install/mobile', 'merge_install': False, 'path': '/home/shriram/Desktop/ros2_practice/src/mobile', 'symlink_install': False, 'test_result_base': None}
[0.630s] Level 5:colcon.colcon_core.verb:set package 'practice' build argument 'cmake_args' from command line to 'None'
[0.630s] Level 5:colcon.colcon_core.verb:set package 'practice' build argument 'cmake_target' from command line to 'None'
[0.630s] Level 5:colcon.colcon_core.verb:set package 'practice' build argument 'cmake_target_skip_unavailable' from command line to 'False'
[0.630s] Level 5:colcon.colcon_core.verb:set package 'practice' build argument 'cmake_clean_cache' from command line to 'False'
[0.630s] Level 5:colcon.colcon_core.verb:set package 'practice' build argument 'cmake_clean_first' from command line to 'False'
[0.630s] Level 5:colcon.colcon_core.verb:set package 'practice' build argument 'cmake_force_configure' from command line to 'False'
[0.631s] Level 5:colcon.colcon_core.verb:set package 'practice' build argument 'ament_cmake_args' from command line to 'None'
[0.631s] Level 5:colcon.colcon_core.verb:set package 'practice' build argument 'catkin_cmake_args' from command line to 'None'
[0.631s] Level 5:colcon.colcon_core.verb:set package 'practice' build argument 'catkin_skip_building_tests' from command line to 'False'
[0.631s] DEBUG:colcon.colcon_core.verb:Building package 'practice' with the following arguments: {'ament_cmake_args': None, 'build_base': '/home/shriram/Desktop/ros2_practice/build/practice', 'catkin_cmake_args': None, 'catkin_skip_building_tests': False, 'cmake_args': None, 'cmake_clean_cache': False, 'cmake_clean_first': False, 'cmake_force_configure': False, 'cmake_target': None, 'cmake_target_skip_unavailable': False, 'install_base': '/home/shriram/Desktop/ros2_practice/install/practice', 'merge_install': False, 'path': '/home/shriram/Desktop/ros2_practice/src/practice', 'symlink_install': False, 'test_result_base': None}
[0.631s] Level 5:colcon.colcon_core.verb:set package 'tform' build argument 'cmake_args' from command line to 'None'
[0.631s] Level 5:colcon.colcon_core.verb:set package 'tform' build argument 'cmake_target' from command line to 'None'
[0.631s] Level 5:colcon.colcon_core.verb:set package 'tform' build argument 'cmake_target_skip_unavailable' from command line to 'False'
[0.631s] Level 5:colcon.colcon_core.verb:set package 'tform' build argument 'cmake_clean_cache' from command line to 'False'
[0.631s] Level 5:colcon.colcon_core.verb:set package 'tform' build argument 'cmake_clean_first' from command line to 'False'
[0.631s] Level 5:colcon.colcon_core.verb:set package 'tform' build argument 'cmake_force_configure' from command line to 'False'
[0.631s] Level 5:colcon.colcon_core.verb:set package 'tform' build argument 'ament_cmake_args' from command line to 'None'
[0.631s] Level 5:colcon.colcon_core.verb:set package 'tform' build argument 'catkin_cmake_args' from command line to 'None'
[0.631s] Level 5:colcon.colcon_core.verb:set package 'tform' build argument 'catkin_skip_building_tests' from command line to 'False'
[0.631s] DEBUG:colcon.colcon_core.verb:Building package 'tform' with the following arguments: {'ament_cmake_args': None, 'build_base': '/home/shriram/Desktop/ros2_practice/build/tform', 'catkin_cmake_args': None, 'catkin_skip_building_tests': False, 'cmake_args': None, 'cmake_clean_cache': False, 'cmake_clean_first': False, 'cmake_force_configure': False, 'cmake_target': None, 'cmake_target_skip_unavailable': False, 'install_base': '/home/shriram/Desktop/ros2_practice/install/tform', 'merge_install': False, 'path': '/home/shriram/Desktop/ros2_practice/src/tform', 'symlink_install': False, 'test_result_base': None}
[0.632s] Level 5:colcon.colcon_core.verb:set package 'bringup' build argument 'cmake_args' from command line to 'None'
[0.632s] Level 5:colcon.colcon_core.verb:set package 'bringup' build argument 'cmake_target' from command line to 'None'
[0.632s] Level 5:colcon.colcon_core.verb:set package 'bringup' build argument 'cmake_target_skip_unavailable' from command line to 'False'
[0.632s] Level 5:colcon.colcon_core.verb:set package 'bringup' build argument 'cmake_clean_cache' from command line to 'False'
[0.632s] Level 5:colcon.colcon_core.verb:set package 'bringup' build argument 'cmake_clean_first' from command line to 'False'
[0.632s] Level 5:colcon.colcon_core.verb:set package 'bringup' build argument 'cmake_force_configure' from command line to 'False'
[0.632s] Level 5:colcon.colcon_core.verb:set package 'bringup' build argument 'ament_cmake_args' from command line to 'None'
[0.632s] Level 5:colcon.colcon_core.verb:set package 'bringup' build argument 'catkin_cmake_args' from command line to 'None'
[0.632s] Level 5:colcon.colcon_core.verb:set package 'bringup' build argument 'catkin_skip_building_tests' from command line to 'False'
[0.632s] DEBUG:colcon.colcon_core.verb:Building package 'bringup' with the following arguments: {'ament_cmake_args': None, 'build_base': '/home/shriram/Desktop/ros2_practice/build/bringup', 'catkin_cmake_args': None, 'catkin_skip_building_tests': False, 'cmake_args': None, 'cmake_clean_cache': False, 'cmake_clean_first': False, 'cmake_force_configure': False, 'cmake_target': None, 'cmake_target_skip_unavailable': False, 'install_base': '/home/shriram/Desktop/ros2_practice/install/bringup', 'merge_install': False, 'path': '/home/shriram/Desktop/ros2_practice/src/bringup', 'symlink_install': False, 'test_result_base': None}
[0.633s] INFO:colcon.colcon_core.executor:Executing jobs using 'parallel' executor
[0.636s] DEBUG:colcon.colcon_parallel_executor.executor.parallel:run_until_complete
[0.636s] INFO:colcon.colcon_ros.task.ament_cmake.build:Building ROS package in '/home/shriram/Desktop/ros2_practice/src/desc' with build type 'ament_cmake'
[0.636s] INFO:colcon.colcon_cmake.task.cmake.build:Building CMake package in '/home/shriram/Desktop/ros2_practice/src/desc'
[0.641s] INFO:colcon.colcon_core.plugin_system:Skipping extension 'colcon_core.shell.bat': Not used on non-Windows systems
[0.641s] INFO:colcon.colcon_core.shell:Skip shell extension 'powershell' for command environment: Not usable outside of PowerShell
[0.641s] DEBUG:colcon.colcon_core.shell:Skip shell extension 'dsv' for command environment
[0.646s] INFO:colcon.colcon_ros.task.ament_python.build:Building ROS package in '/home/shriram/Desktop/ros2_practice/src/cv_basics' with build type 'ament_python'
[0.646s] Level 1:colcon.colcon_core.shell:create_environment_hook('cv_basics', 'ament_prefix_path')
[0.647s] INFO:colcon.colcon_core.shell:Creating environment hook '/home/shriram/Desktop/ros2_practice/install/cv_basics/share/cv_basics/hook/ament_prefix_path.ps1'
[0.648s] INFO:colcon.colcon_core.shell:Creating environment descriptor '/home/shriram/Desktop/ros2_practice/install/cv_basics/share/cv_basics/hook/ament_prefix_path.dsv'
[0.648s] INFO:colcon.colcon_core.shell:Creating environment hook '/home/shriram/Desktop/ros2_practice/install/cv_basics/share/cv_basics/hook/ament_prefix_path.sh'
[0.650s] INFO:colcon.colcon_core.shell:Skip shell extension 'powershell' for command environment: Not usable outside of PowerShell
[0.650s] DEBUG:colcon.colcon_core.shell:Skip shell extension 'dsv' for command environment
[0.655s] INFO:colcon.colcon_ros.task.ament_python.build:Building ROS package in '/home/shriram/Desktop/ros2_practice/src/mobile' with build type 'ament_python'
[0.655s] Level 1:colcon.colcon_core.shell:create_environment_hook('mobile', 'ament_prefix_path')
[0.656s] INFO:colcon.colcon_core.shell:Creating environment hook '/home/shriram/Desktop/ros2_practice/install/mobile/share/mobile/hook/ament_prefix_path.ps1'
[0.657s] INFO:colcon.colcon_core.shell:Creating environment descriptor '/home/shriram/Desktop/ros2_practice/install/mobile/share/mobile/hook/ament_prefix_path.dsv'
[0.657s] INFO:colcon.colcon_core.shell:Creating environment hook '/home/shriram/Desktop/ros2_practice/install/mobile/share/mobile/hook/ament_prefix_path.sh'
[0.658s] INFO:colcon.colcon_core.shell:Skip shell extension 'powershell' for command environment: Not usable outside of PowerShell
[0.658s] DEBUG:colcon.colcon_core.shell:Skip shell extension 'dsv' for command environment
[0.662s] INFO:colcon.colcon_ros.task.ament_python.build:Building ROS package in '/home/shriram/Desktop/ros2_practice/src/practice' with build type 'ament_python'
[0.662s] Level 1:colcon.colcon_core.shell:create_environment_hook('practice', 'ament_prefix_path')
[0.663s] INFO:colcon.colcon_core.shell:Creating environment hook '/home/shriram/Desktop/ros2_practice/install/practice/share/practice/hook/ament_prefix_path.ps1'
[0.663s] INFO:colcon.colcon_core.shell:Creating environment descriptor '/home/shriram/Desktop/ros2_practice/install/practice/share/practice/hook/ament_prefix_path.dsv'
[0.664s] INFO:colcon.colcon_core.shell:Creating environment hook '/home/shriram/Desktop/ros2_practice/install/practice/share/practice/hook/ament_prefix_path.sh'
[0.665s] INFO:colcon.colcon_core.shell:Skip shell extension 'powershell' for command environment: Not usable outside of PowerShell
[0.665s] DEBUG:colcon.colcon_core.shell:Skip shell extension 'dsv' for command environment
[0.670s] INFO:colcon.colcon_ros.task.ament_python.build:Building ROS package in '/home/shriram/Desktop/ros2_practice/src/tform' with build type 'ament_python'
[0.670s] Level 1:colcon.colcon_core.shell:create_environment_hook('tform', 'ament_prefix_path')
[0.671s] INFO:colcon.colcon_core.shell:Creating environment hook '/home/shriram/Desktop/ros2_practice/install/tform/share/tform/hook/ament_prefix_path.ps1'
[0.672s] INFO:colcon.colcon_core.shell:Creating environment descriptor '/home/shriram/Desktop/ros2_practice/install/tform/share/tform/hook/ament_prefix_path.dsv'
[0.672s] INFO:colcon.colcon_core.shell:Creating environment hook '/home/shriram/Desktop/ros2_practice/install/tform/share/tform/hook/ament_prefix_path.sh'
[0.673s] INFO:colcon.colcon_core.shell:Skip shell extension 'powershell' for command environment: Not usable outside of PowerShell
[0.673s] DEBUG:colcon.colcon_core.shell:Skip shell extension 'dsv' for command environment
[0.681s] DEBUG:colcon.colcon_core.event_handler.log_command:Invoking command in '/home/shriram/Desktop/ros2_practice/build/desc': CMAKE_PREFIX_PATH=${CMAKE_PREFIX_PATH}:/home/shriram/Desktop/ros2_practice/install/tform:/home/shriram/Desktop/ros2_practice/install/practice:/home/shriram/Desktop/ros2_practice/install/mobile:/home/shriram/Desktop/ros2_practice/install/description:/home/shriram/Desktop/ros2_practice/install/cv_basics:/opt/ros/humble /usr/bin/cmake --build /home/shriram/Desktop/ros2_practice/build/desc -- -j12 -l12
[0.953s] INFO:colcon.colcon_core.task.python.build:Building Python package in '/home/shriram/Desktop/ros2_practice/src/cv_basics'
[0.955s] INFO:colcon.colcon_core.shell:Skip shell extension 'powershell' for command environment: Not usable outside of PowerShell
[0.955s] DEBUG:colcon.colcon_core.shell:Skip shell extension 'dsv' for command environment
[1.250s] INFO:colcon.colcon_core.task.python.build:Building Python package in '/home/shriram/Desktop/ros2_practice/src/mobile'
[1.252s] INFO:colcon.colcon_core.shell:Skip shell extension 'powershell' for command environment: Not usable outside of PowerShell
[1.252s] DEBUG:colcon.colcon_core.shell:Skip shell extension 'dsv' for command environment
[1.513s] INFO:colcon.colcon_core.task.python.build:Building Python package in '/home/shriram/Desktop/ros2_practice/src/practice'
[1.516s] INFO:colcon.colcon_core.shell:Skip shell extension 'powershell' for command environment: Not usable outside of PowerShell
[1.516s] DEBUG:colcon.colcon_core.shell:Skip shell extension 'dsv' for command environment
[1.789s] INFO:colcon.colcon_core.task.python.build:Building Python package in '/home/shriram/Desktop/ros2_practice/src/tform'
[1.792s] INFO:colcon.colcon_core.shell:Skip shell extension 'powershell' for command environment: Not usable outside of PowerShell
[1.792s] DEBUG:colcon.colcon_core.shell:Skip shell extension 'dsv' for command environment
[1.804s] DEBUG:colcon.colcon_core.event_handler.log_command:Invoked command in '/home/shriram/Desktop/ros2_practice/build/desc' returned '0': CMAKE_PREFIX_PATH=${CMAKE_PREFIX_PATH}:/home/shriram/Desktop/ros2_practice/install/tform:/home/shriram/Desktop/ros2_practice/install/practice:/home/shriram/Desktop/ros2_practice/install/mobile:/home/shriram/Desktop/ros2_practice/install/description:/home/shriram/Desktop/ros2_practice/install/cv_basics:/opt/ros/humble /usr/bin/cmake --build /home/shriram/Desktop/ros2_practice/build/desc -- -j12 -l12
[1.831s] DEBUG:colcon.colcon_core.event_handler.log_command:Invoking command in '/home/shriram/Desktop/ros2_practice/build/desc': CMAKE_PREFIX_PATH=${CMAKE_PREFIX_PATH}:/home/shriram/Desktop/ros2_practice/install/tform:/home/shriram/Desktop/ros2_practice/install/practice:/home/shriram/Desktop/ros2_practice/install/mobile:/home/shriram/Desktop/ros2_practice/install/description:/home/shriram/Desktop/ros2_practice/install/cv_basics:/opt/ros/humble /usr/bin/cmake --install /home/shriram/Desktop/ros2_practice/build/desc
[1.857s] Level 1:colcon.colcon_core.environment:create_environment_scripts_only(desc)
[1.858s] DEBUG:colcon.colcon_core.event_handler.log_command:Invoked command in '/home/shriram/Desktop/ros2_practice/build/desc' returned '0': CMAKE_PREFIX_PATH=${CMAKE_PREFIX_PATH}:/home/shriram/Desktop/ros2_practice/install/tform:/home/shriram/Desktop/ros2_practice/install/practice:/home/shriram/Desktop/ros2_practice/install/mobile:/home/shriram/Desktop/ros2_practice/install/description:/home/shriram/Desktop/ros2_practice/install/cv_basics:/opt/ros/humble /usr/bin/cmake --install /home/shriram/Desktop/ros2_practice/build/desc
[1.865s] Level 1:colcon.colcon_core.environment:checking '/home/shriram/Desktop/ros2_practice/install/desc' for CMake module files
[1.866s] Level 1:colcon.colcon_core.environment:checking '/home/shriram/Desktop/ros2_practice/install/desc' for CMake config files
[1.866s] Level 1:colcon.colcon_core.shell:create_environment_hook('desc', 'cmake_prefix_path')
[1.868s] INFO:colcon.colcon_core.shell:Creating environment hook '/home/shriram/Desktop/ros2_practice/install/desc/share/desc/hook/cmake_prefix_path.ps1'
[1.869s] INFO:colcon.colcon_core.shell:Creating environment descriptor '/home/shriram/Desktop/ros2_practice/install/desc/share/desc/hook/cmake_prefix_path.dsv'
[1.869s] INFO:colcon.colcon_core.shell:Creating environment hook '/home/shriram/Desktop/ros2_practice/install/desc/share/desc/hook/cmake_prefix_path.sh'
[1.870s] Level 1:colcon.colcon_core.environment:checking '/home/shriram/Desktop/ros2_practice/install/desc/bin'
[1.870s] Level 1:colcon.colcon_core.environment:checking '/home/shriram/Desktop/ros2_practice/install/desc/lib/pkgconfig/desc.pc'
[1.870s] Level 1:colcon.colcon_core.environment:checking '/home/shriram/Desktop/ros2_practice/install/desc/lib/python3.10/site-packages'
[1.870s] Level 1:colcon.colcon_core.environment:checking '/home/shriram/Desktop/ros2_practice/install/desc/bin'
[1.873s] INFO:colcon.colcon_core.shell:Creating package script '/home/shriram/Desktop/ros2_practice/install/desc/share/desc/package.ps1'
[1.874s] INFO:colcon.colcon_core.shell:Creating package descriptor '/home/shriram/Desktop/ros2_practice/install/desc/share/desc/package.dsv'
[1.875s] INFO:colcon.colcon_core.shell:Creating package script '/home/shriram/Desktop/ros2_practice/install/desc/share/desc/package.sh'
[1.875s] INFO:colcon.colcon_core.shell:Creating package script '/home/shriram/Desktop/ros2_practice/install/desc/share/desc/package.bash'
[1.876s] INFO:colcon.colcon_core.shell:Creating package script '/home/shriram/Desktop/ros2_practice/install/desc/share/desc/package.zsh'
[1.877s] Level 1:colcon.colcon_core.environment:create_file_with_runtime_dependencies(/home/shriram/Desktop/ros2_practice/install/desc/share/colcon-core/packages/desc)
[1.895s] Level 1:colcon.colcon_core.environment:create_environment_scripts_only(desc)
[1.896s] Level 1:colcon.colcon_core.environment:checking '/home/shriram/Desktop/ros2_practice/install/desc' for CMake module files
[1.897s] Level 1:colcon.colcon_core.environment:checking '/home/shriram/Desktop/ros2_practice/install/desc' for CMake config files
[1.897s] Level 1:colcon.colcon_core.shell:create_environment_hook('desc', 'cmake_prefix_path')
[1.898s] INFO:colcon.colcon_core.shell:Creating environment hook '/home/shriram/Desktop/ros2_practice/install/desc/share/desc/hook/cmake_prefix_path.ps1'
[1.898s] INFO:colcon.colcon_core.shell:Creating environment descriptor '/home/shriram/Desktop/ros2_practice/install/desc/share/desc/hook/cmake_prefix_path.dsv'
[1.899s] INFO:colcon.colcon_core.shell:Creating environment hook '/home/shriram/Desktop/ros2_practice/install/desc/share/desc/hook/cmake_prefix_path.sh'
[1.899s] Level 1:colcon.colcon_core.environment:checking '/home/shriram/Desktop/ros2_practice/install/desc/bin'
[1.899s] Level 1:colcon.colcon_core.environment:checking '/home/shriram/Desktop/ros2_practice/install/desc/lib/pkgconfig/desc.pc'
[1.899s] Level 1:colcon.colcon_core.environment:checking '/home/shriram/Desktop/ros2_practice/install/desc/lib/python3.10/site-packages'
[1.899s] Level 1:colcon.colcon_core.environment:checking '/home/shriram/Desktop/ros2_practice/install/desc/bin'
[1.900s] INFO:colcon.colcon_core.shell:Creating package script '/home/shriram/Desktop/ros2_practice/install/desc/share/desc/package.ps1'
[1.901s] INFO:colcon.colcon_core.shell:Creating package descriptor '/home/shriram/Desktop/ros2_practice/install/desc/share/desc/package.dsv'
[1.901s] INFO:colcon.colcon_core.shell:Creating package script '/home/shriram/Desktop/ros2_practice/install/desc/share/desc/package.sh'
[1.901s] INFO:colcon.colcon_core.shell:Creating package script '/home/shriram/Desktop/ros2_practice/install/desc/share/desc/package.bash'
[1.902s] INFO:colcon.colcon_core.shell:Creating package script '/home/shriram/Desktop/ros2_practice/install/desc/share/desc/package.zsh'
[1.902s] Level 1:colcon.colcon_core.environment:create_file_with_runtime_dependencies(/home/shriram/Desktop/ros2_practice/install/desc/share/colcon-core/packages/desc)
[1.902s] INFO:colcon.colcon_ros.task.ament_cmake.build:Building ROS package in '/home/shriram/Desktop/ros2_practice/src/bringup' with build type 'ament_cmake'
[1.902s] INFO:colcon.colcon_cmake.task.cmake.build:Building CMake package in '/home/shriram/Desktop/ros2_practice/src/bringup'
[1.903s] INFO:colcon.colcon_core.shell:Skip shell extension 'powershell' for command environment: Not usable outside of PowerShell
[1.904s] DEBUG:colcon.colcon_core.shell:Skip shell extension 'dsv' for command environment
[1.912s] DEBUG:colcon.colcon_core.event_handler.log_command:Invoking command in '/home/shriram/Desktop/ros2_practice/build/bringup': CMAKE_PREFIX_PATH=/home/shriram/Desktop/ros2_practice/install/desc:/home/shriram/Desktop/ros2_practice/install/bringup:/home/shriram/Desktop/ros2_practice/install/tform:/home/shriram/Desktop/ros2_practice/install/practice:/home/shriram/Desktop/ros2_practice/install/mobile:/home/shriram/Desktop/ros2_practice/install/description:/home/shriram/Desktop/ros2_practice/install/cv_basics:/opt/ros/humble /usr/bin/cmake --build /home/shriram/Desktop/ros2_practice/build/bringup -- -j12 -l12
[1.949s] DEBUG:colcon.colcon_core.event_handler.log_command:Invoked command in '/home/shriram/Desktop/ros2_practice/build/bringup' returned '0': CMAKE_PREFIX_PATH=/home/shriram/Desktop/ros2_practice/install/desc:/home/shriram/Desktop/ros2_practice/install/bringup:/home/shriram/Desktop/ros2_practice/install/tform:/home/shriram/Desktop/ros2_practice/install/practice:/home/shriram/Desktop/ros2_practice/install/mobile:/home/shriram/Desktop/ros2_practice/install/description:/home/shriram/Desktop/ros2_practice/install/cv_basics:/opt/ros/humble /usr/bin/cmake --build /home/shriram/Desktop/ros2_practice/build/bringup -- -j12 -l12
[1.968s] DEBUG:colcon.colcon_core.event_handler.log_command:Invoking command in '/home/shriram/Desktop/ros2_practice/build/bringup': CMAKE_PREFIX_PATH=/home/shriram/Desktop/ros2_practice/install/desc:/home/shriram/Desktop/ros2_practice/install/bringup:/home/shriram/Desktop/ros2_practice/install/tform:/home/shriram/Desktop/ros2_practice/install/practice:/home/shriram/Desktop/ros2_practice/install/mobile:/home/shriram/Desktop/ros2_practice/install/description:/home/shriram/Desktop/ros2_practice/install/cv_basics:/opt/ros/humble /usr/bin/cmake --install /home/shriram/Desktop/ros2_practice/build/bringup
[1.977s] Level 1:colcon.colcon_core.environment:create_environment_scripts_only(bringup)
[1.979s] Level 1:colcon.colcon_core.environment:checking '/home/shriram/Desktop/ros2_practice/install/bringup' for CMake module files
[1.980s] DEBUG:colcon.colcon_core.event_handler.log_command:Invoked command in '/home/shriram/Desktop/ros2_practice/build/bringup' returned '0': CMAKE_PREFIX_PATH=/home/shriram/Desktop/ros2_practice/install/desc:/home/shriram/Desktop/ros2_practice/install/bringup:/home/shriram/Desktop/ros2_practice/install/tform:/home/shriram/Desktop/ros2_practice/install/practice:/home/shriram/Desktop/ros2_practice/install/mobile:/home/shriram/Desktop/ros2_practice/install/description:/home/shriram/Desktop/ros2_practice/install/cv_basics:/opt/ros/humble /usr/bin/cmake --install /home/shriram/Desktop/ros2_practice/build/bringup
[1.980s] Level 1:colcon.colcon_core.environment:checking '/home/shriram/Desktop/ros2_practice/install/bringup' for CMake config files
[1.980s] Level 1:colcon.colcon_core.shell:create_environment_hook('bringup', 'cmake_prefix_path')
[1.981s] INFO:colcon.colcon_core.shell:Creating environment hook '/home/shriram/Desktop/ros2_practice/install/bringup/share/bringup/hook/cmake_prefix_path.ps1'
[1.982s] INFO:colcon.colcon_core.shell:Creating environment descriptor '/home/shriram/Desktop/ros2_practice/install/bringup/share/bringup/hook/cmake_prefix_path.dsv'
[1.982s] INFO:colcon.colcon_core.shell:Creating environment hook '/home/shriram/Desktop/ros2_practice/install/bringup/share/bringup/hook/cmake_prefix_path.sh'
[1.982s] Level 1:colcon.colcon_core.environment:checking '/home/shriram/Desktop/ros2_practice/install/bringup/bin'
[1.982s] Level 1:colcon.colcon_core.environment:checking '/home/shriram/Desktop/ros2_practice/install/bringup/lib/pkgconfig/bringup.pc'
[1.983s] Level 1:colcon.colcon_core.environment:checking '/home/shriram/Desktop/ros2_practice/install/bringup/lib/python3.10/site-packages'
[1.983s] Level 1:colcon.colcon_core.environment:checking '/home/shriram/Desktop/ros2_practice/install/bringup/bin'
[1.984s] INFO:colcon.colcon_core.shell:Creating package script '/home/shriram/Desktop/ros2_practice/install/bringup/share/bringup/package.ps1'
[1.984s] INFO:colcon.colcon_core.shell:Creating package descriptor '/home/shriram/Desktop/ros2_practice/install/bringup/share/bringup/package.dsv'
[1.984s] INFO:colcon.colcon_core.shell:Creating package script '/home/shriram/Desktop/ros2_practice/install/bringup/share/bringup/package.sh'
[1.984s] INFO:colcon.colcon_core.shell:Creating package script '/home/shriram/Desktop/ros2_practice/install/bringup/share/bringup/package.bash'
[1.985s] INFO:colcon.colcon_core.shell:Creating package script '/home/shriram/Desktop/ros2_practice/install/bringup/share/bringup/package.zsh'
[1.985s] Level 1:colcon.colcon_core.environment:create_file_with_runtime_dependencies(/home/shriram/Desktop/ros2_practice/install/bringup/share/colcon-core/packages/bringup)
[2.001s] Level 1:colcon.colcon_core.environment:create_environment_scripts_only(bringup)
[2.003s] Level 1:colcon.colcon_core.environment:checking '/home/shriram/Desktop/ros2_practice/install/bringup' for CMake module files
[2.003s] Level 1:colcon.colcon_core.environment:checking '/home/shriram/Desktop/ros2_practice/install/bringup' for CMake config files
[2.003s] Level 1:colcon.colcon_core.shell:create_environment_hook('bringup', 'cmake_prefix_path')
[2.004s] INFO:colcon.colcon_core.shell:Creating environment hook '/home/shriram/Desktop/ros2_practice/install/bringup/share/bringup/hook/cmake_prefix_path.ps1'
[2.004s] INFO:colcon.colcon_core.shell:Creating environment descriptor '/home/shriram/Desktop/ros2_practice/install/bringup/share/bringup/hook/cmake_prefix_path.dsv'
[2.005s] INFO:colcon.colcon_core.shell:Creating environment hook '/home/shriram/Desktop/ros2_practice/install/bringup/share/bringup/hook/cmake_prefix_path.sh'
[2.005s] Level 1:colcon.colcon_core.environment:checking '/home/shriram/Desktop/ros2_practice/install/bringup/bin'
[2.005s] Level 1:colcon.colcon_core.environment:checking '/home/shriram/Desktop/ros2_practice/install/bringup/lib/pkgconfig/bringup.pc'
[2.005s] Level 1:colcon.colcon_core.environment:checking '/home/shriram/Desktop/ros2_practice/install/bringup/lib/python3.10/site-packages'
[2.005s] Level 1:colcon.colcon_core.environment:checking '/home/shriram/Desktop/ros2_practice/install/bringup/bin'
[2.006s] INFO:colcon.colcon_core.shell:Creating package script '/home/shriram/Desktop/ros2_practice/install/bringup/share/bringup/package.ps1'
[2.007s] INFO:colcon.colcon_core.shell:Creating package descriptor '/home/shriram/Desktop/ros2_practice/install/bringup/share/bringup/package.dsv'
[2.007s] INFO:colcon.colcon_core.shell:Creating package script '/home/shriram/Desktop/ros2_practice/install/bringup/share/bringup/package.sh'
[2.008s] INFO:colcon.colcon_core.shell:Creating package script '/home/shriram/Desktop/ros2_practice/install/bringup/share/bringup/package.bash'
[2.008s] INFO:colcon.colcon_core.shell:Creating package script '/home/shriram/Desktop/ros2_practice/install/bringup/share/bringup/package.zsh'
[2.008s] Level 1:colcon.colcon_core.environment:create_file_with_runtime_dependencies(/home/shriram/Desktop/ros2_practice/install/bringup/share/colcon-core/packages/bringup)
[2.347s] DEBUG:colcon.colcon_core.event_handler.log_command:Invoking command in '/home/shriram/Desktop/ros2_practice/build/cv_basics': PYTHONPATH=/home/shriram/Desktop/ros2_practice/build/cv_basics/prefix_override:/home/shriram/Desktop/ros2_practice/install/cv_basics/lib/python3.10/site-packages:${PYTHONPATH} /usr/bin/python3 setup.py develop --uninstall --editable --build-directory /home/shriram/Desktop/ros2_practice/build/cv_basics/build
[2.347s] DEBUG:colcon.colcon_core.event_handler.log_command:Invoking command in '/home/shriram/Desktop/ros2_practice/build/mobile': PYTHONPATH=/home/shriram/Desktop/ros2_practice/build/mobile/prefix_override:/home/shriram/Desktop/ros2_practice/install/mobile/lib/python3.10/site-packages:${PYTHONPATH} /usr/bin/python3 setup.py develop --uninstall --editable --build-directory /home/shriram/Desktop/ros2_practice/build/mobile/build
[2.356s] DEBUG:colcon.colcon_core.event_handler.log_command:Invoking command in '/home/shriram/Desktop/ros2_practice/build/practice': PYTHONPATH=/home/shriram/Desktop/ros2_practice/build/practice/prefix_override:/home/shriram/Desktop/ros2_practice/install/practice/lib/python3.10/site-packages:${PYTHONPATH} /usr/bin/python3 setup.py develop --uninstall --editable --build-directory /home/shriram/Desktop/ros2_practice/build/practice/build
[2.363s] DEBUG:colcon.colcon_core.event_handler.log_command:Invoking command in '/home/shriram/Desktop/ros2_practice/build/tform': PYTHONPATH=/home/shriram/Desktop/ros2_practice/build/tform/prefix_override:/home/shriram/Desktop/ros2_practice/install/tform/lib/python3.10/site-packages:${PYTHONPATH} /usr/bin/python3 setup.py develop --uninstall --editable --build-directory /home/shriram/Desktop/ros2_practice/build/tform/build
[2.847s] DEBUG:colcon.colcon_core.event_handler.log_command:Invoked command in '/home/shriram/Desktop/ros2_practice/build/practice' returned '0': PYTHONPATH=/home/shriram/Desktop/ros2_practice/build/practice/prefix_override:/home/shriram/Desktop/ros2_practice/install/practice/lib/python3.10/site-packages:${PYTHONPATH} /usr/bin/python3 setup.py develop --uninstall --editable --build-directory /home/shriram/Desktop/ros2_practice/build/practice/build
[2.850s] DEBUG:colcon.colcon_core.event_handler.log_command:Invoking command in '/home/shriram/Desktop/ros2_practice/src/practice': PYTHONPATH=/home/shriram/Desktop/ros2_practice/build/practice/prefix_override:/home/shriram/Desktop/ros2_practice/install/practice/lib/python3.10/site-packages:${PYTHONPATH} /usr/bin/python3 setup.py egg_info --egg-base ../../build/practice build --build-base /home/shriram/Desktop/ros2_practice/build/practice/build install --record /home/shriram/Desktop/ros2_practice/build/practice/install.log --single-version-externally-managed
[2.850s] DEBUG:colcon.colcon_core.event_handler.log_command:Invoked command in '/home/shriram/Desktop/ros2_practice/build/cv_basics' returned '0': PYTHONPATH=/home/shriram/Desktop/ros2_practice/build/cv_basics/prefix_override:/home/shriram/Desktop/ros2_practice/install/cv_basics/lib/python3.10/site-packages:${PYTHONPATH} /usr/bin/python3 setup.py develop --uninstall --editable --build-directory /home/shriram/Desktop/ros2_practice/build/cv_basics/build
[2.851s] DEBUG:colcon.colcon_core.event_handler.log_command:Invoking command in '/home/shriram/Desktop/ros2_practice/src/cv_basics': PYTHONPATH=/home/shriram/Desktop/ros2_practice/build/cv_basics/prefix_override:/home/shriram/Desktop/ros2_practice/install/cv_basics/lib/python3.10/site-packages:${PYTHONPATH} /usr/bin/python3 setup.py egg_info --egg-base ../../build/cv_basics build --build-base /home/shriram/Desktop/ros2_practice/build/cv_basics/build install --record /home/shriram/Desktop/ros2_practice/build/cv_basics/install.log --single-version-externally-managed
[2.872s] DEBUG:colcon.colcon_core.event_handler.log_command:Invoked command in '/home/shriram/Desktop/ros2_practice/build/mobile' returned '0': PYTHONPATH=/home/shriram/Desktop/ros2_practice/build/mobile/prefix_override:/home/shriram/Desktop/ros2_practice/install/mobile/lib/python3.10/site-packages:${PYTHONPATH} /usr/bin/python3 setup.py develop --uninstall --editable --build-directory /home/shriram/Desktop/ros2_practice/build/mobile/build
[2.873s] DEBUG:colcon.colcon_core.event_handler.log_command:Invoking command in '/home/shriram/Desktop/ros2_practice/src/mobile': PYTHONPATH=/home/shriram/Desktop/ros2_practice/build/mobile/prefix_override:/home/shriram/Desktop/ros2_practice/install/mobile/lib/python3.10/site-packages:${PYTHONPATH} /usr/bin/python3 setup.py egg_info --egg-base ../../build/mobile build --build-base /home/shriram/Desktop/ros2_practice/build/mobile/build install --record /home/shriram/Desktop/ros2_practice/build/mobile/install.log --single-version-externally-managed
[2.881s] DEBUG:colcon.colcon_core.event_handler.log_command:Invoked command in '/home/shriram/Desktop/ros2_practice/build/tform' returned '0': PYTHONPATH=/home/shriram/Desktop/ros2_practice/build/tform/prefix_override:/home/shriram/Desktop/ros2_practice/install/tform/lib/python3.10/site-packages:${PYTHONPATH} /usr/bin/python3 setup.py develop --uninstall --editable --build-directory /home/shriram/Desktop/ros2_practice/build/tform/build
[2.883s] DEBUG:colcon.colcon_core.event_handler.log_command:Invoking command in '/home/shriram/Desktop/ros2_practice/src/tform': PYTHONPATH=/home/shriram/Desktop/ros2_practice/build/tform/prefix_override:/home/shriram/Desktop/ros2_practice/install/tform/lib/python3.10/site-packages:${PYTHONPATH} /usr/bin/python3 setup.py egg_info --egg-base ../../build/tform build --build-base /home/shriram/Desktop/ros2_practice/build/tform/build install --record /home/shriram/Desktop/ros2_practice/build/tform/install.log --single-version-externally-managed
[3.167s] Level 1:colcon.colcon_core.environment:checking '/home/shriram/Desktop/ros2_practice/install/practice' for CMake module files
[3.168s] DEBUG:colcon.colcon_core.event_handler.log_command:Invoked command in '/home/shriram/Desktop/ros2_practice/src/practice' returned '0': PYTHONPATH=/home/shriram/Desktop/ros2_practice/build/practice/prefix_override:/home/shriram/Desktop/ros2_practice/install/practice/lib/python3.10/site-packages:${PYTHONPATH} /usr/bin/python3 setup.py egg_info --egg-base ../../build/practice build --build-base /home/shriram/Desktop/ros2_practice/build/practice/build install --record /home/shriram/Desktop/ros2_practice/build/practice/install.log --single-version-externally-managed
[3.168s] Level 1:colcon.colcon_core.environment:checking '/home/shriram/Desktop/ros2_practice/install/practice' for CMake config files
[3.169s] Level 1:colcon.colcon_core.environment:checking '/home/shriram/Desktop/ros2_practice/install/practice/lib'
[3.169s] Level 1:colcon.colcon_core.environment:checking '/home/shriram/Desktop/ros2_practice/install/practice/bin'
[3.169s] Level 1:colcon.colcon_core.environment:checking '/home/shriram/Desktop/ros2_practice/install/practice/lib/pkgconfig/practice.pc'
[3.170s] Level 1:colcon.colcon_core.environment:checking '/home/shriram/Desktop/ros2_practice/install/practice/lib/python3.10/site-packages'
[3.170s] Level 1:colcon.colcon_core.shell:create_environment_hook('practice', 'pythonpath')
[3.171s] INFO:colcon.colcon_core.shell:Creating environment hook '/home/shriram/Desktop/ros2_practice/install/practice/share/practice/hook/pythonpath.ps1'
[3.172s] INFO:colcon.colcon_core.shell:Creating environment descriptor '/home/shriram/Desktop/ros2_practice/install/practice/share/practice/hook/pythonpath.dsv'
[3.172s] INFO:colcon.colcon_core.shell:Creating environment hook '/home/shriram/Desktop/ros2_practice/install/practice/share/practice/hook/pythonpath.sh'
[3.173s] Level 1:colcon.colcon_core.environment:checking '/home/shriram/Desktop/ros2_practice/install/practice/bin'
[3.173s] Level 1:colcon.colcon_core.environment:create_environment_scripts_only(practice)
[3.174s] INFO:colcon.colcon_core.shell:Creating package script '/home/shriram/Desktop/ros2_practice/install/practice/share/practice/package.ps1'
[3.175s] INFO:colcon.colcon_core.shell:Creating package descriptor '/home/shriram/Desktop/ros2_practice/install/practice/share/practice/package.dsv'
[3.175s] INFO:colcon.colcon_core.shell:Creating package script '/home/shriram/Desktop/ros2_practice/install/practice/share/practice/package.sh'
[3.175s] INFO:colcon.colcon_core.shell:Creating package script '/home/shriram/Desktop/ros2_practice/install/practice/share/practice/package.bash'
[3.176s] INFO:colcon.colcon_core.shell:Creating package script '/home/shriram/Desktop/ros2_practice/install/practice/share/practice/package.zsh'
[3.176s] Level 1:colcon.colcon_core.environment:create_file_with_runtime_dependencies(/home/shriram/Desktop/ros2_practice/install/practice/share/colcon-core/packages/practice)
[3.180s] Level 1:colcon.colcon_core.environment:checking '/home/shriram/Desktop/ros2_practice/install/cv_basics' for CMake module files
[3.180s] DEBUG:colcon.colcon_core.event_handler.log_command:Invoked command in '/home/shriram/Desktop/ros2_practice/src/cv_basics' returned '0': PYTHONPATH=/home/shriram/Desktop/ros2_practice/build/cv_basics/prefix_override:/home/shriram/Desktop/ros2_practice/install/cv_basics/lib/python3.10/site-packages:${PYTHONPATH} /usr/bin/python3 setup.py egg_info --egg-base ../../build/cv_basics build --build-base /home/shriram/Desktop/ros2_practice/build/cv_basics/build install --record /home/shriram/Desktop/ros2_practice/build/cv_basics/install.log --single-version-externally-managed
[3.180s] Level 1:colcon.colcon_core.environment:checking '/home/shriram/Desktop/ros2_practice/install/cv_basics' for CMake config files
[3.181s] Level 1:colcon.colcon_core.environment:checking '/home/shriram/Desktop/ros2_practice/install/cv_basics/lib'
[3.181s] Level 1:colcon.colcon_core.environment:checking '/home/shriram/Desktop/ros2_practice/install/cv_basics/bin'
[3.181s] Level 1:colcon.colcon_core.environment:checking '/home/shriram/Desktop/ros2_practice/install/cv_basics/lib/pkgconfig/cv_basics.pc'
[3.181s] Level 1:colcon.colcon_core.environment:checking '/home/shriram/Desktop/ros2_practice/install/cv_basics/lib/python3.10/site-packages'
[3.181s] Level 1:colcon.colcon_core.shell:create_environment_hook('cv_basics', 'pythonpath')
[3.183s] INFO:colcon.colcon_core.shell:Creating environment hook '/home/shriram/Desktop/ros2_practice/install/cv_basics/share/cv_basics/hook/pythonpath.ps1'
[3.183s] INFO:colcon.colcon_core.shell:Creating environment descriptor '/home/shriram/Desktop/ros2_practice/install/cv_basics/share/cv_basics/hook/pythonpath.dsv'
[3.183s] INFO:colcon.colcon_core.shell:Creating environment hook '/home/shriram/Desktop/ros2_practice/install/cv_basics/share/cv_basics/hook/pythonpath.sh'
[3.184s] Level 1:colcon.colcon_core.environment:checking '/home/shriram/Desktop/ros2_practice/install/cv_basics/bin'
[3.184s] Level 1:colcon.colcon_core.environment:create_environment_scripts_only(cv_basics)
[3.185s] INFO:colcon.colcon_core.shell:Creating package script '/home/shriram/Desktop/ros2_practice/install/cv_basics/share/cv_basics/package.ps1'
[3.185s] INFO:colcon.colcon_core.shell:Creating package descriptor '/home/shriram/Desktop/ros2_practice/install/cv_basics/share/cv_basics/package.dsv'
[3.186s] INFO:colcon.colcon_core.shell:Creating package script '/home/shriram/Desktop/ros2_practice/install/cv_basics/share/cv_basics/package.sh'
[3.186s] INFO:colcon.colcon_core.shell:Creating package script '/home/shriram/Desktop/ros2_practice/install/cv_basics/share/cv_basics/package.bash'
[3.186s] INFO:colcon.colcon_core.shell:Creating package script '/home/shriram/Desktop/ros2_practice/install/cv_basics/share/cv_basics/package.zsh'
[3.187s] Level 1:colcon.colcon_core.environment:create_file_with_runtime_dependencies(/home/shriram/Desktop/ros2_practice/install/cv_basics/share/colcon-core/packages/cv_basics)
[3.196s] Level 1:colcon.colcon_core.environment:checking '/home/shriram/Desktop/ros2_practice/install/tform' for CMake module files
[3.197s] DEBUG:colcon.colcon_core.event_handler.log_command:Invoked command in '/home/shriram/Desktop/ros2_practice/src/tform' returned '0': PYTHONPATH=/home/shriram/Desktop/ros2_practice/build/tform/prefix_override:/home/shriram/Desktop/ros2_practice/install/tform/lib/python3.10/site-packages:${PYTHONPATH} /usr/bin/python3 setup.py egg_info --egg-base ../../build/tform build --build-base /home/shriram/Desktop/ros2_practice/build/tform/build install --record /home/shriram/Desktop/ros2_practice/build/tform/install.log --single-version-externally-managed
[3.197s] Level 1:colcon.colcon_core.environment:checking '/home/shriram/Desktop/ros2_practice/install/tform' for CMake config files
[3.198s] Level 1:colcon.colcon_core.environment:checking '/home/shriram/Desktop/ros2_practice/install/tform/lib'
[3.198s] Level 1:colcon.colcon_core.environment:checking '/home/shriram/Desktop/ros2_practice/install/tform/bin'
[3.198s] Level 1:colcon.colcon_core.environment:checking '/home/shriram/Desktop/ros2_practice/install/tform/lib/pkgconfig/tform.pc'
[3.198s] Level 1:colcon.colcon_core.environment:checking '/home/shriram/Desktop/ros2_practice/install/tform/lib/python3.10/site-packages'
[3.198s] Level 1:colcon.colcon_core.shell:create_environment_hook('tform', 'pythonpath')
[3.199s] INFO:colcon.colcon_core.shell:Creating environment hook '/home/shriram/Desktop/ros2_practice/install/tform/share/tform/hook/pythonpath.ps1'
[3.200s] INFO:colcon.colcon_core.shell:Creating environment descriptor '/home/shriram/Desktop/ros2_practice/install/tform/share/tform/hook/pythonpath.dsv'
[3.200s] INFO:colcon.colcon_core.shell:Creating environment hook '/home/shriram/Desktop/ros2_practice/install/tform/share/tform/hook/pythonpath.sh'
[3.201s] Level 1:colcon.colcon_core.environment:checking '/home/shriram/Desktop/ros2_practice/install/tform/bin'
[3.201s] Level 1:colcon.colcon_core.environment:create_environment_scripts_only(tform)
[3.202s] INFO:colcon.colcon_core.shell:Creating package script '/home/shriram/Desktop/ros2_practice/install/tform/share/tform/package.ps1'
[3.202s] INFO:colcon.colcon_core.shell:Creating package descriptor '/home/shriram/Desktop/ros2_practice/install/tform/share/tform/package.dsv'
[3.203s] INFO:colcon.colcon_core.shell:Creating package script '/home/shriram/Desktop/ros2_practice/install/tform/share/tform/package.sh'
[3.203s] INFO:colcon.colcon_core.shell:Creating package script '/home/shriram/Desktop/ros2_practice/install/tform/share/tform/package.bash'
[3.203s] INFO:colcon.colcon_core.shell:Creating package script '/home/shriram/Desktop/ros2_practice/install/tform/share/tform/package.zsh'
[3.204s] Level 1:colcon.colcon_core.environment:create_file_with_runtime_dependencies(/home/shriram/Desktop/ros2_practice/install/tform/share/colcon-core/packages/tform)
[3.206s] Level 1:colcon.colcon_core.environment:checking '/home/shriram/Desktop/ros2_practice/install/mobile' for CMake module files
[3.207s] DEBUG:colcon.colcon_core.event_handler.log_command:Invoked command in '/home/shriram/Desktop/ros2_practice/src/mobile' returned '0': PYTHONPATH=/home/shriram/Desktop/ros2_practice/build/mobile/prefix_override:/home/shriram/Desktop/ros2_practice/install/mobile/lib/python3.10/site-packages:${PYTHONPATH} /usr/bin/python3 setup.py egg_info --egg-base ../../build/mobile build --build-base /home/shriram/Desktop/ros2_practice/build/mobile/build install --record /home/shriram/Desktop/ros2_practice/build/mobile/install.log --single-version-externally-managed
[3.207s] Level 1:colcon.colcon_core.environment:checking '/home/shriram/Desktop/ros2_practice/install/mobile' for CMake config files
[3.208s] Level 1:colcon.colcon_core.environment:checking '/home/shriram/Desktop/ros2_practice/install/mobile/lib'
[3.208s] Level 1:colcon.colcon_core.environment:checking '/home/shriram/Desktop/ros2_practice/install/mobile/bin'
[3.208s] Level 1:colcon.colcon_core.environment:checking '/home/shriram/Desktop/ros2_practice/install/mobile/lib/pkgconfig/mobile.pc'
[3.208s] Level 1:colcon.colcon_core.environment:checking '/home/shriram/Desktop/ros2_practice/install/mobile/lib/python3.10/site-packages'
[3.208s] Level 1:colcon.colcon_core.shell:create_environment_hook('mobile', 'pythonpath')
[3.209s] INFO:colcon.colcon_core.shell:Creating environment hook '/home/shriram/Desktop/ros2_practice/install/mobile/share/mobile/hook/pythonpath.ps1'
[3.210s] INFO:colcon.colcon_core.shell:Creating environment descriptor '/home/shriram/Desktop/ros2_practice/install/mobile/share/mobile/hook/pythonpath.dsv'
[3.210s] INFO:colcon.colcon_core.shell:Creating environment hook '/home/shriram/Desktop/ros2_practice/install/mobile/share/mobile/hook/pythonpath.sh'
[3.211s] Level 1:colcon.colcon_core.environment:checking '/home/shriram/Desktop/ros2_practice/install/mobile/bin'
[3.211s] Level 1:colcon.colcon_core.environment:create_environment_scripts_only(mobile)
[3.212s] INFO:colcon.colcon_core.shell:Creating package script '/home/shriram/Desktop/ros2_practice/install/mobile/share/mobile/package.ps1'
[3.212s] INFO:colcon.colcon_core.shell:Creating package descriptor '/home/shriram/Desktop/ros2_practice/install/mobile/share/mobile/package.dsv'
[3.213s] INFO:colcon.colcon_core.shell:Creating package script '/home/shriram/Desktop/ros2_practice/install/mobile/share/mobile/package.sh'
[3.213s] INFO:colcon.colcon_core.shell:Creating package script '/home/shriram/Desktop/ros2_practice/install/mobile/share/mobile/package.bash'
[3.213s] INFO:colcon.colcon_core.shell:Creating package script '/home/shriram/Desktop/ros2_practice/install/mobile/share/mobile/package.zsh'
[3.213s] Level 1:colcon.colcon_core.environment:create_file_with_runtime_dependencies(/home/shriram/Desktop/ros2_practice/install/mobile/share/colcon-core/packages/mobile)
[3.214s] DEBUG:colcon.colcon_parallel_executor.executor.parallel:closing loop
[3.214s] DEBUG:colcon.colcon_parallel_executor.executor.parallel:loop closed
[3.214s] DEBUG:colcon.colcon_parallel_executor.executor.parallel:run_until_complete finished with '0'
[3.214s] DEBUG:colcon.colcon_core.event_reactor:joining thread
[3.222s] INFO:colcon.colcon_core.plugin_system:Skipping extension 'colcon_notification.desktop_notification.terminal_notifier': Not used on non-Darwin systems
[3.222s] INFO:colcon.colcon_core.plugin_system:Skipping extension 'colcon_notification.desktop_notification.win32': Not used on non-Windows systems
[3.222s] INFO:colcon.colcon_notification.desktop_notification:Sending desktop notification using 'notify2'
[3.232s] DEBUG:colcon.colcon_core.event_reactor:joined thread
[3.234s] INFO:colcon.colcon_core.shell:Creating prefix script '/home/shriram/Desktop/ros2_practice/install/local_setup.ps1'
[3.235s] INFO:colcon.colcon_core.shell:Creating prefix util module '/home/shriram/Desktop/ros2_practice/install/_local_setup_util_ps1.py'
[3.246s] INFO:colcon.colcon_core.shell:Creating prefix chain script '/home/shriram/Desktop/ros2_practice/install/setup.ps1'
[3.249s] INFO:colcon.colcon_core.shell:Creating prefix script '/home/shriram/Desktop/ros2_practice/install/local_setup.sh'
[3.251s] INFO:colcon.colcon_core.shell:Creating prefix util module '/home/shriram/Desktop/ros2_practice/install/_local_setup_util_sh.py'
[3.252s] INFO:colcon.colcon_core.shell:Creating prefix chain script '/home/shriram/Desktop/ros2_practice/install/setup.sh'
[3.255s] INFO:colcon.colcon_core.shell:Creating prefix script '/home/shriram/Desktop/ros2_practice/install/local_setup.bash'
[3.255s] INFO:colcon.colcon_core.shell:Creating prefix chain script '/home/shriram/Desktop/ros2_practice/install/setup.bash'
[3.256s] INFO:colcon.colcon_core.shell:Creating prefix script '/home/shriram/Desktop/ros2_practice/install/local_setup.zsh'
[3.257s] INFO:colcon.colcon_core.shell:Creating prefix chain script '/home/shriram/Desktop/ros2_practice/install/setup.zsh'
