[1.909s] Invoking command in '/home/shriram/Desktop/ros2_practice/build/practice': PYTHONPATH=/home/shriram/Desktop/ros2_practice/build/practice/prefix_override:/home/shriram/Desktop/ros2_practice/install/practice/lib/python3.10/site-packages:${PYTHONPATH} /usr/bin/python3 setup.py develop --uninstall --editable --build-directory /home/shriram/Desktop/ros2_practice/build/practice/build
[2.211s] running develop
[2.489s] Invoked command in '/home/shriram/Desktop/ros2_practice/build/practice' returned '0': PYTHONPATH=/home/shriram/Desktop/ros2_practice/build/practice/prefix_override:/home/shriram/Desktop/ros2_practice/install/practice/lib/python3.10/site-packages:${PYTHONPATH} /usr/bin/python3 setup.py develop --uninstall --editable --build-directory /home/shriram/Desktop/ros2_practice/build/practice/build
[2.491s] Invoking command in '/home/shriram/Desktop/ros2_practice/src/practice': PYTHONPATH=/home/shriram/Desktop/ros2_practice/build/practice/prefix_override:/home/shriram/Desktop/ros2_practice/install/practice/lib/python3.10/site-packages:${PYTHONPATH} /usr/bin/python3 setup.py egg_info --egg-base ../../build/practice build --build-base /home/shriram/Desktop/ros2_practice/build/practice/build install --record /home/shriram/Desktop/ros2_practice/build/practice/install.log --single-version-externally-managed
[2.780s] running egg_info
[2.782s] writing ../../build/practice/practice.egg-info/PKG-INFO
[2.782s] writing dependency_links to ../../build/practice/practice.egg-info/dependency_links.txt
[2.783s] writing entry points to ../../build/practice/practice.egg-info/entry_points.txt
[2.783s] writing requirements to ../../build/practice/practice.egg-info/requires.txt
[2.783s] writing top-level names to ../../build/practice/practice.egg-info/top_level.txt
[2.788s] reading manifest file '../../build/practice/practice.egg-info/SOURCES.txt'
[2.790s] writing manifest file '../../build/practice/practice.egg-info/SOURCES.txt'
[2.790s] running build
[2.790s] running build_py
[2.791s] running install
[2.791s] running install_lib
[2.794s] running install_data
[2.795s] running install_egg_info
[2.798s] removing '/home/shriram/Desktop/ros2_practice/install/practice/lib/python3.10/site-packages/practice-0.0.0-py3.10.egg-info' (and everything under it)
[2.798s] Copying ../../build/practice/practice.egg-info to /home/shriram/Desktop/ros2_practice/install/practice/lib/python3.10/site-packages/practice-0.0.0-py3.10.egg-info
[2.799s] running install_scripts
[2.827s] Installing circ script to /home/shriram/Desktop/ros2_practice/install/practice/lib/practice
[2.827s] Installing controller script to /home/shriram/Desktop/ros2_practice/install/practice/lib/practice
[2.827s] Installing move2 script to /home/shriram/Desktop/ros2_practice/install/practice/lib/practice
[2.827s] Installing node1 script to /home/shriram/Desktop/ros2_practice/install/practice/lib/practice
[2.827s] Installing parabola script to /home/shriram/Desktop/ros2_practice/install/practice/lib/practice
[2.827s] Installing parabolic_curve script to /home/shriram/Desktop/ros2_practice/install/practice/lib/practice
[2.828s] Installing pose script to /home/shriram/Desktop/ros2_practice/install/practice/lib/practice
[2.828s] writing list of installed files to '/home/shriram/Desktop/ros2_practice/build/practice/install.log'
[2.869s] Invoked command in '/home/shriram/Desktop/ros2_practice/src/practice' returned '0': PYTHONPATH=/home/shriram/Desktop/ros2_practice/build/practice/prefix_override:/home/shriram/Desktop/ros2_practice/install/practice/lib/python3.10/site-packages:${PYTHONPATH} /usr/bin/python3 setup.py egg_info --egg-base ../../build/practice build --build-base /home/shriram/Desktop/ros2_practice/build/practice/build install --record /home/shriram/Desktop/ros2_practice/build/practice/install.log --single-version-externally-managed
