[0.576s] Invoking command in '/home/shriram/Desktop/ros2_practice/src/practice': PYTHONPATH=/home/shriram/Desktop/ros2_practice/build/practice/prefix_override:/home/shriram/Desktop/ros2_practice/install/practice/lib/python3.10/site-packages:${PYTHONPATH} /usr/bin/python3 setup.py egg_info --egg-base ../../build/practice build --build-base /home/shriram/Desktop/ros2_practice/build/practice/build install --record /home/shriram/Desktop/ros2_practice/build/practice/install.log --single-version-externally-managed
[0.783s] running egg_info
[0.783s] writing ../../build/practice/practice.egg-info/PKG-INFO
[0.783s] writing dependency_links to ../../build/practice/practice.egg-info/dependency_links.txt
[0.783s] writing entry points to ../../build/practice/practice.egg-info/entry_points.txt
[0.784s] writing requirements to ../../build/practice/practice.egg-info/requires.txt
[0.784s] writing top-level names to ../../build/practice/practice.egg-info/top_level.txt
[0.785s] reading manifest file '../../build/practice/practice.egg-info/SOURCES.txt'
[0.786s] writing manifest file '../../build/practice/practice.egg-info/SOURCES.txt'
[0.787s] running build
[0.787s] running build_py
[0.787s] copying practice/pose.py -> /home/shriram/Desktop/ros2_practice/build/practice/build/lib/practice
[0.787s] running install
[0.787s] running install_lib
[0.788s] copying /home/shriram/Desktop/ros2_practice/build/practice/build/lib/practice/pose.py -> /home/shriram/Desktop/ros2_practice/install/practice/lib/python3.10/site-packages/practice
[0.788s] byte-compiling /home/shriram/Desktop/ros2_practice/install/practice/lib/python3.10/site-packages/practice/pose.py to pose.cpython-310.pyc
[0.789s] running install_data
[0.789s] running install_egg_info
[0.790s] removing '/home/shriram/Desktop/ros2_practice/install/practice/lib/python3.10/site-packages/practice-0.0.0-py3.10.egg-info' (and everything under it)
[0.790s] Copying ../../build/practice/practice.egg-info to /home/shriram/Desktop/ros2_practice/install/practice/lib/python3.10/site-packages/practice-0.0.0-py3.10.egg-info
[0.791s] running install_scripts
[0.804s] Installing node1=practice.node1:mainpose script to /home/shriram/Desktop/ros2_practice/install/practice/lib/practice
[0.804s] writing list of installed files to '/home/shriram/Desktop/ros2_practice/build/practice/install.log'
[0.823s] Invoked command in '/home/shriram/Desktop/ros2_practice/src/practice' returned '0': PYTHONPATH=/home/shriram/Desktop/ros2_practice/build/practice/prefix_override:/home/shriram/Desktop/ros2_practice/install/practice/lib/python3.10/site-packages:${PYTHONPATH} /usr/bin/python3 setup.py egg_info --egg-base ../../build/practice build --build-base /home/shriram/Desktop/ros2_practice/build/practice/build install --record /home/shriram/Desktop/ros2_practice/build/practice/install.log --single-version-externally-managed
