[1.639s] Invoking command in '/home/shriram/Desktop/ros2_practice/src/practice': PYTHONPATH=/home/shriram/Desktop/ros2_practice/build/practice/prefix_override:/home/shriram/Desktop/ros2_practice/install/practice/lib/python3.10/site-packages:${PYTHONPATH} /usr/bin/python3 setup.py egg_info --egg-base ../../build/practice build --build-base /home/shriram/Desktop/ros2_practice/build/practice/build install --record /home/shriram/Desktop/ros2_practice/build/practice/install.log --single-version-externally-managed
[1.880s] running egg_info
[1.880s] writing ../../build/practice/practice.egg-info/PKG-INFO
[1.881s] writing dependency_links to ../../build/practice/practice.egg-info/dependency_links.txt
[1.881s] writing entry points to ../../build/practice/practice.egg-info/entry_points.txt
[1.881s] writing requirements to ../../build/practice/practice.egg-info/requires.txt
[1.881s] writing top-level names to ../../build/practice/practice.egg-info/top_level.txt
[1.882s] reading manifest file '../../build/practice/practice.egg-info/SOURCES.txt'
[1.883s] writing manifest file '../../build/practice/practice.egg-info/SOURCES.txt'
[1.883s] running build
[1.883s] running build_py
[1.883s] running install
[1.884s] running install_lib
[1.884s] running install_data
[1.885s] running install_egg_info
[1.886s] removing '/home/shriram/Desktop/ros2_practice/install/practice/lib/python3.10/site-packages/practice-0.0.0-py3.10.egg-info' (and everything under it)
[1.886s] Copying ../../build/practice/practice.egg-info to /home/shriram/Desktop/ros2_practice/install/practice/lib/python3.10/site-packages/practice-0.0.0-py3.10.egg-info
[1.887s] running install_scripts
[1.902s] Installing circ script to /home/shriram/Desktop/ros2_practice/install/practice/lib/practice
[1.902s] Installing controller script to /home/shriram/Desktop/ros2_practice/install/practice/lib/practice
[1.902s] Installing node1 script to /home/shriram/Desktop/ros2_practice/install/practice/lib/practice
[1.902s] Installing pose script to /home/shriram/Desktop/ros2_practice/install/practice/lib/practice
[1.902s] writing list of installed files to '/home/shriram/Desktop/ros2_practice/build/practice/install.log'
[1.944s] Invoked command in '/home/shriram/Desktop/ros2_practice/src/practice' returned '0': PYTHONPATH=/home/shriram/Desktop/ros2_practice/build/practice/prefix_override:/home/shriram/Desktop/ros2_practice/install/practice/lib/python3.10/site-packages:${PYTHONPATH} /usr/bin/python3 setup.py egg_info --egg-base ../../build/practice build --build-base /home/shriram/Desktop/ros2_practice/build/practice/build install --record /home/shriram/Desktop/ros2_practice/build/practice/install.log --single-version-externally-managed
