[2.236s] Invoking command in '/home/shriram/Desktop/ros2_practice/build/practice': PYTHONPATH=/home/shriram/Desktop/ros2_practice/build/practice/prefix_override:/home/shriram/Desktop/ros2_practice/install/practice/lib/python3.10/site-packages:${PYTHONPATH} /usr/bin/python3 setup.py develop --uninstall --editable --build-directory /home/shriram/Desktop/ros2_practice/build/practice/build
[2.696s] running develop
[3.190s] Invoked command in '/home/shriram/Desktop/ros2_practice/build/practice' returned '0': PYTHONPATH=/home/shriram/Desktop/ros2_practice/build/practice/prefix_override:/home/shriram/Desktop/ros2_practice/install/practice/lib/python3.10/site-packages:${PYTHONPATH} /usr/bin/python3 setup.py develop --uninstall --editable --build-directory /home/shriram/Desktop/ros2_practice/build/practice/build
[3.192s] Invoking command in '/home/shriram/Desktop/ros2_practice/src/practice': PYTHONPATH=/home/shriram/Desktop/ros2_practice/build/practice/prefix_override:/home/shriram/Desktop/ros2_practice/install/practice/lib/python3.10/site-packages:${PYTHONPATH} /usr/bin/python3 setup.py egg_info --egg-base ../../build/practice build --build-base /home/shriram/Desktop/ros2_practice/build/practice/build install --record /home/shriram/Desktop/ros2_practice/build/practice/install.log --single-version-externally-managed
[3.540s] running egg_info
[3.540s] writing ../../build/practice/practice.egg-info/PKG-INFO
[3.541s] writing dependency_links to ../../build/practice/practice.egg-info/dependency_links.txt
[3.541s] writing entry points to ../../build/practice/practice.egg-info/entry_points.txt
[3.541s] writing requirements to ../../build/practice/practice.egg-info/requires.txt
[3.541s] writing top-level names to ../../build/practice/practice.egg-info/top_level.txt
[3.544s] reading manifest file '../../build/practice/practice.egg-info/SOURCES.txt'
[3.548s] writing manifest file '../../build/practice/practice.egg-info/SOURCES.txt'
[3.548s] running build
[3.548s] running build_py
[3.548s] running install
[3.549s] running install_lib
[3.550s] running install_data
[3.551s] running install_egg_info
[3.553s] removing '/home/shriram/Desktop/ros2_practice/install/practice/lib/python3.10/site-packages/practice-0.0.0-py3.10.egg-info' (and everything under it)
[3.553s] Copying ../../build/practice/practice.egg-info to /home/shriram/Desktop/ros2_practice/install/practice/lib/python3.10/site-packages/practice-0.0.0-py3.10.egg-info
[3.554s] running install_scripts
[3.574s] Installing circ script to /home/shriram/Desktop/ros2_practice/install/practice/lib/practice
[3.574s] Installing controller script to /home/shriram/Desktop/ros2_practice/install/practice/lib/practice
[3.575s] Installing move2 script to /home/shriram/Desktop/ros2_practice/install/practice/lib/practice
[3.575s] Installing node1 script to /home/shriram/Desktop/ros2_practice/install/practice/lib/practice
[3.575s] Installing parabola script to /home/shriram/Desktop/ros2_practice/install/practice/lib/practice
[3.575s] Installing parabolic_curve script to /home/shriram/Desktop/ros2_practice/install/practice/lib/practice
[3.576s] Installing pose script to /home/shriram/Desktop/ros2_practice/install/practice/lib/practice
[3.576s] writing list of installed files to '/home/shriram/Desktop/ros2_practice/build/practice/install.log'
[3.663s] Invoked command in '/home/shriram/Desktop/ros2_practice/src/practice' returned '0': PYTHONPATH=/home/shriram/Desktop/ros2_practice/build/practice/prefix_override:/home/shriram/Desktop/ros2_practice/install/practice/lib/python3.10/site-packages:${PYTHONPATH} /usr/bin/python3 setup.py egg_info --egg-base ../../build/practice build --build-base /home/shriram/Desktop/ros2_practice/build/practice/build install --record /home/shriram/Desktop/ros2_practice/build/practice/install.log --single-version-externally-managed
