[1.937s] Invoking command in '/home/shriram/Desktop/ros2_practice/build/practice': PYTHONPATH=/home/shriram/Desktop/ros2_practice/build/practice/prefix_override:/home/shriram/Desktop/ros2_practice/install/practice/lib/python3.10/site-packages:${PYTHONPATH} /usr/bin/python3 setup.py develop --uninstall --editable --build-directory /home/shriram/Desktop/ros2_practice/build/practice/build
[2.222s] running develop
[2.533s] Invoked command in '/home/shriram/Desktop/ros2_practice/build/practice' returned '0': PYTHONPATH=/home/shriram/Desktop/ros2_practice/build/practice/prefix_override:/home/shriram/Desktop/ros2_practice/install/practice/lib/python3.10/site-packages:${PYTHONPATH} /usr/bin/python3 setup.py develop --uninstall --editable --build-directory /home/shriram/Desktop/ros2_practice/build/practice/build
[2.534s] Invoking command in '/home/shriram/Desktop/ros2_practice/src/practice': PYTHONPATH=/home/shriram/Desktop/ros2_practice/build/practice/prefix_override:/home/shriram/Desktop/ros2_practice/install/practice/lib/python3.10/site-packages:${PYTHONPATH} /usr/bin/python3 setup.py egg_info --egg-base ../../build/practice build --build-base /home/shriram/Desktop/ros2_practice/build/practice/build install --record /home/shriram/Desktop/ros2_practice/build/practice/install.log --single-version-externally-managed
[2.827s] running egg_info
[2.827s] writing ../../build/practice/practice.egg-info/PKG-INFO
[2.827s] writing dependency_links to ../../build/practice/practice.egg-info/dependency_links.txt
[2.827s] writing entry points to ../../build/practice/practice.egg-info/entry_points.txt
[2.827s] writing requirements to ../../build/practice/practice.egg-info/requires.txt
[2.828s] writing top-level names to ../../build/practice/practice.egg-info/top_level.txt
[2.829s] reading manifest file '../../build/practice/practice.egg-info/SOURCES.txt'
[2.830s] writing manifest file '../../build/practice/practice.egg-info/SOURCES.txt'
[2.830s] running build
[2.830s] running build_py
[2.830s] copying practice/parabola.py -> /home/shriram/Desktop/ros2_practice/build/practice/build/lib/practice
[2.831s] running install
[2.831s] running install_lib
[2.832s] copying /home/shriram/Desktop/ros2_practice/build/practice/build/lib/practice/parabola.py -> /home/shriram/Desktop/ros2_practice/install/practice/lib/python3.10/site-packages/practice
[2.833s] byte-compiling /home/shriram/Desktop/ros2_practice/install/practice/lib/python3.10/site-packages/practice/parabola.py to parabola.cpython-310.pyc
[2.833s] running install_data
[2.834s] running install_egg_info
[2.835s] removing '/home/shriram/Desktop/ros2_practice/install/practice/lib/python3.10/site-packages/practice-0.0.0-py3.10.egg-info' (and everything under it)
[2.836s] Copying ../../build/practice/practice.egg-info to /home/shriram/Desktop/ros2_practice/install/practice/lib/python3.10/site-packages/practice-0.0.0-py3.10.egg-info
[2.836s] running install_scripts
[2.859s] Installing circ script to /home/shriram/Desktop/ros2_practice/install/practice/lib/practice
[2.859s] Installing controller script to /home/shriram/Desktop/ros2_practice/install/practice/lib/practice
[2.859s] Installing move2 script to /home/shriram/Desktop/ros2_practice/install/practice/lib/practice
[2.859s] Installing node1 script to /home/shriram/Desktop/ros2_practice/install/practice/lib/practice
[2.859s] Installing parabola script to /home/shriram/Desktop/ros2_practice/install/practice/lib/practice
[2.859s] Installing parabolic_curve script to /home/shriram/Desktop/ros2_practice/install/practice/lib/practice
[2.860s] Installing pose script to /home/shriram/Desktop/ros2_practice/install/practice/lib/practice
[2.860s] writing list of installed files to '/home/shriram/Desktop/ros2_practice/build/practice/install.log'
[2.912s] Invoked command in '/home/shriram/Desktop/ros2_practice/src/practice' returned '0': PYTHONPATH=/home/shriram/Desktop/ros2_practice/build/practice/prefix_override:/home/shriram/Desktop/ros2_practice/install/practice/lib/python3.10/site-packages:${PYTHONPATH} /usr/bin/python3 setup.py egg_info --egg-base ../../build/practice build --build-base /home/shriram/Desktop/ros2_practice/build/practice/build install --record /home/shriram/Desktop/ros2_practice/build/practice/install.log --single-version-externally-managed
