[1.720s] Invoking command in '/home/shriram/Desktop/ros2_practice/build/tform': PYTHONPATH=/home/shriram/Desktop/ros2_practice/build/tform/prefix_override:/home/shriram/Desktop/ros2_practice/install/tform/lib/python3.10/site-packages:${PYTHONPATH} /usr/bin/python3 setup.py develop --uninstall --editable --build-directory /home/shriram/Desktop/ros2_practice/build/tform/build
[2.001s] running develop
[2.295s] Invoked command in '/home/shriram/Desktop/ros2_practice/build/tform' returned '0': PYTHONPATH=/home/shriram/Desktop/ros2_practice/build/tform/prefix_override:/home/shriram/Desktop/ros2_practice/install/tform/lib/python3.10/site-packages:${PYTHONPATH} /usr/bin/python3 setup.py develop --uninstall --editable --build-directory /home/shriram/Desktop/ros2_practice/build/tform/build
[2.297s] Invoking command in '/home/shriram/Desktop/ros2_practice/src/tform': PYTHONPATH=/home/shriram/Desktop/ros2_practice/build/tform/prefix_override:/home/shriram/Desktop/ros2_practice/install/tform/lib/python3.10/site-packages:${PYTHONPATH} /usr/bin/python3 setup.py egg_info --egg-base ../../build/tform build --build-base /home/shriram/Desktop/ros2_practice/build/tform/build install --record /home/shriram/Desktop/ros2_practice/build/tform/install.log --single-version-externally-managed
[2.578s] running egg_info
[2.579s] writing ../../build/tform/tform.egg-info/PKG-INFO
[2.579s] writing dependency_links to ../../build/tform/tform.egg-info/dependency_links.txt
[2.580s] writing entry points to ../../build/tform/tform.egg-info/entry_points.txt
[2.580s] writing requirements to ../../build/tform/tform.egg-info/requires.txt
[2.580s] writing top-level names to ../../build/tform/tform.egg-info/top_level.txt
[2.582s] reading manifest file '../../build/tform/tform.egg-info/SOURCES.txt'
[2.583s] writing manifest file '../../build/tform/tform.egg-info/SOURCES.txt'
[2.583s] running build
[2.583s] running build_py
[2.583s] running install
[2.584s] running install_lib
[2.585s] running install_data
[2.586s] running install_egg_info
[2.588s] removing '/home/shriram/Desktop/ros2_practice/install/tform/lib/python3.10/site-packages/tform-0.0.0-py3.10.egg-info' (and everything under it)
[2.588s] Copying ../../build/tform/tform.egg-info to /home/shriram/Desktop/ros2_practice/install/tform/lib/python3.10/site-packages/tform-0.0.0-py3.10.egg-info
[2.589s] running install_scripts
[2.608s] Installing circ script to /home/shriram/Desktop/ros2_practice/install/tform/lib/tform
[2.608s] Installing dyn script to /home/shriram/Desktop/ros2_practice/install/tform/lib/tform
[2.608s] Installing dyn2 script to /home/shriram/Desktop/ros2_practice/install/tform/lib/tform
[2.608s] writing list of installed files to '/home/shriram/Desktop/ros2_practice/build/tform/install.log'
[2.651s] Invoked command in '/home/shriram/Desktop/ros2_practice/src/tform' returned '0': PYTHONPATH=/home/shriram/Desktop/ros2_practice/build/tform/prefix_override:/home/shriram/Desktop/ros2_practice/install/tform/lib/python3.10/site-packages:${PYTHONPATH} /usr/bin/python3 setup.py egg_info --egg-base ../../build/tform build --build-base /home/shriram/Desktop/ros2_practice/build/tform/build install --record /home/shriram/Desktop/ros2_practice/build/tform/install.log --single-version-externally-managed
