running develop
running egg_info
writing ../../build/practice/practice.egg-info/PKG-INFO
writing dependency_links to ../../build/practice/practice.egg-info/dependency_links.txt
writing entry points to ../../build/practice/practice.egg-info/entry_points.txt
writing requirements to ../../build/practice/practice.egg-info/requires.txt
writing top-level names to ../../build/practice/practice.egg-info/top_level.txt
reading manifest file '../../build/practice/practice.egg-info/SOURCES.txt'
writing manifest file '../../build/practice/practice.egg-info/SOURCES.txt'
running build
running build_py
copying practice/move2.py -> /home/shriram/Desktop/ros2_practice/build/practice/build/lib/practice
running install
running install_lib
copying /home/shriram/Desktop/ros2_practice/build/practice/build/lib/practice/move2.py -> /home/shriram/Desktop/ros2_practice/install/practice/lib/python3.10/site-packages/practice
byte-compiling /home/shriram/Desktop/ros2_practice/install/practice/lib/python3.10/site-packages/practice/move2.py to move2.cpython-310.pyc
running install_data
running install_egg_info
removing '/home/shriram/Desktop/ros2_practice/install/practice/lib/python3.10/site-packages/practice-0.0.0-py3.10.egg-info' (and everything under it)
Copying ../../build/practice/practice.egg-info to /home/shriram/Desktop/ros2_practice/install/practice/lib/python3.10/site-packages/practice-0.0.0-py3.10.egg-info
running install_scripts
Installing circ script to /home/shriram/Desktop/ros2_practice/install/practice/lib/practice
Installing controller script to /home/shriram/Desktop/ros2_practice/install/practice/lib/practice
Installing node1 script to /home/shriram/Desktop/ros2_practice/install/practice/lib/practice
Installing pose script to /home/shriram/Desktop/ros2_practice/install/practice/lib/practice
writing list of installed files to '/home/shriram/Desktop/ros2_practice/build/practice/install.log'
