running develop
Removing /home/shriram/Desktop/ros2_practice/install/mobile/lib/python3.10/site-packages/mobile.egg-link (link to .)
running egg_info
writing ../../build/mobile/mobile.egg-info/PKG-INFO
writing dependency_links to ../../build/mobile/mobile.egg-info/dependency_links.txt
writing entry points to ../../build/mobile/mobile.egg-info/entry_points.txt
writing requirements to ../../build/mobile/mobile.egg-info/requires.txt
writing top-level names to ../../build/mobile/mobile.egg-info/top_level.txt
reading manifest file '../../build/mobile/mobile.egg-info/SOURCES.txt'
writing manifest file '../../build/mobile/mobile.egg-info/SOURCES.txt'
running build
running build_py
running install
running install_lib
creating /home/shriram/Desktop/ros2_practice/install/mobile/lib/python3.10/site-packages/mobile
copying /home/shriram/Desktop/ros2_practice/build/mobile/build/lib/mobile/move.py -> /home/shriram/Desktop/ros2_practice/install/mobile/lib/python3.10/site-packages/mobile
copying /home/shriram/Desktop/ros2_practice/build/mobile/build/lib/mobile/__init__.py -> /home/shriram/Desktop/ros2_practice/install/mobile/lib/python3.10/site-packages/mobile
byte-compiling /home/shriram/Desktop/ros2_practice/install/mobile/lib/python3.10/site-packages/mobile/move.py to move.cpython-310.pyc
byte-compiling /home/shriram/Desktop/ros2_practice/install/mobile/lib/python3.10/site-packages/mobile/__init__.py to __init__.cpython-310.pyc
running install_data
running install_egg_info
Copying ../../build/mobile/mobile.egg-info to /home/shriram/Desktop/ros2_practice/install/mobile/lib/python3.10/site-packages/mobile-0.0.0-py3.10.egg-info
running install_scripts
Installing move script to /home/shriram/Desktop/ros2_practice/install/mobile/lib/mobile
writing list of installed files to '/home/shriram/Desktop/ros2_practice/build/mobile/install.log'
