[0.651s] Invoking command in '/home/shriram/Desktop/ros2_practice/src/cv_basics': PYTHONPATH=/home/shriram/Desktop/ros2_practice/build/cv_basics/prefix_override:/home/shriram/Desktop/ros2_practice/install/cv_basics/lib/python3.10/site-packages:${PYTHONPATH} /usr/bin/python3 setup.py egg_info --egg-base ../../build/cv_basics build --build-base /home/shriram/Desktop/ros2_practice/build/cv_basics/build install --record /home/shriram/Desktop/ros2_practice/build/cv_basics/install.log --single-version-externally-managed
[0.871s] running egg_info
[0.871s] writing ../../build/cv_basics/cv_basics.egg-info/PKG-INFO
[0.871s] writing dependency_links to ../../build/cv_basics/cv_basics.egg-info/dependency_links.txt
[0.872s] writing entry points to ../../build/cv_basics/cv_basics.egg-info/entry_points.txt
[0.872s] writing requirements to ../../build/cv_basics/cv_basics.egg-info/requires.txt
[0.872s] writing top-level names to ../../build/cv_basics/cv_basics.egg-info/top_level.txt
[0.873s] reading manifest file '../../build/cv_basics/cv_basics.egg-info/SOURCES.txt'
[0.880s] writing manifest file '../../build/cv_basics/cv_basics.egg-info/SOURCES.txt'
[0.880s] running build
[0.880s] running build_py
[0.880s] copying cv_basics/webcam2.py -> /home/shriram/Desktop/ros2_practice/build/cv_basics/build/lib/cv_basics
[0.880s] running install
[0.881s] running install_lib
[0.881s] copying /home/shriram/Desktop/ros2_practice/build/cv_basics/build/lib/cv_basics/webcam2.py -> /home/shriram/Desktop/ros2_practice/install/cv_basics/lib/python3.10/site-packages/cv_basics
[0.882s] byte-compiling /home/shriram/Desktop/ros2_practice/install/cv_basics/lib/python3.10/site-packages/cv_basics/webcam2.py to webcam2.cpython-310.pyc
[0.882s] running install_data
[0.883s] running install_egg_info
[0.884s] removing '/home/shriram/Desktop/ros2_practice/install/cv_basics/lib/python3.10/site-packages/cv_basics-0.0.0-py3.10.egg-info' (and everything under it)
[0.884s] Copying ../../build/cv_basics/cv_basics.egg-info to /home/shriram/Desktop/ros2_practice/install/cv_basics/lib/python3.10/site-packages/cv_basics-0.0.0-py3.10.egg-info
[0.885s] running install_scripts
[0.900s] Installing webcam script to /home/shriram/Desktop/ros2_practice/install/cv_basics/lib/cv_basics
[0.900s] Installing webcam2 script to /home/shriram/Desktop/ros2_practice/install/cv_basics/lib/cv_basics
[0.900s] writing list of installed files to '/home/shriram/Desktop/ros2_practice/build/cv_basics/install.log'
[0.926s] Invoked command in '/home/shriram/Desktop/ros2_practice/src/cv_basics' returned '0': PYTHONPATH=/home/shriram/Desktop/ros2_practice/build/cv_basics/prefix_override:/home/shriram/Desktop/ros2_practice/install/cv_basics/lib/python3.10/site-packages:${PYTHONPATH} /usr/bin/python3 setup.py egg_info --egg-base ../../build/cv_basics build --build-base /home/shriram/Desktop/ros2_practice/build/cv_basics/build install --record /home/shriram/Desktop/ros2_practice/build/cv_basics/install.log --single-version-externally-managed
