[0.363s] DEBUG:colcon:Command line arguments: ['/usr/bin/colcon', 'build']
[0.364s] DEBUG:colcon:Parsed command line arguments: Namespace(log_base=None, log_level=None, verb_name='build', build_base='build', install_base='install', merge_install=False, symlink_install=False, test_result_base=None, continue_on_error=False, executor='parallel', parallel_workers=12, event_handlers=None, ignore_user_meta=False, metas=['./colcon.meta'], base_paths=['.'], packages_ignore=None, packages_ignore_regex=None, paths=None, packages_up_to=None, packages_up_to_regex=None, packages_above=None, packages_above_and_dependencies=None, packages_above_depth=None, packages_select_by_dep=None, packages_skip_by_dep=None, packages_skip_up_to=None, packages_select_build_failed=False, packages_skip_build_finished=False, packages_select_test_failures=False, packages_skip_test_passed=False, packages_select=None, packages_skip=None, packages_select_regex=None, packages_skip_regex=None, packages_start=None, packages_end=None, allow_overriding=[], cmake_args=None, cmake_target=None, cmake_target_skip_unavailable=False, cmake_clean_cache=False, cmake_clean_first=False, cmake_force_configure=False, ament_cmake_args=None, catkin_cmake_args=None, catkin_skip_building_tests=False, mixin_files=None, mixin=None, verb_parser=<colcon_mixin.mixin.mixin_argument.MixinArgumentDecorator object at 0x7fe43257b370>, verb_extension=<colcon_core.verb.build.BuildVerb object at 0x7fe431f7caf0>, main=<bound method BuildVerb.main of <colcon_core.verb.build.BuildVerb object at 0x7fe431f7caf0>>, mixin_verb=('build',))
[0.384s] Level 1:colcon.colcon_core.package_discovery:discover_packages(colcon_meta) check parameters
[0.384s] Level 1:colcon.colcon_core.package_discovery:discover_packages(recursive) check parameters
[0.384s] Level 1:colcon.colcon_core.package_discovery:discover_packages(ignore) check parameters
[0.384s] Level 1:colcon.colcon_core.package_discovery:discover_packages(path) check parameters
[0.384s] Level 1:colcon.colcon_core.package_discovery:discover_packages(colcon_meta) discover
[0.385s] Level 1:colcon.colcon_core.package_discovery:discover_packages(recursive) discover
[0.385s] INFO:colcon.colcon_core.package_discovery:Crawling recursively for packages in '/home/shriram/Desktop/ros2_practice'
[0.385s] Level 1:colcon.colcon_core.package_identification:_identify(.) by extensions ['ignore', 'ignore_ament_install']
[0.385s] Level 1:colcon.colcon_core.package_identification:_identify(.) by extension 'ignore'
[0.385s] Level 1:colcon.colcon_core.package_identification:_identify(.) by extension 'ignore_ament_install'
[0.385s] Level 1:colcon.colcon_core.package_identification:_identify(.) by extensions ['colcon_pkg']
[0.385s] Level 1:colcon.colcon_core.package_identification:_identify(.) by extension 'colcon_pkg'
[0.385s] Level 1:colcon.colcon_core.package_identification:_identify(.) by extensions ['colcon_meta']
[0.385s] Level 1:colcon.colcon_core.package_identification:_identify(.) by extension 'colcon_meta'
[0.385s] Level 1:colcon.colcon_core.package_identification:_identify(.) by extensions ['ros']
[0.385s] Level 1:colcon.colcon_core.package_identification:_identify(.) by extension 'ros'
[0.393s] Level 1:colcon.colcon_core.package_identification:_identify(.) by extensions ['cmake', 'python']
[0.393s] Level 1:colcon.colcon_core.package_identification:_identify(.) by extension 'cmake'
[0.393s] Level 1:colcon.colcon_core.package_identification:_identify(.) by extension 'python'
[0.393s] Level 1:colcon.colcon_core.package_identification:_identify(.) by extensions ['python_setup_py']
[0.393s] Level 1:colcon.colcon_core.package_identification:_identify(.) by extension 'python_setup_py'
[0.393s] Level 1:colcon.colcon_core.package_identification:_identify(build) by extensions ['ignore', 'ignore_ament_install']
[0.393s] Level 1:colcon.colcon_core.package_identification:_identify(build) by extension 'ignore'
[0.394s] Level 1:colcon.colcon_core.package_identification:_identify(build) ignored
[0.394s] Level 1:colcon.colcon_core.package_identification:_identify(install) by extensions ['ignore', 'ignore_ament_install']
[0.394s] Level 1:colcon.colcon_core.package_identification:_identify(install) by extension 'ignore'
[0.394s] Level 1:colcon.colcon_core.package_identification:_identify(install) ignored
[0.394s] Level 1:colcon.colcon_core.package_identification:_identify(log) by extensions ['ignore', 'ignore_ament_install']
[0.394s] Level 1:colcon.colcon_core.package_identification:_identify(log) by extension 'ignore'
[0.394s] Level 1:colcon.colcon_core.package_identification:_identify(log) ignored
[0.394s] Level 1:colcon.colcon_core.package_identification:_identify(src) by extensions ['ignore', 'ignore_ament_install']
[0.394s] Level 1:colcon.colcon_core.package_identification:_identify(src) by extension 'ignore'
[0.394s] Level 1:colcon.colcon_core.package_identification:_identify(src) by extension 'ignore_ament_install'
[0.394s] Level 1:colcon.colcon_core.package_identification:_identify(src) by extensions ['colcon_pkg']
[0.394s] Level 1:colcon.colcon_core.package_identification:_identify(src) by extension 'colcon_pkg'
[0.394s] Level 1:colcon.colcon_core.package_identification:_identify(src) by extensions ['colcon_meta']
[0.394s] Level 1:colcon.colcon_core.package_identification:_identify(src) by extension 'colcon_meta'
[0.394s] Level 1:colcon.colcon_core.package_identification:_identify(src) by extensions ['ros']
[0.394s] Level 1:colcon.colcon_core.package_identification:_identify(src) by extension 'ros'
[0.394s] Level 1:colcon.colcon_core.package_identification:_identify(src) by extensions ['cmake', 'python']
[0.394s] Level 1:colcon.colcon_core.package_identification:_identify(src) by extension 'cmake'
[0.394s] Level 1:colcon.colcon_core.package_identification:_identify(src) by extension 'python'
[0.395s] Level 1:colcon.colcon_core.package_identification:_identify(src) by extensions ['python_setup_py']
[0.395s] Level 1:colcon.colcon_core.package_identification:_identify(src) by extension 'python_setup_py'
[0.395s] Level 1:colcon.colcon_core.package_identification:_identify(src/cv_basics) by extensions ['ignore', 'ignore_ament_install']
[0.395s] Level 1:colcon.colcon_core.package_identification:_identify(src/cv_basics) by extension 'ignore'
[0.395s] Level 1:colcon.colcon_core.package_identification:_identify(src/cv_basics) by extension 'ignore_ament_install'
[0.395s] Level 1:colcon.colcon_core.package_identification:_identify(src/cv_basics) by extensions ['colcon_pkg']
[0.395s] Level 1:colcon.colcon_core.package_identification:_identify(src/cv_basics) by extension 'colcon_pkg'
[0.395s] Level 1:colcon.colcon_core.package_identification:_identify(src/cv_basics) by extensions ['colcon_meta']
[0.395s] Level 1:colcon.colcon_core.package_identification:_identify(src/cv_basics) by extension 'colcon_meta'
[0.395s] Level 1:colcon.colcon_core.package_identification:_identify(src/cv_basics) by extensions ['ros']
[0.395s] Level 1:colcon.colcon_core.package_identification:_identify(src/cv_basics) by extension 'ros'
[0.397s] DEBUG:colcon.colcon_core.package_identification:Package 'src/cv_basics' with type 'ros.ament_python' and name 'cv_basics'
[0.397s] Level 1:colcon.colcon_core.package_identification:_identify(src/desc) by extensions ['ignore', 'ignore_ament_install']
[0.397s] Level 1:colcon.colcon_core.package_identification:_identify(src/desc) by extension 'ignore'
[0.397s] Level 1:colcon.colcon_core.package_identification:_identify(src/desc) by extension 'ignore_ament_install'
[0.397s] Level 1:colcon.colcon_core.package_identification:_identify(src/desc) by extensions ['colcon_pkg']
[0.397s] Level 1:colcon.colcon_core.package_identification:_identify(src/desc) by extension 'colcon_pkg'
[0.397s] Level 1:colcon.colcon_core.package_identification:_identify(src/desc) by extensions ['colcon_meta']
[0.397s] Level 1:colcon.colcon_core.package_identification:_identify(src/desc) by extension 'colcon_meta'
[0.397s] Level 1:colcon.colcon_core.package_identification:_identify(src/desc) by extensions ['ros']
[0.397s] Level 1:colcon.colcon_core.package_identification:_identify(src/desc) by extension 'ros'
[0.398s] DEBUG:colcon.colcon_core.package_identification:Package 'src/desc' with type 'ros.ament_cmake' and name 'desc'
[0.398s] Level 1:colcon.colcon_core.package_identification:_identify(src/mobile) by extensions ['ignore', 'ignore_ament_install']
[0.398s] Level 1:colcon.colcon_core.package_identification:_identify(src/mobile) by extension 'ignore'
[0.398s] Level 1:colcon.colcon_core.package_identification:_identify(src/mobile) by extension 'ignore_ament_install'
[0.398s] Level 1:colcon.colcon_core.package_identification:_identify(src/mobile) by extensions ['colcon_pkg']
[0.398s] Level 1:colcon.colcon_core.package_identification:_identify(src/mobile) by extension 'colcon_pkg'
[0.398s] Level 1:colcon.colcon_core.package_identification:_identify(src/mobile) by extensions ['colcon_meta']
[0.398s] Level 1:colcon.colcon_core.package_identification:_identify(src/mobile) by extension 'colcon_meta'
[0.398s] Level 1:colcon.colcon_core.package_identification:_identify(src/mobile) by extensions ['ros']
[0.398s] Level 1:colcon.colcon_core.package_identification:_identify(src/mobile) by extension 'ros'
[0.399s] DEBUG:colcon.colcon_core.package_identification:Package 'src/mobile' with type 'ros.ament_python' and name 'mobile'
[0.399s] Level 1:colcon.colcon_core.package_identification:_identify(src/practice) by extensions ['ignore', 'ignore_ament_install']
[0.399s] Level 1:colcon.colcon_core.package_identification:_identify(src/practice) by extension 'ignore'
[0.399s] Level 1:colcon.colcon_core.package_identification:_identify(src/practice) by extension 'ignore_ament_install'
[0.399s] Level 1:colcon.colcon_core.package_identification:_identify(src/practice) by extensions ['colcon_pkg']
[0.399s] Level 1:colcon.colcon_core.package_identification:_identify(src/practice) by extension 'colcon_pkg'
[0.399s] Level 1:colcon.colcon_core.package_identification:_identify(src/practice) by extensions ['colcon_meta']
[0.399s] Level 1:colcon.colcon_core.package_identification:_identify(src/practice) by extension 'colcon_meta'
[0.399s] Level 1:colcon.colcon_core.package_identification:_identify(src/practice) by extensions ['ros']
[0.399s] Level 1:colcon.colcon_core.package_identification:_identify(src/practice) by extension 'ros'
[0.400s] DEBUG:colcon.colcon_core.package_identification:Package 'src/practice' with type 'ros.ament_python' and name 'practice'
[0.400s] Level 1:colcon.colcon_core.package_identification:_identify(src/tform) by extensions ['ignore', 'ignore_ament_install']
[0.400s] Level 1:colcon.colcon_core.package_identification:_identify(src/tform) by extension 'ignore'
[0.400s] Level 1:colcon.colcon_core.package_identification:_identify(src/tform) by extension 'ignore_ament_install'
[0.400s] Level 1:colcon.colcon_core.package_identification:_identify(src/tform) by extensions ['colcon_pkg']
[0.400s] Level 1:colcon.colcon_core.package_identification:_identify(src/tform) by extension 'colcon_pkg'
[0.400s] Level 1:colcon.colcon_core.package_identification:_identify(src/tform) by extensions ['colcon_meta']
[0.400s] Level 1:colcon.colcon_core.package_identification:_identify(src/tform) by extension 'colcon_meta'
[0.400s] Level 1:colcon.colcon_core.package_identification:_identify(src/tform) by extensions ['ros']
[0.400s] Level 1:colcon.colcon_core.package_identification:_identify(src/tform) by extension 'ros'
[0.401s] DEBUG:colcon.colcon_core.package_identification:Package 'src/tform' with type 'ros.ament_python' and name 'tform'
[0.401s] Level 1:colcon.colcon_core.package_discovery:discover_packages(recursive) using defaults
[0.401s] Level 1:colcon.colcon_core.package_discovery:discover_packages(ignore) discover
[0.401s] Level 1:colcon.colcon_core.package_discovery:discover_packages(ignore) using defaults
[0.401s] Level 1:colcon.colcon_core.package_discovery:discover_packages(path) discover
[0.401s] Level 1:colcon.colcon_core.package_discovery:discover_packages(path) using defaults
[0.421s] Level 1:colcon.colcon_core.package_discovery:discover_packages(prefix_path) check parameters
[0.421s] Level 1:colcon.colcon_core.package_discovery:discover_packages(prefix_path) discover
[0.423s] DEBUG:colcon.colcon_installed_package_information.package_discovery:Found 6 installed packages in /home/shriram/Desktop/ros2_practice/install
[0.424s] DEBUG:colcon.colcon_installed_package_information.package_discovery:Found 410 installed packages in /opt/ros/humble
[0.426s] Level 1:colcon.colcon_core.package_discovery:discover_packages(prefix_path) using defaults
[0.488s] Level 5:colcon.colcon_core.verb:set package 'cv_basics' build argument 'cmake_args' from command line to 'None'
[0.488s] Level 5:colcon.colcon_core.verb:set package 'cv_basics' build argument 'cmake_target' from command line to 'None'
[0.488s] Level 5:colcon.colcon_core.verb:set package 'cv_basics' build argument 'cmake_target_skip_unavailable' from command line to 'False'
[0.488s] Level 5:colcon.colcon_core.verb:set package 'cv_basics' build argument 'cmake_clean_cache' from command line to 'False'
[0.488s] Level 5:colcon.colcon_core.verb:set package 'cv_basics' build argument 'cmake_clean_first' from command line to 'False'
[0.488s] Level 5:colcon.colcon_core.verb:set package 'cv_basics' build argument 'cmake_force_configure' from command line to 'False'
[0.488s] Level 5:colcon.colcon_core.verb:set package 'cv_basics' build argument 'ament_cmake_args' from command line to 'None'
[0.488s] Level 5:colcon.colcon_core.verb:set package 'cv_basics' build argument 'catkin_cmake_args' from command line to 'None'
[0.488s] Level 5:colcon.colcon_core.verb:set package 'cv_basics' build argument 'catkin_skip_building_tests' from command line to 'False'
[0.488s] DEBUG:colcon.colcon_core.verb:Building package 'cv_basics' with the following arguments: {'ament_cmake_args': None, 'build_base': '/home/shriram/Desktop/ros2_practice/build/cv_basics', 'catkin_cmake_args': None, 'catkin_skip_building_tests': False, 'cmake_args': None, 'cmake_clean_cache': False, 'cmake_clean_first': False, 'cmake_force_configure': False, 'cmake_target': None, 'cmake_target_skip_unavailable': False, 'install_base': '/home/shriram/Desktop/ros2_practice/install/cv_basics', 'merge_install': False, 'path': '/home/shriram/Desktop/ros2_practice/src/cv_basics', 'symlink_install': False, 'test_result_base': None}
[0.489s] Level 5:colcon.colcon_core.verb:set package 'desc' build argument 'cmake_args' from command line to 'None'
[0.489s] Level 5:colcon.colcon_core.verb:set package 'desc' build argument 'cmake_target' from command line to 'None'
[0.489s] Level 5:colcon.colcon_core.verb:set package 'desc' build argument 'cmake_target_skip_unavailable' from command line to 'False'
[0.489s] Level 5:colcon.colcon_core.verb:set package 'desc' build argument 'cmake_clean_cache' from command line to 'False'
[0.489s] Level 5:colcon.colcon_core.verb:set package 'desc' build argument 'cmake_clean_first' from command line to 'False'
[0.489s] Level 5:colcon.colcon_core.verb:set package 'desc' build argument 'cmake_force_configure' from command line to 'False'
[0.489s] Level 5:colcon.colcon_core.verb:set package 'desc' build argument 'ament_cmake_args' from command line to 'None'
[0.489s] Level 5:colcon.colcon_core.verb:set package 'desc' build argument 'catkin_cmake_args' from command line to 'None'
[0.489s] Level 5:colcon.colcon_core.verb:set package 'desc' build argument 'catkin_skip_building_tests' from command line to 'False'
[0.489s] DEBUG:colcon.colcon_core.verb:Building package 'desc' with the following arguments: {'ament_cmake_args': None, 'build_base': '/home/shriram/Desktop/ros2_practice/build/desc', 'catkin_cmake_args': None, 'catkin_skip_building_tests': False, 'cmake_args': None, 'cmake_clean_cache': False, 'cmake_clean_first': False, 'cmake_force_configure': False, 'cmake_target': None, 'cmake_target_skip_unavailable': False, 'install_base': '/home/shriram/Desktop/ros2_practice/install/desc', 'merge_install': False, 'path': '/home/shriram/Desktop/ros2_practice/src/desc', 'symlink_install': False, 'test_result_base': None}
[0.490s] Level 5:colcon.colcon_core.verb:set package 'mobile' build argument 'cmake_args' from command line to 'None'
[0.490s] Level 5:colcon.colcon_core.verb:set package 'mobile' build argument 'cmake_target' from command line to 'None'
[0.490s] Level 5:colcon.colcon_core.verb:set package 'mobile' build argument 'cmake_target_skip_unavailable' from command line to 'False'
[0.490s] Level 5:colcon.colcon_core.verb:set package 'mobile' build argument 'cmake_clean_cache' from command line to 'False'
[0.490s] Level 5:colcon.colcon_core.verb:set package 'mobile' build argument 'cmake_clean_first' from command line to 'False'
[0.490s] Level 5:colcon.colcon_core.verb:set package 'mobile' build argument 'cmake_force_configure' from command line to 'False'
[0.490s] Level 5:colcon.colcon_core.verb:set package 'mobile' build argument 'ament_cmake_args' from command line to 'None'
[0.490s] Level 5:colcon.colcon_core.verb:set package 'mobile' build argument 'catkin_cmake_args' from command line to 'None'
[0.490s] Level 5:colcon.colcon_core.verb:set package 'mobile' build argument 'catkin_skip_building_tests' from command line to 'False'
[0.490s] DEBUG:colcon.colcon_core.verb:Building package 'mobile' with the following arguments: {'ament_cmake_args': None, 'build_base': '/home/shriram/Desktop/ros2_practice/build/mobile', 'catkin_cmake_args': None, 'catkin_skip_building_tests': False, 'cmake_args': None, 'cmake_clean_cache': False, 'cmake_clean_first': False, 'cmake_force_configure': False, 'cmake_target': None, 'cmake_target_skip_unavailable': False, 'install_base': '/home/shriram/Desktop/ros2_practice/install/mobile', 'merge_install': False, 'path': '/home/shriram/Desktop/ros2_practice/src/mobile', 'symlink_install': False, 'test_result_base': None}
[0.491s] Level 5:colcon.colcon_core.verb:set package 'practice' build argument 'cmake_args' from command line to 'None'
[0.491s] Level 5:colcon.colcon_core.verb:set package 'practice' build argument 'cmake_target' from command line to 'None'
[0.491s] Level 5:colcon.colcon_core.verb:set package 'practice' build argument 'cmake_target_skip_unavailable' from command line to 'False'
[0.491s] Level 5:colcon.colcon_core.verb:set package 'practice' build argument 'cmake_clean_cache' from command line to 'False'
[0.491s] Level 5:colcon.colcon_core.verb:set package 'practice' build argument 'cmake_clean_first' from command line to 'False'
[0.491s] Level 5:colcon.colcon_core.verb:set package 'practice' build argument 'cmake_force_configure' from command line to 'False'
[0.491s] Level 5:colcon.colcon_core.verb:set package 'practice' build argument 'ament_cmake_args' from command line to 'None'
[0.491s] Level 5:colcon.colcon_core.verb:set package 'practice' build argument 'catkin_cmake_args' from command line to 'None'
[0.491s] Level 5:colcon.colcon_core.verb:set package 'practice' build argument 'catkin_skip_building_tests' from command line to 'False'
[0.491s] DEBUG:colcon.colcon_core.verb:Building package 'practice' with the following arguments: {'ament_cmake_args': None, 'build_base': '/home/shriram/Desktop/ros2_practice/build/practice', 'catkin_cmake_args': None, 'catkin_skip_building_tests': False, 'cmake_args': None, 'cmake_clean_cache': False, 'cmake_clean_first': False, 'cmake_force_configure': False, 'cmake_target': None, 'cmake_target_skip_unavailable': False, 'install_base': '/home/shriram/Desktop/ros2_practice/install/practice', 'merge_install': False, 'path': '/home/shriram/Desktop/ros2_practice/src/practice', 'symlink_install': False, 'test_result_base': None}
[0.492s] Level 5:colcon.colcon_core.verb:set package 'tform' build argument 'cmake_args' from command line to 'None'
[0.492s] Level 5:colcon.colcon_core.verb:set package 'tform' build argument 'cmake_target' from command line to 'None'
[0.492s] Level 5:colcon.colcon_core.verb:set package 'tform' build argument 'cmake_target_skip_unavailable' from command line to 'False'
[0.492s] Level 5:colcon.colcon_core.verb:set package 'tform' build argument 'cmake_clean_cache' from command line to 'False'
[0.492s] Level 5:colcon.colcon_core.verb:set package 'tform' build argument 'cmake_clean_first' from command line to 'False'
[0.492s] Level 5:colcon.colcon_core.verb:set package 'tform' build argument 'cmake_force_configure' from command line to 'False'
[0.492s] Level 5:colcon.colcon_core.verb:set package 'tform' build argument 'ament_cmake_args' from command line to 'None'
[0.492s] Level 5:colcon.colcon_core.verb:set package 'tform' build argument 'catkin_cmake_args' from command line to 'None'
[0.492s] Level 5:colcon.colcon_core.verb:set package 'tform' build argument 'catkin_skip_building_tests' from command line to 'False'
[0.492s] DEBUG:colcon.colcon_core.verb:Building package 'tform' with the following arguments: {'ament_cmake_args': None, 'build_base': '/home/shriram/Desktop/ros2_practice/build/tform', 'catkin_cmake_args': None, 'catkin_skip_building_tests': False, 'cmake_args': None, 'cmake_clean_cache': False, 'cmake_clean_first': False, 'cmake_force_configure': False, 'cmake_target': None, 'cmake_target_skip_unavailable': False, 'install_base': '/home/shriram/Desktop/ros2_practice/install/tform', 'merge_install': False, 'path': '/home/shriram/Desktop/ros2_practice/src/tform', 'symlink_install': False, 'test_result_base': None}
[0.493s] INFO:colcon.colcon_core.executor:Executing jobs using 'parallel' executor
[0.495s] DEBUG:colcon.colcon_parallel_executor.executor.parallel:run_until_complete
[0.496s] INFO:colcon.colcon_ros.task.ament_python.build:Building ROS package in '/home/shriram/Desktop/ros2_practice/src/cv_basics' with build type 'ament_python'
[0.496s] Level 1:colcon.colcon_core.shell:create_environment_hook('cv_basics', 'ament_prefix_path')
[0.499s] INFO:colcon.colcon_core.plugin_system:Skipping extension 'colcon_core.shell.bat': Not used on non-Windows systems
[0.500s] INFO:colcon.colcon_core.shell:Creating environment hook '/home/shriram/Desktop/ros2_practice/install/cv_basics/share/cv_basics/hook/ament_prefix_path.ps1'
[0.500s] INFO:colcon.colcon_core.shell:Creating environment descriptor '/home/shriram/Desktop/ros2_practice/install/cv_basics/share/cv_basics/hook/ament_prefix_path.dsv'
[0.501s] INFO:colcon.colcon_core.shell:Creating environment hook '/home/shriram/Desktop/ros2_practice/install/cv_basics/share/cv_basics/hook/ament_prefix_path.sh'
[0.503s] INFO:colcon.colcon_core.shell:Skip shell extension 'powershell' for command environment: Not usable outside of PowerShell
[0.503s] DEBUG:colcon.colcon_core.shell:Skip shell extension 'dsv' for command environment
[0.508s] INFO:colcon.colcon_ros.task.ament_cmake.build:Building ROS package in '/home/shriram/Desktop/ros2_practice/src/desc' with build type 'ament_cmake'
[0.508s] INFO:colcon.colcon_cmake.task.cmake.build:Building CMake package in '/home/shriram/Desktop/ros2_practice/src/desc'
[0.509s] INFO:colcon.colcon_core.shell:Skip shell extension 'powershell' for command environment: Not usable outside of PowerShell
[0.509s] DEBUG:colcon.colcon_core.shell:Skip shell extension 'dsv' for command environment
[0.513s] INFO:colcon.colcon_ros.task.ament_python.build:Building ROS package in '/home/shriram/Desktop/ros2_practice/src/mobile' with build type 'ament_python'
[0.513s] Level 1:colcon.colcon_core.shell:create_environment_hook('mobile', 'ament_prefix_path')
[0.515s] INFO:colcon.colcon_core.shell:Creating environment hook '/home/shriram/Desktop/ros2_practice/install/mobile/share/mobile/hook/ament_prefix_path.ps1'
[0.515s] INFO:colcon.colcon_core.shell:Creating environment descriptor '/home/shriram/Desktop/ros2_practice/install/mobile/share/mobile/hook/ament_prefix_path.dsv'
[0.516s] INFO:colcon.colcon_core.shell:Creating environment hook '/home/shriram/Desktop/ros2_practice/install/mobile/share/mobile/hook/ament_prefix_path.sh'
[0.517s] INFO:colcon.colcon_core.shell:Skip shell extension 'powershell' for command environment: Not usable outside of PowerShell
[0.517s] DEBUG:colcon.colcon_core.shell:Skip shell extension 'dsv' for command environment
[0.520s] INFO:colcon.colcon_ros.task.ament_python.build:Building ROS package in '/home/shriram/Desktop/ros2_practice/src/practice' with build type 'ament_python'
[0.520s] Level 1:colcon.colcon_core.shell:create_environment_hook('practice', 'ament_prefix_path')
[0.521s] INFO:colcon.colcon_core.shell:Creating environment hook '/home/shriram/Desktop/ros2_practice/install/practice/share/practice/hook/ament_prefix_path.ps1'
[0.522s] INFO:colcon.colcon_core.shell:Creating environment descriptor '/home/shriram/Desktop/ros2_practice/install/practice/share/practice/hook/ament_prefix_path.dsv'
[0.522s] INFO:colcon.colcon_core.shell:Creating environment hook '/home/shriram/Desktop/ros2_practice/install/practice/share/practice/hook/ament_prefix_path.sh'
[0.523s] INFO:colcon.colcon_core.shell:Skip shell extension 'powershell' for command environment: Not usable outside of PowerShell
[0.523s] DEBUG:colcon.colcon_core.shell:Skip shell extension 'dsv' for command environment
[0.529s] INFO:colcon.colcon_ros.task.ament_python.build:Building ROS package in '/home/shriram/Desktop/ros2_practice/src/tform' with build type 'ament_python'
[0.530s] Level 1:colcon.colcon_core.shell:create_environment_hook('tform', 'ament_prefix_path')
[0.532s] INFO:colcon.colcon_core.shell:Creating environment hook '/home/shriram/Desktop/ros2_practice/install/tform/share/tform/hook/ament_prefix_path.ps1'
[0.533s] INFO:colcon.colcon_core.shell:Creating environment descriptor '/home/shriram/Desktop/ros2_practice/install/tform/share/tform/hook/ament_prefix_path.dsv'
[0.533s] INFO:colcon.colcon_core.shell:Creating environment hook '/home/shriram/Desktop/ros2_practice/install/tform/share/tform/hook/ament_prefix_path.sh'
[0.534s] INFO:colcon.colcon_core.shell:Skip shell extension 'powershell' for command environment: Not usable outside of PowerShell
[0.534s] DEBUG:colcon.colcon_core.shell:Skip shell extension 'dsv' for command environment
[0.842s] INFO:colcon.colcon_core.task.python.build:Building Python package in '/home/shriram/Desktop/ros2_practice/src/cv_basics'
[0.843s] INFO:colcon.colcon_core.shell:Skip shell extension 'powershell' for command environment: Not usable outside of PowerShell
[0.843s] DEBUG:colcon.colcon_core.shell:Skip shell extension 'dsv' for command environment
[0.850s] DEBUG:colcon.colcon_core.event_handler.log_command:Invoking command in '/home/shriram/Desktop/ros2_practice/build/desc': CMAKE_PREFIX_PATH=${CMAKE_PREFIX_PATH}:/home/shriram/Desktop/ros2_practice/install/tform:/home/shriram/Desktop/ros2_practice/install/practice:/home/shriram/Desktop/ros2_practice/install/mobile:/home/shriram/Desktop/ros2_practice/install/description:/home/shriram/Desktop/ros2_practice/install/cv_basics:/opt/ros/humble /usr/bin/cmake --build /home/shriram/Desktop/ros2_practice/build/desc -- -j12 -l12
[1.146s] INFO:colcon.colcon_core.task.python.build:Building Python package in '/home/shriram/Desktop/ros2_practice/src/mobile'
[1.147s] INFO:colcon.colcon_core.shell:Skip shell extension 'powershell' for command environment: Not usable outside of PowerShell
[1.148s] DEBUG:colcon.colcon_core.shell:Skip shell extension 'dsv' for command environment
[1.444s] INFO:colcon.colcon_core.task.python.build:Building Python package in '/home/shriram/Desktop/ros2_practice/src/practice'
[1.446s] INFO:colcon.colcon_core.shell:Skip shell extension 'powershell' for command environment: Not usable outside of PowerShell
[1.446s] DEBUG:colcon.colcon_core.shell:Skip shell extension 'dsv' for command environment
[1.727s] INFO:colcon.colcon_core.task.python.build:Building Python package in '/home/shriram/Desktop/ros2_practice/src/tform'
[1.729s] INFO:colcon.colcon_core.shell:Skip shell extension 'powershell' for command environment: Not usable outside of PowerShell
[1.729s] DEBUG:colcon.colcon_core.shell:Skip shell extension 'dsv' for command environment
[1.746s] DEBUG:colcon.colcon_core.event_handler.log_command:Invoked command in '/home/shriram/Desktop/ros2_practice/build/desc' returned '0': CMAKE_PREFIX_PATH=${CMAKE_PREFIX_PATH}:/home/shriram/Desktop/ros2_practice/install/tform:/home/shriram/Desktop/ros2_practice/install/practice:/home/shriram/Desktop/ros2_practice/install/mobile:/home/shriram/Desktop/ros2_practice/install/description:/home/shriram/Desktop/ros2_practice/install/cv_basics:/opt/ros/humble /usr/bin/cmake --build /home/shriram/Desktop/ros2_practice/build/desc -- -j12 -l12
[1.780s] DEBUG:colcon.colcon_core.event_handler.log_command:Invoking command in '/home/shriram/Desktop/ros2_practice/build/desc': CMAKE_PREFIX_PATH=${CMAKE_PREFIX_PATH}:/home/shriram/Desktop/ros2_practice/install/tform:/home/shriram/Desktop/ros2_practice/install/practice:/home/shriram/Desktop/ros2_practice/install/mobile:/home/shriram/Desktop/ros2_practice/install/description:/home/shriram/Desktop/ros2_practice/install/cv_basics:/opt/ros/humble /usr/bin/cmake --install /home/shriram/Desktop/ros2_practice/build/desc
[1.788s] Level 1:colcon.colcon_core.environment:create_environment_scripts_only(desc)
[1.790s] DEBUG:colcon.colcon_core.event_handler.log_command:Invoked command in '/home/shriram/Desktop/ros2_practice/build/desc' returned '0': CMAKE_PREFIX_PATH=${CMAKE_PREFIX_PATH}:/home/shriram/Desktop/ros2_practice/install/tform:/home/shriram/Desktop/ros2_practice/install/practice:/home/shriram/Desktop/ros2_practice/install/mobile:/home/shriram/Desktop/ros2_practice/install/description:/home/shriram/Desktop/ros2_practice/install/cv_basics:/opt/ros/humble /usr/bin/cmake --install /home/shriram/Desktop/ros2_practice/build/desc
[1.793s] Level 1:colcon.colcon_core.environment:checking '/home/shriram/Desktop/ros2_practice/install/desc' for CMake module files
[1.793s] Level 1:colcon.colcon_core.environment:checking '/home/shriram/Desktop/ros2_practice/install/desc' for CMake config files
[1.793s] Level 1:colcon.colcon_core.shell:create_environment_hook('desc', 'cmake_prefix_path')
[1.794s] INFO:colcon.colcon_core.shell:Creating environment hook '/home/shriram/Desktop/ros2_practice/install/desc/share/desc/hook/cmake_prefix_path.ps1'
[1.795s] INFO:colcon.colcon_core.shell:Creating environment descriptor '/home/shriram/Desktop/ros2_practice/install/desc/share/desc/hook/cmake_prefix_path.dsv'
[1.795s] INFO:colcon.colcon_core.shell:Creating environment hook '/home/shriram/Desktop/ros2_practice/install/desc/share/desc/hook/cmake_prefix_path.sh'
[1.795s] Level 1:colcon.colcon_core.environment:checking '/home/shriram/Desktop/ros2_practice/install/desc/bin'
[1.796s] Level 1:colcon.colcon_core.environment:checking '/home/shriram/Desktop/ros2_practice/install/desc/lib/pkgconfig/desc.pc'
[1.796s] Level 1:colcon.colcon_core.environment:checking '/home/shriram/Desktop/ros2_practice/install/desc/lib/python3.10/site-packages'
[1.796s] Level 1:colcon.colcon_core.environment:checking '/home/shriram/Desktop/ros2_practice/install/desc/bin'
[1.798s] INFO:colcon.colcon_core.shell:Creating package script '/home/shriram/Desktop/ros2_practice/install/desc/share/desc/package.ps1'
[1.799s] INFO:colcon.colcon_core.shell:Creating package descriptor '/home/shriram/Desktop/ros2_practice/install/desc/share/desc/package.dsv'
[1.800s] INFO:colcon.colcon_core.shell:Creating package script '/home/shriram/Desktop/ros2_practice/install/desc/share/desc/package.sh'
[1.801s] INFO:colcon.colcon_core.shell:Creating package script '/home/shriram/Desktop/ros2_practice/install/desc/share/desc/package.bash'
[1.802s] INFO:colcon.colcon_core.shell:Creating package script '/home/shriram/Desktop/ros2_practice/install/desc/share/desc/package.zsh'
[1.802s] Level 1:colcon.colcon_core.environment:create_file_with_runtime_dependencies(/home/shriram/Desktop/ros2_practice/install/desc/share/colcon-core/packages/desc)
[1.820s] Level 1:colcon.colcon_core.environment:create_environment_scripts_only(desc)
[1.823s] Level 1:colcon.colcon_core.environment:checking '/home/shriram/Desktop/ros2_practice/install/desc' for CMake module files
[1.824s] Level 1:colcon.colcon_core.environment:checking '/home/shriram/Desktop/ros2_practice/install/desc' for CMake config files
[1.824s] Level 1:colcon.colcon_core.shell:create_environment_hook('desc', 'cmake_prefix_path')
[1.826s] INFO:colcon.colcon_core.shell:Creating environment hook '/home/shriram/Desktop/ros2_practice/install/desc/share/desc/hook/cmake_prefix_path.ps1'
[1.826s] INFO:colcon.colcon_core.shell:Creating environment descriptor '/home/shriram/Desktop/ros2_practice/install/desc/share/desc/hook/cmake_prefix_path.dsv'
[1.827s] INFO:colcon.colcon_core.shell:Creating environment hook '/home/shriram/Desktop/ros2_practice/install/desc/share/desc/hook/cmake_prefix_path.sh'
[1.827s] Level 1:colcon.colcon_core.environment:checking '/home/shriram/Desktop/ros2_practice/install/desc/bin'
[1.827s] Level 1:colcon.colcon_core.environment:checking '/home/shriram/Desktop/ros2_practice/install/desc/lib/pkgconfig/desc.pc'
[1.828s] Level 1:colcon.colcon_core.environment:checking '/home/shriram/Desktop/ros2_practice/install/desc/lib/python3.10/site-packages'
[1.828s] Level 1:colcon.colcon_core.environment:checking '/home/shriram/Desktop/ros2_practice/install/desc/bin'
[1.830s] INFO:colcon.colcon_core.shell:Creating package script '/home/shriram/Desktop/ros2_practice/install/desc/share/desc/package.ps1'
[1.831s] INFO:colcon.colcon_core.shell:Creating package descriptor '/home/shriram/Desktop/ros2_practice/install/desc/share/desc/package.dsv'
[1.832s] INFO:colcon.colcon_core.shell:Creating package script '/home/shriram/Desktop/ros2_practice/install/desc/share/desc/package.sh'
[1.832s] INFO:colcon.colcon_core.shell:Creating package script '/home/shriram/Desktop/ros2_practice/install/desc/share/desc/package.bash'
[1.833s] INFO:colcon.colcon_core.shell:Creating package script '/home/shriram/Desktop/ros2_practice/install/desc/share/desc/package.zsh'
[1.833s] Level 1:colcon.colcon_core.environment:create_file_with_runtime_dependencies(/home/shriram/Desktop/ros2_practice/install/desc/share/colcon-core/packages/desc)
[2.285s] DEBUG:colcon.colcon_core.event_handler.log_command:Invoking command in '/home/shriram/Desktop/ros2_practice/src/mobile': PYTHONPATH=/home/shriram/Desktop/ros2_practice/build/mobile/prefix_override:/home/shriram/Desktop/ros2_practice/install/mobile/lib/python3.10/site-packages:${PYTHONPATH} /usr/bin/python3 setup.py egg_info --egg-base ../../build/mobile build --build-base /home/shriram/Desktop/ros2_practice/build/mobile/build install --record /home/shriram/Desktop/ros2_practice/build/mobile/install.log --single-version-externally-managed
[2.297s] DEBUG:colcon.colcon_core.event_handler.log_command:Invoking command in '/home/shriram/Desktop/ros2_practice/src/cv_basics': PYTHONPATH=/home/shriram/Desktop/ros2_practice/build/cv_basics/prefix_override:/home/shriram/Desktop/ros2_practice/install/cv_basics/lib/python3.10/site-packages:${PYTHONPATH} /usr/bin/python3 setup.py egg_info --egg-base ../../build/cv_basics build --build-base /home/shriram/Desktop/ros2_practice/build/cv_basics/build install --record /home/shriram/Desktop/ros2_practice/build/cv_basics/install.log --single-version-externally-managed
[2.300s] DEBUG:colcon.colcon_core.event_handler.log_command:Invoking command in '/home/shriram/Desktop/ros2_practice/src/practice': PYTHONPATH=/home/shriram/Desktop/ros2_practice/build/practice/prefix_override:/home/shriram/Desktop/ros2_practice/install/practice/lib/python3.10/site-packages:${PYTHONPATH} /usr/bin/python3 setup.py egg_info --egg-base ../../build/practice build --build-base /home/shriram/Desktop/ros2_practice/build/practice/build install --record /home/shriram/Desktop/ros2_practice/build/practice/install.log --single-version-externally-managed
[2.322s] DEBUG:colcon.colcon_core.event_handler.log_command:Invoking command in '/home/shriram/Desktop/ros2_practice/src/tform': PYTHONPATH=/home/shriram/Desktop/ros2_practice/build/tform/prefix_override:/home/shriram/Desktop/ros2_practice/install/tform/lib/python3.10/site-packages:${PYTHONPATH} /usr/bin/python3 setup.py egg_info --egg-base ../../build/tform build --build-base /home/shriram/Desktop/ros2_practice/build/tform/build install --record /home/shriram/Desktop/ros2_practice/build/tform/install.log --single-version-externally-managed
[2.782s] Level 1:colcon.colcon_core.environment:checking '/home/shriram/Desktop/ros2_practice/install/mobile' for CMake module files
[2.782s] DEBUG:colcon.colcon_core.event_handler.log_command:Invoked command in '/home/shriram/Desktop/ros2_practice/src/mobile' returned '0': PYTHONPATH=/home/shriram/Desktop/ros2_practice/build/mobile/prefix_override:/home/shriram/Desktop/ros2_practice/install/mobile/lib/python3.10/site-packages:${PYTHONPATH} /usr/bin/python3 setup.py egg_info --egg-base ../../build/mobile build --build-base /home/shriram/Desktop/ros2_practice/build/mobile/build install --record /home/shriram/Desktop/ros2_practice/build/mobile/install.log --single-version-externally-managed
[2.783s] Level 1:colcon.colcon_core.environment:checking '/home/shriram/Desktop/ros2_practice/install/mobile' for CMake config files
[2.783s] Level 1:colcon.colcon_core.environment:checking '/home/shriram/Desktop/ros2_practice/install/mobile/lib'
[2.783s] Level 1:colcon.colcon_core.environment:checking '/home/shriram/Desktop/ros2_practice/install/mobile/bin'
[2.783s] Level 1:colcon.colcon_core.environment:checking '/home/shriram/Desktop/ros2_practice/install/mobile/lib/pkgconfig/mobile.pc'
[2.784s] Level 1:colcon.colcon_core.environment:checking '/home/shriram/Desktop/ros2_practice/install/mobile/lib/python3.10/site-packages'
[2.784s] Level 1:colcon.colcon_core.shell:create_environment_hook('mobile', 'pythonpath')
[2.785s] INFO:colcon.colcon_core.shell:Creating environment hook '/home/shriram/Desktop/ros2_practice/install/mobile/share/mobile/hook/pythonpath.ps1'
[2.786s] INFO:colcon.colcon_core.shell:Creating environment descriptor '/home/shriram/Desktop/ros2_practice/install/mobile/share/mobile/hook/pythonpath.dsv'
[2.786s] INFO:colcon.colcon_core.shell:Creating environment hook '/home/shriram/Desktop/ros2_practice/install/mobile/share/mobile/hook/pythonpath.sh'
[2.787s] Level 1:colcon.colcon_core.environment:checking '/home/shriram/Desktop/ros2_practice/install/mobile/bin'
[2.787s] Level 1:colcon.colcon_core.environment:create_environment_scripts_only(mobile)
[2.788s] INFO:colcon.colcon_core.shell:Creating package script '/home/shriram/Desktop/ros2_practice/install/mobile/share/mobile/package.ps1'
[2.789s] INFO:colcon.colcon_core.shell:Creating package descriptor '/home/shriram/Desktop/ros2_practice/install/mobile/share/mobile/package.dsv'
[2.789s] INFO:colcon.colcon_core.shell:Creating package script '/home/shriram/Desktop/ros2_practice/install/mobile/share/mobile/package.sh'
[2.789s] INFO:colcon.colcon_core.shell:Creating package script '/home/shriram/Desktop/ros2_practice/install/mobile/share/mobile/package.bash'
[2.790s] INFO:colcon.colcon_core.shell:Creating package script '/home/shriram/Desktop/ros2_practice/install/mobile/share/mobile/package.zsh'
[2.790s] Level 1:colcon.colcon_core.environment:create_file_with_runtime_dependencies(/home/shriram/Desktop/ros2_practice/install/mobile/share/colcon-core/packages/mobile)
[2.793s] Level 1:colcon.colcon_core.environment:checking '/home/shriram/Desktop/ros2_practice/install/cv_basics' for CMake module files
[2.793s] DEBUG:colcon.colcon_core.event_handler.log_command:Invoked command in '/home/shriram/Desktop/ros2_practice/src/cv_basics' returned '0': PYTHONPATH=/home/shriram/Desktop/ros2_practice/build/cv_basics/prefix_override:/home/shriram/Desktop/ros2_practice/install/cv_basics/lib/python3.10/site-packages:${PYTHONPATH} /usr/bin/python3 setup.py egg_info --egg-base ../../build/cv_basics build --build-base /home/shriram/Desktop/ros2_practice/build/cv_basics/build install --record /home/shriram/Desktop/ros2_practice/build/cv_basics/install.log --single-version-externally-managed
[2.794s] Level 1:colcon.colcon_core.environment:checking '/home/shriram/Desktop/ros2_practice/install/cv_basics' for CMake config files
[2.794s] Level 1:colcon.colcon_core.environment:checking '/home/shriram/Desktop/ros2_practice/install/cv_basics/lib'
[2.794s] Level 1:colcon.colcon_core.environment:checking '/home/shriram/Desktop/ros2_practice/install/cv_basics/bin'
[2.794s] Level 1:colcon.colcon_core.environment:checking '/home/shriram/Desktop/ros2_practice/install/cv_basics/lib/pkgconfig/cv_basics.pc'
[2.794s] Level 1:colcon.colcon_core.environment:checking '/home/shriram/Desktop/ros2_practice/install/cv_basics/lib/python3.10/site-packages'
[2.794s] Level 1:colcon.colcon_core.shell:create_environment_hook('cv_basics', 'pythonpath')
[2.795s] INFO:colcon.colcon_core.shell:Creating environment hook '/home/shriram/Desktop/ros2_practice/install/cv_basics/share/cv_basics/hook/pythonpath.ps1'
[2.796s] INFO:colcon.colcon_core.shell:Creating environment descriptor '/home/shriram/Desktop/ros2_practice/install/cv_basics/share/cv_basics/hook/pythonpath.dsv'
[2.796s] INFO:colcon.colcon_core.shell:Creating environment hook '/home/shriram/Desktop/ros2_practice/install/cv_basics/share/cv_basics/hook/pythonpath.sh'
[2.796s] Level 1:colcon.colcon_core.environment:checking '/home/shriram/Desktop/ros2_practice/install/cv_basics/bin'
[2.797s] Level 1:colcon.colcon_core.environment:create_environment_scripts_only(cv_basics)
[2.798s] INFO:colcon.colcon_core.shell:Creating package script '/home/shriram/Desktop/ros2_practice/install/cv_basics/share/cv_basics/package.ps1'
[2.798s] INFO:colcon.colcon_core.shell:Creating package descriptor '/home/shriram/Desktop/ros2_practice/install/cv_basics/share/cv_basics/package.dsv'
[2.799s] INFO:colcon.colcon_core.shell:Creating package script '/home/shriram/Desktop/ros2_practice/install/cv_basics/share/cv_basics/package.sh'
[2.799s] INFO:colcon.colcon_core.shell:Creating package script '/home/shriram/Desktop/ros2_practice/install/cv_basics/share/cv_basics/package.bash'
[2.799s] INFO:colcon.colcon_core.shell:Creating package script '/home/shriram/Desktop/ros2_practice/install/cv_basics/share/cv_basics/package.zsh'
[2.799s] Level 1:colcon.colcon_core.environment:create_file_with_runtime_dependencies(/home/shriram/Desktop/ros2_practice/install/cv_basics/share/colcon-core/packages/cv_basics)
[2.802s] Level 1:colcon.colcon_core.environment:checking '/home/shriram/Desktop/ros2_practice/install/practice' for CMake module files
[2.803s] Level 1:colcon.colcon_core.environment:checking '/home/shriram/Desktop/ros2_practice/install/practice' for CMake config files
[2.804s] DEBUG:colcon.colcon_core.event_handler.log_command:Invoked command in '/home/shriram/Desktop/ros2_practice/src/practice' returned '0': PYTHONPATH=/home/shriram/Desktop/ros2_practice/build/practice/prefix_override:/home/shriram/Desktop/ros2_practice/install/practice/lib/python3.10/site-packages:${PYTHONPATH} /usr/bin/python3 setup.py egg_info --egg-base ../../build/practice build --build-base /home/shriram/Desktop/ros2_practice/build/practice/build install --record /home/shriram/Desktop/ros2_practice/build/practice/install.log --single-version-externally-managed
[2.805s] Level 1:colcon.colcon_core.environment:checking '/home/shriram/Desktop/ros2_practice/install/practice/lib'
[2.805s] Level 1:colcon.colcon_core.environment:checking '/home/shriram/Desktop/ros2_practice/install/practice/bin'
[2.806s] Level 1:colcon.colcon_core.environment:checking '/home/shriram/Desktop/ros2_practice/install/practice/lib/pkgconfig/practice.pc'
[2.806s] Level 1:colcon.colcon_core.environment:checking '/home/shriram/Desktop/ros2_practice/install/practice/lib/python3.10/site-packages'
[2.806s] Level 1:colcon.colcon_core.shell:create_environment_hook('practice', 'pythonpath')
[2.807s] INFO:colcon.colcon_core.shell:Creating environment hook '/home/shriram/Desktop/ros2_practice/install/practice/share/practice/hook/pythonpath.ps1'
[2.808s] INFO:colcon.colcon_core.shell:Creating environment descriptor '/home/shriram/Desktop/ros2_practice/install/practice/share/practice/hook/pythonpath.dsv'
[2.808s] INFO:colcon.colcon_core.shell:Creating environment hook '/home/shriram/Desktop/ros2_practice/install/practice/share/practice/hook/pythonpath.sh'
[2.808s] Level 1:colcon.colcon_core.environment:checking '/home/shriram/Desktop/ros2_practice/install/practice/bin'
[2.808s] Level 1:colcon.colcon_core.environment:create_environment_scripts_only(practice)
[2.810s] INFO:colcon.colcon_core.shell:Creating package script '/home/shriram/Desktop/ros2_practice/install/practice/share/practice/package.ps1'
[2.811s] INFO:colcon.colcon_core.shell:Creating package descriptor '/home/shriram/Desktop/ros2_practice/install/practice/share/practice/package.dsv'
[2.811s] INFO:colcon.colcon_core.shell:Creating package script '/home/shriram/Desktop/ros2_practice/install/practice/share/practice/package.sh'
[2.812s] INFO:colcon.colcon_core.shell:Creating package script '/home/shriram/Desktop/ros2_practice/install/practice/share/practice/package.bash'
[2.812s] INFO:colcon.colcon_core.shell:Creating package script '/home/shriram/Desktop/ros2_practice/install/practice/share/practice/package.zsh'
[2.812s] Level 1:colcon.colcon_core.environment:create_file_with_runtime_dependencies(/home/shriram/Desktop/ros2_practice/install/practice/share/colcon-core/packages/practice)
[2.814s] Level 1:colcon.colcon_core.environment:checking '/home/shriram/Desktop/ros2_practice/install/tform' for CMake module files
[2.815s] Level 1:colcon.colcon_core.environment:checking '/home/shriram/Desktop/ros2_practice/install/tform' for CMake config files
[2.815s] DEBUG:colcon.colcon_core.event_handler.log_command:Invoked command in '/home/shriram/Desktop/ros2_practice/src/tform' returned '0': PYTHONPATH=/home/shriram/Desktop/ros2_practice/build/tform/prefix_override:/home/shriram/Desktop/ros2_practice/install/tform/lib/python3.10/site-packages:${PYTHONPATH} /usr/bin/python3 setup.py egg_info --egg-base ../../build/tform build --build-base /home/shriram/Desktop/ros2_practice/build/tform/build install --record /home/shriram/Desktop/ros2_practice/build/tform/install.log --single-version-externally-managed
[2.815s] Level 1:colcon.colcon_core.environment:checking '/home/shriram/Desktop/ros2_practice/install/tform/lib'
[2.815s] Level 1:colcon.colcon_core.environment:checking '/home/shriram/Desktop/ros2_practice/install/tform/bin'
[2.815s] Level 1:colcon.colcon_core.environment:checking '/home/shriram/Desktop/ros2_practice/install/tform/lib/pkgconfig/tform.pc'
[2.816s] Level 1:colcon.colcon_core.environment:checking '/home/shriram/Desktop/ros2_practice/install/tform/lib/python3.10/site-packages'
[2.816s] Level 1:colcon.colcon_core.shell:create_environment_hook('tform', 'pythonpath')
[2.816s] INFO:colcon.colcon_core.shell:Creating environment hook '/home/shriram/Desktop/ros2_practice/install/tform/share/tform/hook/pythonpath.ps1'
[2.817s] INFO:colcon.colcon_core.shell:Creating environment descriptor '/home/shriram/Desktop/ros2_practice/install/tform/share/tform/hook/pythonpath.dsv'
[2.817s] INFO:colcon.colcon_core.shell:Creating environment hook '/home/shriram/Desktop/ros2_practice/install/tform/share/tform/hook/pythonpath.sh'
[2.817s] Level 1:colcon.colcon_core.environment:checking '/home/shriram/Desktop/ros2_practice/install/tform/bin'
[2.817s] Level 1:colcon.colcon_core.environment:create_environment_scripts_only(tform)
[2.819s] INFO:colcon.colcon_core.shell:Creating package script '/home/shriram/Desktop/ros2_practice/install/tform/share/tform/package.ps1'
[2.819s] INFO:colcon.colcon_core.shell:Creating package descriptor '/home/shriram/Desktop/ros2_practice/install/tform/share/tform/package.dsv'
[2.819s] INFO:colcon.colcon_core.shell:Creating package script '/home/shriram/Desktop/ros2_practice/install/tform/share/tform/package.sh'
[2.820s] INFO:colcon.colcon_core.shell:Creating package script '/home/shriram/Desktop/ros2_practice/install/tform/share/tform/package.bash'
[2.820s] INFO:colcon.colcon_core.shell:Creating package script '/home/shriram/Desktop/ros2_practice/install/tform/share/tform/package.zsh'
[2.820s] Level 1:colcon.colcon_core.environment:create_file_with_runtime_dependencies(/home/shriram/Desktop/ros2_practice/install/tform/share/colcon-core/packages/tform)
[2.820s] DEBUG:colcon.colcon_parallel_executor.executor.parallel:closing loop
[2.821s] DEBUG:colcon.colcon_parallel_executor.executor.parallel:loop closed
[2.821s] DEBUG:colcon.colcon_parallel_executor.executor.parallel:run_until_complete finished with '0'
[2.821s] DEBUG:colcon.colcon_core.event_reactor:joining thread
[2.828s] INFO:colcon.colcon_core.plugin_system:Skipping extension 'colcon_notification.desktop_notification.terminal_notifier': Not used on non-Darwin systems
[2.828s] INFO:colcon.colcon_core.plugin_system:Skipping extension 'colcon_notification.desktop_notification.win32': Not used on non-Windows systems
[2.828s] INFO:colcon.colcon_notification.desktop_notification:Sending desktop notification using 'notify2'
[2.839s] DEBUG:colcon.colcon_core.event_reactor:joined thread
[2.841s] INFO:colcon.colcon_core.shell:Creating prefix script '/home/shriram/Desktop/ros2_practice/install/local_setup.ps1'
[2.843s] INFO:colcon.colcon_core.shell:Creating prefix util module '/home/shriram/Desktop/ros2_practice/install/_local_setup_util_ps1.py'
[2.844s] INFO:colcon.colcon_core.shell:Creating prefix chain script '/home/shriram/Desktop/ros2_practice/install/setup.ps1'
[2.847s] INFO:colcon.colcon_core.shell:Creating prefix script '/home/shriram/Desktop/ros2_practice/install/local_setup.sh'
[2.847s] INFO:colcon.colcon_core.shell:Creating prefix util module '/home/shriram/Desktop/ros2_practice/install/_local_setup_util_sh.py'
[2.848s] INFO:colcon.colcon_core.shell:Creating prefix chain script '/home/shriram/Desktop/ros2_practice/install/setup.sh'
[2.852s] INFO:colcon.colcon_core.shell:Creating prefix script '/home/shriram/Desktop/ros2_practice/install/local_setup.bash'
[2.853s] INFO:colcon.colcon_core.shell:Creating prefix chain script '/home/shriram/Desktop/ros2_practice/install/setup.bash'
[2.855s] INFO:colcon.colcon_core.shell:Creating prefix script '/home/shriram/Desktop/ros2_practice/install/local_setup.zsh'
[2.855s] INFO:colcon.colcon_core.shell:Creating prefix chain script '/home/shriram/Desktop/ros2_practice/install/setup.zsh'
