[1.650s] Invoking command in '/home/shriram/Desktop/ros2_practice/src/description': PYTHONPATH=/home/shriram/Desktop/ros2_practice/build/description/prefix_override:/home/shriram/Desktop/ros2_practice/install/description/lib/python3.10/site-packages:${PYTHONPATH} /usr/bin/python3 setup.py egg_info --egg-base ../../build/description build --build-base /home/shriram/Desktop/ros2_practice/build/description/build install --record /home/shriram/Desktop/ros2_practice/build/description/install.log --single-version-externally-managed
[1.896s] running egg_info
[1.897s] writing ../../build/description/description.egg-info/PKG-INFO
[1.897s] writing dependency_links to ../../build/description/description.egg-info/dependency_links.txt
[1.897s] writing entry points to ../../build/description/description.egg-info/entry_points.txt
[1.898s] writing requirements to ../../build/description/description.egg-info/requires.txt
[1.898s] writing top-level names to ../../build/description/description.egg-info/top_level.txt
[1.899s] reading manifest file '../../build/description/description.egg-info/SOURCES.txt'
[1.900s] writing manifest file '../../build/description/description.egg-info/SOURCES.txt'
[1.900s] running build
[1.901s] running build_py
[1.901s] running install
[1.901s] running install_lib
[1.902s] running install_data
[1.902s] running install_egg_info
[1.904s] removing '/home/shriram/Desktop/ros2_practice/install/description/lib/python3.10/site-packages/description-0.0.0-py3.10.egg-info' (and everything under it)
[1.904s] Copying ../../build/description/description.egg-info to /home/shriram/Desktop/ros2_practice/install/description/lib/python3.10/site-packages/description-0.0.0-py3.10.egg-info
[1.905s] running install_scripts
[1.921s] writing list of installed files to '/home/shriram/Desktop/ros2_practice/build/description/install.log'
[1.981s] Invoked command in '/home/shriram/Desktop/ros2_practice/src/description' returned '0': PYTHONPATH=/home/shriram/Desktop/ros2_practice/build/description/prefix_override:/home/shriram/Desktop/ros2_practice/install/description/lib/python3.10/site-packages:${PYTHONPATH} /usr/bin/python3 setup.py egg_info --egg-base ../../build/description build --build-base /home/shriram/Desktop/ros2_practice/build/description/build install --record /home/shriram/Desktop/ros2_practice/build/description/install.log --single-version-externally-managed
