[0.870s] Invoking command in '/home/shriram/Desktop/ros2_practice/src/tform': PYTHONPATH=/home/shriram/Desktop/ros2_practice/build/tform/prefix_override:/home/shriram/Desktop/ros2_practice/install/tform/lib/python3.10/site-packages:${PYTHONPATH} /usr/bin/python3 setup.py egg_info --egg-base ../../build/tform build --build-base /home/shriram/Desktop/ros2_practice/build/tform/build install --record /home/shriram/Desktop/ros2_practice/build/tform/install.log --single-version-externally-managed
[1.076s] running egg_info
[1.077s] writing ../../build/tform/tform.egg-info/PKG-INFO
[1.077s] writing dependency_links to ../../build/tform/tform.egg-info/dependency_links.txt
[1.077s] writing entry points to ../../build/tform/tform.egg-info/entry_points.txt
[1.077s] writing requirements to ../../build/tform/tform.egg-info/requires.txt
[1.077s] writing top-level names to ../../build/tform/tform.egg-info/top_level.txt
[1.078s] reading manifest file '../../build/tform/tform.egg-info/SOURCES.txt'
[1.079s] writing manifest file '../../build/tform/tform.egg-info/SOURCES.txt'
[1.079s] running build
[1.080s] running build_py
[1.080s] running install
[1.080s] running install_lib
[1.080s] running install_data
[1.081s] copying launch/dyn.launch.py -> /home/shriram/Desktop/ros2_practice/install/tform/share/tform/launch
[1.081s] running install_egg_info
[1.082s] removing '/home/shriram/Desktop/ros2_practice/install/tform/lib/python3.10/site-packages/tform-0.0.0-py3.10.egg-info' (and everything under it)
[1.082s] Copying ../../build/tform/tform.egg-info to /home/shriram/Desktop/ros2_practice/install/tform/lib/python3.10/site-packages/tform-0.0.0-py3.10.egg-info
[1.083s] running install_scripts
[1.099s] Installing circ script to /home/shriram/Desktop/ros2_practice/install/tform/lib/tform
[1.099s] Installing dyn script to /home/shriram/Desktop/ros2_practice/install/tform/lib/tform
[1.099s] writing list of installed files to '/home/shriram/Desktop/ros2_practice/build/tform/install.log'
[1.154s] Invoked command in '/home/shriram/Desktop/ros2_practice/src/tform' returned '0': PYTHONPATH=/home/shriram/Desktop/ros2_practice/build/tform/prefix_override:/home/shriram/Desktop/ros2_practice/install/tform/lib/python3.10/site-packages:${PYTHONPATH} /usr/bin/python3 setup.py egg_info --egg-base ../../build/tform build --build-base /home/shriram/Desktop/ros2_practice/build/tform/build install --record /home/shriram/Desktop/ros2_practice/build/tform/install.log --single-version-externally-managed
