[1.632s] Invoking command in '/home/shriram/Desktop/ros2_practice/build/practice': PYTHONPATH=/home/shriram/Desktop/ros2_practice/build/practice/prefix_override:/home/shriram/Desktop/ros2_practice/install/practice/lib/python3.10/site-packages:${PYTHONPATH} /usr/bin/python3 setup.py develop --uninstall --editable --build-directory /home/shriram/Desktop/ros2_practice/build/practice/build
[1.887s] running develop
[2.159s] Invoked command in '/home/shriram/Desktop/ros2_practice/build/practice' returned '0': PYTHONPATH=/home/shriram/Desktop/ros2_practice/build/practice/prefix_override:/home/shriram/Desktop/ros2_practice/install/practice/lib/python3.10/site-packages:${PYTHONPATH} /usr/bin/python3 setup.py develop --uninstall --editable --build-directory /home/shriram/Desktop/ros2_practice/build/practice/build
[2.160s] Invoking command in '/home/shriram/Desktop/ros2_practice/src/practice': PYTHONPATH=/home/shriram/Desktop/ros2_practice/build/practice/prefix_override:/home/shriram/Desktop/ros2_practice/install/practice/lib/python3.10/site-packages:${PYTHONPATH} /usr/bin/python3 setup.py egg_info --egg-base ../../build/practice build --build-base /home/shriram/Desktop/ros2_practice/build/practice/build install --record /home/shriram/Desktop/ros2_practice/build/practice/install.log --single-version-externally-managed
[2.403s] running egg_info
[2.403s] writing ../../build/practice/practice.egg-info/PKG-INFO
[2.403s] writing dependency_links to ../../build/practice/practice.egg-info/dependency_links.txt
[2.404s] writing entry points to ../../build/practice/practice.egg-info/entry_points.txt
[2.404s] writing requirements to ../../build/practice/practice.egg-info/requires.txt
[2.404s] writing top-level names to ../../build/practice/practice.egg-info/top_level.txt
[2.406s] reading manifest file '../../build/practice/practice.egg-info/SOURCES.txt'
[2.406s] writing manifest file '../../build/practice/practice.egg-info/SOURCES.txt'
[2.406s] running build
[2.407s] running build_py
[2.407s] copying practice/circ.py -> /home/shriram/Desktop/ros2_practice/build/practice/build/lib/practice
[2.407s] running install
[2.408s] running install_lib
[2.408s] copying /home/shriram/Desktop/ros2_practice/build/practice/build/lib/practice/circ.py -> /home/shriram/Desktop/ros2_practice/install/practice/lib/python3.10/site-packages/practice
[2.408s] byte-compiling /home/shriram/Desktop/ros2_practice/install/practice/lib/python3.10/site-packages/practice/circ.py to circ.cpython-310.pyc
[2.409s] running install_data
[2.409s] running install_egg_info
[2.412s] removing '/home/shriram/Desktop/ros2_practice/install/practice/lib/python3.10/site-packages/practice-0.0.0-py3.10.egg-info' (and everything under it)
[2.412s] Copying ../../build/practice/practice.egg-info to /home/shriram/Desktop/ros2_practice/install/practice/lib/python3.10/site-packages/practice-0.0.0-py3.10.egg-info
[2.413s] running install_scripts
[2.438s] Installing circ script to /home/shriram/Desktop/ros2_practice/install/practice/lib/practice
[2.438s] Installing controller script to /home/shriram/Desktop/ros2_practice/install/practice/lib/practice
[2.438s] Installing move2 script to /home/shriram/Desktop/ros2_practice/install/practice/lib/practice
[2.439s] Installing node1 script to /home/shriram/Desktop/ros2_practice/install/practice/lib/practice
[2.439s] Installing parabolic_curve script to /home/shriram/Desktop/ros2_practice/install/practice/lib/practice
[2.439s] Installing pose script to /home/shriram/Desktop/ros2_practice/install/practice/lib/practice
[2.439s] writing list of installed files to '/home/shriram/Desktop/ros2_practice/build/practice/install.log'
[2.491s] Invoked command in '/home/shriram/Desktop/ros2_practice/src/practice' returned '0': PYTHONPATH=/home/shriram/Desktop/ros2_practice/build/practice/prefix_override:/home/shriram/Desktop/ros2_practice/install/practice/lib/python3.10/site-packages:${PYTHONPATH} /usr/bin/python3 setup.py egg_info --egg-base ../../build/practice build --build-base /home/shriram/Desktop/ros2_practice/build/practice/build install --record /home/shriram/Desktop/ros2_practice/build/practice/install.log --single-version-externally-managed
