[2.027s] Invoking command in '/home/shriram/Desktop/ros2_practice/src/mobile': PYTHONPATH=/home/shriram/Desktop/ros2_practice/build/mobile/prefix_override:/home/shriram/Desktop/ros2_practice/install/mobile/lib/python3.10/site-packages:${PYTHONPATH} /usr/bin/python3 setup.py egg_info --egg-base ../../build/mobile build --build-base /home/shriram/Desktop/ros2_practice/build/mobile/build install --record /home/shriram/Desktop/ros2_practice/build/mobile/install.log --single-version-externally-managed
[2.428s] running egg_info
[2.429s] writing ../../build/mobile/mobile.egg-info/PKG-INFO
[2.430s] writing dependency_links to ../../build/mobile/mobile.egg-info/dependency_links.txt
[2.430s] writing entry points to ../../build/mobile/mobile.egg-info/entry_points.txt
[2.430s] writing requirements to ../../build/mobile/mobile.egg-info/requires.txt
[2.430s] writing top-level names to ../../build/mobile/mobile.egg-info/top_level.txt
[2.433s] reading manifest file '../../build/mobile/mobile.egg-info/SOURCES.txt'
[2.434s] writing manifest file '../../build/mobile/mobile.egg-info/SOURCES.txt'
[2.434s] running build
[2.434s] running build_py
[2.435s] running install
[2.435s] running install_lib
[2.438s] running install_data
[2.439s] running install_egg_info
[2.441s] removing '/home/shriram/Desktop/ros2_practice/install/mobile/lib/python3.10/site-packages/mobile-0.0.0-py3.10.egg-info' (and everything under it)
[2.442s] Copying ../../build/mobile/mobile.egg-info to /home/shriram/Desktop/ros2_practice/install/mobile/lib/python3.10/site-packages/mobile-0.0.0-py3.10.egg-info
[2.443s] running install_scripts
[2.475s] Installing move script to /home/shriram/Desktop/ros2_practice/install/mobile/lib/mobile
[2.475s] writing list of installed files to '/home/shriram/Desktop/ros2_practice/build/mobile/install.log'
[2.605s] Invoked command in '/home/shriram/Desktop/ros2_practice/src/mobile' returned '0': PYTHONPATH=/home/shriram/Desktop/ros2_practice/build/mobile/prefix_override:/home/shriram/Desktop/ros2_practice/install/mobile/lib/python3.10/site-packages:${PYTHONPATH} /usr/bin/python3 setup.py egg_info --egg-base ../../build/mobile build --build-base /home/shriram/Desktop/ros2_practice/build/mobile/build install --record /home/shriram/Desktop/ros2_practice/build/mobile/install.log --single-version-externally-managed
