[1.702s] Invoking command in '/home/shriram/Desktop/ros2_practice/build/tform': PYTHONPATH=/home/shriram/Desktop/ros2_practice/build/tform/prefix_override:/home/shriram/Desktop/ros2_practice/install/tform/lib/python3.10/site-packages:${PYTHONPATH} /usr/bin/python3 setup.py develop --uninstall --editable --build-directory /home/shriram/Desktop/ros2_practice/build/tform/build
[1.959s] running develop
[2.183s] Removing /home/shriram/Desktop/ros2_practice/install/tform/lib/python3.10/site-packages/tform.egg-link (link to .)
[2.265s] Invoked command in '/home/shriram/Desktop/ros2_practice/build/tform' returned '0': PYTHONPATH=/home/shriram/Desktop/ros2_practice/build/tform/prefix_override:/home/shriram/Desktop/ros2_practice/install/tform/lib/python3.10/site-packages:${PYTHONPATH} /usr/bin/python3 setup.py develop --uninstall --editable --build-directory /home/shriram/Desktop/ros2_practice/build/tform/build
[2.266s] Invoking command in '/home/shriram/Desktop/ros2_practice/src/tform': PYTHONPATH=/home/shriram/Desktop/ros2_practice/build/tform/prefix_override:/home/shriram/Desktop/ros2_practice/install/tform/lib/python3.10/site-packages:${PYTHONPATH} /usr/bin/python3 setup.py egg_info --egg-base ../../build/tform build --build-base /home/shriram/Desktop/ros2_practice/build/tform/build install --record /home/shriram/Desktop/ros2_practice/build/tform/install.log --single-version-externally-managed
[2.532s] running egg_info
[2.533s] writing ../../build/tform/tform.egg-info/PKG-INFO
[2.533s] writing dependency_links to ../../build/tform/tform.egg-info/dependency_links.txt
[2.533s] writing entry points to ../../build/tform/tform.egg-info/entry_points.txt
[2.534s] writing requirements to ../../build/tform/tform.egg-info/requires.txt
[2.534s] writing top-level names to ../../build/tform/tform.egg-info/top_level.txt
[2.537s] reading manifest file '../../build/tform/tform.egg-info/SOURCES.txt'
[2.538s] writing manifest file '../../build/tform/tform.egg-info/SOURCES.txt'
[2.538s] running build
[2.538s] running build_py
[2.539s] running install
[2.539s] running install_lib
[2.540s] copying /home/shriram/Desktop/ros2_practice/build/tform/build/lib/tform/dyn2.py -> /home/shriram/Desktop/ros2_practice/install/tform/lib/python3.10/site-packages/tform
[2.540s] copying /home/shriram/Desktop/ros2_practice/build/tform/build/lib/tform/__init__.py -> /home/shriram/Desktop/ros2_practice/install/tform/lib/python3.10/site-packages/tform
[2.540s] copying /home/shriram/Desktop/ros2_practice/build/tform/build/lib/tform/dyn.py -> /home/shriram/Desktop/ros2_practice/install/tform/lib/python3.10/site-packages/tform
[2.541s] byte-compiling /home/shriram/Desktop/ros2_practice/install/tform/lib/python3.10/site-packages/tform/dyn2.py to dyn2.cpython-310.pyc
[2.542s] byte-compiling /home/shriram/Desktop/ros2_practice/install/tform/lib/python3.10/site-packages/tform/__init__.py to __init__.cpython-310.pyc
[2.542s] byte-compiling /home/shriram/Desktop/ros2_practice/install/tform/lib/python3.10/site-packages/tform/dyn.py to dyn.cpython-310.pyc
[2.543s] running install_data
[2.544s] running install_egg_info
[2.546s] Copying ../../build/tform/tform.egg-info to /home/shriram/Desktop/ros2_practice/install/tform/lib/python3.10/site-packages/tform-0.0.0-py3.10.egg-info
[2.547s] running install_scripts
[2.570s] Installing circ script to /home/shriram/Desktop/ros2_practice/install/tform/lib/tform
[2.570s] Installing dyn script to /home/shriram/Desktop/ros2_practice/install/tform/lib/tform
[2.570s] Installing dyn2 script to /home/shriram/Desktop/ros2_practice/install/tform/lib/tform
[2.570s] writing list of installed files to '/home/shriram/Desktop/ros2_practice/build/tform/install.log'
[2.610s] Invoked command in '/home/shriram/Desktop/ros2_practice/src/tform' returned '0': PYTHONPATH=/home/shriram/Desktop/ros2_practice/build/tform/prefix_override:/home/shriram/Desktop/ros2_practice/install/tform/lib/python3.10/site-packages:${PYTHONPATH} /usr/bin/python3 setup.py egg_info --egg-base ../../build/tform build --build-base /home/shriram/Desktop/ros2_practice/build/tform/build install --record /home/shriram/Desktop/ros2_practice/build/tform/install.log --single-version-externally-managed
