[0.023s] Invoking command in '/home/shriram/Desktop/ros2_practice/build/bringup': AMENT_PREFIX_PATH=/home/shriram/Desktop/ros2_practice/install/desc:${AMENT_PREFIX_PATH} CMAKE_PREFIX_PATH=/home/shriram/Desktop/ros2_practice/install/desc:/opt/ros/humble /usr/bin/cmake --build /home/shriram/Desktop/ros2_practice/build/bringup -- -j12 -l12
[0.093s] Invoked command in '/home/shriram/Desktop/ros2_practice/build/bringup' returned '0': AMENT_PREFIX_PATH=/home/shriram/Desktop/ros2_practice/install/desc:${AMENT_PREFIX_PATH} CMAKE_PREFIX_PATH=/home/shriram/Desktop/ros2_practice/install/desc:/opt/ros/humble /usr/bin/cmake --build /home/shriram/Desktop/ros2_practice/build/bringup -- -j12 -l12
[0.129s] Invoking command in '/home/shriram/Desktop/ros2_practice/build/bringup': AMENT_PREFIX_PATH=/home/shriram/Desktop/ros2_practice/install/desc:${AMENT_PREFIX_PATH} CMAKE_PREFIX_PATH=/home/shriram/Desktop/ros2_practice/install/desc:/opt/ros/humble /usr/bin/cmake --install /home/shriram/Desktop/ros2_practice/build/bringup
[0.142s] -- Install configuration: ""
[0.142s] -- Execute custom install script
[0.142s] -- Up-to-date symlink: /home/shriram/Desktop/ros2_practice/install/bringup/share/bringup//launch/my_robot_gazebo.launch.xml
[0.142s] -- Up-to-date symlink: /home/shriram/Desktop/ros2_practice/install/bringup/share/ament_index/resource_index/package_run_dependencies/bringup
[0.143s] -- Up-to-date symlink: /home/shriram/Desktop/ros2_practice/install/bringup/share/ament_index/resource_index/parent_prefix_path/bringup
[0.143s] -- Up-to-date symlink: /home/shriram/Desktop/ros2_practice/install/bringup/share/bringup/environment/ament_prefix_path.sh
[0.143s] -- Up-to-date symlink: /home/shriram/Desktop/ros2_practice/install/bringup/share/bringup/environment/ament_prefix_path.dsv
[0.143s] -- Up-to-date symlink: /home/shriram/Desktop/ros2_practice/install/bringup/share/bringup/environment/path.sh
[0.143s] -- Up-to-date symlink: /home/shriram/Desktop/ros2_practice/install/bringup/share/bringup/environment/path.dsv
[0.143s] -- Up-to-date symlink: /home/shriram/Desktop/ros2_practice/install/bringup/share/bringup/local_setup.bash
[0.143s] -- Up-to-date symlink: /home/shriram/Desktop/ros2_practice/install/bringup/share/bringup/local_setup.sh
[0.143s] -- Up-to-date symlink: /home/shriram/Desktop/ros2_practice/install/bringup/share/bringup/local_setup.zsh
[0.143s] -- Up-to-date symlink: /home/shriram/Desktop/ros2_practice/install/bringup/share/bringup/local_setup.dsv
[0.144s] -- Symlinking: /home/shriram/Desktop/ros2_practice/install/bringup/share/bringup/package.dsv
[0.152s] -- Up-to-date symlink: /home/shriram/Desktop/ros2_practice/install/bringup/share/ament_index/resource_index/packages/bringup
[0.153s] -- Up-to-date symlink: /home/shriram/Desktop/ros2_practice/install/bringup/share/bringup/cmake/bringupConfig.cmake
[0.153s] -- Up-to-date symlink: /home/shriram/Desktop/ros2_practice/install/bringup/share/bringup/cmake/bringupConfig-version.cmake
[0.153s] -- Up-to-date symlink: /home/shriram/Desktop/ros2_practice/install/bringup/share/bringup/package.xml
[0.156s] Invoked command in '/home/shriram/Desktop/ros2_practice/build/bringup' returned '0': AMENT_PREFIX_PATH=/home/shriram/Desktop/ros2_practice/install/desc:${AMENT_PREFIX_PATH} CMAKE_PREFIX_PATH=/home/shriram/Desktop/ros2_practice/install/desc:/opt/ros/humble /usr/bin/cmake --install /home/shriram/Desktop/ros2_practice/build/bringup
