[4.451s] Invoking command in '/home/shriram/Desktop/ros2_practice/build/mobile': PYTHONPATH=/home/shriram/Desktop/ros2_practice/build/mobile/prefix_override:/home/shriram/Desktop/ros2_practice/install/mobile/lib/python3.10/site-packages:${PYTHONPATH} /usr/bin/python3 setup.py develop --uninstall --editable --build-directory /home/shriram/Desktop/ros2_practice/build/mobile/build
[5.027s] running develop
[5.484s] Removing /home/shriram/Desktop/ros2_practice/install/mobile/lib/python3.10/site-packages/mobile.egg-link (link to .)
[5.760s] Invoked command in '/home/shriram/Desktop/ros2_practice/build/mobile' returned '0': PYTHONPATH=/home/shriram/Desktop/ros2_practice/build/mobile/prefix_override:/home/shriram/Desktop/ros2_practice/install/mobile/lib/python3.10/site-packages:${PYTHONPATH} /usr/bin/python3 setup.py develop --uninstall --editable --build-directory /home/shriram/Desktop/ros2_practice/build/mobile/build
[5.760s] Invoking command in '/home/shriram/Desktop/ros2_practice/src/mobile': PYTHONPATH=/home/shriram/Desktop/ros2_practice/build/mobile/prefix_override:/home/shriram/Desktop/ros2_practice/install/mobile/lib/python3.10/site-packages:${PYTHONPATH} /usr/bin/python3 setup.py egg_info --egg-base ../../build/mobile build --build-base /home/shriram/Desktop/ros2_practice/build/mobile/build install --record /home/shriram/Desktop/ros2_practice/build/mobile/install.log --single-version-externally-managed
[6.306s] running egg_info
[6.318s] writing ../../build/mobile/mobile.egg-info/PKG-INFO
[6.320s] writing dependency_links to ../../build/mobile/mobile.egg-info/dependency_links.txt
[6.321s] writing entry points to ../../build/mobile/mobile.egg-info/entry_points.txt
[6.321s] writing requirements to ../../build/mobile/mobile.egg-info/requires.txt
[6.321s] writing top-level names to ../../build/mobile/mobile.egg-info/top_level.txt
[6.331s] reading manifest file '../../build/mobile/mobile.egg-info/SOURCES.txt'
[6.333s] writing manifest file '../../build/mobile/mobile.egg-info/SOURCES.txt'
[6.333s] running build
[6.333s] running build_py
[6.333s] running install
[6.334s] running install_lib
[6.335s] creating /home/shriram/Desktop/ros2_practice/install/mobile/lib/python3.10/site-packages/mobile
[6.335s] copying /home/shriram/Desktop/ros2_practice/build/mobile/build/lib/mobile/move.py -> /home/shriram/Desktop/ros2_practice/install/mobile/lib/python3.10/site-packages/mobile
[6.335s] copying /home/shriram/Desktop/ros2_practice/build/mobile/build/lib/mobile/__init__.py -> /home/shriram/Desktop/ros2_practice/install/mobile/lib/python3.10/site-packages/mobile
[6.336s] byte-compiling /home/shriram/Desktop/ros2_practice/install/mobile/lib/python3.10/site-packages/mobile/move.py to move.cpython-310.pyc
[6.338s] byte-compiling /home/shriram/Desktop/ros2_practice/install/mobile/lib/python3.10/site-packages/mobile/__init__.py to __init__.cpython-310.pyc
[6.338s] running install_data
[6.344s] running install_egg_info
[6.344s] Copying ../../build/mobile/mobile.egg-info to /home/shriram/Desktop/ros2_practice/install/mobile/lib/python3.10/site-packages/mobile-0.0.0-py3.10.egg-info
[6.344s] running install_scripts
[6.389s] Installing move script to /home/shriram/Desktop/ros2_practice/install/mobile/lib/mobile
[6.389s] writing list of installed files to '/home/shriram/Desktop/ros2_practice/build/mobile/install.log'
[6.576s] Invoked command in '/home/shriram/Desktop/ros2_practice/src/mobile' returned '0': PYTHONPATH=/home/shriram/Desktop/ros2_practice/build/mobile/prefix_override:/home/shriram/Desktop/ros2_practice/install/mobile/lib/python3.10/site-packages:${PYTHONPATH} /usr/bin/python3 setup.py egg_info --egg-base ../../build/mobile build --build-base /home/shriram/Desktop/ros2_practice/build/mobile/build install --record /home/shriram/Desktop/ros2_practice/build/mobile/install.log --single-version-externally-managed
