-- Install configuration: ""
-- Up-to-date: /home/shriram/Desktop/ros2_practice/install/navigation/share/navigation/launch
-- Up-to-date: /home/shriram/Desktop/ros2_practice/install/navigation/share/navigation/launch/navigation.launch.py
-- Up-to-date: /home/shriram/Desktop/ros2_practice/install/navigation/share/navigation/config
-- Up-to-date: /home/shriram/Desktop/ros2_practice/install/navigation/share/navigation/config/mapping.rviz
-- Up-to-date: /home/shriram/Desktop/ros2_practice/install/navigation/share/navigation/config/navigation.rviz
-- Up-to-date: /home/shriram/Desktop/ros2_practice/install/navigation/share/navigation/config/tb3_map.pgm
-- Up-to-date: /home/shriram/Desktop/ros2_practice/install/navigation/share/navigation/config/tb3_map.yaml
-- Up-to-date: /home/shriram/Desktop/ros2_practice/install/navigation/share/navigation/config/tb3_nav2_params.yaml
-- Up-to-date: /home/shriram/Desktop/ros2_practice/install/navigation/share/ament_index/resource_index/package_run_dependencies/navigation
-- Up-to-date: /home/shriram/Desktop/ros2_practice/install/navigation/share/ament_index/resource_index/parent_prefix_path/navigation
-- Up-to-date: /home/shriram/Desktop/ros2_practice/install/navigation/share/navigation/environment/ament_prefix_path.sh
-- Up-to-date: /home/shriram/Desktop/ros2_practice/install/navigation/share/navigation/environment/ament_prefix_path.dsv
-- Up-to-date: /home/shriram/Desktop/ros2_practice/install/navigation/share/navigation/environment/path.sh
-- Up-to-date: /home/shriram/Desktop/ros2_practice/install/navigation/share/navigation/environment/path.dsv
-- Up-to-date: /home/shriram/Desktop/ros2_practice/install/navigation/share/navigation/local_setup.bash
-- Up-to-date: /home/shriram/Desktop/ros2_practice/install/navigation/share/navigation/local_setup.sh
-- Up-to-date: /home/shriram/Desktop/ros2_practice/install/navigation/share/navigation/local_setup.zsh
-- Up-to-date: /home/shriram/Desktop/ros2_practice/install/navigation/share/navigation/local_setup.dsv
-- Up-to-date: /home/shriram/Desktop/ros2_practice/install/navigation/share/navigation/package.dsv
-- Up-to-date: /home/shriram/Desktop/ros2_practice/install/navigation/share/ament_index/resource_index/packages/navigation
-- Up-to-date: /home/shriram/Desktop/ros2_practice/install/navigation/share/navigation/cmake/navigationConfig.cmake
-- Up-to-date: /home/shriram/Desktop/ros2_practice/install/navigation/share/navigation/cmake/navigationConfig-version.cmake
-- Up-to-date: /home/shriram/Desktop/ros2_practice/install/navigation/share/navigation/package.xml
