[4.200s] Invoking command in '/home/shriram/Desktop/ros2_practice/build/tform': PYTHONPATH=/home/shriram/Desktop/ros2_practice/build/tform/prefix_override:/home/shriram/Desktop/ros2_practice/install/tform/lib/python3.10/site-packages:${PYTHONPATH} /usr/bin/python3 setup.py develop --uninstall --editable --build-directory /home/shriram/Desktop/ros2_practice/build/tform/build
[4.834s] running develop
[5.545s] Invoked command in '/home/shriram/Desktop/ros2_practice/build/tform' returned '0': PYTHONPATH=/home/shriram/Desktop/ros2_practice/build/tform/prefix_override:/home/shriram/Desktop/ros2_practice/install/tform/lib/python3.10/site-packages:${PYTHONPATH} /usr/bin/python3 setup.py develop --uninstall --editable --build-directory /home/shriram/Desktop/ros2_practice/build/tform/build
[5.546s] Invoking command in '/home/shriram/Desktop/ros2_practice/src/tform': PYTHONPATH=/home/shriram/Desktop/ros2_practice/build/tform/prefix_override:/home/shriram/Desktop/ros2_practice/install/tform/lib/python3.10/site-packages:${PYTHONPATH} /usr/bin/python3 setup.py egg_info --egg-base ../../build/tform build --build-base /home/shriram/Desktop/ros2_practice/build/tform/build install --record /home/shriram/Desktop/ros2_practice/build/tform/install.log --single-version-externally-managed
[6.113s] running egg_info
[6.113s] writing ../../build/tform/tform.egg-info/PKG-INFO
[6.113s] writing dependency_links to ../../build/tform/tform.egg-info/dependency_links.txt
[6.113s] writing entry points to ../../build/tform/tform.egg-info/entry_points.txt
[6.113s] writing requirements to ../../build/tform/tform.egg-info/requires.txt
[6.113s] writing top-level names to ../../build/tform/tform.egg-info/top_level.txt
[6.118s] reading manifest file '../../build/tform/tform.egg-info/SOURCES.txt'
[6.121s] writing manifest file '../../build/tform/tform.egg-info/SOURCES.txt'
[6.132s] running build
[6.132s] running build_py
[6.132s] running install
[6.132s] running install_lib
[6.132s] running install_data
[6.132s] running install_egg_info
[6.135s] removing '/home/shriram/Desktop/ros2_practice/install/tform/lib/python3.10/site-packages/tform-0.0.0-py3.10.egg-info' (and everything under it)
[6.144s] Copying ../../build/tform/tform.egg-info to /home/shriram/Desktop/ros2_practice/install/tform/lib/python3.10/site-packages/tform-0.0.0-py3.10.egg-info
[6.145s] running install_scripts
[6.188s] Installing circ script to /home/shriram/Desktop/ros2_practice/install/tform/lib/tform
[6.188s] Installing dyn script to /home/shriram/Desktop/ros2_practice/install/tform/lib/tform
[6.188s] Installing dyn2 script to /home/shriram/Desktop/ros2_practice/install/tform/lib/tform
[6.189s] writing list of installed files to '/home/shriram/Desktop/ros2_practice/build/tform/install.log'
[6.378s] Invoked command in '/home/shriram/Desktop/ros2_practice/src/tform' returned '0': PYTHONPATH=/home/shriram/Desktop/ros2_practice/build/tform/prefix_override:/home/shriram/Desktop/ros2_practice/install/tform/lib/python3.10/site-packages:${PYTHONPATH} /usr/bin/python3 setup.py egg_info --egg-base ../../build/tform build --build-base /home/shriram/Desktop/ros2_practice/build/tform/build install --record /home/shriram/Desktop/ros2_practice/build/tform/install.log --single-version-externally-managed
