[1.846s] Invoking command in '/home/shriram/Desktop/ros2_practice/build/practice': PYTHONPATH=/home/shriram/Desktop/ros2_practice/build/practice/prefix_override:/home/shriram/Desktop/ros2_practice/install/practice/lib/python3.10/site-packages:${PYTHONPATH} /usr/bin/python3 setup.py develop --uninstall --editable --build-directory /home/shriram/Desktop/ros2_practice/build/practice/build
[2.130s] running develop
[2.383s] Invoked command in '/home/shriram/Desktop/ros2_practice/build/practice' returned '0': PYTHONPATH=/home/shriram/Desktop/ros2_practice/build/practice/prefix_override:/home/shriram/Desktop/ros2_practice/install/practice/lib/python3.10/site-packages:${PYTHONPATH} /usr/bin/python3 setup.py develop --uninstall --editable --build-directory /home/shriram/Desktop/ros2_practice/build/practice/build
[2.386s] Invoking command in '/home/shriram/Desktop/ros2_practice/src/practice': PYTHONPATH=/home/shriram/Desktop/ros2_practice/build/practice/prefix_override:/home/shriram/Desktop/ros2_practice/install/practice/lib/python3.10/site-packages:${PYTHONPATH} /usr/bin/python3 setup.py egg_info --egg-base ../../build/practice build --build-base /home/shriram/Desktop/ros2_practice/build/practice/build install --record /home/shriram/Desktop/ros2_practice/build/practice/install.log --single-version-externally-managed
[2.714s] running egg_info
[2.715s] writing ../../build/practice/practice.egg-info/PKG-INFO
[2.715s] writing dependency_links to ../../build/practice/practice.egg-info/dependency_links.txt
[2.715s] writing entry points to ../../build/practice/practice.egg-info/entry_points.txt
[2.715s] writing requirements to ../../build/practice/practice.egg-info/requires.txt
[2.715s] writing top-level names to ../../build/practice/practice.egg-info/top_level.txt
[2.718s] reading manifest file '../../build/practice/practice.egg-info/SOURCES.txt'
[2.719s] writing manifest file '../../build/practice/practice.egg-info/SOURCES.txt'
[2.719s] running build
[2.720s] running build_py
[2.720s] running install
[2.721s] running install_lib
[2.723s] running install_data
[2.724s] running install_egg_info
[2.726s] removing '/home/shriram/Desktop/ros2_practice/install/practice/lib/python3.10/site-packages/practice-0.0.0-py3.10.egg-info' (and everything under it)
[2.727s] Copying ../../build/practice/practice.egg-info to /home/shriram/Desktop/ros2_practice/install/practice/lib/python3.10/site-packages/practice-0.0.0-py3.10.egg-info
[2.727s] running install_scripts
[2.750s] Installing circ script to /home/shriram/Desktop/ros2_practice/install/practice/lib/practice
[2.751s] Installing controller script to /home/shriram/Desktop/ros2_practice/install/practice/lib/practice
[2.751s] Installing move2 script to /home/shriram/Desktop/ros2_practice/install/practice/lib/practice
[2.751s] Installing node1 script to /home/shriram/Desktop/ros2_practice/install/practice/lib/practice
[2.751s] Installing parabola script to /home/shriram/Desktop/ros2_practice/install/practice/lib/practice
[2.751s] Installing parabolic_curve script to /home/shriram/Desktop/ros2_practice/install/practice/lib/practice
[2.751s] Installing pose script to /home/shriram/Desktop/ros2_practice/install/practice/lib/practice
[2.752s] writing list of installed files to '/home/shriram/Desktop/ros2_practice/build/practice/install.log'
[2.851s] Invoked command in '/home/shriram/Desktop/ros2_practice/src/practice' returned '0': PYTHONPATH=/home/shriram/Desktop/ros2_practice/build/practice/prefix_override:/home/shriram/Desktop/ros2_practice/install/practice/lib/python3.10/site-packages:${PYTHONPATH} /usr/bin/python3 setup.py egg_info --egg-base ../../build/practice build --build-base /home/shriram/Desktop/ros2_practice/build/practice/build install --record /home/shriram/Desktop/ros2_practice/build/practice/install.log --single-version-externally-managed
