[1.413s] Invoking command in '/home/shriram/Desktop/ros2_practice/src/mobile': PYTHONPATH=/home/shriram/Desktop/ros2_practice/build/mobile/prefix_override:/home/shriram/Desktop/ros2_practice/install/mobile/lib/python3.10/site-packages:${PYTHONPATH} /usr/bin/python3 setup.py egg_info --egg-base ../../build/mobile build --build-base /home/shriram/Desktop/ros2_practice/build/mobile/build install --record /home/shriram/Desktop/ros2_practice/build/mobile/install.log --single-version-externally-managed
[1.637s] running egg_info
[1.637s] writing ../../build/mobile/mobile.egg-info/PKG-INFO
[1.637s] writing dependency_links to ../../build/mobile/mobile.egg-info/dependency_links.txt
[1.638s] writing entry points to ../../build/mobile/mobile.egg-info/entry_points.txt
[1.638s] writing requirements to ../../build/mobile/mobile.egg-info/requires.txt
[1.638s] writing top-level names to ../../build/mobile/mobile.egg-info/top_level.txt
[1.640s] reading manifest file '../../build/mobile/mobile.egg-info/SOURCES.txt'
[1.641s] writing manifest file '../../build/mobile/mobile.egg-info/SOURCES.txt'
[1.641s] running build
[1.641s] running build_py
[1.642s] copying mobile/move.py -> /home/shriram/Desktop/ros2_practice/build/mobile/build/lib/mobile
[1.642s] running install
[1.642s] running install_lib
[1.643s] copying /home/shriram/Desktop/ros2_practice/build/mobile/build/lib/mobile/move.py -> /home/shriram/Desktop/ros2_practice/install/mobile/lib/python3.10/site-packages/mobile
[1.643s] byte-compiling /home/shriram/Desktop/ros2_practice/install/mobile/lib/python3.10/site-packages/mobile/move.py to move.cpython-310.pyc
[1.643s] running install_data
[1.644s] running install_egg_info
[1.646s] removing '/home/shriram/Desktop/ros2_practice/install/mobile/lib/python3.10/site-packages/mobile-0.0.0-py3.10.egg-info' (and everything under it)
[1.646s] Copying ../../build/mobile/mobile.egg-info to /home/shriram/Desktop/ros2_practice/install/mobile/lib/python3.10/site-packages/mobile-0.0.0-py3.10.egg-info
[1.646s] running install_scripts
[1.669s] Installing move script to /home/shriram/Desktop/ros2_practice/install/mobile/lib/mobile
[1.670s] writing list of installed files to '/home/shriram/Desktop/ros2_practice/build/mobile/install.log'
[1.732s] Invoked command in '/home/shriram/Desktop/ros2_practice/src/mobile' returned '0': PYTHONPATH=/home/shriram/Desktop/ros2_practice/build/mobile/prefix_override:/home/shriram/Desktop/ros2_practice/install/mobile/lib/python3.10/site-packages:${PYTHONPATH} /usr/bin/python3 setup.py egg_info --egg-base ../../build/mobile build --build-base /home/shriram/Desktop/ros2_practice/build/mobile/build install --record /home/shriram/Desktop/ros2_practice/build/mobile/install.log --single-version-externally-managed
