[1.780s] Invoking command in '/home/shriram/Desktop/ros2_practice/src/cv_basics': PYTHONPATH=/home/shriram/Desktop/ros2_practice/build/cv_basics/prefix_override:/home/shriram/Desktop/ros2_practice/install/cv_basics/lib/python3.10/site-packages:${PYTHONPATH} /usr/bin/python3 setup.py egg_info --egg-base ../../build/cv_basics build --build-base /home/shriram/Desktop/ros2_practice/build/cv_basics/build install --record /home/shriram/Desktop/ros2_practice/build/cv_basics/install.log --single-version-externally-managed
[2.016s] running egg_info
[2.017s] writing ../../build/cv_basics/cv_basics.egg-info/PKG-INFO
[2.017s] writing dependency_links to ../../build/cv_basics/cv_basics.egg-info/dependency_links.txt
[2.017s] writing entry points to ../../build/cv_basics/cv_basics.egg-info/entry_points.txt
[2.017s] writing requirements to ../../build/cv_basics/cv_basics.egg-info/requires.txt
[2.018s] writing top-level names to ../../build/cv_basics/cv_basics.egg-info/top_level.txt
[2.020s] reading manifest file '../../build/cv_basics/cv_basics.egg-info/SOURCES.txt'
[2.021s] writing manifest file '../../build/cv_basics/cv_basics.egg-info/SOURCES.txt'
[2.021s] running build
[2.021s] running build_py
[2.024s] running install
[2.024s] running install_lib
[2.025s] running install_data
[2.026s] running install_egg_info
[2.027s] removing '/home/shriram/Desktop/ros2_practice/install/cv_basics/lib/python3.10/site-packages/cv_basics-0.0.0-py3.10.egg-info' (and everything under it)
[2.027s] Copying ../../build/cv_basics/cv_basics.egg-info to /home/shriram/Desktop/ros2_practice/install/cv_basics/lib/python3.10/site-packages/cv_basics-0.0.0-py3.10.egg-info
[2.029s] running install_scripts
[2.050s] Installing webcam script to /home/shriram/Desktop/ros2_practice/install/cv_basics/lib/cv_basics
[2.050s] Installing webcam2 script to /home/shriram/Desktop/ros2_practice/install/cv_basics/lib/cv_basics
[2.050s] writing list of installed files to '/home/shriram/Desktop/ros2_practice/build/cv_basics/install.log'
[2.115s] Invoked command in '/home/shriram/Desktop/ros2_practice/src/cv_basics' returned '0': PYTHONPATH=/home/shriram/Desktop/ros2_practice/build/cv_basics/prefix_override:/home/shriram/Desktop/ros2_practice/install/cv_basics/lib/python3.10/site-packages:${PYTHONPATH} /usr/bin/python3 setup.py egg_info --egg-base ../../build/cv_basics build --build-base /home/shriram/Desktop/ros2_practice/build/cv_basics/build install --record /home/shriram/Desktop/ros2_practice/build/cv_basics/install.log --single-version-externally-managed
