[0.559s] Invoking command in '/home/shriram/Desktop/ros2_practice/src/practice': PYTHONPATH=/home/shriram/Desktop/ros2_practice/build/practice/prefix_override:/home/shriram/Desktop/ros2_practice/install/practice/lib/python3.10/site-packages:${PYTHONPATH} /usr/bin/python3 setup.py egg_info --egg-base ../../build/practice build --build-base /home/shriram/Desktop/ros2_practice/build/practice/build install --record /home/shriram/Desktop/ros2_practice/build/practice/install.log --single-version-externally-managed
[0.759s] running egg_info
[0.759s] writing ../../build/practice/practice.egg-info/PKG-INFO
[0.759s] writing dependency_links to ../../build/practice/practice.egg-info/dependency_links.txt
[0.759s] writing entry points to ../../build/practice/practice.egg-info/entry_points.txt
[0.759s] writing requirements to ../../build/practice/practice.egg-info/requires.txt
[0.759s] writing top-level names to ../../build/practice/practice.egg-info/top_level.txt
[0.760s] reading manifest file '../../build/practice/practice.egg-info/SOURCES.txt'
[0.761s] writing manifest file '../../build/practice/practice.egg-info/SOURCES.txt'
[0.761s] running build
[0.761s] running build_py
[0.761s] running install
[0.762s] running install_lib
[0.763s] running install_data
[0.763s] running install_egg_info
[0.764s] removing '/home/shriram/Desktop/ros2_practice/install/practice/lib/python3.10/site-packages/practice-0.0.0-py3.10.egg-info' (and everything under it)
[0.764s] Copying ../../build/practice/practice.egg-info to /home/shriram/Desktop/ros2_practice/install/practice/lib/python3.10/site-packages/practice-0.0.0-py3.10.egg-info
[0.765s] running install_scripts
[0.781s] Installing circ script to /home/shriram/Desktop/ros2_practice/install/practice/lib/practice
[0.781s] Installing controller script to /home/shriram/Desktop/ros2_practice/install/practice/lib/practice
[0.781s] Installing node1 script to /home/shriram/Desktop/ros2_practice/install/practice/lib/practice
[0.781s] Installing pose script to /home/shriram/Desktop/ros2_practice/install/practice/lib/practice
[0.781s] writing list of installed files to '/home/shriram/Desktop/ros2_practice/build/practice/install.log'
[0.808s] Invoked command in '/home/shriram/Desktop/ros2_practice/src/practice' returned '0': PYTHONPATH=/home/shriram/Desktop/ros2_practice/build/practice/prefix_override:/home/shriram/Desktop/ros2_practice/install/practice/lib/python3.10/site-packages:${PYTHONPATH} /usr/bin/python3 setup.py egg_info --egg-base ../../build/practice build --build-base /home/shriram/Desktop/ros2_practice/build/practice/build install --record /home/shriram/Desktop/ros2_practice/build/practice/install.log --single-version-externally-managed
