[1.526s] Invoking command in '/home/shriram/Desktop/ros2_practice/build/my_stop_bot': CMAKE_PREFIX_PATH=${CMAKE_PREFIX_PATH}:/home/shriram/Desktop/ros2_practice/install/tform:/home/shriram/Desktop/ros2_practice/install/robot_math:/home/shriram/Desktop/ros2_practice/install/practice:/home/shriram/Desktop/ros2_practice/install/mobile:/home/shriram/Desktop/ros2_practice/install/description:/home/shriram/Desktop/ros2_practice/install/cv_basics:/opt/ros/humble /usr/bin/cmake --build /home/shriram/Desktop/ros2_practice/build/my_stop_bot -- -j12 -l12
[2.760s] -- Found ament_cmake: 1.3.5 (/opt/ros/humble/share/ament_cmake/cmake)
[2.760s] -- Found rclcpp: 16.0.5 (/opt/ros/humble/share/rclcpp/cmake)
[2.760s] -- Found rosidl_generator_c: 3.1.5 (/opt/ros/humble/share/rosidl_generator_c/cmake)
[2.760s] -- Found rosidl_adapter: 3.1.5 (/opt/ros/humble/share/rosidl_adapter/cmake)
[2.760s] -- Found rosidl_generator_cpp: 3.1.5 (/opt/ros/humble/share/rosidl_generator_cpp/cmake)
[2.760s] -- Using all available rosidl_typesupport_c: rosidl_typesupport_fastrtps_c;rosidl_typesupport_introspection_c
[2.760s] -- Using all available rosidl_typesupport_cpp: rosidl_typesupport_fastrtps_cpp;rosidl_typesupport_introspection_cpp
[2.760s] -- Found rmw_implementation_cmake: 6.1.1 (/opt/ros/humble/share/rmw_implementation_cmake/cmake)
[2.760s] -- Found rmw_cyclonedds_cpp: 1.3.4 (/opt/ros/humble/share/rmw_cyclonedds_cpp/cmake)
[2.760s] -- Using RMW implementation 'rmw_cyclonedds_cpp' as default
[2.761s] -- Found rclcpp_action: 16.0.5 (/opt/ros/humble/share/rclcpp_action/cmake)
[2.761s] -- Found nav2_msgs: 1.1.9 (/opt/ros/humble/share/nav2_msgs/cmake)
[2.868s] -- Found ament_lint_auto: 0.12.7 (/opt/ros/humble/share/ament_lint_auto/cmake)
[3.040s] -- Added test 'cppcheck' to perform static code analysis on C / C++ code
[3.040s] -- Configured cppcheck include dirs: 
[3.040s] -- Configured cppcheck exclude dirs and/or files: 
[3.048s] -- Added test 'lint_cmake' to check CMake code style
[3.048s] -- Added test 'uncrustify' to check C / C++ code style
[3.048s] -- Configured uncrustify additional arguments: 
[3.048s] -- Added test 'xmllint' to check XML markup files
[3.048s] -- Configuring done
[3.091s] -- Generating done
[3.094s] -- Build files have been written to: /home/shriram/Desktop/ros2_practice/build/my_stop_bot
[3.195s] [35m[1mConsolidate compiler generated dependencies of target stop_bot[0m
[3.272s] [ 50%] [32m[1mLinking CXX executable stop_bot[0m
[4.611s] [100%] Built target stop_bot
[4.644s] Invoked command in '/home/shriram/Desktop/ros2_practice/build/my_stop_bot' returned '0': CMAKE_PREFIX_PATH=${CMAKE_PREFIX_PATH}:/home/shriram/Desktop/ros2_practice/install/tform:/home/shriram/Desktop/ros2_practice/install/robot_math:/home/shriram/Desktop/ros2_practice/install/practice:/home/shriram/Desktop/ros2_practice/install/mobile:/home/shriram/Desktop/ros2_practice/install/description:/home/shriram/Desktop/ros2_practice/install/cv_basics:/opt/ros/humble /usr/bin/cmake --build /home/shriram/Desktop/ros2_practice/build/my_stop_bot -- -j12 -l12
[4.735s] Invoking command in '/home/shriram/Desktop/ros2_practice/build/my_stop_bot': CMAKE_PREFIX_PATH=${CMAKE_PREFIX_PATH}:/home/shriram/Desktop/ros2_practice/install/tform:/home/shriram/Desktop/ros2_practice/install/robot_math:/home/shriram/Desktop/ros2_practice/install/practice:/home/shriram/Desktop/ros2_practice/install/mobile:/home/shriram/Desktop/ros2_practice/install/description:/home/shriram/Desktop/ros2_practice/install/cv_basics:/opt/ros/humble /usr/bin/cmake --install /home/shriram/Desktop/ros2_practice/build/my_stop_bot
[4.751s] -- Install configuration: ""
[4.757s] -- Installing: /home/shriram/Desktop/ros2_practice/install/my_stop_bot/lib/my_stop_bot/stop_bot
[4.757s] -- Set runtime path of "/home/shriram/Desktop/ros2_practice/install/my_stop_bot/lib/my_stop_bot/stop_bot" to ""
[4.757s] -- Up-to-date: /home/shriram/Desktop/ros2_practice/install/my_stop_bot/share/ament_index/resource_index/package_run_dependencies/my_stop_bot
[4.757s] -- Installing: /home/shriram/Desktop/ros2_practice/install/my_stop_bot/share/ament_index/resource_index/parent_prefix_path/my_stop_bot
[4.757s] -- Up-to-date: /home/shriram/Desktop/ros2_practice/install/my_stop_bot/share/my_stop_bot/environment/ament_prefix_path.sh
[4.758s] -- Installing: /home/shriram/Desktop/ros2_practice/install/my_stop_bot/share/my_stop_bot/environment/ament_prefix_path.dsv
[4.758s] -- Up-to-date: /home/shriram/Desktop/ros2_practice/install/my_stop_bot/share/my_stop_bot/environment/path.sh
[4.758s] -- Installing: /home/shriram/Desktop/ros2_practice/install/my_stop_bot/share/my_stop_bot/environment/path.dsv
[4.758s] -- Up-to-date: /home/shriram/Desktop/ros2_practice/install/my_stop_bot/share/my_stop_bot/local_setup.bash
[4.758s] -- Up-to-date: /home/shriram/Desktop/ros2_practice/install/my_stop_bot/share/my_stop_bot/local_setup.sh
[4.758s] -- Up-to-date: /home/shriram/Desktop/ros2_practice/install/my_stop_bot/share/my_stop_bot/local_setup.zsh
[4.758s] -- Installing: /home/shriram/Desktop/ros2_practice/install/my_stop_bot/share/my_stop_bot/local_setup.dsv
[4.758s] -- Installing: /home/shriram/Desktop/ros2_practice/install/my_stop_bot/share/my_stop_bot/package.dsv
[4.758s] -- Up-to-date: /home/shriram/Desktop/ros2_practice/install/my_stop_bot/share/ament_index/resource_index/packages/my_stop_bot
[4.758s] -- Up-to-date: /home/shriram/Desktop/ros2_practice/install/my_stop_bot/share/my_stop_bot/cmake/my_stop_botConfig.cmake
[4.758s] -- Up-to-date: /home/shriram/Desktop/ros2_practice/install/my_stop_bot/share/my_stop_bot/cmake/my_stop_botConfig-version.cmake
[4.758s] -- Up-to-date: /home/shriram/Desktop/ros2_practice/install/my_stop_bot/share/my_stop_bot/package.xml
[4.772s] Invoked command in '/home/shriram/Desktop/ros2_practice/build/my_stop_bot' returned '0': CMAKE_PREFIX_PATH=${CMAKE_PREFIX_PATH}:/home/shriram/Desktop/ros2_practice/install/tform:/home/shriram/Desktop/ros2_practice/install/robot_math:/home/shriram/Desktop/ros2_practice/install/practice:/home/shriram/Desktop/ros2_practice/install/mobile:/home/shriram/Desktop/ros2_practice/install/description:/home/shriram/Desktop/ros2_practice/install/cv_basics:/opt/ros/humble /usr/bin/cmake --install /home/shriram/Desktop/ros2_practice/build/my_stop_bot
