-- Found ament_cmake: 1.3.5 (/opt/ros/humble/share/ament_cmake/cmake)
-- Override CMake install command with custom implementation using symlinks instead of copying resources
-- Found ament_lint_auto: 0.12.7 (/opt/ros/humble/share/ament_lint_auto/cmake)
-- Added test 'lint_cmake' to check CMake code style
-- Added test 'xmllint' to check XML markup files
-- Configuring done
-- Generating done
-- Build files have been written to: /home/shriram/Desktop/ros2_practice/build/bringup
-- Install configuration: ""
-- Execute custom install script
-- Symlinking: /home/shriram/Desktop/ros2_practice/install/bringup/share/bringup//launch/my_robot_gazebo.launch.xml
-- Symlinking: /home/shriram/Desktop/ros2_practice/install/bringup/share/ament_index/resource_index/package_run_dependencies/bringup
-- Symlinking: /home/shriram/Desktop/ros2_practice/install/bringup/share/ament_index/resource_index/parent_prefix_path/bringup
-- Symlinking: /home/shriram/Desktop/ros2_practice/install/bringup/share/bringup/environment/ament_prefix_path.sh
-- Symlinking: /home/shriram/Desktop/ros2_practice/install/bringup/share/bringup/environment/ament_prefix_path.dsv
-- Symlinking: /home/shriram/Desktop/ros2_practice/install/bringup/share/bringup/environment/path.sh
-- Symlinking: /home/shriram/Desktop/ros2_practice/install/bringup/share/bringup/environment/path.dsv
-- Symlinking: /home/shriram/Desktop/ros2_practice/install/bringup/share/bringup/local_setup.bash
-- Symlinking: /home/shriram/Desktop/ros2_practice/install/bringup/share/bringup/local_setup.sh
-- Symlinking: /home/shriram/Desktop/ros2_practice/install/bringup/share/bringup/local_setup.zsh
-- Symlinking: /home/shriram/Desktop/ros2_practice/install/bringup/share/bringup/local_setup.dsv
-- Symlinking: /home/shriram/Desktop/ros2_practice/install/bringup/share/bringup/package.dsv
-- Symlinking: /home/shriram/Desktop/ros2_practice/install/bringup/share/ament_index/resource_index/packages/bringup
-- Symlinking: /home/shriram/Desktop/ros2_practice/install/bringup/share/bringup/cmake/bringupConfig.cmake
-- Symlinking: /home/shriram/Desktop/ros2_practice/install/bringup/share/bringup/cmake/bringupConfig-version.cmake
-- Symlinking: /home/shriram/Desktop/ros2_practice/install/bringup/share/bringup/package.xml
