[1.789s] Invoking command in '/home/shriram/Desktop/ros2_practice/build/practice': PYTHONPATH=/home/shriram/Desktop/ros2_practice/build/practice/prefix_override:/home/shriram/Desktop/ros2_practice/install/practice/lib/python3.10/site-packages:${PYTHONPATH} /usr/bin/python3 setup.py develop --editable --build-directory /home/shriram/Desktop/ros2_practice/build/practice/build --no-deps install_data
[2.049s] running develop
[2.258s] running egg_info
[2.259s] writing practice.egg-info/PKG-INFO
[2.259s] writing dependency_links to practice.egg-info/dependency_links.txt
[2.259s] writing entry points to practice.egg-info/entry_points.txt
[2.259s] writing requirements to practice.egg-info/requires.txt
[2.260s] writing top-level names to practice.egg-info/top_level.txt
[2.262s] reading manifest file 'practice.egg-info/SOURCES.txt'
[2.263s] writing manifest file 'practice.egg-info/SOURCES.txt'
[2.265s] running build_ext
[2.265s] Creating /home/shriram/Desktop/ros2_practice/install/practice/lib/python3.10/site-packages/practice.egg-link (link to .)
[2.266s] Installing circ script to /home/shriram/Desktop/ros2_practice/install/practice/lib/practice
[2.266s] Installing controller script to /home/shriram/Desktop/ros2_practice/install/practice/lib/practice
[2.266s] Installing move2 script to /home/shriram/Desktop/ros2_practice/install/practice/lib/practice
[2.266s] Installing node1 script to /home/shriram/Desktop/ros2_practice/install/practice/lib/practice
[2.266s] Installing parabolic_curve script to /home/shriram/Desktop/ros2_practice/install/practice/lib/practice
[2.266s] Installing pose script to /home/shriram/Desktop/ros2_practice/install/practice/lib/practice
[2.266s] 
[2.266s] Installed /home/shriram/Desktop/ros2_practice/build/practice
[2.266s] running install_data
[2.347s] Invoked command in '/home/shriram/Desktop/ros2_practice/build/practice' returned '0': PYTHONPATH=/home/shriram/Desktop/ros2_practice/build/practice/prefix_override:/home/shriram/Desktop/ros2_practice/install/practice/lib/python3.10/site-packages:${PYTHONPATH} /usr/bin/python3 setup.py develop --editable --build-directory /home/shriram/Desktop/ros2_practice/build/practice/build --no-deps install_data
