[0.338s] DEBUG:colcon:Command line arguments: ['/usr/bin/colcon', 'build', '--symlink-install']
[0.338s] DEBUG:colcon:Parsed command line arguments: Namespace(log_base=None, log_level=None, verb_name='build', build_base='build', install_base='install', merge_install=False, symlink_install=True, test_result_base=None, continue_on_error=False, executor='parallel', parallel_workers=12, event_handlers=None, ignore_user_meta=False, metas=['./colcon.meta'], base_paths=['.'], packages_ignore=None, packages_ignore_regex=None, paths=None, packages_up_to=None, packages_up_to_regex=None, packages_above=None, packages_above_and_dependencies=None, packages_above_depth=None, packages_select_by_dep=None, packages_skip_by_dep=None, packages_skip_up_to=None, packages_select_build_failed=False, packages_skip_build_finished=False, packages_select_test_failures=False, packages_skip_test_passed=False, packages_select=None, packages_skip=None, packages_select_regex=None, packages_skip_regex=None, packages_start=None, packages_end=None, allow_overriding=[], cmake_args=None, cmake_target=None, cmake_target_skip_unavailable=False, cmake_clean_cache=False, cmake_clean_first=False, cmake_force_configure=False, ament_cmake_args=None, catkin_cmake_args=None, catkin_skip_building_tests=False, mixin_files=None, mixin=None, verb_parser=<colcon_mixin.mixin.mixin_argument.MixinArgumentDecorator object at 0x7f3f0fad7850>, verb_extension=<colcon_core.verb.build.BuildVerb object at 0x7f3f0f90b1f0>, main=<bound method BuildVerb.main of <colcon_core.verb.build.BuildVerb object at 0x7f3f0f90b1f0>>, mixin_verb=('build',))
[0.359s] Level 1:colcon.colcon_core.package_discovery:discover_packages(colcon_meta) check parameters
[0.359s] Level 1:colcon.colcon_core.package_discovery:discover_packages(recursive) check parameters
[0.359s] Level 1:colcon.colcon_core.package_discovery:discover_packages(ignore) check parameters
[0.359s] Level 1:colcon.colcon_core.package_discovery:discover_packages(path) check parameters
[0.359s] Level 1:colcon.colcon_core.package_discovery:discover_packages(colcon_meta) discover
[0.359s] Level 1:colcon.colcon_core.package_discovery:discover_packages(recursive) discover
[0.359s] INFO:colcon.colcon_core.package_discovery:Crawling recursively for packages in '/home/shriram/Desktop/ros2_practice'
[0.360s] Level 1:colcon.colcon_core.package_identification:_identify(.) by extensions ['ignore', 'ignore_ament_install']
[0.360s] Level 1:colcon.colcon_core.package_identification:_identify(.) by extension 'ignore'
[0.360s] Level 1:colcon.colcon_core.package_identification:_identify(.) by extension 'ignore_ament_install'
[0.360s] Level 1:colcon.colcon_core.package_identification:_identify(.) by extensions ['colcon_pkg']
[0.360s] Level 1:colcon.colcon_core.package_identification:_identify(.) by extension 'colcon_pkg'
[0.360s] Level 1:colcon.colcon_core.package_identification:_identify(.) by extensions ['colcon_meta']
[0.360s] Level 1:colcon.colcon_core.package_identification:_identify(.) by extension 'colcon_meta'
[0.360s] Level 1:colcon.colcon_core.package_identification:_identify(.) by extensions ['ros']
[0.360s] Level 1:colcon.colcon_core.package_identification:_identify(.) by extension 'ros'
[0.368s] Level 1:colcon.colcon_core.package_identification:_identify(.) by extensions ['cmake', 'python']
[0.369s] Level 1:colcon.colcon_core.package_identification:_identify(.) by extension 'cmake'
[0.369s] Level 1:colcon.colcon_core.package_identification:_identify(.) by extension 'python'
[0.369s] Level 1:colcon.colcon_core.package_identification:_identify(.) by extensions ['python_setup_py']
[0.369s] Level 1:colcon.colcon_core.package_identification:_identify(.) by extension 'python_setup_py'
[0.369s] Level 1:colcon.colcon_core.package_identification:_identify(build) by extensions ['ignore', 'ignore_ament_install']
[0.369s] Level 1:colcon.colcon_core.package_identification:_identify(build) by extension 'ignore'
[0.369s] Level 1:colcon.colcon_core.package_identification:_identify(build) ignored
[0.369s] Level 1:colcon.colcon_core.package_identification:_identify(install) by extensions ['ignore', 'ignore_ament_install']
[0.369s] Level 1:colcon.colcon_core.package_identification:_identify(install) by extension 'ignore'
[0.369s] Level 1:colcon.colcon_core.package_identification:_identify(install) ignored
[0.369s] Level 1:colcon.colcon_core.package_identification:_identify(log) by extensions ['ignore', 'ignore_ament_install']
[0.369s] Level 1:colcon.colcon_core.package_identification:_identify(log) by extension 'ignore'
[0.369s] Level 1:colcon.colcon_core.package_identification:_identify(log) ignored
[0.369s] Level 1:colcon.colcon_core.package_identification:_identify(src) by extensions ['ignore', 'ignore_ament_install']
[0.370s] Level 1:colcon.colcon_core.package_identification:_identify(src) by extension 'ignore'
[0.370s] Level 1:colcon.colcon_core.package_identification:_identify(src) by extension 'ignore_ament_install'
[0.370s] Level 1:colcon.colcon_core.package_identification:_identify(src) by extensions ['colcon_pkg']
[0.370s] Level 1:colcon.colcon_core.package_identification:_identify(src) by extension 'colcon_pkg'
[0.370s] Level 1:colcon.colcon_core.package_identification:_identify(src) by extensions ['colcon_meta']
[0.370s] Level 1:colcon.colcon_core.package_identification:_identify(src) by extension 'colcon_meta'
[0.370s] Level 1:colcon.colcon_core.package_identification:_identify(src) by extensions ['ros']
[0.370s] Level 1:colcon.colcon_core.package_identification:_identify(src) by extension 'ros'
[0.370s] Level 1:colcon.colcon_core.package_identification:_identify(src) by extensions ['cmake', 'python']
[0.370s] Level 1:colcon.colcon_core.package_identification:_identify(src) by extension 'cmake'
[0.370s] Level 1:colcon.colcon_core.package_identification:_identify(src) by extension 'python'
[0.370s] Level 1:colcon.colcon_core.package_identification:_identify(src) by extensions ['python_setup_py']
[0.370s] Level 1:colcon.colcon_core.package_identification:_identify(src) by extension 'python_setup_py'
[0.370s] Level 1:colcon.colcon_core.package_identification:_identify(src/bringup) by extensions ['ignore', 'ignore_ament_install']
[0.370s] Level 1:colcon.colcon_core.package_identification:_identify(src/bringup) by extension 'ignore'
[0.370s] Level 1:colcon.colcon_core.package_identification:_identify(src/bringup) by extension 'ignore_ament_install'
[0.370s] Level 1:colcon.colcon_core.package_identification:_identify(src/bringup) by extensions ['colcon_pkg']
[0.370s] Level 1:colcon.colcon_core.package_identification:_identify(src/bringup) by extension 'colcon_pkg'
[0.370s] Level 1:colcon.colcon_core.package_identification:_identify(src/bringup) by extensions ['colcon_meta']
[0.370s] Level 1:colcon.colcon_core.package_identification:_identify(src/bringup) by extension 'colcon_meta'
[0.370s] Level 1:colcon.colcon_core.package_identification:_identify(src/bringup) by extensions ['ros']
[0.370s] Level 1:colcon.colcon_core.package_identification:_identify(src/bringup) by extension 'ros'
[0.372s] DEBUG:colcon.colcon_core.package_identification:Package 'src/bringup' with type 'ros.ament_cmake' and name 'bringup'
[0.372s] Level 1:colcon.colcon_core.package_identification:_identify(src/cv_basics) by extensions ['ignore', 'ignore_ament_install']
[0.372s] Level 1:colcon.colcon_core.package_identification:_identify(src/cv_basics) by extension 'ignore'
[0.372s] Level 1:colcon.colcon_core.package_identification:_identify(src/cv_basics) by extension 'ignore_ament_install'
[0.372s] Level 1:colcon.colcon_core.package_identification:_identify(src/cv_basics) by extensions ['colcon_pkg']
[0.372s] Level 1:colcon.colcon_core.package_identification:_identify(src/cv_basics) by extension 'colcon_pkg'
[0.372s] Level 1:colcon.colcon_core.package_identification:_identify(src/cv_basics) by extensions ['colcon_meta']
[0.372s] Level 1:colcon.colcon_core.package_identification:_identify(src/cv_basics) by extension 'colcon_meta'
[0.372s] Level 1:colcon.colcon_core.package_identification:_identify(src/cv_basics) by extensions ['ros']
[0.372s] Level 1:colcon.colcon_core.package_identification:_identify(src/cv_basics) by extension 'ros'
[0.373s] DEBUG:colcon.colcon_core.package_identification:Package 'src/cv_basics' with type 'ros.ament_python' and name 'cv_basics'
[0.373s] Level 1:colcon.colcon_core.package_identification:_identify(src/desc) by extensions ['ignore', 'ignore_ament_install']
[0.373s] Level 1:colcon.colcon_core.package_identification:_identify(src/desc) by extension 'ignore'
[0.373s] Level 1:colcon.colcon_core.package_identification:_identify(src/desc) by extension 'ignore_ament_install'
[0.373s] Level 1:colcon.colcon_core.package_identification:_identify(src/desc) by extensions ['colcon_pkg']
[0.373s] Level 1:colcon.colcon_core.package_identification:_identify(src/desc) by extension 'colcon_pkg'
[0.373s] Level 1:colcon.colcon_core.package_identification:_identify(src/desc) by extensions ['colcon_meta']
[0.373s] Level 1:colcon.colcon_core.package_identification:_identify(src/desc) by extension 'colcon_meta'
[0.373s] Level 1:colcon.colcon_core.package_identification:_identify(src/desc) by extensions ['ros']
[0.373s] Level 1:colcon.colcon_core.package_identification:_identify(src/desc) by extension 'ros'
[0.374s] DEBUG:colcon.colcon_core.package_identification:Package 'src/desc' with type 'ros.ament_cmake' and name 'desc'
[0.374s] Level 1:colcon.colcon_core.package_identification:_identify(src/mobile) by extensions ['ignore', 'ignore_ament_install']
[0.374s] Level 1:colcon.colcon_core.package_identification:_identify(src/mobile) by extension 'ignore'
[0.374s] Level 1:colcon.colcon_core.package_identification:_identify(src/mobile) by extension 'ignore_ament_install'
[0.374s] Level 1:colcon.colcon_core.package_identification:_identify(src/mobile) by extensions ['colcon_pkg']
[0.374s] Level 1:colcon.colcon_core.package_identification:_identify(src/mobile) by extension 'colcon_pkg'
[0.374s] Level 1:colcon.colcon_core.package_identification:_identify(src/mobile) by extensions ['colcon_meta']
[0.374s] Level 1:colcon.colcon_core.package_identification:_identify(src/mobile) by extension 'colcon_meta'
[0.374s] Level 1:colcon.colcon_core.package_identification:_identify(src/mobile) by extensions ['ros']
[0.374s] Level 1:colcon.colcon_core.package_identification:_identify(src/mobile) by extension 'ros'
[0.375s] DEBUG:colcon.colcon_core.package_identification:Package 'src/mobile' with type 'ros.ament_python' and name 'mobile'
[0.375s] Level 1:colcon.colcon_core.package_identification:_identify(src/practice) by extensions ['ignore', 'ignore_ament_install']
[0.375s] Level 1:colcon.colcon_core.package_identification:_identify(src/practice) by extension 'ignore'
[0.375s] Level 1:colcon.colcon_core.package_identification:_identify(src/practice) by extension 'ignore_ament_install'
[0.375s] Level 1:colcon.colcon_core.package_identification:_identify(src/practice) by extensions ['colcon_pkg']
[0.375s] Level 1:colcon.colcon_core.package_identification:_identify(src/practice) by extension 'colcon_pkg'
[0.375s] Level 1:colcon.colcon_core.package_identification:_identify(src/practice) by extensions ['colcon_meta']
[0.375s] Level 1:colcon.colcon_core.package_identification:_identify(src/practice) by extension 'colcon_meta'
[0.375s] Level 1:colcon.colcon_core.package_identification:_identify(src/practice) by extensions ['ros']
[0.375s] Level 1:colcon.colcon_core.package_identification:_identify(src/practice) by extension 'ros'
[0.376s] DEBUG:colcon.colcon_core.package_identification:Package 'src/practice' with type 'ros.ament_python' and name 'practice'
[0.376s] Level 1:colcon.colcon_core.package_identification:_identify(src/tform) by extensions ['ignore', 'ignore_ament_install']
[0.376s] Level 1:colcon.colcon_core.package_identification:_identify(src/tform) by extension 'ignore'
[0.376s] Level 1:colcon.colcon_core.package_identification:_identify(src/tform) by extension 'ignore_ament_install'
[0.376s] Level 1:colcon.colcon_core.package_identification:_identify(src/tform) by extensions ['colcon_pkg']
[0.376s] Level 1:colcon.colcon_core.package_identification:_identify(src/tform) by extension 'colcon_pkg'
[0.376s] Level 1:colcon.colcon_core.package_identification:_identify(src/tform) by extensions ['colcon_meta']
[0.376s] Level 1:colcon.colcon_core.package_identification:_identify(src/tform) by extension 'colcon_meta'
[0.376s] Level 1:colcon.colcon_core.package_identification:_identify(src/tform) by extensions ['ros']
[0.376s] Level 1:colcon.colcon_core.package_identification:_identify(src/tform) by extension 'ros'
[0.376s] DEBUG:colcon.colcon_core.package_identification:Package 'src/tform' with type 'ros.ament_python' and name 'tform'
[0.376s] Level 1:colcon.colcon_core.package_discovery:discover_packages(recursive) using defaults
[0.377s] Level 1:colcon.colcon_core.package_discovery:discover_packages(ignore) discover
[0.377s] Level 1:colcon.colcon_core.package_discovery:discover_packages(ignore) using defaults
[0.377s] Level 1:colcon.colcon_core.package_discovery:discover_packages(path) discover
[0.377s] Level 1:colcon.colcon_core.package_discovery:discover_packages(path) using defaults
[0.396s] Level 1:colcon.colcon_core.package_discovery:discover_packages(prefix_path) check parameters
[0.396s] Level 1:colcon.colcon_core.package_discovery:discover_packages(prefix_path) discover
[0.400s] DEBUG:colcon.colcon_installed_package_information.package_discovery:Found 7 installed packages in /home/shriram/Desktop/ros2_practice/install
[0.401s] DEBUG:colcon.colcon_installed_package_information.package_discovery:Found 412 installed packages in /opt/ros/humble
[0.403s] Level 1:colcon.colcon_core.package_discovery:discover_packages(prefix_path) using defaults
[0.461s] Level 5:colcon.colcon_core.verb:set package 'cv_basics' build argument 'cmake_args' from command line to 'None'
[0.462s] Level 5:colcon.colcon_core.verb:set package 'cv_basics' build argument 'cmake_target' from command line to 'None'
[0.462s] Level 5:colcon.colcon_core.verb:set package 'cv_basics' build argument 'cmake_target_skip_unavailable' from command line to 'False'
[0.462s] Level 5:colcon.colcon_core.verb:set package 'cv_basics' build argument 'cmake_clean_cache' from command line to 'False'
[0.462s] Level 5:colcon.colcon_core.verb:set package 'cv_basics' build argument 'cmake_clean_first' from command line to 'False'
[0.462s] Level 5:colcon.colcon_core.verb:set package 'cv_basics' build argument 'cmake_force_configure' from command line to 'False'
[0.462s] Level 5:colcon.colcon_core.verb:set package 'cv_basics' build argument 'ament_cmake_args' from command line to 'None'
[0.462s] Level 5:colcon.colcon_core.verb:set package 'cv_basics' build argument 'catkin_cmake_args' from command line to 'None'
[0.462s] Level 5:colcon.colcon_core.verb:set package 'cv_basics' build argument 'catkin_skip_building_tests' from command line to 'False'
[0.462s] DEBUG:colcon.colcon_core.verb:Building package 'cv_basics' with the following arguments: {'ament_cmake_args': None, 'build_base': '/home/shriram/Desktop/ros2_practice/build/cv_basics', 'catkin_cmake_args': None, 'catkin_skip_building_tests': False, 'cmake_args': None, 'cmake_clean_cache': False, 'cmake_clean_first': False, 'cmake_force_configure': False, 'cmake_target': None, 'cmake_target_skip_unavailable': False, 'install_base': '/home/shriram/Desktop/ros2_practice/install/cv_basics', 'merge_install': False, 'path': '/home/shriram/Desktop/ros2_practice/src/cv_basics', 'symlink_install': True, 'test_result_base': None}
[0.463s] Level 5:colcon.colcon_core.verb:set package 'desc' build argument 'cmake_args' from command line to 'None'
[0.463s] Level 5:colcon.colcon_core.verb:set package 'desc' build argument 'cmake_target' from command line to 'None'
[0.463s] Level 5:colcon.colcon_core.verb:set package 'desc' build argument 'cmake_target_skip_unavailable' from command line to 'False'
[0.463s] Level 5:colcon.colcon_core.verb:set package 'desc' build argument 'cmake_clean_cache' from command line to 'False'
[0.463s] Level 5:colcon.colcon_core.verb:set package 'desc' build argument 'cmake_clean_first' from command line to 'False'
[0.463s] Level 5:colcon.colcon_core.verb:set package 'desc' build argument 'cmake_force_configure' from command line to 'False'
[0.463s] Level 5:colcon.colcon_core.verb:set package 'desc' build argument 'ament_cmake_args' from command line to 'None'
[0.463s] Level 5:colcon.colcon_core.verb:set package 'desc' build argument 'catkin_cmake_args' from command line to 'None'
[0.463s] Level 5:colcon.colcon_core.verb:set package 'desc' build argument 'catkin_skip_building_tests' from command line to 'False'
[0.463s] DEBUG:colcon.colcon_core.verb:Building package 'desc' with the following arguments: {'ament_cmake_args': None, 'build_base': '/home/shriram/Desktop/ros2_practice/build/desc', 'catkin_cmake_args': None, 'catkin_skip_building_tests': False, 'cmake_args': None, 'cmake_clean_cache': False, 'cmake_clean_first': False, 'cmake_force_configure': False, 'cmake_target': None, 'cmake_target_skip_unavailable': False, 'install_base': '/home/shriram/Desktop/ros2_practice/install/desc', 'merge_install': False, 'path': '/home/shriram/Desktop/ros2_practice/src/desc', 'symlink_install': True, 'test_result_base': None}
[0.464s] Level 5:colcon.colcon_core.verb:set package 'mobile' build argument 'cmake_args' from command line to 'None'
[0.464s] Level 5:colcon.colcon_core.verb:set package 'mobile' build argument 'cmake_target' from command line to 'None'
[0.464s] Level 5:colcon.colcon_core.verb:set package 'mobile' build argument 'cmake_target_skip_unavailable' from command line to 'False'
[0.464s] Level 5:colcon.colcon_core.verb:set package 'mobile' build argument 'cmake_clean_cache' from command line to 'False'
[0.464s] Level 5:colcon.colcon_core.verb:set package 'mobile' build argument 'cmake_clean_first' from command line to 'False'
[0.464s] Level 5:colcon.colcon_core.verb:set package 'mobile' build argument 'cmake_force_configure' from command line to 'False'
[0.464s] Level 5:colcon.colcon_core.verb:set package 'mobile' build argument 'ament_cmake_args' from command line to 'None'
[0.464s] Level 5:colcon.colcon_core.verb:set package 'mobile' build argument 'catkin_cmake_args' from command line to 'None'
[0.464s] Level 5:colcon.colcon_core.verb:set package 'mobile' build argument 'catkin_skip_building_tests' from command line to 'False'
[0.464s] DEBUG:colcon.colcon_core.verb:Building package 'mobile' with the following arguments: {'ament_cmake_args': None, 'build_base': '/home/shriram/Desktop/ros2_practice/build/mobile', 'catkin_cmake_args': None, 'catkin_skip_building_tests': False, 'cmake_args': None, 'cmake_clean_cache': False, 'cmake_clean_first': False, 'cmake_force_configure': False, 'cmake_target': None, 'cmake_target_skip_unavailable': False, 'install_base': '/home/shriram/Desktop/ros2_practice/install/mobile', 'merge_install': False, 'path': '/home/shriram/Desktop/ros2_practice/src/mobile', 'symlink_install': True, 'test_result_base': None}
[0.465s] Level 5:colcon.colcon_core.verb:set package 'practice' build argument 'cmake_args' from command line to 'None'
[0.465s] Level 5:colcon.colcon_core.verb:set package 'practice' build argument 'cmake_target' from command line to 'None'
[0.465s] Level 5:colcon.colcon_core.verb:set package 'practice' build argument 'cmake_target_skip_unavailable' from command line to 'False'
[0.465s] Level 5:colcon.colcon_core.verb:set package 'practice' build argument 'cmake_clean_cache' from command line to 'False'
[0.465s] Level 5:colcon.colcon_core.verb:set package 'practice' build argument 'cmake_clean_first' from command line to 'False'
[0.465s] Level 5:colcon.colcon_core.verb:set package 'practice' build argument 'cmake_force_configure' from command line to 'False'
[0.465s] Level 5:colcon.colcon_core.verb:set package 'practice' build argument 'ament_cmake_args' from command line to 'None'
[0.465s] Level 5:colcon.colcon_core.verb:set package 'practice' build argument 'catkin_cmake_args' from command line to 'None'
[0.465s] Level 5:colcon.colcon_core.verb:set package 'practice' build argument 'catkin_skip_building_tests' from command line to 'False'
[0.465s] DEBUG:colcon.colcon_core.verb:Building package 'practice' with the following arguments: {'ament_cmake_args': None, 'build_base': '/home/shriram/Desktop/ros2_practice/build/practice', 'catkin_cmake_args': None, 'catkin_skip_building_tests': False, 'cmake_args': None, 'cmake_clean_cache': False, 'cmake_clean_first': False, 'cmake_force_configure': False, 'cmake_target': None, 'cmake_target_skip_unavailable': False, 'install_base': '/home/shriram/Desktop/ros2_practice/install/practice', 'merge_install': False, 'path': '/home/shriram/Desktop/ros2_practice/src/practice', 'symlink_install': True, 'test_result_base': None}
[0.466s] Level 5:colcon.colcon_core.verb:set package 'tform' build argument 'cmake_args' from command line to 'None'
[0.466s] Level 5:colcon.colcon_core.verb:set package 'tform' build argument 'cmake_target' from command line to 'None'
[0.466s] Level 5:colcon.colcon_core.verb:set package 'tform' build argument 'cmake_target_skip_unavailable' from command line to 'False'
[0.466s] Level 5:colcon.colcon_core.verb:set package 'tform' build argument 'cmake_clean_cache' from command line to 'False'
[0.466s] Level 5:colcon.colcon_core.verb:set package 'tform' build argument 'cmake_clean_first' from command line to 'False'
[0.466s] Level 5:colcon.colcon_core.verb:set package 'tform' build argument 'cmake_force_configure' from command line to 'False'
[0.466s] Level 5:colcon.colcon_core.verb:set package 'tform' build argument 'ament_cmake_args' from command line to 'None'
[0.466s] Level 5:colcon.colcon_core.verb:set package 'tform' build argument 'catkin_cmake_args' from command line to 'None'
[0.466s] Level 5:colcon.colcon_core.verb:set package 'tform' build argument 'catkin_skip_building_tests' from command line to 'False'
[0.466s] DEBUG:colcon.colcon_core.verb:Building package 'tform' with the following arguments: {'ament_cmake_args': None, 'build_base': '/home/shriram/Desktop/ros2_practice/build/tform', 'catkin_cmake_args': None, 'catkin_skip_building_tests': False, 'cmake_args': None, 'cmake_clean_cache': False, 'cmake_clean_first': False, 'cmake_force_configure': False, 'cmake_target': None, 'cmake_target_skip_unavailable': False, 'install_base': '/home/shriram/Desktop/ros2_practice/install/tform', 'merge_install': False, 'path': '/home/shriram/Desktop/ros2_practice/src/tform', 'symlink_install': True, 'test_result_base': None}
[0.467s] Level 5:colcon.colcon_core.verb:set package 'bringup' build argument 'cmake_args' from command line to 'None'
[0.467s] Level 5:colcon.colcon_core.verb:set package 'bringup' build argument 'cmake_target' from command line to 'None'
[0.467s] Level 5:colcon.colcon_core.verb:set package 'bringup' build argument 'cmake_target_skip_unavailable' from command line to 'False'
[0.467s] Level 5:colcon.colcon_core.verb:set package 'bringup' build argument 'cmake_clean_cache' from command line to 'False'
[0.467s] Level 5:colcon.colcon_core.verb:set package 'bringup' build argument 'cmake_clean_first' from command line to 'False'
[0.467s] Level 5:colcon.colcon_core.verb:set package 'bringup' build argument 'cmake_force_configure' from command line to 'False'
[0.467s] Level 5:colcon.colcon_core.verb:set package 'bringup' build argument 'ament_cmake_args' from command line to 'None'
[0.467s] Level 5:colcon.colcon_core.verb:set package 'bringup' build argument 'catkin_cmake_args' from command line to 'None'
[0.467s] Level 5:colcon.colcon_core.verb:set package 'bringup' build argument 'catkin_skip_building_tests' from command line to 'False'
[0.467s] DEBUG:colcon.colcon_core.verb:Building package 'bringup' with the following arguments: {'ament_cmake_args': None, 'build_base': '/home/shriram/Desktop/ros2_practice/build/bringup', 'catkin_cmake_args': None, 'catkin_skip_building_tests': False, 'cmake_args': None, 'cmake_clean_cache': False, 'cmake_clean_first': False, 'cmake_force_configure': False, 'cmake_target': None, 'cmake_target_skip_unavailable': False, 'install_base': '/home/shriram/Desktop/ros2_practice/install/bringup', 'merge_install': False, 'path': '/home/shriram/Desktop/ros2_practice/src/bringup', 'symlink_install': True, 'test_result_base': None}
[0.467s] INFO:colcon.colcon_core.executor:Executing jobs using 'parallel' executor
[0.470s] DEBUG:colcon.colcon_parallel_executor.executor.parallel:run_until_complete
[0.471s] INFO:colcon.colcon_ros.task.ament_cmake.build:Building ROS package in '/home/shriram/Desktop/ros2_practice/src/desc' with build type 'ament_cmake'
[0.471s] INFO:colcon.colcon_cmake.task.cmake.build:Building CMake package in '/home/shriram/Desktop/ros2_practice/src/desc'
[0.474s] INFO:colcon.colcon_core.plugin_system:Skipping extension 'colcon_core.shell.bat': Not used on non-Windows systems
[0.474s] INFO:colcon.colcon_core.shell:Skip shell extension 'powershell' for command environment: Not usable outside of PowerShell
[0.475s] DEBUG:colcon.colcon_core.shell:Skip shell extension 'dsv' for command environment
[0.479s] INFO:colcon.colcon_ros.task.ament_python.build:Building ROS package in '/home/shriram/Desktop/ros2_practice/src/cv_basics' with build type 'ament_python'
[0.479s] Level 1:colcon.colcon_core.shell:create_environment_hook('cv_basics', 'ament_prefix_path')
[0.480s] INFO:colcon.colcon_core.shell:Creating environment hook '/home/shriram/Desktop/ros2_practice/install/cv_basics/share/cv_basics/hook/ament_prefix_path.ps1'
[0.481s] INFO:colcon.colcon_core.shell:Creating environment descriptor '/home/shriram/Desktop/ros2_practice/install/cv_basics/share/cv_basics/hook/ament_prefix_path.dsv'
[0.481s] INFO:colcon.colcon_core.shell:Creating environment hook '/home/shriram/Desktop/ros2_practice/install/cv_basics/share/cv_basics/hook/ament_prefix_path.sh'
[0.483s] INFO:colcon.colcon_core.shell:Skip shell extension 'powershell' for command environment: Not usable outside of PowerShell
[0.483s] DEBUG:colcon.colcon_core.shell:Skip shell extension 'dsv' for command environment
[0.488s] INFO:colcon.colcon_ros.task.ament_python.build:Building ROS package in '/home/shriram/Desktop/ros2_practice/src/mobile' with build type 'ament_python'
[0.488s] Level 1:colcon.colcon_core.shell:create_environment_hook('mobile', 'ament_prefix_path')
[0.489s] INFO:colcon.colcon_core.shell:Creating environment hook '/home/shriram/Desktop/ros2_practice/install/mobile/share/mobile/hook/ament_prefix_path.ps1'
[0.490s] INFO:colcon.colcon_core.shell:Creating environment descriptor '/home/shriram/Desktop/ros2_practice/install/mobile/share/mobile/hook/ament_prefix_path.dsv'
[0.490s] INFO:colcon.colcon_core.shell:Creating environment hook '/home/shriram/Desktop/ros2_practice/install/mobile/share/mobile/hook/ament_prefix_path.sh'
[0.491s] INFO:colcon.colcon_core.shell:Skip shell extension 'powershell' for command environment: Not usable outside of PowerShell
[0.491s] DEBUG:colcon.colcon_core.shell:Skip shell extension 'dsv' for command environment
[0.495s] INFO:colcon.colcon_ros.task.ament_python.build:Building ROS package in '/home/shriram/Desktop/ros2_practice/src/practice' with build type 'ament_python'
[0.495s] Level 1:colcon.colcon_core.shell:create_environment_hook('practice', 'ament_prefix_path')
[0.496s] INFO:colcon.colcon_core.shell:Creating environment hook '/home/shriram/Desktop/ros2_practice/install/practice/share/practice/hook/ament_prefix_path.ps1'
[0.496s] INFO:colcon.colcon_core.shell:Creating environment descriptor '/home/shriram/Desktop/ros2_practice/install/practice/share/practice/hook/ament_prefix_path.dsv'
[0.497s] INFO:colcon.colcon_core.shell:Creating environment hook '/home/shriram/Desktop/ros2_practice/install/practice/share/practice/hook/ament_prefix_path.sh'
[0.498s] INFO:colcon.colcon_core.shell:Skip shell extension 'powershell' for command environment: Not usable outside of PowerShell
[0.498s] DEBUG:colcon.colcon_core.shell:Skip shell extension 'dsv' for command environment
[0.502s] INFO:colcon.colcon_ros.task.ament_python.build:Building ROS package in '/home/shriram/Desktop/ros2_practice/src/tform' with build type 'ament_python'
[0.502s] Level 1:colcon.colcon_core.shell:create_environment_hook('tform', 'ament_prefix_path')
[0.504s] INFO:colcon.colcon_core.shell:Creating environment hook '/home/shriram/Desktop/ros2_practice/install/tform/share/tform/hook/ament_prefix_path.ps1'
[0.505s] INFO:colcon.colcon_core.shell:Creating environment descriptor '/home/shriram/Desktop/ros2_practice/install/tform/share/tform/hook/ament_prefix_path.dsv'
[0.505s] INFO:colcon.colcon_core.shell:Creating environment hook '/home/shriram/Desktop/ros2_practice/install/tform/share/tform/hook/ament_prefix_path.sh'
[0.506s] INFO:colcon.colcon_core.shell:Skip shell extension 'powershell' for command environment: Not usable outside of PowerShell
[0.506s] DEBUG:colcon.colcon_core.shell:Skip shell extension 'dsv' for command environment
[0.514s] DEBUG:colcon.colcon_core.event_handler.log_command:Invoking command in '/home/shriram/Desktop/ros2_practice/build/desc': CMAKE_PREFIX_PATH=${CMAKE_PREFIX_PATH}:/home/shriram/Desktop/ros2_practice/install/tform:/home/shriram/Desktop/ros2_practice/install/practice:/home/shriram/Desktop/ros2_practice/install/mobile:/home/shriram/Desktop/ros2_practice/install/description:/home/shriram/Desktop/ros2_practice/install/cv_basics:/opt/ros/humble /usr/bin/cmake /home/shriram/Desktop/ros2_practice/src/desc -DAMENT_CMAKE_SYMLINK_INSTALL=1 -DCMAKE_INSTALL_PREFIX=/home/shriram/Desktop/ros2_practice/install/desc
[0.813s] INFO:colcon.colcon_core.task.python.build:Building Python package in '/home/shriram/Desktop/ros2_practice/src/cv_basics'
[0.814s] INFO:colcon.colcon_core.shell:Skip shell extension 'powershell' for command environment: Not usable outside of PowerShell
[0.814s] DEBUG:colcon.colcon_core.shell:Skip shell extension 'dsv' for command environment
[1.093s] INFO:colcon.colcon_core.task.python.build:Building Python package in '/home/shriram/Desktop/ros2_practice/src/mobile'
[1.095s] INFO:colcon.colcon_core.shell:Skip shell extension 'powershell' for command environment: Not usable outside of PowerShell
[1.095s] DEBUG:colcon.colcon_core.shell:Skip shell extension 'dsv' for command environment
[1.353s] INFO:colcon.colcon_core.task.python.build:Building Python package in '/home/shriram/Desktop/ros2_practice/src/practice'
[1.354s] INFO:colcon.colcon_core.shell:Skip shell extension 'powershell' for command environment: Not usable outside of PowerShell
[1.354s] DEBUG:colcon.colcon_core.shell:Skip shell extension 'dsv' for command environment
[1.614s] INFO:colcon.colcon_core.task.python.build:Building Python package in '/home/shriram/Desktop/ros2_practice/src/tform'
[1.616s] INFO:colcon.colcon_core.shell:Skip shell extension 'powershell' for command environment: Not usable outside of PowerShell
[1.616s] DEBUG:colcon.colcon_core.shell:Skip shell extension 'dsv' for command environment
[1.628s] DEBUG:colcon.colcon_core.event_handler.log_command:Invoked command in '/home/shriram/Desktop/ros2_practice/build/desc' returned '0': CMAKE_PREFIX_PATH=${CMAKE_PREFIX_PATH}:/home/shriram/Desktop/ros2_practice/install/tform:/home/shriram/Desktop/ros2_practice/install/practice:/home/shriram/Desktop/ros2_practice/install/mobile:/home/shriram/Desktop/ros2_practice/install/description:/home/shriram/Desktop/ros2_practice/install/cv_basics:/opt/ros/humble /usr/bin/cmake /home/shriram/Desktop/ros2_practice/src/desc -DAMENT_CMAKE_SYMLINK_INSTALL=1 -DCMAKE_INSTALL_PREFIX=/home/shriram/Desktop/ros2_practice/install/desc
[1.629s] DEBUG:colcon.colcon_core.event_handler.log_command:Invoking command in '/home/shriram/Desktop/ros2_practice/build/desc': CMAKE_PREFIX_PATH=${CMAKE_PREFIX_PATH}:/home/shriram/Desktop/ros2_practice/install/tform:/home/shriram/Desktop/ros2_practice/install/practice:/home/shriram/Desktop/ros2_practice/install/mobile:/home/shriram/Desktop/ros2_practice/install/description:/home/shriram/Desktop/ros2_practice/install/cv_basics:/opt/ros/humble /usr/bin/cmake --build /home/shriram/Desktop/ros2_practice/build/desc -- -j12 -l12
[1.654s] DEBUG:colcon.colcon_core.event_handler.log_command:Invoked command in '/home/shriram/Desktop/ros2_practice/build/desc' returned '0': CMAKE_PREFIX_PATH=${CMAKE_PREFIX_PATH}:/home/shriram/Desktop/ros2_practice/install/tform:/home/shriram/Desktop/ros2_practice/install/practice:/home/shriram/Desktop/ros2_practice/install/mobile:/home/shriram/Desktop/ros2_practice/install/description:/home/shriram/Desktop/ros2_practice/install/cv_basics:/opt/ros/humble /usr/bin/cmake --build /home/shriram/Desktop/ros2_practice/build/desc -- -j12 -l12
[1.676s] DEBUG:colcon.colcon_core.event_handler.log_command:Invoking command in '/home/shriram/Desktop/ros2_practice/build/desc': CMAKE_PREFIX_PATH=${CMAKE_PREFIX_PATH}:/home/shriram/Desktop/ros2_practice/install/tform:/home/shriram/Desktop/ros2_practice/install/practice:/home/shriram/Desktop/ros2_practice/install/mobile:/home/shriram/Desktop/ros2_practice/install/description:/home/shriram/Desktop/ros2_practice/install/cv_basics:/opt/ros/humble /usr/bin/cmake --install /home/shriram/Desktop/ros2_practice/build/desc
[1.696s] Level 1:colcon.colcon_core.environment:create_environment_scripts_only(desc)
[1.698s] DEBUG:colcon.colcon_core.event_handler.log_command:Invoked command in '/home/shriram/Desktop/ros2_practice/build/desc' returned '0': CMAKE_PREFIX_PATH=${CMAKE_PREFIX_PATH}:/home/shriram/Desktop/ros2_practice/install/tform:/home/shriram/Desktop/ros2_practice/install/practice:/home/shriram/Desktop/ros2_practice/install/mobile:/home/shriram/Desktop/ros2_practice/install/description:/home/shriram/Desktop/ros2_practice/install/cv_basics:/opt/ros/humble /usr/bin/cmake --install /home/shriram/Desktop/ros2_practice/build/desc
[1.700s] Level 1:colcon.colcon_core.environment:checking '/home/shriram/Desktop/ros2_practice/install/desc' for CMake module files
[1.701s] Level 1:colcon.colcon_core.environment:checking '/home/shriram/Desktop/ros2_practice/install/desc' for CMake config files
[1.701s] Level 1:colcon.colcon_core.shell:create_environment_hook('desc', 'cmake_prefix_path')
[1.702s] INFO:colcon.colcon_core.shell:Creating environment hook '/home/shriram/Desktop/ros2_practice/install/desc/share/desc/hook/cmake_prefix_path.ps1'
[1.703s] INFO:colcon.colcon_core.shell:Creating environment descriptor '/home/shriram/Desktop/ros2_practice/install/desc/share/desc/hook/cmake_prefix_path.dsv'
[1.703s] INFO:colcon.colcon_core.shell:Creating environment hook '/home/shriram/Desktop/ros2_practice/install/desc/share/desc/hook/cmake_prefix_path.sh'
[1.703s] Level 1:colcon.colcon_core.environment:checking '/home/shriram/Desktop/ros2_practice/install/desc/bin'
[1.703s] Level 1:colcon.colcon_core.environment:checking '/home/shriram/Desktop/ros2_practice/install/desc/lib/pkgconfig/desc.pc'
[1.704s] Level 1:colcon.colcon_core.environment:checking '/home/shriram/Desktop/ros2_practice/install/desc/lib/python3.10/site-packages'
[1.704s] Level 1:colcon.colcon_core.environment:checking '/home/shriram/Desktop/ros2_practice/install/desc/bin'
[1.706s] INFO:colcon.colcon_core.shell:Creating package script '/home/shriram/Desktop/ros2_practice/install/desc/share/desc/package.ps1'
[1.707s] INFO:colcon.colcon_core.shell:Creating package descriptor '/home/shriram/Desktop/ros2_practice/install/desc/share/desc/package.dsv'
[1.708s] INFO:colcon.colcon_core.shell:Creating package script '/home/shriram/Desktop/ros2_practice/install/desc/share/desc/package.sh'
[1.709s] INFO:colcon.colcon_core.shell:Creating package script '/home/shriram/Desktop/ros2_practice/install/desc/share/desc/package.bash'
[1.709s] INFO:colcon.colcon_core.shell:Creating package script '/home/shriram/Desktop/ros2_practice/install/desc/share/desc/package.zsh'
[1.710s] Level 1:colcon.colcon_core.environment:create_file_with_runtime_dependencies(/home/shriram/Desktop/ros2_practice/install/desc/share/colcon-core/packages/desc)
[1.727s] Level 1:colcon.colcon_core.environment:create_environment_scripts_only(desc)
[1.730s] Level 1:colcon.colcon_core.environment:checking '/home/shriram/Desktop/ros2_practice/install/desc' for CMake module files
[1.730s] Level 1:colcon.colcon_core.environment:checking '/home/shriram/Desktop/ros2_practice/install/desc' for CMake config files
[1.730s] Level 1:colcon.colcon_core.shell:create_environment_hook('desc', 'cmake_prefix_path')
[1.732s] INFO:colcon.colcon_core.shell:Creating environment hook '/home/shriram/Desktop/ros2_practice/install/desc/share/desc/hook/cmake_prefix_path.ps1'
[1.733s] INFO:colcon.colcon_core.shell:Creating environment descriptor '/home/shriram/Desktop/ros2_practice/install/desc/share/desc/hook/cmake_prefix_path.dsv'
[1.733s] INFO:colcon.colcon_core.shell:Creating environment hook '/home/shriram/Desktop/ros2_practice/install/desc/share/desc/hook/cmake_prefix_path.sh'
[1.733s] Level 1:colcon.colcon_core.environment:checking '/home/shriram/Desktop/ros2_practice/install/desc/bin'
[1.734s] Level 1:colcon.colcon_core.environment:checking '/home/shriram/Desktop/ros2_practice/install/desc/lib/pkgconfig/desc.pc'
[1.734s] Level 1:colcon.colcon_core.environment:checking '/home/shriram/Desktop/ros2_practice/install/desc/lib/python3.10/site-packages'
[1.734s] Level 1:colcon.colcon_core.environment:checking '/home/shriram/Desktop/ros2_practice/install/desc/bin'
[1.736s] INFO:colcon.colcon_core.shell:Creating package script '/home/shriram/Desktop/ros2_practice/install/desc/share/desc/package.ps1'
[1.736s] INFO:colcon.colcon_core.shell:Creating package descriptor '/home/shriram/Desktop/ros2_practice/install/desc/share/desc/package.dsv'
[1.737s] INFO:colcon.colcon_core.shell:Creating package script '/home/shriram/Desktop/ros2_practice/install/desc/share/desc/package.sh'
[1.738s] INFO:colcon.colcon_core.shell:Creating package script '/home/shriram/Desktop/ros2_practice/install/desc/share/desc/package.bash'
[1.738s] INFO:colcon.colcon_core.shell:Creating package script '/home/shriram/Desktop/ros2_practice/install/desc/share/desc/package.zsh'
[1.738s] Level 1:colcon.colcon_core.environment:create_file_with_runtime_dependencies(/home/shriram/Desktop/ros2_practice/install/desc/share/colcon-core/packages/desc)
[1.739s] INFO:colcon.colcon_ros.task.ament_cmake.build:Building ROS package in '/home/shriram/Desktop/ros2_practice/src/bringup' with build type 'ament_cmake'
[1.739s] INFO:colcon.colcon_cmake.task.cmake.build:Building CMake package in '/home/shriram/Desktop/ros2_practice/src/bringup'
[1.741s] INFO:colcon.colcon_core.shell:Skip shell extension 'powershell' for command environment: Not usable outside of PowerShell
[1.741s] DEBUG:colcon.colcon_core.shell:Skip shell extension 'dsv' for command environment
[1.752s] DEBUG:colcon.colcon_core.event_handler.log_command:Invoking command in '/home/shriram/Desktop/ros2_practice/build/bringup': CMAKE_PREFIX_PATH=/home/shriram/Desktop/ros2_practice/install/desc:/home/shriram/Desktop/ros2_practice/install/bringup:/home/shriram/Desktop/ros2_practice/install/tform:/home/shriram/Desktop/ros2_practice/install/practice:/home/shriram/Desktop/ros2_practice/install/mobile:/home/shriram/Desktop/ros2_practice/install/description:/home/shriram/Desktop/ros2_practice/install/cv_basics:/opt/ros/humble /usr/bin/cmake /home/shriram/Desktop/ros2_practice/src/bringup -DAMENT_CMAKE_SYMLINK_INSTALL=1 -DCMAKE_INSTALL_PREFIX=/home/shriram/Desktop/ros2_practice/install/bringup
[1.961s] DEBUG:colcon.colcon_core.event_handler.log_command:Invoked command in '/home/shriram/Desktop/ros2_practice/build/bringup' returned '0': CMAKE_PREFIX_PATH=/home/shriram/Desktop/ros2_practice/install/desc:/home/shriram/Desktop/ros2_practice/install/bringup:/home/shriram/Desktop/ros2_practice/install/tform:/home/shriram/Desktop/ros2_practice/install/practice:/home/shriram/Desktop/ros2_practice/install/mobile:/home/shriram/Desktop/ros2_practice/install/description:/home/shriram/Desktop/ros2_practice/install/cv_basics:/opt/ros/humble /usr/bin/cmake /home/shriram/Desktop/ros2_practice/src/bringup -DAMENT_CMAKE_SYMLINK_INSTALL=1 -DCMAKE_INSTALL_PREFIX=/home/shriram/Desktop/ros2_practice/install/bringup
[1.962s] DEBUG:colcon.colcon_core.event_handler.log_command:Invoking command in '/home/shriram/Desktop/ros2_practice/build/bringup': CMAKE_PREFIX_PATH=/home/shriram/Desktop/ros2_practice/install/desc:/home/shriram/Desktop/ros2_practice/install/bringup:/home/shriram/Desktop/ros2_practice/install/tform:/home/shriram/Desktop/ros2_practice/install/practice:/home/shriram/Desktop/ros2_practice/install/mobile:/home/shriram/Desktop/ros2_practice/install/description:/home/shriram/Desktop/ros2_practice/install/cv_basics:/opt/ros/humble /usr/bin/cmake --build /home/shriram/Desktop/ros2_practice/build/bringup -- -j12 -l12
[1.997s] DEBUG:colcon.colcon_core.event_handler.log_command:Invoked command in '/home/shriram/Desktop/ros2_practice/build/bringup' returned '0': CMAKE_PREFIX_PATH=/home/shriram/Desktop/ros2_practice/install/desc:/home/shriram/Desktop/ros2_practice/install/bringup:/home/shriram/Desktop/ros2_practice/install/tform:/home/shriram/Desktop/ros2_practice/install/practice:/home/shriram/Desktop/ros2_practice/install/mobile:/home/shriram/Desktop/ros2_practice/install/description:/home/shriram/Desktop/ros2_practice/install/cv_basics:/opt/ros/humble /usr/bin/cmake --build /home/shriram/Desktop/ros2_practice/build/bringup -- -j12 -l12
[2.020s] DEBUG:colcon.colcon_core.event_handler.log_command:Invoking command in '/home/shriram/Desktop/ros2_practice/build/bringup': CMAKE_PREFIX_PATH=/home/shriram/Desktop/ros2_practice/install/desc:/home/shriram/Desktop/ros2_practice/install/bringup:/home/shriram/Desktop/ros2_practice/install/tform:/home/shriram/Desktop/ros2_practice/install/practice:/home/shriram/Desktop/ros2_practice/install/mobile:/home/shriram/Desktop/ros2_practice/install/description:/home/shriram/Desktop/ros2_practice/install/cv_basics:/opt/ros/humble /usr/bin/cmake --install /home/shriram/Desktop/ros2_practice/build/bringup
[2.038s] Level 1:colcon.colcon_core.environment:create_environment_scripts_only(bringup)
[2.038s] DEBUG:colcon.colcon_core.event_handler.log_command:Invoked command in '/home/shriram/Desktop/ros2_practice/build/bringup' returned '0': CMAKE_PREFIX_PATH=/home/shriram/Desktop/ros2_practice/install/desc:/home/shriram/Desktop/ros2_practice/install/bringup:/home/shriram/Desktop/ros2_practice/install/tform:/home/shriram/Desktop/ros2_practice/install/practice:/home/shriram/Desktop/ros2_practice/install/mobile:/home/shriram/Desktop/ros2_practice/install/description:/home/shriram/Desktop/ros2_practice/install/cv_basics:/opt/ros/humble /usr/bin/cmake --install /home/shriram/Desktop/ros2_practice/build/bringup
[2.040s] Level 1:colcon.colcon_core.environment:checking '/home/shriram/Desktop/ros2_practice/install/bringup' for CMake module files
[2.041s] Level 1:colcon.colcon_core.environment:checking '/home/shriram/Desktop/ros2_practice/install/bringup' for CMake config files
[2.041s] Level 1:colcon.colcon_core.shell:create_environment_hook('bringup', 'cmake_prefix_path')
[2.042s] INFO:colcon.colcon_core.shell:Creating environment hook '/home/shriram/Desktop/ros2_practice/install/bringup/share/bringup/hook/cmake_prefix_path.ps1'
[2.042s] INFO:colcon.colcon_core.shell:Creating environment descriptor '/home/shriram/Desktop/ros2_practice/install/bringup/share/bringup/hook/cmake_prefix_path.dsv'
[2.043s] INFO:colcon.colcon_core.shell:Creating environment hook '/home/shriram/Desktop/ros2_practice/install/bringup/share/bringup/hook/cmake_prefix_path.sh'
[2.043s] Level 1:colcon.colcon_core.environment:checking '/home/shriram/Desktop/ros2_practice/install/bringup/bin'
[2.043s] Level 1:colcon.colcon_core.environment:checking '/home/shriram/Desktop/ros2_practice/install/bringup/lib/pkgconfig/bringup.pc'
[2.043s] Level 1:colcon.colcon_core.environment:checking '/home/shriram/Desktop/ros2_practice/install/bringup/lib/python3.10/site-packages'
[2.044s] Level 1:colcon.colcon_core.environment:checking '/home/shriram/Desktop/ros2_practice/install/bringup/bin'
[2.045s] INFO:colcon.colcon_core.shell:Creating package script '/home/shriram/Desktop/ros2_practice/install/bringup/share/bringup/package.ps1'
[2.045s] INFO:colcon.colcon_core.shell:Creating package descriptor '/home/shriram/Desktop/ros2_practice/install/bringup/share/bringup/package.dsv'
[2.046s] INFO:colcon.colcon_core.shell:Creating package script '/home/shriram/Desktop/ros2_practice/install/bringup/share/bringup/package.sh'
[2.046s] INFO:colcon.colcon_core.shell:Creating package script '/home/shriram/Desktop/ros2_practice/install/bringup/share/bringup/package.bash'
[2.046s] INFO:colcon.colcon_core.shell:Creating package script '/home/shriram/Desktop/ros2_practice/install/bringup/share/bringup/package.zsh'
[2.046s] Level 1:colcon.colcon_core.environment:create_file_with_runtime_dependencies(/home/shriram/Desktop/ros2_practice/install/bringup/share/colcon-core/packages/bringup)
[2.065s] Level 1:colcon.colcon_core.environment:create_environment_scripts_only(bringup)
[2.068s] Level 1:colcon.colcon_core.environment:checking '/home/shriram/Desktop/ros2_practice/install/bringup' for CMake module files
[2.069s] Level 1:colcon.colcon_core.environment:checking '/home/shriram/Desktop/ros2_practice/install/bringup' for CMake config files
[2.069s] Level 1:colcon.colcon_core.shell:create_environment_hook('bringup', 'cmake_prefix_path')
[2.070s] INFO:colcon.colcon_core.shell:Creating environment hook '/home/shriram/Desktop/ros2_practice/install/bringup/share/bringup/hook/cmake_prefix_path.ps1'
[2.071s] INFO:colcon.colcon_core.shell:Creating environment descriptor '/home/shriram/Desktop/ros2_practice/install/bringup/share/bringup/hook/cmake_prefix_path.dsv'
[2.072s] INFO:colcon.colcon_core.shell:Creating environment hook '/home/shriram/Desktop/ros2_practice/install/bringup/share/bringup/hook/cmake_prefix_path.sh'
[2.072s] Level 1:colcon.colcon_core.environment:checking '/home/shriram/Desktop/ros2_practice/install/bringup/bin'
[2.073s] Level 1:colcon.colcon_core.environment:checking '/home/shriram/Desktop/ros2_practice/install/bringup/lib/pkgconfig/bringup.pc'
[2.073s] Level 1:colcon.colcon_core.environment:checking '/home/shriram/Desktop/ros2_practice/install/bringup/lib/python3.10/site-packages'
[2.073s] Level 1:colcon.colcon_core.environment:checking '/home/shriram/Desktop/ros2_practice/install/bringup/bin'
[2.075s] INFO:colcon.colcon_core.shell:Creating package script '/home/shriram/Desktop/ros2_practice/install/bringup/share/bringup/package.ps1'
[2.076s] INFO:colcon.colcon_core.shell:Creating package descriptor '/home/shriram/Desktop/ros2_practice/install/bringup/share/bringup/package.dsv'
[2.076s] INFO:colcon.colcon_core.shell:Creating package script '/home/shriram/Desktop/ros2_practice/install/bringup/share/bringup/package.sh'
[2.077s] INFO:colcon.colcon_core.shell:Creating package script '/home/shriram/Desktop/ros2_practice/install/bringup/share/bringup/package.bash'
[2.077s] INFO:colcon.colcon_core.shell:Creating package script '/home/shriram/Desktop/ros2_practice/install/bringup/share/bringup/package.zsh'
[2.078s] Level 1:colcon.colcon_core.environment:create_file_with_runtime_dependencies(/home/shriram/Desktop/ros2_practice/install/bringup/share/colcon-core/packages/bringup)
[2.098s] DEBUG:colcon.colcon_core.task.python.build:While undoing a previous installation files outside the Python library path are being ignored: /home/shriram/Desktop/ros2_practice/install/mobile/share/ament_index/resource_index/packages/mobile
[2.098s] DEBUG:colcon.colcon_core.task.python.build:While undoing a previous installation files outside the Python library path are being ignored: /home/shriram/Desktop/ros2_practice/install/mobile/share/mobile/package.xml
[2.098s] DEBUG:colcon.colcon_core.task.python.build:While undoing a previous installation files outside the Python library path are being ignored: /home/shriram/Desktop/ros2_practice/install/mobile/share/mobile
[2.099s] DEBUG:colcon.colcon_core.task.python.build:While undoing a previous installation files outside the Python library path are being ignored: /home/shriram/Desktop/ros2_practice/install/mobile/lib/mobile/move
[2.101s] DEBUG:colcon.colcon_core.event_handler.log_command:Invoking command in '/home/shriram/Desktop/ros2_practice/build/mobile': PYTHONPATH=/home/shriram/Desktop/ros2_practice/build/mobile/prefix_override:/home/shriram/Desktop/ros2_practice/install/mobile/lib/python3.10/site-packages:${PYTHONPATH} /usr/bin/python3 setup.py develop --editable --build-directory /home/shriram/Desktop/ros2_practice/build/mobile/build --no-deps install_data
[2.126s] DEBUG:colcon.colcon_core.task.python.build:While undoing a previous installation files outside the Python library path are being ignored: /home/shriram/Desktop/ros2_practice/install/cv_basics/share/ament_index/resource_index/packages/cv_basics
[2.126s] DEBUG:colcon.colcon_core.task.python.build:While undoing a previous installation files outside the Python library path are being ignored: /home/shriram/Desktop/ros2_practice/install/cv_basics/share/cv_basics/package.xml
[2.126s] DEBUG:colcon.colcon_core.task.python.build:While undoing a previous installation files outside the Python library path are being ignored: /home/shriram/Desktop/ros2_practice/install/cv_basics/lib/cv_basics/webcam
[2.126s] DEBUG:colcon.colcon_core.task.python.build:While undoing a previous installation files outside the Python library path are being ignored: /home/shriram/Desktop/ros2_practice/install/cv_basics/lib/cv_basics/webcam2
[2.129s] DEBUG:colcon.colcon_core.event_handler.log_command:Invoking command in '/home/shriram/Desktop/ros2_practice/build/cv_basics': PYTHONPATH=/home/shriram/Desktop/ros2_practice/build/cv_basics/prefix_override:/home/shriram/Desktop/ros2_practice/install/cv_basics/lib/python3.10/site-packages:${PYTHONPATH} /usr/bin/python3 setup.py develop --editable --build-directory /home/shriram/Desktop/ros2_practice/build/cv_basics/build --no-deps install_data
[2.142s] DEBUG:colcon.colcon_core.task.python.build:While undoing a previous installation files outside the Python library path are being ignored: /home/shriram/Desktop/ros2_practice/install/practice/share/ament_index/resource_index/packages/practice
[2.142s] DEBUG:colcon.colcon_core.task.python.build:While undoing a previous installation files outside the Python library path are being ignored: /home/shriram/Desktop/ros2_practice/install/practice/share/practice/package.xml
[2.143s] DEBUG:colcon.colcon_core.task.python.build:While undoing a previous installation files outside the Python library path are being ignored: /home/shriram/Desktop/ros2_practice/install/practice/lib/practice/circ
[2.143s] DEBUG:colcon.colcon_core.task.python.build:While undoing a previous installation files outside the Python library path are being ignored: /home/shriram/Desktop/ros2_practice/install/practice/lib/practice/controller
[2.143s] DEBUG:colcon.colcon_core.task.python.build:While undoing a previous installation files outside the Python library path are being ignored: /home/shriram/Desktop/ros2_practice/install/practice/lib/practice/move2
[2.143s] DEBUG:colcon.colcon_core.task.python.build:While undoing a previous installation files outside the Python library path are being ignored: /home/shriram/Desktop/ros2_practice/install/practice/lib/practice/node1
[2.143s] DEBUG:colcon.colcon_core.task.python.build:While undoing a previous installation files outside the Python library path are being ignored: /home/shriram/Desktop/ros2_practice/install/practice/lib/practice/pose
[2.145s] DEBUG:colcon.colcon_core.event_handler.log_command:Invoking command in '/home/shriram/Desktop/ros2_practice/build/practice': PYTHONPATH=/home/shriram/Desktop/ros2_practice/build/practice/prefix_override:/home/shriram/Desktop/ros2_practice/install/practice/lib/python3.10/site-packages:${PYTHONPATH} /usr/bin/python3 setup.py develop --editable --build-directory /home/shriram/Desktop/ros2_practice/build/practice/build --no-deps install_data
[2.146s] DEBUG:colcon.colcon_core.task.python.build:While undoing a previous installation files outside the Python library path are being ignored: /home/shriram/Desktop/ros2_practice/install/tform/share/ament_index/resource_index/packages/tform
[2.146s] DEBUG:colcon.colcon_core.task.python.build:While undoing a previous installation files outside the Python library path are being ignored: /home/shriram/Desktop/ros2_practice/install/tform/share/tform/package.xml
[2.146s] DEBUG:colcon.colcon_core.task.python.build:While undoing a previous installation files outside the Python library path are being ignored: /home/shriram/Desktop/ros2_practice/install/tform/share/tform/launch/circ.py
[2.146s] DEBUG:colcon.colcon_core.task.python.build:While undoing a previous installation files outside the Python library path are being ignored: /home/shriram/Desktop/ros2_practice/install/tform/share/tform/launch/dyn.launch.py
[2.146s] DEBUG:colcon.colcon_core.task.python.build:While undoing a previous installation files outside the Python library path are being ignored: /home/shriram/Desktop/ros2_practice/install/tform/lib/tform/circ
[2.146s] DEBUG:colcon.colcon_core.task.python.build:While undoing a previous installation files outside the Python library path are being ignored: /home/shriram/Desktop/ros2_practice/install/tform/lib/tform/dyn
[2.146s] DEBUG:colcon.colcon_core.task.python.build:While undoing a previous installation files outside the Python library path are being ignored: /home/shriram/Desktop/ros2_practice/install/tform/lib/tform/dyn2
[2.148s] DEBUG:colcon.colcon_core.event_handler.log_command:Invoking command in '/home/shriram/Desktop/ros2_practice/build/tform': PYTHONPATH=/home/shriram/Desktop/ros2_practice/build/tform/prefix_override:/home/shriram/Desktop/ros2_practice/install/tform/lib/python3.10/site-packages:${PYTHONPATH} /usr/bin/python3 setup.py develop --editable --build-directory /home/shriram/Desktop/ros2_practice/build/tform/build --no-deps install_data
[2.658s] Level 1:colcon.colcon_core.shell:create_environment_hook('mobile', 'pythonpath_develop')
[2.660s] INFO:colcon.colcon_core.shell:Creating environment hook '/home/shriram/Desktop/ros2_practice/build/mobile/share/mobile/hook/pythonpath_develop.ps1'
[2.660s] DEBUG:colcon.colcon_core.event_handler.log_command:Invoked command in '/home/shriram/Desktop/ros2_practice/build/mobile' returned '0': PYTHONPATH=/home/shriram/Desktop/ros2_practice/build/mobile/prefix_override:/home/shriram/Desktop/ros2_practice/install/mobile/lib/python3.10/site-packages:${PYTHONPATH} /usr/bin/python3 setup.py develop --editable --build-directory /home/shriram/Desktop/ros2_practice/build/mobile/build --no-deps install_data
[2.661s] INFO:colcon.colcon_core.shell:Creating environment descriptor '/home/shriram/Desktop/ros2_practice/build/mobile/share/mobile/hook/pythonpath_develop.dsv'
[2.661s] INFO:colcon.colcon_core.shell:Creating environment hook '/home/shriram/Desktop/ros2_practice/build/mobile/share/mobile/hook/pythonpath_develop.sh'
[2.663s] Level 1:colcon.colcon_core.environment:checking '/home/shriram/Desktop/ros2_practice/install/mobile' for CMake module files
[2.664s] Level 1:colcon.colcon_core.environment:checking '/home/shriram/Desktop/ros2_practice/install/mobile' for CMake config files
[2.664s] Level 1:colcon.colcon_core.environment:checking '/home/shriram/Desktop/ros2_practice/install/mobile/lib'
[2.664s] Level 1:colcon.colcon_core.environment:checking '/home/shriram/Desktop/ros2_practice/install/mobile/bin'
[2.664s] Level 1:colcon.colcon_core.environment:checking '/home/shriram/Desktop/ros2_practice/install/mobile/lib/pkgconfig/mobile.pc'
[2.665s] Level 1:colcon.colcon_core.environment:checking '/home/shriram/Desktop/ros2_practice/install/mobile/lib/python3.10/site-packages'
[2.665s] Level 1:colcon.colcon_core.shell:create_environment_hook('mobile', 'pythonpath')
[2.666s] INFO:colcon.colcon_core.shell:Creating environment hook '/home/shriram/Desktop/ros2_practice/install/mobile/share/mobile/hook/pythonpath.ps1'
[2.667s] INFO:colcon.colcon_core.shell:Creating environment descriptor '/home/shriram/Desktop/ros2_practice/install/mobile/share/mobile/hook/pythonpath.dsv'
[2.667s] INFO:colcon.colcon_core.shell:Creating environment hook '/home/shriram/Desktop/ros2_practice/install/mobile/share/mobile/hook/pythonpath.sh'
[2.667s] Level 1:colcon.colcon_core.environment:checking '/home/shriram/Desktop/ros2_practice/install/mobile/bin'
[2.667s] Level 1:colcon.colcon_core.environment:create_environment_scripts_only(mobile)
[2.669s] INFO:colcon.colcon_core.shell:Creating package script '/home/shriram/Desktop/ros2_practice/install/mobile/share/mobile/package.ps1'
[2.669s] INFO:colcon.colcon_core.shell:Creating package descriptor '/home/shriram/Desktop/ros2_practice/install/mobile/share/mobile/package.dsv'
[2.669s] INFO:colcon.colcon_core.shell:Creating package script '/home/shriram/Desktop/ros2_practice/install/mobile/share/mobile/package.sh'
[2.670s] INFO:colcon.colcon_core.shell:Creating package script '/home/shriram/Desktop/ros2_practice/install/mobile/share/mobile/package.bash'
[2.670s] INFO:colcon.colcon_core.shell:Creating package script '/home/shriram/Desktop/ros2_practice/install/mobile/share/mobile/package.zsh'
[2.670s] Level 1:colcon.colcon_core.environment:create_file_with_runtime_dependencies(/home/shriram/Desktop/ros2_practice/install/mobile/share/colcon-core/packages/mobile)
[2.677s] Level 1:colcon.colcon_core.shell:create_environment_hook('cv_basics', 'pythonpath_develop')
[2.679s] INFO:colcon.colcon_core.shell:Creating environment hook '/home/shriram/Desktop/ros2_practice/build/cv_basics/share/cv_basics/hook/pythonpath_develop.ps1'
[2.679s] DEBUG:colcon.colcon_core.event_handler.log_command:Invoked command in '/home/shriram/Desktop/ros2_practice/build/cv_basics' returned '0': PYTHONPATH=/home/shriram/Desktop/ros2_practice/build/cv_basics/prefix_override:/home/shriram/Desktop/ros2_practice/install/cv_basics/lib/python3.10/site-packages:${PYTHONPATH} /usr/bin/python3 setup.py develop --editable --build-directory /home/shriram/Desktop/ros2_practice/build/cv_basics/build --no-deps install_data
[2.680s] INFO:colcon.colcon_core.shell:Creating environment descriptor '/home/shriram/Desktop/ros2_practice/build/cv_basics/share/cv_basics/hook/pythonpath_develop.dsv'
[2.680s] INFO:colcon.colcon_core.shell:Creating environment hook '/home/shriram/Desktop/ros2_practice/build/cv_basics/share/cv_basics/hook/pythonpath_develop.sh'
[2.682s] Level 1:colcon.colcon_core.environment:checking '/home/shriram/Desktop/ros2_practice/install/cv_basics' for CMake module files
[2.682s] Level 1:colcon.colcon_core.environment:checking '/home/shriram/Desktop/ros2_practice/install/cv_basics' for CMake config files
[2.683s] Level 1:colcon.colcon_core.environment:checking '/home/shriram/Desktop/ros2_practice/install/cv_basics/lib'
[2.683s] Level 1:colcon.colcon_core.environment:checking '/home/shriram/Desktop/ros2_practice/install/cv_basics/bin'
[2.683s] Level 1:colcon.colcon_core.environment:checking '/home/shriram/Desktop/ros2_practice/install/cv_basics/lib/pkgconfig/cv_basics.pc'
[2.683s] Level 1:colcon.colcon_core.environment:checking '/home/shriram/Desktop/ros2_practice/install/cv_basics/lib/python3.10/site-packages'
[2.683s] Level 1:colcon.colcon_core.shell:create_environment_hook('cv_basics', 'pythonpath')
[2.685s] INFO:colcon.colcon_core.shell:Creating environment hook '/home/shriram/Desktop/ros2_practice/install/cv_basics/share/cv_basics/hook/pythonpath.ps1'
[2.686s] INFO:colcon.colcon_core.shell:Creating environment descriptor '/home/shriram/Desktop/ros2_practice/install/cv_basics/share/cv_basics/hook/pythonpath.dsv'
[2.686s] INFO:colcon.colcon_core.shell:Creating environment hook '/home/shriram/Desktop/ros2_practice/install/cv_basics/share/cv_basics/hook/pythonpath.sh'
[2.687s] Level 1:colcon.colcon_core.environment:checking '/home/shriram/Desktop/ros2_practice/install/cv_basics/bin'
[2.687s] Level 1:colcon.colcon_core.environment:create_environment_scripts_only(cv_basics)
[2.688s] INFO:colcon.colcon_core.shell:Creating package script '/home/shriram/Desktop/ros2_practice/install/cv_basics/share/cv_basics/package.ps1'
[2.689s] INFO:colcon.colcon_core.shell:Creating package descriptor '/home/shriram/Desktop/ros2_practice/install/cv_basics/share/cv_basics/package.dsv'
[2.690s] INFO:colcon.colcon_core.shell:Creating package script '/home/shriram/Desktop/ros2_practice/install/cv_basics/share/cv_basics/package.sh'
[2.690s] INFO:colcon.colcon_core.shell:Creating package script '/home/shriram/Desktop/ros2_practice/install/cv_basics/share/cv_basics/package.bash'
[2.691s] INFO:colcon.colcon_core.shell:Creating package script '/home/shriram/Desktop/ros2_practice/install/cv_basics/share/cv_basics/package.zsh'
[2.691s] Level 1:colcon.colcon_core.environment:create_file_with_runtime_dependencies(/home/shriram/Desktop/ros2_practice/install/cv_basics/share/colcon-core/packages/cv_basics)
[2.701s] Level 1:colcon.colcon_core.shell:create_environment_hook('practice', 'pythonpath_develop')
[2.703s] INFO:colcon.colcon_core.shell:Creating environment hook '/home/shriram/Desktop/ros2_practice/build/practice/share/practice/hook/pythonpath_develop.ps1'
[2.703s] DEBUG:colcon.colcon_core.event_handler.log_command:Invoked command in '/home/shriram/Desktop/ros2_practice/build/practice' returned '0': PYTHONPATH=/home/shriram/Desktop/ros2_practice/build/practice/prefix_override:/home/shriram/Desktop/ros2_practice/install/practice/lib/python3.10/site-packages:${PYTHONPATH} /usr/bin/python3 setup.py develop --editable --build-directory /home/shriram/Desktop/ros2_practice/build/practice/build --no-deps install_data
[2.704s] INFO:colcon.colcon_core.shell:Creating environment descriptor '/home/shriram/Desktop/ros2_practice/build/practice/share/practice/hook/pythonpath_develop.dsv'
[2.704s] INFO:colcon.colcon_core.shell:Creating environment hook '/home/shriram/Desktop/ros2_practice/build/practice/share/practice/hook/pythonpath_develop.sh'
[2.706s] Level 1:colcon.colcon_core.environment:checking '/home/shriram/Desktop/ros2_practice/install/practice' for CMake module files
[2.707s] Level 1:colcon.colcon_core.environment:checking '/home/shriram/Desktop/ros2_practice/install/practice' for CMake config files
[2.707s] Level 1:colcon.colcon_core.environment:checking '/home/shriram/Desktop/ros2_practice/install/practice/lib'
[2.707s] Level 1:colcon.colcon_core.environment:checking '/home/shriram/Desktop/ros2_practice/install/practice/bin'
[2.707s] Level 1:colcon.colcon_core.environment:checking '/home/shriram/Desktop/ros2_practice/install/practice/lib/pkgconfig/practice.pc'
[2.707s] Level 1:colcon.colcon_core.environment:checking '/home/shriram/Desktop/ros2_practice/install/practice/lib/python3.10/site-packages'
[2.707s] Level 1:colcon.colcon_core.shell:create_environment_hook('practice', 'pythonpath')
[2.709s] INFO:colcon.colcon_core.shell:Creating environment hook '/home/shriram/Desktop/ros2_practice/install/practice/share/practice/hook/pythonpath.ps1'
[2.709s] INFO:colcon.colcon_core.shell:Creating environment descriptor '/home/shriram/Desktop/ros2_practice/install/practice/share/practice/hook/pythonpath.dsv'
[2.709s] INFO:colcon.colcon_core.shell:Creating environment hook '/home/shriram/Desktop/ros2_practice/install/practice/share/practice/hook/pythonpath.sh'
[2.710s] Level 1:colcon.colcon_core.environment:checking '/home/shriram/Desktop/ros2_practice/install/practice/bin'
[2.710s] Level 1:colcon.colcon_core.environment:create_environment_scripts_only(practice)
[2.711s] INFO:colcon.colcon_core.shell:Creating package script '/home/shriram/Desktop/ros2_practice/install/practice/share/practice/package.ps1'
[2.711s] INFO:colcon.colcon_core.shell:Creating package descriptor '/home/shriram/Desktop/ros2_practice/install/practice/share/practice/package.dsv'
[2.712s] INFO:colcon.colcon_core.shell:Creating package script '/home/shriram/Desktop/ros2_practice/install/practice/share/practice/package.sh'
[2.712s] INFO:colcon.colcon_core.shell:Creating package script '/home/shriram/Desktop/ros2_practice/install/practice/share/practice/package.bash'
[2.712s] INFO:colcon.colcon_core.shell:Creating package script '/home/shriram/Desktop/ros2_practice/install/practice/share/practice/package.zsh'
[2.713s] Level 1:colcon.colcon_core.environment:create_file_with_runtime_dependencies(/home/shriram/Desktop/ros2_practice/install/practice/share/colcon-core/packages/practice)
[2.714s] Level 1:colcon.colcon_core.shell:create_environment_hook('tform', 'pythonpath_develop')
[2.715s] INFO:colcon.colcon_core.shell:Creating environment hook '/home/shriram/Desktop/ros2_practice/build/tform/share/tform/hook/pythonpath_develop.ps1'
[2.715s] DEBUG:colcon.colcon_core.event_handler.log_command:Invoked command in '/home/shriram/Desktop/ros2_practice/build/tform' returned '0': PYTHONPATH=/home/shriram/Desktop/ros2_practice/build/tform/prefix_override:/home/shriram/Desktop/ros2_practice/install/tform/lib/python3.10/site-packages:${PYTHONPATH} /usr/bin/python3 setup.py develop --editable --build-directory /home/shriram/Desktop/ros2_practice/build/tform/build --no-deps install_data
[2.715s] INFO:colcon.colcon_core.shell:Creating environment descriptor '/home/shriram/Desktop/ros2_practice/build/tform/share/tform/hook/pythonpath_develop.dsv'
[2.715s] INFO:colcon.colcon_core.shell:Creating environment hook '/home/shriram/Desktop/ros2_practice/build/tform/share/tform/hook/pythonpath_develop.sh'
[2.717s] Level 1:colcon.colcon_core.environment:checking '/home/shriram/Desktop/ros2_practice/install/tform' for CMake module files
[2.717s] Level 1:colcon.colcon_core.environment:checking '/home/shriram/Desktop/ros2_practice/install/tform' for CMake config files
[2.718s] Level 1:colcon.colcon_core.environment:checking '/home/shriram/Desktop/ros2_practice/install/tform/lib'
[2.718s] Level 1:colcon.colcon_core.environment:checking '/home/shriram/Desktop/ros2_practice/install/tform/bin'
[2.718s] Level 1:colcon.colcon_core.environment:checking '/home/shriram/Desktop/ros2_practice/install/tform/lib/pkgconfig/tform.pc'
[2.718s] Level 1:colcon.colcon_core.environment:checking '/home/shriram/Desktop/ros2_practice/install/tform/lib/python3.10/site-packages'
[2.718s] Level 1:colcon.colcon_core.shell:create_environment_hook('tform', 'pythonpath')
[2.719s] INFO:colcon.colcon_core.shell:Creating environment hook '/home/shriram/Desktop/ros2_practice/install/tform/share/tform/hook/pythonpath.ps1'
[2.719s] INFO:colcon.colcon_core.shell:Creating environment descriptor '/home/shriram/Desktop/ros2_practice/install/tform/share/tform/hook/pythonpath.dsv'
[2.719s] INFO:colcon.colcon_core.shell:Creating environment hook '/home/shriram/Desktop/ros2_practice/install/tform/share/tform/hook/pythonpath.sh'
[2.720s] Level 1:colcon.colcon_core.environment:checking '/home/shriram/Desktop/ros2_practice/install/tform/bin'
[2.720s] Level 1:colcon.colcon_core.environment:create_environment_scripts_only(tform)
[2.721s] INFO:colcon.colcon_core.shell:Creating package script '/home/shriram/Desktop/ros2_practice/install/tform/share/tform/package.ps1'
[2.722s] INFO:colcon.colcon_core.shell:Creating package descriptor '/home/shriram/Desktop/ros2_practice/install/tform/share/tform/package.dsv'
[2.722s] INFO:colcon.colcon_core.shell:Creating package script '/home/shriram/Desktop/ros2_practice/install/tform/share/tform/package.sh'
[2.723s] INFO:colcon.colcon_core.shell:Creating package script '/home/shriram/Desktop/ros2_practice/install/tform/share/tform/package.bash'
[2.723s] INFO:colcon.colcon_core.shell:Creating package script '/home/shriram/Desktop/ros2_practice/install/tform/share/tform/package.zsh'
[2.723s] Level 1:colcon.colcon_core.environment:create_file_with_runtime_dependencies(/home/shriram/Desktop/ros2_practice/install/tform/share/colcon-core/packages/tform)
[2.723s] DEBUG:colcon.colcon_parallel_executor.executor.parallel:closing loop
[2.724s] DEBUG:colcon.colcon_parallel_executor.executor.parallel:loop closed
[2.724s] DEBUG:colcon.colcon_parallel_executor.executor.parallel:run_until_complete finished with '0'
[2.724s] DEBUG:colcon.colcon_core.event_reactor:joining thread
[2.728s] INFO:colcon.colcon_core.plugin_system:Skipping extension 'colcon_notification.desktop_notification.terminal_notifier': Not used on non-Darwin systems
[2.728s] INFO:colcon.colcon_core.plugin_system:Skipping extension 'colcon_notification.desktop_notification.win32': Not used on non-Windows systems
[2.728s] INFO:colcon.colcon_notification.desktop_notification:Sending desktop notification using 'notify2'
[2.740s] DEBUG:colcon.colcon_core.event_reactor:joined thread
[2.741s] INFO:colcon.colcon_core.shell:Creating prefix script '/home/shriram/Desktop/ros2_practice/install/local_setup.ps1'
[2.742s] INFO:colcon.colcon_core.shell:Creating prefix util module '/home/shriram/Desktop/ros2_practice/install/_local_setup_util_ps1.py'
[2.743s] INFO:colcon.colcon_core.shell:Creating prefix chain script '/home/shriram/Desktop/ros2_practice/install/setup.ps1'
[2.744s] INFO:colcon.colcon_core.shell:Creating prefix script '/home/shriram/Desktop/ros2_practice/install/local_setup.sh'
[2.744s] INFO:colcon.colcon_core.shell:Creating prefix util module '/home/shriram/Desktop/ros2_practice/install/_local_setup_util_sh.py'
[2.745s] INFO:colcon.colcon_core.shell:Creating prefix chain script '/home/shriram/Desktop/ros2_practice/install/setup.sh'
[2.746s] INFO:colcon.colcon_core.shell:Creating prefix script '/home/shriram/Desktop/ros2_practice/install/local_setup.bash'
[2.747s] INFO:colcon.colcon_core.shell:Creating prefix chain script '/home/shriram/Desktop/ros2_practice/install/setup.bash'
[2.748s] INFO:colcon.colcon_core.shell:Creating prefix script '/home/shriram/Desktop/ros2_practice/install/local_setup.zsh'
[2.749s] INFO:colcon.colcon_core.shell:Creating prefix chain script '/home/shriram/Desktop/ros2_practice/install/setup.zsh'
