[0.517s] Invoking command in '/home/shriram/Desktop/ros2_practice/build/nodes2': CMAKE_PREFIX_PATH=/opt/ros/humble /usr/bin/cmake /home/shriram/Desktop/ros2_practice/src/nodes2 -DAMENT_CMAKE_SYMLINK_INSTALL=1 -DCMAKE_INSTALL_PREFIX=/home/shriram/Desktop/ros2_practice/install/nodes2
[0.774s] -- Found ament_cmake: 1.3.5 (/opt/ros/humble/share/ament_cmake/cmake)
[0.774s] -- Override CMake install command with custom implementation using symlinks instead of copying resources
[0.775s] -- Found rclcpp: 16.0.5 (/opt/ros/humble/share/rclcpp/cmake)
[0.775s] -- Found rosidl_generator_c: 3.1.5 (/opt/ros/humble/share/rosidl_generator_c/cmake)
[0.775s] -- Found rosidl_adapter: 3.1.5 (/opt/ros/humble/share/rosidl_adapter/cmake)
[0.775s] -- Found rosidl_generator_cpp: 3.1.5 (/opt/ros/humble/share/rosidl_generator_cpp/cmake)
[0.775s] -- Using all available rosidl_typesupport_c: rosidl_typesupport_fastrtps_c;rosidl_typesupport_introspection_c
[0.775s] -- Using all available rosidl_typesupport_cpp: rosidl_typesupport_fastrtps_cpp;rosidl_typesupport_introspection_cpp
[0.775s] -- Found rmw_implementation_cmake: 6.1.1 (/opt/ros/humble/share/rmw_implementation_cmake/cmake)
[0.775s] -- Found rmw_cyclonedds_cpp: 1.3.4 (/opt/ros/humble/share/rmw_cyclonedds_cpp/cmake)
[0.775s] -- Using RMW implementation 'rmw_cyclonedds_cpp' as default
[0.873s] [31mCMake Error at CMakeLists.txt:11 (find_package):
[0.873s]   By not providing "Findsrd_msgs.cmake" in CMAKE_MODULE_PATH this project has
[0.873s]   asked CMake to find a package configuration file provided by "srd_msgs",
[0.873s]   but CMake did not find one.
[0.874s] 
[0.874s]   Could not find a package configuration file provided by "srd_msgs" with any
[0.874s]   of the following names:
[0.874s] 
[0.874s]     srd_msgsConfig.cmake
[0.874s]     srd_msgs-config.cmake
[0.874s] 
[0.874s]   Add the installation prefix of "srd_msgs" to CMAKE_PREFIX_PATH or set
[0.874s]   "srd_msgs_DIR" to a directory containing one of the above files.  If
[0.874s]   "srd_msgs" provides a separate development package or SDK, be sure it has
[0.874s]   been installed.
[0.874s] 
[0.874s] [0m
[0.875s] -- Configuring incomplete, errors occurred!
[0.875s] See also "/home/shriram/Desktop/ros2_practice/build/nodes2/CMakeFiles/CMakeOutput.log".
[1.027s] Invoked command in '/home/shriram/Desktop/ros2_practice/build/nodes2' returned '1': CMAKE_PREFIX_PATH=/opt/ros/humble /usr/bin/cmake /home/shriram/Desktop/ros2_practice/src/nodes2 -DAMENT_CMAKE_SYMLINK_INSTALL=1 -DCMAKE_INSTALL_PREFIX=/home/shriram/Desktop/ros2_practice/install/nodes2
