[1.593s] Invoking command in '/home/shriram/Desktop/ros2_practice/build/cv_basics': PYTHONPATH=/home/shriram/Desktop/ros2_practice/build/cv_basics/prefix_override:/home/shriram/Desktop/ros2_practice/install/cv_basics/lib/python3.10/site-packages:${PYTHONPATH} /usr/bin/python3 setup.py develop --uninstall --editable --build-directory /home/shriram/Desktop/ros2_practice/build/cv_basics/build
[1.867s] running develop
[2.163s] Invoked command in '/home/shriram/Desktop/ros2_practice/build/cv_basics' returned '0': PYTHONPATH=/home/shriram/Desktop/ros2_practice/build/cv_basics/prefix_override:/home/shriram/Desktop/ros2_practice/install/cv_basics/lib/python3.10/site-packages:${PYTHONPATH} /usr/bin/python3 setup.py develop --uninstall --editable --build-directory /home/shriram/Desktop/ros2_practice/build/cv_basics/build
[2.164s] Invoking command in '/home/shriram/Desktop/ros2_practice/src/cv_basics': PYTHONPATH=/home/shriram/Desktop/ros2_practice/build/cv_basics/prefix_override:/home/shriram/Desktop/ros2_practice/install/cv_basics/lib/python3.10/site-packages:${PYTHONPATH} /usr/bin/python3 setup.py egg_info --egg-base ../../build/cv_basics build --build-base /home/shriram/Desktop/ros2_practice/build/cv_basics/build install --record /home/shriram/Desktop/ros2_practice/build/cv_basics/install.log --single-version-externally-managed
[2.405s] running egg_info
[2.405s] writing ../../build/cv_basics/cv_basics.egg-info/PKG-INFO
[2.406s] writing dependency_links to ../../build/cv_basics/cv_basics.egg-info/dependency_links.txt
[2.406s] writing entry points to ../../build/cv_basics/cv_basics.egg-info/entry_points.txt
[2.406s] writing requirements to ../../build/cv_basics/cv_basics.egg-info/requires.txt
[2.406s] writing top-level names to ../../build/cv_basics/cv_basics.egg-info/top_level.txt
[2.408s] reading manifest file '../../build/cv_basics/cv_basics.egg-info/SOURCES.txt'
[2.408s] writing manifest file '../../build/cv_basics/cv_basics.egg-info/SOURCES.txt'
[2.409s] running build
[2.409s] running build_py
[2.409s] running install
[2.409s] running install_lib
[2.410s] running install_data
[2.410s] running install_egg_info
[2.412s] removing '/home/shriram/Desktop/ros2_practice/install/cv_basics/lib/python3.10/site-packages/cv_basics-0.0.0-py3.10.egg-info' (and everything under it)
[2.412s] Copying ../../build/cv_basics/cv_basics.egg-info to /home/shriram/Desktop/ros2_practice/install/cv_basics/lib/python3.10/site-packages/cv_basics-0.0.0-py3.10.egg-info
[2.413s] running install_scripts
[2.434s] Installing webcam script to /home/shriram/Desktop/ros2_practice/install/cv_basics/lib/cv_basics
[2.434s] Installing webcam2 script to /home/shriram/Desktop/ros2_practice/install/cv_basics/lib/cv_basics
[2.435s] writing list of installed files to '/home/shriram/Desktop/ros2_practice/build/cv_basics/install.log'
[2.480s] Invoked command in '/home/shriram/Desktop/ros2_practice/src/cv_basics' returned '0': PYTHONPATH=/home/shriram/Desktop/ros2_practice/build/cv_basics/prefix_override:/home/shriram/Desktop/ros2_practice/install/cv_basics/lib/python3.10/site-packages:${PYTHONPATH} /usr/bin/python3 setup.py egg_info --egg-base ../../build/cv_basics build --build-base /home/shriram/Desktop/ros2_practice/build/cv_basics/build install --record /home/shriram/Desktop/ros2_practice/build/cv_basics/install.log --single-version-externally-managed
