[1.614s] Invoking command in '/home/shriram/Desktop/ros2_practice/build/practice': PYTHONPATH=/home/shriram/Desktop/ros2_practice/build/practice/prefix_override:/home/shriram/Desktop/ros2_practice/install/practice/lib/python3.10/site-packages:${PYTHONPATH} /usr/bin/python3 setup.py develop --uninstall --editable --build-directory /home/shriram/Desktop/ros2_practice/build/practice/build
[1.903s] running develop
[2.175s] Invoked command in '/home/shriram/Desktop/ros2_practice/build/practice' returned '0': PYTHONPATH=/home/shriram/Desktop/ros2_practice/build/practice/prefix_override:/home/shriram/Desktop/ros2_practice/install/practice/lib/python3.10/site-packages:${PYTHONPATH} /usr/bin/python3 setup.py develop --uninstall --editable --build-directory /home/shriram/Desktop/ros2_practice/build/practice/build
[2.176s] Invoking command in '/home/shriram/Desktop/ros2_practice/src/practice': PYTHONPATH=/home/shriram/Desktop/ros2_practice/build/practice/prefix_override:/home/shriram/Desktop/ros2_practice/install/practice/lib/python3.10/site-packages:${PYTHONPATH} /usr/bin/python3 setup.py egg_info --egg-base ../../build/practice build --build-base /home/shriram/Desktop/ros2_practice/build/practice/build install --record /home/shriram/Desktop/ros2_practice/build/practice/install.log --single-version-externally-managed
[2.442s] running egg_info
[2.443s] writing ../../build/practice/practice.egg-info/PKG-INFO
[2.443s] writing dependency_links to ../../build/practice/practice.egg-info/dependency_links.txt
[2.443s] writing entry points to ../../build/practice/practice.egg-info/entry_points.txt
[2.443s] writing requirements to ../../build/practice/practice.egg-info/requires.txt
[2.444s] writing top-level names to ../../build/practice/practice.egg-info/top_level.txt
[2.451s] reading manifest file '../../build/practice/practice.egg-info/SOURCES.txt'
[2.452s] writing manifest file '../../build/practice/practice.egg-info/SOURCES.txt'
[2.452s] running build
[2.452s] running build_py
[2.452s] copying practice/circ.py -> /home/shriram/Desktop/ros2_practice/build/practice/build/lib/practice
[2.453s] running install
[2.453s] running install_lib
[2.454s] copying /home/shriram/Desktop/ros2_practice/build/practice/build/lib/practice/circ.py -> /home/shriram/Desktop/ros2_practice/install/practice/lib/python3.10/site-packages/practice
[2.455s] byte-compiling /home/shriram/Desktop/ros2_practice/install/practice/lib/python3.10/site-packages/practice/circ.py to circ.cpython-310.pyc
[2.456s] running install_data
[2.457s] running install_egg_info
[2.458s] removing '/home/shriram/Desktop/ros2_practice/install/practice/lib/python3.10/site-packages/practice-0.0.0-py3.10.egg-info' (and everything under it)
[2.459s] Copying ../../build/practice/practice.egg-info to /home/shriram/Desktop/ros2_practice/install/practice/lib/python3.10/site-packages/practice-0.0.0-py3.10.egg-info
[2.459s] running install_scripts
[2.476s] Installing circ script to /home/shriram/Desktop/ros2_practice/install/practice/lib/practice
[2.476s] Installing controller script to /home/shriram/Desktop/ros2_practice/install/practice/lib/practice
[2.476s] Installing move2 script to /home/shriram/Desktop/ros2_practice/install/practice/lib/practice
[2.476s] Installing node1 script to /home/shriram/Desktop/ros2_practice/install/practice/lib/practice
[2.477s] Installing parabolic_curve script to /home/shriram/Desktop/ros2_practice/install/practice/lib/practice
[2.477s] Installing pose script to /home/shriram/Desktop/ros2_practice/install/practice/lib/practice
[2.477s] writing list of installed files to '/home/shriram/Desktop/ros2_practice/build/practice/install.log'
[2.550s] Invoked command in '/home/shriram/Desktop/ros2_practice/src/practice' returned '0': PYTHONPATH=/home/shriram/Desktop/ros2_practice/build/practice/prefix_override:/home/shriram/Desktop/ros2_practice/install/practice/lib/python3.10/site-packages:${PYTHONPATH} /usr/bin/python3 setup.py egg_info --egg-base ../../build/practice build --build-base /home/shriram/Desktop/ros2_practice/build/practice/build install --record /home/shriram/Desktop/ros2_practice/build/practice/install.log --single-version-externally-managed
