running egg_info
creating ../../build/practice/practice.egg-info
writing ../../build/practice/practice.egg-info/PKG-INFO
writing dependency_links to ../../build/practice/practice.egg-info/dependency_links.txt
writing entry points to ../../build/practice/practice.egg-info/entry_points.txt
writing requirements to ../../build/practice/practice.egg-info/requires.txt
writing top-level names to ../../build/practice/practice.egg-info/top_level.txt
writing manifest file '../../build/practice/practice.egg-info/SOURCES.txt'
reading manifest file '../../build/practice/practice.egg-info/SOURCES.txt'
writing manifest file '../../build/practice/practice.egg-info/SOURCES.txt'
running build
running build_py
creating /home/shriram/Desktop/ros2_practice/build/practice/build
creating /home/shriram/Desktop/ros2_practice/build/practice/build/lib
creating /home/shriram/Desktop/ros2_practice/build/practice/build/lib/practice
copying practice/node1.py -> /home/shriram/Desktop/ros2_practice/build/practice/build/lib/practice
copying practice/__init__.py -> /home/shriram/Desktop/ros2_practice/build/practice/build/lib/practice
running install
running install_lib
creating /home/shriram/Desktop/ros2_practice/install/practice/lib/python3.10/site-packages/practice
copying /home/shriram/Desktop/ros2_practice/build/practice/build/lib/practice/node1.py -> /home/shriram/Desktop/ros2_practice/install/practice/lib/python3.10/site-packages/practice
copying /home/shriram/Desktop/ros2_practice/build/practice/build/lib/practice/__init__.py -> /home/shriram/Desktop/ros2_practice/install/practice/lib/python3.10/site-packages/practice
byte-compiling /home/shriram/Desktop/ros2_practice/install/practice/lib/python3.10/site-packages/practice/node1.py to node1.cpython-310.pyc
byte-compiling /home/shriram/Desktop/ros2_practice/install/practice/lib/python3.10/site-packages/practice/__init__.py to __init__.cpython-310.pyc
running install_data
creating /home/shriram/Desktop/ros2_practice/install/practice/share/ament_index
creating /home/shriram/Desktop/ros2_practice/install/practice/share/ament_index/resource_index
creating /home/shriram/Desktop/ros2_practice/install/practice/share/ament_index/resource_index/packages
copying resource/practice -> /home/shriram/Desktop/ros2_practice/install/practice/share/ament_index/resource_index/packages
copying package.xml -> /home/shriram/Desktop/ros2_practice/install/practice/share/practice
running install_egg_info
Copying ../../build/practice/practice.egg-info to /home/shriram/Desktop/ros2_practice/install/practice/lib/python3.10/site-packages/practice-0.0.0-py3.10.egg-info
running install_scripts
Installing node1 script to /home/shriram/Desktop/ros2_practice/install/practice/lib/practice
writing list of installed files to '/home/shriram/Desktop/ros2_practice/build/practice/install.log'
