[2.188s] Invoking command in '/home/shriram/Desktop/ros2_practice/src/cv_basics': PYTHONPATH=/home/shriram/Desktop/ros2_practice/build/cv_basics/prefix_override:/home/shriram/Desktop/ros2_practice/install/cv_basics/lib/python3.10/site-packages:${PYTHONPATH} /usr/bin/python3 setup.py egg_info --egg-base ../../build/cv_basics build --build-base /home/shriram/Desktop/ros2_practice/build/cv_basics/build install --record /home/shriram/Desktop/ros2_practice/build/cv_basics/install.log --single-version-externally-managed
[2.591s] running egg_info
[2.592s] writing ../../build/cv_basics/cv_basics.egg-info/PKG-INFO
[2.592s] writing dependency_links to ../../build/cv_basics/cv_basics.egg-info/dependency_links.txt
[2.593s] writing entry points to ../../build/cv_basics/cv_basics.egg-info/entry_points.txt
[2.593s] writing requirements to ../../build/cv_basics/cv_basics.egg-info/requires.txt
[2.593s] writing top-level names to ../../build/cv_basics/cv_basics.egg-info/top_level.txt
[2.598s] reading manifest file '../../build/cv_basics/cv_basics.egg-info/SOURCES.txt'
[2.601s] writing manifest file '../../build/cv_basics/cv_basics.egg-info/SOURCES.txt'
[2.601s] running build
[2.601s] running build_py
[2.601s] running install
[2.602s] running install_lib
[2.605s] running install_data
[2.609s] running install_egg_info
[2.609s] removing '/home/shriram/Desktop/ros2_practice/install/cv_basics/lib/python3.10/site-packages/cv_basics-0.0.0-py3.10.egg-info' (and everything under it)
[2.610s] Copying ../../build/cv_basics/cv_basics.egg-info to /home/shriram/Desktop/ros2_practice/install/cv_basics/lib/python3.10/site-packages/cv_basics-0.0.0-py3.10.egg-info
[2.611s] running install_scripts
[2.646s] Installing webcam script to /home/shriram/Desktop/ros2_practice/install/cv_basics/lib/cv_basics
[2.646s] Installing webcam2 script to /home/shriram/Desktop/ros2_practice/install/cv_basics/lib/cv_basics
[2.647s] writing list of installed files to '/home/shriram/Desktop/ros2_practice/build/cv_basics/install.log'
[2.827s] Invoked command in '/home/shriram/Desktop/ros2_practice/src/cv_basics' returned '0': PYTHONPATH=/home/shriram/Desktop/ros2_practice/build/cv_basics/prefix_override:/home/shriram/Desktop/ros2_practice/install/cv_basics/lib/python3.10/site-packages:${PYTHONPATH} /usr/bin/python3 setup.py egg_info --egg-base ../../build/cv_basics build --build-base /home/shriram/Desktop/ros2_practice/build/cv_basics/build install --record /home/shriram/Desktop/ros2_practice/build/cv_basics/install.log --single-version-externally-managed
