/home/shriram/Desktop/ros2_practice/install/tform/lib/python3.10/site-packages/tform/dyn2.py
/home/shriram/Desktop/ros2_practice/install/tform/lib/python3.10/site-packages/tform/__init__.py
/home/shriram/Desktop/ros2_practice/install/tform/lib/python3.10/site-packages/tform/dyn.py
/home/shriram/Desktop/ros2_practice/install/tform/lib/python3.10/site-packages/tform/__pycache__/dyn2.cpython-310.pyc
/home/shriram/Desktop/ros2_practice/install/tform/lib/python3.10/site-packages/tform/__pycache__/__init__.cpython-310.pyc
/home/shriram/Desktop/ros2_practice/install/tform/lib/python3.10/site-packages/tform/__pycache__/dyn.cpython-310.pyc
/home/shriram/Desktop/ros2_practice/install/tform/share/ament_index/resource_index/packages/tform
/home/shriram/Desktop/ros2_practice/install/tform/share/tform/package.xml
/home/shriram/Desktop/ros2_practice/install/tform/share/tform/launch/circ.py
/home/shriram/Desktop/ros2_practice/install/tform/share/tform/launch/dyn.launch.py
/home/shriram/Desktop/ros2_practice/install/tform/lib/python3.10/site-packages/tform-0.0.0-py3.10.egg-info/dependency_links.txt
/home/shriram/Desktop/ros2_practice/install/tform/lib/python3.10/site-packages/tform-0.0.0-py3.10.egg-info/requires.txt
/home/shriram/Desktop/ros2_practice/install/tform/lib/python3.10/site-packages/tform-0.0.0-py3.10.egg-info/entry_points.txt
/home/shriram/Desktop/ros2_practice/install/tform/lib/python3.10/site-packages/tform-0.0.0-py3.10.egg-info/SOURCES.txt
/home/shriram/Desktop/ros2_practice/install/tform/lib/python3.10/site-packages/tform-0.0.0-py3.10.egg-info/zip-safe
/home/shriram/Desktop/ros2_practice/install/tform/lib/python3.10/site-packages/tform-0.0.0-py3.10.egg-info/PKG-INFO
/home/shriram/Desktop/ros2_practice/install/tform/lib/python3.10/site-packages/tform-0.0.0-py3.10.egg-info/top_level.txt
/home/shriram/Desktop/ros2_practice/install/tform/lib/tform/circ
/home/shriram/Desktop/ros2_practice/install/tform/lib/tform/dyn
/home/shriram/Desktop/ros2_practice/install/tform/lib/tform/dyn2
