[1.526s] Invoking command in '/home/shriram/Desktop/ros2_practice/build/practice': PYTHONPATH=/home/shriram/Desktop/ros2_practice/build/practice/prefix_override:/home/shriram/Desktop/ros2_practice/install/practice/lib/python3.10/site-packages:${PYTHONPATH} /usr/bin/python3 setup.py develop --uninstall --editable --build-directory /home/shriram/Desktop/ros2_practice/build/practice/build
[1.795s] running develop
[2.072s] Invoked command in '/home/shriram/Desktop/ros2_practice/build/practice' returned '0': PYTHONPATH=/home/shriram/Desktop/ros2_practice/build/practice/prefix_override:/home/shriram/Desktop/ros2_practice/install/practice/lib/python3.10/site-packages:${PYTHONPATH} /usr/bin/python3 setup.py develop --uninstall --editable --build-directory /home/shriram/Desktop/ros2_practice/build/practice/build
[2.074s] Invoking command in '/home/shriram/Desktop/ros2_practice/src/practice': PYTHONPATH=/home/shriram/Desktop/ros2_practice/build/practice/prefix_override:/home/shriram/Desktop/ros2_practice/install/practice/lib/python3.10/site-packages:${PYTHONPATH} /usr/bin/python3 setup.py egg_info --egg-base ../../build/practice build --build-base /home/shriram/Desktop/ros2_practice/build/practice/build install --record /home/shriram/Desktop/ros2_practice/build/practice/install.log --single-version-externally-managed
[2.322s] running egg_info
[2.323s] writing ../../build/practice/practice.egg-info/PKG-INFO
[2.323s] writing dependency_links to ../../build/practice/practice.egg-info/dependency_links.txt
[2.323s] writing entry points to ../../build/practice/practice.egg-info/entry_points.txt
[2.323s] writing requirements to ../../build/practice/practice.egg-info/requires.txt
[2.323s] writing top-level names to ../../build/practice/practice.egg-info/top_level.txt
[2.326s] reading manifest file '../../build/practice/practice.egg-info/SOURCES.txt'
[2.326s] writing manifest file '../../build/practice/practice.egg-info/SOURCES.txt'
[2.326s] running build
[2.327s] running build_py
[2.327s] copying practice/circ.py -> /home/shriram/Desktop/ros2_practice/build/practice/build/lib/practice
[2.327s] running install
[2.327s] running install_lib
[2.328s] copying /home/shriram/Desktop/ros2_practice/build/practice/build/lib/practice/circ.py -> /home/shriram/Desktop/ros2_practice/install/practice/lib/python3.10/site-packages/practice
[2.329s] byte-compiling /home/shriram/Desktop/ros2_practice/install/practice/lib/python3.10/site-packages/practice/circ.py to circ.cpython-310.pyc
[2.330s] running install_data
[2.330s] running install_egg_info
[2.332s] removing '/home/shriram/Desktop/ros2_practice/install/practice/lib/python3.10/site-packages/practice-0.0.0-py3.10.egg-info' (and everything under it)
[2.332s] Copying ../../build/practice/practice.egg-info to /home/shriram/Desktop/ros2_practice/install/practice/lib/python3.10/site-packages/practice-0.0.0-py3.10.egg-info
[2.333s] running install_scripts
[2.355s] Installing circ script to /home/shriram/Desktop/ros2_practice/install/practice/lib/practice
[2.355s] Installing controller script to /home/shriram/Desktop/ros2_practice/install/practice/lib/practice
[2.355s] Installing move2 script to /home/shriram/Desktop/ros2_practice/install/practice/lib/practice
[2.355s] Installing node1 script to /home/shriram/Desktop/ros2_practice/install/practice/lib/practice
[2.355s] Installing parabolic_curve script to /home/shriram/Desktop/ros2_practice/install/practice/lib/practice
[2.355s] Installing pose script to /home/shriram/Desktop/ros2_practice/install/practice/lib/practice
[2.355s] writing list of installed files to '/home/shriram/Desktop/ros2_practice/build/practice/install.log'
[2.415s] Invoked command in '/home/shriram/Desktop/ros2_practice/src/practice' returned '0': PYTHONPATH=/home/shriram/Desktop/ros2_practice/build/practice/prefix_override:/home/shriram/Desktop/ros2_practice/install/practice/lib/python3.10/site-packages:${PYTHONPATH} /usr/bin/python3 setup.py egg_info --egg-base ../../build/practice build --build-base /home/shriram/Desktop/ros2_practice/build/practice/build install --record /home/shriram/Desktop/ros2_practice/build/practice/install.log --single-version-externally-managed
