[4.400s] Invoking command in '/home/shriram/Desktop/ros2_practice/build/mobile': PYTHONPATH=/home/shriram/Desktop/ros2_practice/build/mobile/prefix_override:/home/shriram/Desktop/ros2_practice/install/mobile/lib/python3.10/site-packages:${PYTHONPATH} /usr/bin/python3 setup.py develop --uninstall --editable --build-directory /home/shriram/Desktop/ros2_practice/build/mobile/build
[5.091s] running develop
[5.559s] Removing /home/shriram/Desktop/ros2_practice/install/mobile/lib/python3.10/site-packages/mobile.egg-link (link to .)
[5.829s] Invoked command in '/home/shriram/Desktop/ros2_practice/build/mobile' returned '0': PYTHONPATH=/home/shriram/Desktop/ros2_practice/build/mobile/prefix_override:/home/shriram/Desktop/ros2_practice/install/mobile/lib/python3.10/site-packages:${PYTHONPATH} /usr/bin/python3 setup.py develop --uninstall --editable --build-directory /home/shriram/Desktop/ros2_practice/build/mobile/build
[5.832s] Invoking command in '/home/shriram/Desktop/ros2_practice/src/mobile': PYTHONPATH=/home/shriram/Desktop/ros2_practice/build/mobile/prefix_override:/home/shriram/Desktop/ros2_practice/install/mobile/lib/python3.10/site-packages:${PYTHONPATH} /usr/bin/python3 setup.py egg_info --egg-base ../../build/mobile build --build-base /home/shriram/Desktop/ros2_practice/build/mobile/build install --record /home/shriram/Desktop/ros2_practice/build/mobile/install.log --single-version-externally-managed
[6.371s] running egg_info
[6.371s] writing ../../build/mobile/mobile.egg-info/PKG-INFO
[6.371s] writing dependency_links to ../../build/mobile/mobile.egg-info/dependency_links.txt
[6.371s] writing entry points to ../../build/mobile/mobile.egg-info/entry_points.txt
[6.371s] writing requirements to ../../build/mobile/mobile.egg-info/requires.txt
[6.371s] writing top-level names to ../../build/mobile/mobile.egg-info/top_level.txt
[6.380s] reading manifest file '../../build/mobile/mobile.egg-info/SOURCES.txt'
[6.391s] writing manifest file '../../build/mobile/mobile.egg-info/SOURCES.txt'
[6.391s] running build
[6.391s] running build_py
[6.391s] running install
[6.392s] running install_lib
[6.392s] creating /home/shriram/Desktop/ros2_practice/install/mobile/lib/python3.10/site-packages/mobile
[6.392s] copying /home/shriram/Desktop/ros2_practice/build/mobile/build/lib/mobile/move.py -> /home/shriram/Desktop/ros2_practice/install/mobile/lib/python3.10/site-packages/mobile
[6.393s] copying /home/shriram/Desktop/ros2_practice/build/mobile/build/lib/mobile/__init__.py -> /home/shriram/Desktop/ros2_practice/install/mobile/lib/python3.10/site-packages/mobile
[6.393s] byte-compiling /home/shriram/Desktop/ros2_practice/install/mobile/lib/python3.10/site-packages/mobile/move.py to move.cpython-310.pyc
[6.393s] byte-compiling /home/shriram/Desktop/ros2_practice/install/mobile/lib/python3.10/site-packages/mobile/__init__.py to __init__.cpython-310.pyc
[6.393s] running install_data
[6.393s] running install_egg_info
[6.394s] Copying ../../build/mobile/mobile.egg-info to /home/shriram/Desktop/ros2_practice/install/mobile/lib/python3.10/site-packages/mobile-0.0.0-py3.10.egg-info
[6.399s] running install_scripts
[6.439s] Installing move script to /home/shriram/Desktop/ros2_practice/install/mobile/lib/mobile
[6.439s] writing list of installed files to '/home/shriram/Desktop/ros2_practice/build/mobile/install.log'
[6.669s] Invoked command in '/home/shriram/Desktop/ros2_practice/src/mobile' returned '0': PYTHONPATH=/home/shriram/Desktop/ros2_practice/build/mobile/prefix_override:/home/shriram/Desktop/ros2_practice/install/mobile/lib/python3.10/site-packages:${PYTHONPATH} /usr/bin/python3 setup.py egg_info --egg-base ../../build/mobile build --build-base /home/shriram/Desktop/ros2_practice/build/mobile/build install --record /home/shriram/Desktop/ros2_practice/build/mobile/install.log --single-version-externally-managed
