[0.056s] Invoking command in '/home/shriram/Desktop/ros2_practice/build/custom_plugin': CMAKE_PREFIX_PATH=${CMAKE_PREFIX_PATH}:/home/shriram/Desktop/ros2_practice/install/tform:/home/shriram/Desktop/ros2_practice/install/robot_math:/home/shriram/Desktop/ros2_practice/install/practice:/home/shriram/Desktop/ros2_practice/install/mobile:/home/shriram/Desktop/ros2_practice/install/description:/home/shriram/Desktop/ros2_practice/install/cv_basics:/opt/ros/humble /usr/bin/cmake --build /home/shriram/Desktop/ros2_practice/build/custom_plugin -- -j12 -l12
[0.931s] -- Found ament_cmake: 1.3.5 (/opt/ros/humble/share/ament_cmake/cmake)
[0.932s] -- Found rclcpp: 16.0.5 (/opt/ros/humble/share/rclcpp/cmake)
[0.932s] -- Found rosidl_generator_c: 3.1.5 (/opt/ros/humble/share/rosidl_generator_c/cmake)
[0.932s] -- Found rosidl_adapter: 3.1.5 (/opt/ros/humble/share/rosidl_adapter/cmake)
[0.932s] -- Found rosidl_generator_cpp: 3.1.5 (/opt/ros/humble/share/rosidl_generator_cpp/cmake)
[0.932s] -- Using all available rosidl_typesupport_c: rosidl_typesupport_fastrtps_c;rosidl_typesupport_introspection_c
[0.932s] -- Using all available rosidl_typesupport_cpp: rosidl_typesupport_fastrtps_cpp;rosidl_typesupport_introspection_cpp
[0.932s] -- Found rmw_implementation_cmake: 6.1.1 (/opt/ros/humble/share/rmw_implementation_cmake/cmake)
[0.932s] -- Found rmw_cyclonedds_cpp: 1.3.4 (/opt/ros/humble/share/rmw_cyclonedds_cpp/cmake)
[0.932s] -- Using RMW implementation 'rmw_cyclonedds_cpp' as default
[0.932s] -- Found nav2_costmap_2d: 1.1.9 (/opt/ros/humble/share/nav2_costmap_2d/cmake)
[1.470s] -- Ensuring Eigen3 include directory is part of orocos-kdl CMake target
[2.233s] -- Found nav2_core: 1.1.9 (/opt/ros/humble/share/nav2_core/cmake)
[2.832s] [31mCMake Error at CMakeLists.txt:30 (target_include_directories):
[2.832s]   Cannot specify include directories for target "custom_plugin" which is not
[2.832s]   built by this project.
[2.832s] 
[2.832s] [0m
[2.833s] -- Found ament_lint_auto: 0.12.7 (/opt/ros/humble/share/ament_lint_auto/cmake)
[2.892s] -- Added test 'cppcheck' to perform static code analysis on C / C++ code
[2.892s] -- Configured cppcheck include dirs: /home/shriram/Desktop/ros2_practice/src/custom_plugin/include
[2.893s] -- Configured cppcheck exclude dirs and/or files: 
[2.893s] -- Added test 'lint_cmake' to check CMake code style
[2.894s] -- Added test 'uncrustify' to check C / C++ code style
[2.894s] -- Configured uncrustify additional arguments: 
[2.894s] -- Added test 'xmllint' to check XML markup files
[2.895s] -- Configuring incomplete, errors occurred!
[2.895s] See also "/home/shriram/Desktop/ros2_practice/build/custom_plugin/CMakeFiles/CMakeOutput.log".
[2.902s] gmake: *** [Makefile:267: cmake_check_build_system] Error 1
[2.904s] Invoked command in '/home/shriram/Desktop/ros2_practice/build/custom_plugin' returned '2': CMAKE_PREFIX_PATH=${CMAKE_PREFIX_PATH}:/home/shriram/Desktop/ros2_practice/install/tform:/home/shriram/Desktop/ros2_practice/install/robot_math:/home/shriram/Desktop/ros2_practice/install/practice:/home/shriram/Desktop/ros2_practice/install/mobile:/home/shriram/Desktop/ros2_practice/install/description:/home/shriram/Desktop/ros2_practice/install/cv_basics:/opt/ros/humble /usr/bin/cmake --build /home/shriram/Desktop/ros2_practice/build/custom_plugin -- -j12 -l12
