[1.935s] Invoking command in '/home/shriram/Desktop/ros2_practice/build/practice': PYTHONPATH=/home/shriram/Desktop/ros2_practice/build/practice/prefix_override:/home/shriram/Desktop/ros2_practice/install/practice/lib/python3.10/site-packages:${PYTHONPATH} /usr/bin/python3 setup.py develop --uninstall --editable --build-directory /home/shriram/Desktop/ros2_practice/build/practice/build
[2.214s] running develop
[2.546s] Invoked command in '/home/shriram/Desktop/ros2_practice/build/practice' returned '0': PYTHONPATH=/home/shriram/Desktop/ros2_practice/build/practice/prefix_override:/home/shriram/Desktop/ros2_practice/install/practice/lib/python3.10/site-packages:${PYTHONPATH} /usr/bin/python3 setup.py develop --uninstall --editable --build-directory /home/shriram/Desktop/ros2_practice/build/practice/build
[2.548s] Invoking command in '/home/shriram/Desktop/ros2_practice/src/practice': PYTHONPATH=/home/shriram/Desktop/ros2_practice/build/practice/prefix_override:/home/shriram/Desktop/ros2_practice/install/practice/lib/python3.10/site-packages:${PYTHONPATH} /usr/bin/python3 setup.py egg_info --egg-base ../../build/practice build --build-base /home/shriram/Desktop/ros2_practice/build/practice/build install --record /home/shriram/Desktop/ros2_practice/build/practice/install.log --single-version-externally-managed
[2.835s] running egg_info
[2.836s] writing ../../build/practice/practice.egg-info/PKG-INFO
[2.836s] writing dependency_links to ../../build/practice/practice.egg-info/dependency_links.txt
[2.837s] writing entry points to ../../build/practice/practice.egg-info/entry_points.txt
[2.837s] writing requirements to ../../build/practice/practice.egg-info/requires.txt
[2.837s] writing top-level names to ../../build/practice/practice.egg-info/top_level.txt
[2.839s] reading manifest file '../../build/practice/practice.egg-info/SOURCES.txt'
[2.840s] writing manifest file '../../build/practice/practice.egg-info/SOURCES.txt'
[2.840s] running build
[2.840s] running build_py
[2.841s] running install
[2.841s] running install_lib
[2.843s] running install_data
[2.843s] running install_egg_info
[2.845s] removing '/home/shriram/Desktop/ros2_practice/install/practice/lib/python3.10/site-packages/practice-0.0.0-py3.10.egg-info' (and everything under it)
[2.845s] Copying ../../build/practice/practice.egg-info to /home/shriram/Desktop/ros2_practice/install/practice/lib/python3.10/site-packages/practice-0.0.0-py3.10.egg-info
[2.846s] running install_scripts
[2.867s] Installing circ script to /home/shriram/Desktop/ros2_practice/install/practice/lib/practice
[2.868s] Installing controller script to /home/shriram/Desktop/ros2_practice/install/practice/lib/practice
[2.868s] Installing move2 script to /home/shriram/Desktop/ros2_practice/install/practice/lib/practice
[2.868s] Installing node1 script to /home/shriram/Desktop/ros2_practice/install/practice/lib/practice
[2.868s] Installing parabola script to /home/shriram/Desktop/ros2_practice/install/practice/lib/practice
[2.868s] Installing parabolic_curve script to /home/shriram/Desktop/ros2_practice/install/practice/lib/practice
[2.868s] Installing pose script to /home/shriram/Desktop/ros2_practice/install/practice/lib/practice
[2.869s] writing list of installed files to '/home/shriram/Desktop/ros2_practice/build/practice/install.log'
[2.922s] Invoked command in '/home/shriram/Desktop/ros2_practice/src/practice' returned '0': PYTHONPATH=/home/shriram/Desktop/ros2_practice/build/practice/prefix_override:/home/shriram/Desktop/ros2_practice/install/practice/lib/python3.10/site-packages:${PYTHONPATH} /usr/bin/python3 setup.py egg_info --egg-base ../../build/practice build --build-base /home/shriram/Desktop/ros2_practice/build/practice/build install --record /home/shriram/Desktop/ros2_practice/build/practice/install.log --single-version-externally-managed
