[0.462s] Invoking command in '/home/shriram/Desktop/ros2_practice/build/desc': CMAKE_PREFIX_PATH=${CMAKE_PREFIX_PATH}:/home/shriram/Desktop/ros2_practice/install/tform:/home/shriram/Desktop/ros2_practice/install/practice:/home/shriram/Desktop/ros2_practice/install/mobile:/home/shriram/Desktop/ros2_practice/install/description:/home/shriram/Desktop/ros2_practice/install/cv_basics:/opt/ros/humble /usr/bin/cmake --build /home/shriram/Desktop/ros2_practice/build/desc -- -j12 -l12
[1.728s] Invoked command in '/home/shriram/Desktop/ros2_practice/build/desc' returned '0': CMAKE_PREFIX_PATH=${CMAKE_PREFIX_PATH}:/home/shriram/Desktop/ros2_practice/install/tform:/home/shriram/Desktop/ros2_practice/install/practice:/home/shriram/Desktop/ros2_practice/install/mobile:/home/shriram/Desktop/ros2_practice/install/description:/home/shriram/Desktop/ros2_practice/install/cv_basics:/opt/ros/humble /usr/bin/cmake --build /home/shriram/Desktop/ros2_practice/build/desc -- -j12 -l12
[1.771s] Invoking command in '/home/shriram/Desktop/ros2_practice/build/desc': CMAKE_PREFIX_PATH=${CMAKE_PREFIX_PATH}:/home/shriram/Desktop/ros2_practice/install/tform:/home/shriram/Desktop/ros2_practice/install/practice:/home/shriram/Desktop/ros2_practice/install/mobile:/home/shriram/Desktop/ros2_practice/install/description:/home/shriram/Desktop/ros2_practice/install/cv_basics:/opt/ros/humble /usr/bin/cmake --install /home/shriram/Desktop/ros2_practice/build/desc
[1.780s] -- Install configuration: ""
[1.780s] -- Up-to-date: /home/shriram/Desktop/ros2_practice/install/desc/share/desc//urdf
[1.780s] -- Up-to-date: /home/shriram/Desktop/ros2_practice/install/desc/share/desc//urdf/soln.urdf
[1.780s] -- Up-to-date: /home/shriram/Desktop/ros2_practice/install/desc/share/desc//urdf/bumperbot_gazebo.xacro
[1.781s] -- Up-to-date: /home/shriram/Desktop/ros2_practice/install/desc/share/desc//urdf/myrob.urdf
[1.781s] -- Up-to-date: /home/shriram/Desktop/ros2_practice/install/desc/share/desc//urdf/bumperbot.urdf.xacro
[1.781s] -- Up-to-date: /home/shriram/Desktop/ros2_practice/install/desc/share/desc//launch
[1.781s] -- Up-to-date: /home/shriram/Desktop/ros2_practice/install/desc/share/desc//launch/display.launch.xml
[1.781s] -- Installing: /home/shriram/Desktop/ros2_practice/install/desc/share/desc//launch/display.launch.py
[1.781s] -- Up-to-date: /home/shriram/Desktop/ros2_practice/install/desc/share/ament_index/resource_index/package_run_dependencies/desc
[1.781s] -- Up-to-date: /home/shriram/Desktop/ros2_practice/install/desc/share/ament_index/resource_index/parent_prefix_path/desc
[1.781s] -- Up-to-date: /home/shriram/Desktop/ros2_practice/install/desc/share/desc/environment/ament_prefix_path.sh
[1.782s] -- Up-to-date: /home/shriram/Desktop/ros2_practice/install/desc/share/desc/environment/ament_prefix_path.dsv
[1.782s] -- Up-to-date: /home/shriram/Desktop/ros2_practice/install/desc/share/desc/environment/path.sh
[1.782s] -- Up-to-date: /home/shriram/Desktop/ros2_practice/install/desc/share/desc/environment/path.dsv
[1.782s] -- Up-to-date: /home/shriram/Desktop/ros2_practice/install/desc/share/desc/local_setup.bash
[1.782s] -- Up-to-date: /home/shriram/Desktop/ros2_practice/install/desc/share/desc/local_setup.sh
[1.782s] -- Up-to-date: /home/shriram/Desktop/ros2_practice/install/desc/share/desc/local_setup.zsh
[1.782s] -- Up-to-date: /home/shriram/Desktop/ros2_practice/install/desc/share/desc/local_setup.dsv
[1.782s] -- Installing: /home/shriram/Desktop/ros2_practice/install/desc/share/desc/package.dsv
[1.782s] -- Up-to-date: /home/shriram/Desktop/ros2_practice/install/desc/share/ament_index/resource_index/packages/desc
[1.783s] -- Up-to-date: /home/shriram/Desktop/ros2_practice/install/desc/share/desc/cmake/descConfig.cmake
[1.783s] -- Up-to-date: /home/shriram/Desktop/ros2_practice/install/desc/share/desc/cmake/descConfig-version.cmake
[1.783s] -- Up-to-date: /home/shriram/Desktop/ros2_practice/install/desc/share/desc/package.xml
[1.786s] Invoked command in '/home/shriram/Desktop/ros2_practice/build/desc' returned '0': CMAKE_PREFIX_PATH=${CMAKE_PREFIX_PATH}:/home/shriram/Desktop/ros2_practice/install/tform:/home/shriram/Desktop/ros2_practice/install/practice:/home/shriram/Desktop/ros2_practice/install/mobile:/home/shriram/Desktop/ros2_practice/install/description:/home/shriram/Desktop/ros2_practice/install/cv_basics:/opt/ros/humble /usr/bin/cmake --install /home/shriram/Desktop/ros2_practice/build/desc
